Log file open, 11/25/18 11:12:14
LogWindows: Failed to load 'aqProf.dll' (GetLastError=126)
LogWindows: File 'aqProf.dll' does not exist
LogWindows: Failed to load 'VtuneApi.dll' (GetLastError=126)
LogWindows: File 'VtuneApi.dll' does not exist
LogWindows: Failed to load 'VtuneApi32e.dll' (GetLastError=126)
LogWindows: File 'VtuneApi32e.dll' does not exist
LogInit: Display: Running engine for game: projectliane
LogPlatformFile: Not using cached read wrapper
LogInit: Display: RandInit(-1327238335) SRandInit(-1327238335).
LogInit: Read version file with build ID '3944462'
LogInit: Overriding engine version to CL 4033788, compatible CL 3944462
LogInit: Registered custom module enumerator with build ID '3944462'
LogTaskGraph: Started task graph with 5 named threads and 23 total threads with 3 sets of task threads.
LogStats: Stats thread started at 2.232353
LogD3D11RHI: Aftermath initialized
LogICUInternationalization: Display: ICU TimeZone Detection - Raw Offset: -8:00, Platform Override: ''
LogModuleManager: Display: Found up-to-date module file ../../../Engine/Plugins/2D/Paper2D/Binaries/Win64/UE4Editor-Paper2D.dll (API version 3944462).
LogModuleManager: Display: Found up-to-date module file ../../../Engine/Plugins/2D/Paper2D/Binaries/Win64/UE4Editor-Paper2DEditor.dll (API version 3944462).
LogModuleManager: Display: Found up-to-date module file ../../../Engine/Plugins/2D/Paper2D/Binaries/Win64/UE4Editor-PaperSpriteSheetImporter.dll (API version 3944462).
LogModuleManager: Display: Found up-to-date module file ../../../Engine/Plugins/2D/Paper2D/Binaries/Win64/UE4Editor-PaperTiledImporter.dll (API version 3944462).
LogModuleManager: Display: Found up-to-date module file ../../../Engine/Plugins/2D/Paper2D/Binaries/Win64/UE4Editor-SmartSnapping.dll (API version 3944462).
LogModuleManager: Display: Found up-to-date module file ../../../Engine/Plugins/Blendables/LightPropagationVolume/Binaries/Win64/UE4Editor-LightPropagationVolumeRuntime.dll (API version 3944462).
LogModuleManager: Display: Found up-to-date module file ../../../Engine/Plugins/Blendables/LightPropagationVolume/Binaries/Win64/UE4Editor-LightPropagationVolumeEditor.dll (API version 3944462).
LogModuleManager: Display: Found up-to-date module file ../../../Engine/Plugins/Developer/CLionSourceCodeAccess/Binaries/Win64/UE4Editor-CLionSourceCodeAccess.dll (API version 3944462).
LogModuleManager: Display: Found up-to-date module file ../../../Engine/Plugins/Developer/GitSourceControl/Binaries/Win64/UE4Editor-GitSourceControl.dll (API version 3944462).
LogModuleManager: Display: Found up-to-date module file ../../../Engine/Plugins/Developer/PerforceSourceControl/Binaries/Win64/UE4Editor-PerforceSourceControl.dll (API version 3944462).
LogModuleManager: Display: Found up-to-date module file ../../../Engine/Plugins/Developer/SubversionSourceControl/Binaries/Win64/UE4Editor-SubversionSourceControl.dll (API version 3944462).
LogModuleManager: Display: Found up-to-date module file ../../../Engine/Plugins/Developer/UObjectPlugin/Binaries/Win64/UE4Editor-UObjectPlugin.dll (API version 3944462).
LogModuleManager: Display: Found up-to-date module file ../../../Engine/Plugins/Developer/VisualStudioCodeSourceCodeAccess/Binaries/Win64/UE4Editor-VisualStudioCodeSourceCodeAccess.dll (API version 3944462).
LogModuleManager: Display: Found up-to-date module file ../../../Engine/Plugins/Developer/VisualStudioSourceCodeAccess/Binaries/Win64/UE4Editor-VisualStudioSourceCodeAccess.dll (API version 3944462).
LogModuleManager: Display: Found up-to-date module file ../../../Engine/Plugins/Editor/AssetManagerEditor/Binaries/Win64/UE4Editor-AssetManagerEditor.dll (API version 3944462).
LogModuleManager: Display: Found up-to-date module file ../../../Engine/Plugins/Editor/CryptoKeys/Binaries/Win64/UE4Editor-CryptoKeys.dll (API version 3944462).
LogModuleManager: Display: Found up-to-date module file ../../../Engine/Plugins/Editor/CryptoKeys/Binaries/Win64/UE4Editor-CryptoKeysOpenSSL.dll (API version 3944462).
LogModuleManager: Display: Found up-to-date module file ../../../Engine/Plugins/Editor/DataValidation/Binaries/Win64/UE4Editor-DataValidation.dll (API version 3944462).
LogModuleManager: Display: Found up-to-date module file ../../../Engine/Plugins/Editor/FacialAnimation/Binaries/Win64/UE4Editor-FacialAnimation.dll (API version 3944462).
LogModuleManager: Display: Found up-to-date module file ../../../Engine/Plugins/Editor/FacialAnimation/Binaries/Win64/UE4Editor-FacialAnimationEditor.dll (API version 3944462).
LogModuleManager: Display: Found up-to-date module file ../../../Engine/Plugins/Editor/GameplayTagsEditor/Binaries/Win64/UE4Editor-GameplayTagsEditor.dll (API version 3944462).
LogModuleManager: Display: Found up-to-date module file ../../../Engine/Plugins/Editor/MobileLauncherProfileWizard/Binaries/Win64/UE4Editor-MobileLauncherProfileWizard.dll (API version 3944462).
LogModuleManager: Display: Found up-to-date module file ../../../Engine/Plugins/Editor/PluginBrowser/Binaries/Win64/UE4Editor-PluginBrowser.dll (API version 3944462).
LogModuleManager: Display: Found up-to-date module file ../../../Engine/Plugins/Editor/SpeedTreeImporter/Binaries/Win64/UE4Editor-SpeedTreeImporter.dll (API version 3944462).
LogModuleManager: Display: Found up-to-date module file ../../../Engine/Plugins/Enterprise/DatasmithContent/Binaries/Win64/UE4Editor-DatasmithContent.dll (API version 3944462).
LogModuleManager: Display: Found up-to-date module file ../../../Engine/Plugins/Experimental/AlembicImporter/Binaries/Win64/UE4Editor-AlembicImporter.dll (API version 3944462).
LogModuleManager: Display: Found up-to-date module file ../../../Engine/Plugins/Experimental/AlembicImporter/Binaries/Win64/UE4Editor-AlembicLibrary.dll (API version 3944462).
LogModuleManager: Display: Found up-to-date module file ../../../Engine/Plugins/Experimental/CharacterAI/Binaries/Win64/UE4Editor-CharacterAI.dll (API version 3944462).
LogModuleManager: Display: Found up-to-date module file ../../../Engine/Plugins/Experimental/HTML5Networking/Binaries/Win64/UE4Editor-HTML5Networking.dll (API version 3944462).
LogModuleManager: Display: Found up-to-date module file ../../../Engine/Plugins/Media/AndroidMedia/Binaries/Win64/UE4Editor-AndroidMediaEditor.dll (API version 3944462).
LogModuleManager: Display: Found up-to-date module file ../../../Engine/Plugins/Media/AndroidMedia/Binaries/Win64/UE4Editor-AndroidMediaFactory.dll (API version 3944462).
LogModuleManager: Display: Found up-to-date module file ../../../Engine/Plugins/Media/AvfMedia/Binaries/Win64/UE4Editor-AvfMediaEditor.dll (API version 3944462).
LogModuleManager: Display: Found up-to-date module file ../../../Engine/Plugins/Media/AvfMedia/Binaries/Win64/UE4Editor-AvfMediaFactory.dll (API version 3944462).
LogModuleManager: Display: Found up-to-date module file ../../../Engine/Plugins/Media/AvfMedia/Binaries/Win64/UE4Editor-AvfMediaFactory.dll (API version 3944462).
LogModuleManager: Display: Found up-to-date module file ../../../Engine/Plugins/Media/ImgMedia/Binaries/Win64/UE4Editor-ImgMedia.dll (API version 3944462).
LogModuleManager: Display: Found up-to-date module file ../../../Engine/Plugins/Media/ImgMedia/Binaries/Win64/UE4Editor-ImgMediaEditor.dll (API version 3944462).
LogModuleManager: Display: Found up-to-date module file ../../../Engine/Plugins/Media/ImgMedia/Binaries/Win64/UE4Editor-ImgMediaFactory.dll (API version 3944462).
LogModuleManager: Display: Found up-to-date module file ../../../Engine/Plugins/Media/ImgMedia/Binaries/Win64/UE4Editor-ImgMediaFactory.dll (API version 3944462).
LogModuleManager: Display: Found up-to-date module file ../../../Engine/Plugins/Media/ImgMedia/Binaries/Win64/UE4Editor-OpenExrWrapper.dll (API version 3944462).
LogModuleManager: Display: Found up-to-date module file ../../../Engine/Plugins/Media/LinearTimecode/Binaries/Win64/UE4Editor-LinearTimecode.dll (API version 3944462).
LogModuleManager: Display: Found up-to-date module file ../../../Engine/Plugins/Media/MediaCompositing/Binaries/Win64/UE4Editor-MediaCompositing.dll (API version 3944462).
LogModuleManager: Display: Found up-to-date module file ../../../Engine/Plugins/Media/MediaCompositing/Binaries/Win64/UE4Editor-MediaCompositingEditor.dll (API version 3944462).
LogModuleManager: Display: Found up-to-date module file ../../../Engine/Plugins/Media/MediaPlayerEditor/Binaries/Win64/UE4Editor-MediaPlayerEditor.dll (API version 3944462).
LogModuleManager: Display: Found up-to-date module file ../../../Engine/Plugins/Media/WmfMedia/Binaries/Win64/UE4Editor-WmfMedia.dll (API version 3944462).
LogModuleManager: Display: Found up-to-date module file ../../../Engine/Plugins/Media/WmfMedia/Binaries/Win64/UE4Editor-WmfMediaEditor.dll (API version 3944462).
LogModuleManager: Display: Found up-to-date module file ../../../Engine/Plugins/Media/WmfMedia/Binaries/Win64/UE4Editor-WmfMediaFactory.dll (API version 3944462).
LogModuleManager: Display: Found up-to-date module file ../../../Engine/Plugins/Media/WmfMedia/Binaries/Win64/UE4Editor-WmfMediaFactory.dll (API version 3944462).
LogModuleManager: Display: Found up-to-date module file ../../../Engine/Plugins/Messaging/TcpMessaging/Binaries/Win64/UE4Editor-TcpMessaging.dll (API version 3944462).
LogModuleManager: Display: Found up-to-date module file ../../../Engine/Plugins/Messaging/UdpMessaging/Binaries/Win64/UE4Editor-UdpMessaging.dll (API version 3944462).
LogModuleManager: Display: Found up-to-date module file ../../../Engine/Plugins/MovieScene/ActorSequence/Binaries/Win64/UE4Editor-ActorSequence.dll (API version 3944462).
LogModuleManager: Display: Found up-to-date module file ../../../Engine/Plugins/MovieScene/LevelSequenceEditor/Binaries/Win64/UE4Editor-LevelSequenceEditor.dll (API version 3944462).
LogModuleManager: Display: Found up-to-date module file ../../../Engine/Plugins/MovieScene/MatineeToLevelSequence/Binaries/Win64/UE4Editor-MatineeToLevelSequence.dll (API version 3944462).
LogModuleManager: Display: Found up-to-date module file ../../../Engine/Plugins/NetcodeUnitTest/NetcodeUnitTest/Binaries/Win64/UE4Editor-NetcodeUnitTest.dll (API version 3944462).
LogModuleManager: Display: Found up-to-date module file ../../../Engine/Plugins/NetcodeUnitTest/NUTUnrealEngine4/Binaries/Win64/UE4Editor-NUTUnrealEngine4.dll (API version 3944462).
LogModuleManager: Display: Found up-to-date module file ../../../Engine/Plugins/Online/OnlineSubsystem/Binaries/Win64/UE4Editor-OnlineSubsystem.dll (API version 3944462).
LogModuleManager: Display: Found up-to-date module file ../../../Engine/Plugins/Runtime/AndroidPermission/Binaries/Win64/UE4Editor-AndroidPermission.dll (API version 3944462).
LogModuleManager: Display: Found up-to-date module file ../../../Engine/Plugins/Online/OnlineSubsystemNull/Binaries/Win64/UE4Editor-OnlineSubsystemNull.dll (API version 3944462).
LogModuleManager: Display: Found up-to-date module file ../../../Engine/Plugins/Online/OnlineSubsystemUtils/Binaries/Win64/UE4Editor-OnlineSubsystemUtils.dll (API version 3944462).
LogModuleManager: Display: Found up-to-date module file ../../../Engine/Plugins/Online/OnlineSubsystemUtils/Binaries/Win64/UE4Editor-OnlineBlueprintSupport.dll (API version 3944462).
LogModuleManager: Display: Found up-to-date module file ../../../Engine/Plugins/Runtime/AndroidDeviceProfileSelector/Binaries/Win64/UE4Editor-AndroidDeviceProfileSelector.dll (API version 3944462).
LogModuleManager: Display: Found up-to-date module file ../../../Engine/Plugins/Runtime/AppleARKit/Binaries/Win64/UE4Editor-AppleARKit.dll (API version 3944462).
LogModuleManager: Display: Found up-to-date module file ../../../Engine/Plugins/Runtime/ProceduralMeshComponent/Binaries/Win64/UE4Editor-ProceduralMeshComponent.dll (API version 3944462).
LogModuleManager: Display: Found up-to-date module file ../../../Engine/Plugins/Runtime/ProceduralMeshComponent/Binaries/Win64/UE4Editor-ProceduralMeshComponentEditor.dll (API version 3944462).
LogModuleManager: Display: Found up-to-date module file ../../../Engine/Plugins/Animation/LiveLink/Binaries/Win64/UE4Editor-LiveLink.dll (API version 3944462).
LogModuleManager: Display: Found up-to-date module file ../../../Engine/Plugins/Animation/LiveLink/Binaries/Win64/UE4Editor-LiveLinkEditor.dll (API version 3944462).
LogModuleManager: Display: Found up-to-date module file ../../../Engine/Plugins/Runtime/ArchVisCharacter/Binaries/Win64/UE4Editor-ArchVisCharacter.dll (API version 3944462).
LogModuleManager: Display: Found up-to-date module file ../../../Engine/Plugins/Runtime/AudioCapture/Binaries/Win64/UE4Editor-AudioCapture.dll (API version 3944462).
LogModuleManager: Display: Found up-to-date module file ../../../Engine/Plugins/Runtime/AudioCapture/Binaries/Win64/UE4Editor-AudioCaptureEditor.dll (API version 3944462).
LogModuleManager: Display: Found up-to-date module file ../../../Engine/Plugins/Runtime/CableComponent/Binaries/Win64/UE4Editor-CableComponent.dll (API version 3944462).
LogModuleManager: Display: Found up-to-date module file ../../../Engine/Plugins/Runtime/CustomMeshComponent/Binaries/Win64/UE4Editor-CustomMeshComponent.dll (API version 3944462).
LogModuleManager: Display: Found up-to-date module file ../../../Engine/Plugins/Runtime/ExampleDeviceProfileSelector/Binaries/Win64/UE4Editor-ExampleDeviceProfileSelector.dll (API version 3944462).
LogModuleManager: Display: Found up-to-date module file ../../../Engine/Plugins/Runtime/ImmediatePhysics/Binaries/Win64/UE4Editor-ImmediatePhysics.dll (API version 3944462).
LogModuleManager: Display: Found up-to-date module file ../../../Engine/Plugins/Runtime/ImmediatePhysics/Binaries/Win64/UE4Editor-ImmediatePhysicsEditor.dll (API version 3944462).
LogModuleManager: Display: Found up-to-date module file ../../../Engine/Plugins/Runtime/LocationServicesBPLibrary/Binaries/Win64/UE4Editor-LocationServicesBPLibrary.dll (API version 3944462).
LogModuleManager: Display: Found up-to-date module file ../../../Engine/Plugins/Runtime/MobilePatchingUtils/Binaries/Win64/UE4Editor-MobilePatchingUtils.dll (API version 3944462).
LogModuleManager: Display: Found up-to-date module file ../../../Engine/Plugins/Runtime/Oculus/OculusVR/Binaries/Win64/UE4Editor-OculusHMD.dll (API version 3944462).
LogModuleManager: Display: Found up-to-date module file ../../../Engine/Plugins/Runtime/Oculus/OculusVR/Binaries/Win64/UE4Editor-OculusInput.dll (API version 3944462).
LogModuleManager: Display: Found up-to-date module file ../../../Engine/Plugins/Runtime/Oculus/OculusVR/Binaries/Win64/UE4Editor-OculusEditor.dll (API version 3944462).
LogModuleManager: Display: Found up-to-date module file ../../../Engine/Plugins/Runtime/PhysXVehicles/Binaries/Win64/UE4Editor-PhysXVehicles.dll (API version 3944462).
LogModuleManager: Display: Found up-to-date module file ../../../Engine/Plugins/Runtime/PhysXVehicles/Binaries/Win64/UE4Editor-PhysXVehiclesEditor.dll (API version 3944462).
LogModuleManager: Display: Found up-to-date module file ../../../Engine/Plugins/Runtime/RuntimePhysXCooking/Binaries/Win64/UE4Editor-RuntimePhysXCooking.dll (API version 3944462).
LogModuleManager: Display: Found up-to-date module file ../../../Engine/Plugins/Runtime/Steam/SteamVR/Binaries/Win64/UE4Editor-SteamVR.dll (API version 3944462).
LogModuleManager: Display: Found up-to-date module file ../../../Engine/Plugins/Runtime/Steam/SteamVR/Binaries/Win64/UE4Editor-SteamVRController.dll (API version 3944462).
LogModuleManager: Display: Found up-to-date module file ../../../Engine/Plugins/Runtime/WindowsMoviePlayer/Binaries/Win64/UE4Editor-WindowsMoviePlayer.dll (API version 3944462).
LogPluginManager: Mounting plugin Paper2D
LogPluginManager: Mounting plugin LiveLink
LogPluginManager: Mounting plugin LightPropagationVolume
LogPluginManager: Mounting plugin CLionSourceCodeAccess
LogPluginManager: Mounting plugin CodeLiteSourceCodeAccess
LogPluginManager: Mounting plugin GitSourceControl
LogPluginManager: Mounting plugin KDevelopSourceCodeAccess
LogPluginManager: Mounting plugin NullSourceCodeAccess
LogPluginManager: Mounting plugin PerforceSourceControl
LogPluginManager: Mounting plugin SubversionSourceControl
LogPluginManager: Mounting plugin UObjectPlugin
LogPluginManager: Mounting plugin VisualStudioCodeSourceCodeAccess
LogPluginManager: Mounting plugin VisualStudioSourceCodeAccess
LogPluginManager: Mounting plugin XCodeSourceCodeAccess
LogPluginManager: Mounting plugin AssetManagerEditor
LogPluginManager: Mounting plugin CryptoKeys
LogPluginManager: Mounting plugin DataValidation
LogPluginManager: Mounting plugin FacialAnimation
LogPluginManager: Mounting plugin GameplayTagsEditor
LogPluginManager: Mounting plugin MobileLauncherProfileWizard
LogPluginManager: Mounting plugin PluginBrowser
LogPluginManager: Mounting plugin SpeedTreeImporter
LogPluginManager: Mounting plugin DatasmithContent
LogPluginManager: Mounting plugin AlembicImporter
LogPluginManager: Mounting plugin CharacterAI
LogPluginManager: Mounting plugin HTML5Networking
LogPluginManager: Mounting plugin AndroidMedia
LogPluginManager: Mounting plugin AvfMedia
LogPluginManager: Mounting plugin ImgMedia
LogPluginManager: Mounting plugin LinearTimecode
LogPluginManager: Mounting plugin MediaCompositing
LogPluginManager: Mounting plugin MediaPlayerEditor
LogPluginManager: Mounting plugin WmfMedia
LogPluginManager: Mounting plugin TcpMessaging
LogPluginManager: Mounting plugin UdpMessaging
LogPluginManager: Mounting plugin ActorSequence
LogPluginManager: Mounting plugin LevelSequenceEditor
LogPluginManager: Mounting plugin MatineeToLevelSequence
LogPluginManager: Mounting plugin NetcodeUnitTest
LogPluginManager: Mounting plugin NUTUnrealEngine4
LogPluginManager: Mounting plugin OnlineSubsystemGooglePlay
LogPluginManager: Mounting plugin OnlineSubsystemIOS
LogPluginManager: Mounting plugin OnlineSubsystem
LogPluginManager: Mounting plugin OnlineSubsystemNull
LogPluginManager: Mounting plugin OnlineSubsystemUtils
LogPluginManager: Mounting plugin AndroidDeviceProfileSelector
LogPluginManager: Mounting plugin AndroidMoviePlayer
LogPluginManager: Mounting plugin AndroidPermission
LogPluginManager: Mounting plugin AppleARKit
LogPluginManager: Mounting plugin AppleMoviePlayer
LogPluginManager: Mounting plugin ArchVisCharacter
LogPluginManager: Mounting plugin AudioCapture
LogPluginManager: Mounting plugin CableComponent
LogPluginManager: Mounting plugin CustomMeshComponent
LogPluginManager: Mounting plugin ExampleDeviceProfileSelector
LogPluginManager: Mounting plugin GoogleCloudMessaging
LogPluginManager: Mounting plugin ImmediatePhysics
LogPluginManager: Mounting plugin IOSDeviceProfileSelector
LogPluginManager: Mounting plugin LinuxDeviceProfileSelector
LogPluginManager: Mounting plugin LocationServicesBPLibrary
LogPluginManager: Mounting plugin MobilePatchingUtils
LogPluginManager: Mounting plugin OculusVR
LogPluginManager: Plugin shader directory ../../../Engine/Plugins/Runtime/Oculus/OculusVR/Shaders found
LogPluginManager: Mapping shader source directory ../../../Engine/Plugins/Runtime/Oculus/OculusVR/Shaders to virtual directory /Plugin/OculusVR
LogPluginManager: Mounting plugin PhysXVehicles
LogPluginManager: Mounting plugin ProceduralMeshComponent
LogPluginManager: Mounting plugin RuntimePhysXCooking
LogPluginManager: Mounting plugin SteamVR
LogPluginManager: Mounting plugin WindowsMoviePlayer
LogStreaming: Display: Took  4.556s to configure plugins.
LogInit: Using libcurl 7.47.1
LogInit:  - built for x86_64-pc-win32
LogInit:  - supports SSL with OpenSSL/1.0.2g
LogInit:  - supports HTTP deflate (compression) using libz 1.2.8
LogInit:  - other features:
LogInit:      CURL_VERSION_SSL
LogInit:      CURL_VERSION_LIBZ
LogInit:      CURL_VERSION_IPV6
LogInit:      CURL_VERSION_ASYNCHDNS
LogInit:      CURL_VERSION_LARGEFILE
LogInit:      CURL_VERSION_IDN
LogInit:  CurlRequestOptions (configurable via config and command line):
LogInit:  - bVerifyPeer = false  - Libcurl will NOT verify peer certificate
LogInit:  - bUseHttpProxy = false  - Libcurl will NOT use HTTP proxy
LogInit:  - bDontReuseConnections = false  - Libcurl will reuse connections
LogInit:  - CertBundlePath = nullptr  - Libcurl will use whatever was configured at build time.
LogInit:  - MaxHostConnections = 16  - Libcurl will limit the number of connections to a host
LogInit:  - LocalHostAddr = Default
LogInit: WinSock: version 1.1 (2.2), MaxSocks=32767, MaxUdp=65467
LogInit: WinSock: I am KillRoy (10.0.0.108:0)
LogInit: Build: ++UE4+Release-4.19-CL-4033788
LogInit: Engine Version: 4.19.2-4033788+++UE4+Release-4.19
LogInit: Compatible Engine Version: 4.19.0-3944462+++UE4+Release-4.19
LogInit: Net CL: 3944462
LogDevObjectVersion: Number of dev versions registered: 18
LogDevObjectVersion:   Dev-Blueprints (B0D832E4-1F89-4F0D-ACCF-7EB736FD4AA2): 10
LogDevObjectVersion:   Dev-Build (E1C64328-A22C-4D53-A36C-8E866417BD8C): 0
LogDevObjectVersion:   Dev-Core (375EC13C-06E4-48FB-B500-84F0262A717E): 2
LogDevObjectVersion:   Dev-Editor (E4B068ED-F494-42E9-A231-DA0B2E46BB41): 23
LogDevObjectVersion:   Dev-Framework (CFFC743F-43B0-4480-9391-14DF171D2073): 33
LogDevObjectVersion:   Dev-Mobile (B02B49B5-BB20-44E9-A304-32B752E40360): 2
LogDevObjectVersion:   Dev-Networking (A4E4105C-59A1-49B5-A7C5-40C4547EDFEE): 0
LogDevObjectVersion:   Dev-Online (39C831C9-5AE6-47DC-9A44-9C173E1C8E7C): 0
LogDevObjectVersion:   Dev-Physics (78F01B33-EBEA-4F98-B9B4-84EACCB95AA2): 0
LogDevObjectVersion:   Dev-Platform (6631380F-2D4D-43E0-8009-CF276956A95A): 0
LogDevObjectVersion:   Dev-Rendering (12F88B9F-8875-4AFC-A67C-D90C383ABD29): 25
LogDevObjectVersion:   Dev-Sequencer (7B5AE74C-D270-4C10-A958-57980B212A5A): 6
LogDevObjectVersion:   Dev-VR (D7296918-1DD6-4BDD-9DE2-64A83CC13884): 1
LogDevObjectVersion:   Dev-LoadTimes (C2A15278-BFE7-4AFE-6C17-90FF531DF755): 1
LogDevObjectVersion:   Private-Geometry (6EACA3D4-40EC-4CC1-B786-8BED09428FC5): 2
LogDevObjectVersion:   Dev-AnimPhys (29E575DD-E0A3-4627-9D10-D276232CDCEA): 16
LogDevObjectVersion:   Dev-ReflectionCapture (6B266CEC-1EC7-4B8F-A30B-E4D90942FC07): 1
LogDevObjectVersion:   Dev-Automation (0DF73D61-A23F-47EA-B727-89E90C41499A): 1
LogInit: Compiled (64-bit): Apr 27 2018 02:06:57
LogInit: Compiled with Visual C++: 19.00.24215.01
LogInit: Build Configuration: Development
LogInit: Branch Name: ++UE4+Release-4.19
LogInit: Command Line:  
LogInit: Base Directory: G:/Program Files/Epic Games/UE_4.19/Engine/Binaries/Win64/
LogInit: Installed Engine Build: 1
LogStreaming: Display: Took  0.000s to delete old logs.
LogInit: Presizing for max 8388607 objects, including 0 objects not considered by GC, pre-allocating 0 bytes for permanent pool.
LogInit: Object subsystem initialized
[2018.11.25-19.12.20:304][  0]LogInit: Selected Device Profile: [Windows]
[2018.11.25-19.12.20:304][  0]LogInit: Applying CVar settings loaded from the selected device profile: [Windows]
[2018.11.25-19.12.20:376][  0]LogInit: Computer: KILLROY
[2018.11.25-19.12.20:376][  0]LogInit: User: Nicholaus
[2018.11.25-19.12.20:376][  0]LogInit: CPU Page size=4096, Cores=4
[2018.11.25-19.12.20:376][  0]LogInit: High frequency timer resolution =3.613345 MHz
[2018.11.25-19.12.20:376][  0]LogMemory: Memory total: Physical=31.9GB (32GB approx)
[2018.11.25-19.12.20:376][  0]LogMemory: Platform Memory Stats for Windows
[2018.11.25-19.12.20:376][  0]LogMemory: Process Physical Memory: 274.28 MB used, 274.28 MB peak
[2018.11.25-19.12.20:376][  0]LogMemory: Process Virtual Memory: 264.56 MB used, 264.56 MB peak
[2018.11.25-19.12.20:376][  0]LogMemory: Physical Memory: 9305.10 MB used,  23379.83 MB free, 32684.93 MB total
[2018.11.25-19.12.20:376][  0]LogMemory: Virtual Memory: 4795.29 MB used,  23379.83 MB free, 134217728.00 MB total
[2018.11.25-19.12.21:239][  0]LogInit: Using OS detected language (en-US).
[2018.11.25-19.12.21:239][  0]LogInit: Using OS detected locale (en-US).
[2018.11.25-19.12.21:419][  0]LogTextLocalizationManager: No specific localization for 'en-US' exists, so the 'en' localization will be used.
[2018.11.25-19.12.23:124][  0]LogStreaming: Display: Took  1.884s to EndInitTextLocalization.
[2018.11.25-19.12.23:124][  0]LogInit: Setting process to per monitor DPI aware
[2018.11.25-19.12.23:388][  0]LogSlate: New Slate User Created.  User Index 0, Is Virtual User: 0
[2018.11.25-19.12.23:388][  0]LogSlate: Slate User Registered.  User Index 0, Is Virtual User: 0
[2018.11.25-19.12.26:695][  0]LogD3D11RHI: D3D11 adapters:
[2018.11.25-19.12.26:792][  0]LogD3D11RHI:    0. 'NVIDIA GeForce GTX 1060 6GB' (Feature Level 11_0)
[2018.11.25-19.12.26:792][  0]LogD3D11RHI:       6052/0/16342 MB DedicatedVideo/DedicatedSystem/SharedSystem, Outputs:3, VendorId:0x10de
[2018.11.25-19.12.26:794][  0]LogD3D11RHI:    1. 'Microsoft Basic Render Driver' (Feature Level 11_0)
[2018.11.25-19.12.26:794][  0]LogD3D11RHI:       0/0/16342 MB DedicatedVideo/DedicatedSystem/SharedSystem, Outputs:0, VendorId:0x1414
[2018.11.25-19.12.26:794][  0]LogD3D11RHI: Chosen D3D11 Adapter: 0
[2018.11.25-19.12.26:801][  0]LogD3D11RHI: Creating new Direct3DDevice
[2018.11.25-19.12.26:801][  0]LogD3D11RHI:     GPU DeviceId: 0x1c03 (for the marketing name, search the web for "GPU Device Id")
[2018.11.25-19.12.26:801][  0]LogWindows: EnumDisplayDevices:
[2018.11.25-19.12.26:801][  0]LogWindows:    0. 'NVIDIA GeForce GTX 1060 6GB' (P:1 D:1)
[2018.11.25-19.12.26:801][  0]LogWindows:    1. 'NVIDIA GeForce GTX 1060 6GB' (P:0 D:1)
[2018.11.25-19.12.26:801][  0]LogWindows:    2. 'NVIDIA GeForce GTX 1060 6GB' (P:0 D:1)
[2018.11.25-19.12.26:801][  0]LogWindows:    3. 'NVIDIA GeForce GTX 1060 6GB' (P:0 D:0)
[2018.11.25-19.12.26:801][  0]LogWindows: DebugString: GetVideoDriverDetailsInvalid PrimaryIsNotTheChoosenAdapter GetVideoDriverDetailsInvalid PrimaryIsNotTheChoosenAdapter GetVideoDriverDetailsInvalid PrimaryIsNotTheChoosenAdapter GetVideoDriverDetailsInvalid PrimaryIsNotTheChoosenAdapter FoundDriverCount:0 
[2018.11.25-19.12.26:801][  0]LogD3D11RHI:     Adapter Name: NVIDIA GeForce GTX 1060 6GB
[2018.11.25-19.12.26:801][  0]LogD3D11RHI:   Driver Version: Unknown (internal:Unknown, unified:Unknown)
[2018.11.25-19.12.26:801][  0]LogD3D11RHI:      Driver Date: Unknown
[2018.11.25-19.12.26:802][  0]LogRHI: Texture pool is 4236 MB (70% of 6052 MB)
[2018.11.25-19.12.26:876][  0]LogD3D11RHI: [Aftermath] Aftermath enabled and primed
[2018.11.25-19.12.26:876][  0]LogD3D11RHI: [Aftermath] Aftermath enabled and primed
[2018.11.25-19.12.26:876][  0]LogD3D11RHI: Async texture creation enabled
[2018.11.25-19.12.26:932][  0]LogD3D11RHI: GPU Timing Frequency: 1000.000000 (Debug: 2 2)
[2018.11.25-19.12.27:083][  0]LogShaderCompilers: Guid format shader working directory is -16 characters bigger than the processId version (../../../../../../Users/Nicholaus/Documents/LianeRepo/Old Project/Intermediate/Shaders/WorkingDirectory/15508/).
[2018.11.25-19.12.27:084][  0]LogShaderCompilers: Cleaned the shader compiler working directory 'C:/Users/Nicholaus/AppData/Local/Temp/UnrealShaderWorkingDir/ECD477E9491781BB409583A19717E4B7/'.
[2018.11.25-19.12.28:649][  0]LogTemp: Display: Loaded TP AllDesktopTargetPlatform
[2018.11.25-19.12.28:674][  0]LogTemp: Display: Loaded TP MacClientTargetPlatform
[2018.11.25-19.12.28:690][  0]LogTemp: Display: Loaded TP MacNoEditorTargetPlatform
[2018.11.25-19.12.28:706][  0]LogTemp: Display: Loaded TP MacServerTargetPlatform
[2018.11.25-19.12.28:737][  0]LogTemp: Display: Loaded TP MacTargetPlatform
[2018.11.25-19.12.28:753][  0]LogTemp: Display: Loaded TP WindowsClientTargetPlatform
[2018.11.25-19.12.28:771][  0]LogTemp: Display: Loaded TP WindowsNoEditorTargetPlatform
[2018.11.25-19.12.28:788][  0]LogTemp: Display: Loaded TP WindowsServerTargetPlatform
[2018.11.25-19.12.28:798][  0]LogTemp: Display: Loaded TP WindowsTargetPlatform
[2018.11.25-19.12.28:812][  0]LogTemp: Display: Loaded TP Android_ASTCTargetPlatform
[2018.11.25-19.12.28:826][  0]LogTemp: Display: Loaded TP Android_ATCTargetPlatform
[2018.11.25-19.12.28:842][  0]LogTemp: Display: Loaded TP Android_DXTTargetPlatform
[2018.11.25-19.12.28:857][  0]LogTemp: Display: Loaded TP Android_ETC1aTargetPlatform
[2018.11.25-19.12.28:872][  0]LogTemp: Display: Loaded TP Android_ETC1TargetPlatform
[2018.11.25-19.12.28:887][  0]LogTemp: Display: Loaded TP Android_ETC2TargetPlatform
[2018.11.25-19.12.28:916][  0]LogTemp: Display: Loaded TP Android_MultiTargetPlatform
[2018.11.25-19.12.28:916][  0]LogTemp: Display: Loaded TP Android_PVRTCTargetPlatform
[2018.11.25-19.12.28:952][  0]LogTemp: Display: Loaded TP AndroidTargetPlatform
[2018.11.25-19.12.28:954][  0]LogTemp: Display: Loaded TP HTML5TargetPlatform
[2018.11.25-19.12.29:060][  0]LogTemp: Display: Loaded TP IOSTargetPlatform
[2018.11.25-19.12.29:098][  0]LogTemp: Display: Loaded TP TVOSTargetPlatform
[2018.11.25-19.12.29:113][  0]LogTemp: Display: Loaded TP LinuxClientTargetPlatform
[2018.11.25-19.12.29:128][  0]LogTemp: Display: Loaded TP LinuxNoEditorTargetPlatform
[2018.11.25-19.12.29:144][  0]LogTemp: Display: Loaded TP LinuxServerTargetPlatform
[2018.11.25-19.12.29:165][  0]LogTemp: Display: Loaded TP LinuxTargetPlatform
[2018.11.25-19.12.29:165][  0]LogTargetPlatformManager: Display: Building Assets For Windows
[2018.11.25-19.12.30:203][  0]LogXGEController: Cannot use XGE Controller as Incredibuild is not installed on this machine.
[2018.11.25-19.12.30:203][  0]LogShaderCompilers: Cannot use XGE Shader Compiler as Incredibuild is not installed on this machine.
[2018.11.25-19.12.30:203][  0]LogShaderCompilers: Display: Using Local Shader Compiler.
[2018.11.25-19.12.32:862][  0]LogDerivedDataCache: Display: Max Cache Size: 512 MB
[2018.11.25-19.12.33:363][  0]LogDerivedDataCache: Loaded boot cache 0.50s 74MB C:/Users/Nicholaus/AppData/Local/UnrealEngine/4.19/DerivedDataCache/Boot.ddc.
[2018.11.25-19.12.33:363][  0]LogDerivedDataCache: Display: Loaded Boot cache: C:/Users/Nicholaus/AppData/Local/UnrealEngine/4.19/DerivedDataCache/Boot.ddc
[2018.11.25-19.12.33:363][  0]LogDerivedDataCache: FDerivedDataBackendGraph:  Pak pak cache file ../../../../../../Users/Nicholaus/Documents/LianeRepo/Old Project/DerivedDataCache/DDC.ddp not found, will not use a pak cache.
[2018.11.25-19.12.33:363][  0]LogDerivedDataCache: Unable to find inner node Pak for hierarchical cache Hierarchy.
[2018.11.25-19.12.33:364][  0]LogDerivedDataCache: FDerivedDataBackendGraph:  CompressedPak pak cache file ../../../../../../Users/Nicholaus/Documents/LianeRepo/Old Project/DerivedDataCache/Compressed.ddp not found, will not use a pak cache.
[2018.11.25-19.12.33:364][  0]LogDerivedDataCache: Unable to find inner node CompressedPak for hierarchical cache Hierarchy.
[2018.11.25-19.12.33:447][  0]LogDerivedDataCache: Display: Pak cache opened for reading ../../../Engine/DerivedDataCache/Compressed.ddp.
[2018.11.25-19.12.33:459][  0]LogDerivedDataCache: Using Local data cache path C:/Users/Nicholaus/AppData/Local/UnrealEngine/Common/DerivedDataCache: Writable
[2018.11.25-19.12.33:459][  0]LogDerivedDataCache: Shared data cache path not found in *engine.ini, will not use an Shared cache.
[2018.11.25-19.12.33:459][  0]LogDerivedDataCache: Unable to find inner node Shared for hierarchical cache Hierarchy.
[2018.11.25-19.12.33:474][  0]LogMaterial: Verifying Global Shaders for PCD3D_SM5
[2018.11.25-19.12.33:474][  0]LogSlate: Using Freetype 2.6.0
[2018.11.25-19.12.33:522][  0]LogSlate: SlateFontCache - WITH_FREETYPE: 1, WITH_HARFBUZZ: 1
[2018.11.25-19.12.33:522][  0]LogSlate: SlateFontCache - WITH_FREETYPE: 1, WITH_HARFBUZZ: 1
[2018.11.25-19.12.41:089][  0]LogAssetRegistry: FAssetRegistry took 0.0291 seconds to start up
[2018.11.25-19.12.41:519][  0]LogInit: Selected Device Profile: [Windows]
[2018.11.25-19.12.42:480][  0]LogSimplygon: Simplygon DLL not present - disabling.
[2018.11.25-19.12.42:515][  0]LogMeshReduction: Using SimplygonSwarm for distributed automatic mesh merging
[2018.11.25-19.12.42:516][  0]LogMeshReduction: Using QuadricMeshReduction for automatic static mesh reduction
[2018.11.25-19.12.42:516][  0]LogMeshReduction: No automatic skeletal mesh reduction module available
[2018.11.25-19.12.42:516][  0]LogMeshReduction: No automatic mesh merging module available
[2018.11.25-19.12.42:516][  0]LogMeshMerging: No automatic mesh merging module available
[2018.11.25-19.12.42:604][  0]LogNetVersion: projectliane , NetCL: 3944462, EngineNetVer: 2, GameNetVer: 0 (Checksum: 33679610)
[2018.11.25-19.12.45:477][  0]LogPackageLocalizationCache: Processed 9 localized package path(s) for 2 prioritized culture(s) in 0.120120 seconds
[2018.11.25-19.12.45:483][  0]LogUObjectArray: 36728 objects as part of root set at end of initial load.
[2018.11.25-19.12.45:483][  0]LogUObjectAllocator: 7314304 out of 0 bytes used by permanent object pool.
[2018.11.25-19.12.45:483][  0]LogUObjectArray: CloseDisregardForGC: 0/0 objects in disregard for GC pool
[2018.11.25-19.13.03:968][  0]LogTcpMessaging: Initializing TcpMessaging bridge
[2018.11.25-19.13.04:002][  0]LogUdpMessaging: Initializing bridge on interface 0.0.0.0:0 to multicast group 230.0.0.1:6666.
[2018.11.25-19.13.04:614][  0]SourceControl: Source control is disabled
[2018.11.25-19.13.04:614][  0]SourceControl: Source control is disabled
[2018.11.25-19.13.04:635][  0]SourceControl: Source control is disabled
[2018.11.25-19.13.04:655][  0]SourceControl: Source control is disabled
[2018.11.25-19.13.05:464][  0]LogAndroidPermission: UAndroidPermissionCallbackProxy::GetInstance
[2018.11.25-19.13.05:731][  0]LogOcInput: OculusInput pre-init called
[2018.11.25-19.13.06:050][  0]LogEngine: Initializing Engine...
[2018.11.25-19.13.06:052][  0]LogHMD: Failed to initialize OpenVR with code 110
[2018.11.25-19.13.06:054][  0]LogStats: UGameplayTagsManager::ConstructGameplayTagTree: Construct from data asset -  0.000 s
[2018.11.25-19.13.06:054][  0]LogStats: UGameplayTagsManager::ConstructGameplayTagTree: GameplayTagTreeChangedEvent.Broadcast -  0.000 s
[2018.11.25-19.13.07:077][  0]LogAIModule: Creating AISystem for world Untitled
[2018.11.25-19.13.07:100][  0]LogInit: XAudio2 using 'Speakers (Stealth 600)' : 2 channels at 48 kHz using 16 bits per sample (channel mask 0x3)
[2018.11.25-19.13.07:113][  0]LogInit: FAudioDevice initialized.
[2018.11.25-19.13.07:233][  0]LogDerivedDataCache: Saved boot cache 0.12s 74MB C:/Users/Nicholaus/AppData/Local/UnrealEngine/4.19/DerivedDataCache/Boot.ddc.
[2018.11.25-19.13.07:278][  0]LogInit: Texture streaming: Enabled
[2018.11.25-19.13.07:340][  0]LogEngineSessionManager: EngineSessionManager initialized
[2018.11.25-19.13.07:379][  0]LogInit: Transaction tracking system initialized
[2018.11.25-19.13.07:519][  0]BlueprintLog: New page: Editor Load
[2018.11.25-19.13.08:200][  0]LocalizationService: Localization service is disabled
[2018.11.25-19.13.09:150][  0]LogConsoleResponse: Display: 
[2018.11.25-19.13.10:975][  0]LogCook: Display: Max memory allowance for cook 16384mb min free memory 0mb
[2018.11.25-19.13.10:975][  0]LogCook: Display: Mobile HDR setting 1
[2018.11.25-19.13.10:975][  0]LogGameplayTags: Display: UGameplayTagsManager::DoneAddingNativeTags. DelegateIsBound: 0
[2018.11.25-19.13.10:975][  0]LogStats: UGameplayTagsManager::ConstructGameplayTagTree: Construct from data asset -  0.000 s
[2018.11.25-19.13.10:975][  0]LogStats: UGameplayTagsManager::ConstructGameplayTagTree: GameplayTagTreeChangedEvent.Broadcast -  0.000 s
[2018.11.25-19.13.11:388][  0]LogFileCache: Scanning file cache for directory 'G:/Users/Nicholaus/Documents/LianeRepo/Old Project/Content/' took 0.03s
[2018.11.25-19.13.12:385][  0]SourceControl: Source control is disabled
[2018.11.25-19.13.12:386][  0]Cmd: MAP LOAD FILE="../../../../../../Users/Nicholaus/Documents/LianeRepo/Old Project/Content/ThirdPersonBP/Maps/ThirdPersonExampleMap.umap" TEMPLATE=0 SHOWPROGRESS=1 FEATURELEVEL=3
[2018.11.25-19.13.12:419][  0]LightingResults: New page: Lighting Build
[2018.11.25-19.13.12:423][  0]MapCheck: New page: Map Check
[2018.11.25-19.13.12:423][  0]LightingResults: New page: Lighting Build
[2018.11.25-19.13.12:573][  0]LogUObjectGlobals: Created PersistentFrame Addr=0x0000022251c59900, Size=32, Default__FocusOnPlayer_C Function /Game/Allison/Proper_AI/Tasks/FocusOnPlayer.FocusOnPlayer_C:ExecuteUbergraph_FocusOnPlayer
[2018.11.25-19.13.12:575][  0]LogUObjectGlobals: Destroyed PersistentFrame Addr=0x0000022251c59900, Size=32
[2018.11.25-19.13.12:575][  0]LogUObjectGlobals: Created PersistentFrame Addr=0x0000022251c59900, Size=32, Default__FocusOnPlayer_C Function /Engine/Transient.REINST_FocusOnPlayer_C_1:ExecuteUbergraph_FocusOnPlayer
[2018.11.25-19.13.12:577][  0]LogUObjectGlobals: Created PersistentFrame Addr=0x0000022251c58a40, Size=32, Default__FocusOnPlayer_C Function /Game/Allison/Proper_AI/Tasks/FocusOnPlayer.FocusOnPlayer_C:ExecuteUbergraph_FocusOnPlayer
[2018.11.25-19.13.12:599][  0]LogUObjectGlobals: Created PersistentFrame Addr=0x0000022251be2cc0, Size=56, Default__MoveNearPlayer_C Function /Game/Allison/Proper_AI/Tasks/MoveNearPlayer.MoveNearPlayer_C:ExecuteUbergraph_MoveNearPlayer
[2018.11.25-19.13.12:603][  0]LogUObjectGlobals: Destroyed PersistentFrame Addr=0x0000022251be2cc0, Size=56
[2018.11.25-19.13.12:603][  0]LogUObjectGlobals: Created PersistentFrame Addr=0x0000022251be2cc0, Size=56, Default__MoveNearPlayer_C Function /Engine/Transient.REINST_MoveNearPlayer_C_3:ExecuteUbergraph_MoveNearPlayer
[2018.11.25-19.13.12:606][  0]LogUObjectGlobals: Created PersistentFrame Addr=0x0000022251be20b8, Size=56, Default__MoveNearPlayer_C Function /Game/Allison/Proper_AI/Tasks/MoveNearPlayer.MoveNearPlayer_C:ExecuteUbergraph_MoveNearPlayer
[2018.11.25-19.13.12:625][  0]LogUObjectGlobals: Created PersistentFrame Addr=0x000002226e592fc8, Size=24, Default__StopFocusingOnPlayer_C Function /Game/Allison/Proper_AI/Tasks/StopFocusingOnPlayer.StopFocusingOnPlayer_C:ExecuteUbergraph_StopFocusingOnPlayer
[2018.11.25-19.13.12:627][  0]LogUObjectGlobals: Destroyed PersistentFrame Addr=0x000002226e592fc8, Size=24
[2018.11.25-19.13.12:627][  0]LogUObjectGlobals: Created PersistentFrame Addr=0x000002226e592fc8, Size=24, Default__StopFocusingOnPlayer_C Function /Engine/Transient.REINST_StopFocusingOnPlayer_C_5:ExecuteUbergraph_StopFocusingOnPlayer
[2018.11.25-19.13.12:628][  0]LogUObjectGlobals: Created PersistentFrame Addr=0x000002226e592e18, Size=24, Default__StopFocusingOnPlayer_C Function /Game/Allison/Proper_AI/Tasks/StopFocusingOnPlayer.StopFocusingOnPlayer_C:ExecuteUbergraph_StopFocusingOnPlayer
[2018.11.25-19.13.12:675][  0]LogUObjectGlobals: Created PersistentFrame Addr=0x000002225184d480, Size=328, Default__Allison_Controller_C Function /Game/Allison/Proper_AI/Allison_Controller.Allison_Controller_C:ExecuteUbergraph_Allison_Controller
[2018.11.25-19.13.14:280][  0]LogUObjectGlobals: Created PersistentFrame Addr=0x0000022251876a98, Size=40, Default__Liane3rdAnim_C Function /Game/character/Liane3rdAnim.Liane3rdAnim_C:ExecuteUbergraph_Liane3rdAnim
[2018.11.25-19.13.14:773][  0]LogUObjectGlobals: Created PersistentFrame Addr=0x00000222551a7580, Size=2648, Default__ThirdPersonCharacter_C Function /Game/ThirdPersonBP/Blueprints/ThirdPersonCharacter.ThirdPersonCharacter_C:ExecuteUbergraph_ThirdPersonCharacter
[2018.11.25-19.13.14:777][  0]LogUObjectGlobals: Created PersistentFrame Addr=0x000002225c5f1580, Size=64, Default__ABP_Anna_C Function /Game/NewAnnaModel/ABP_Anna.ABP_Anna_C:ExecuteUbergraph_ABP_Anna
[2018.11.25-19.13.14:857][  0]LogUObjectGlobals: Created PersistentFrame Addr=0x0000022255053700, Size=656, Default__BP_PhotoPawn_C Function /Game/PhotoMode/Blueprints/BP_PhotoPawn.BP_PhotoPawn_C:ExecuteUbergraph_BP_PhotoPawn
[2018.11.25-19.13.14:976][  0]LogUObjectGlobals: Created PersistentFrame Addr=0x0000022255dc2b00, Size=1952, Default__BP_PhotoAdjustmentsWidget_C Function /Game/PhotoMode/Blueprints/BP_PhotoAdjustmentsWidget.BP_PhotoAdjustmentsWidget_C:ExecuteUbergraph_BP_PhotoAdjustmentsWidget
[2018.11.25-19.13.15:548][  0]LogUObjectGlobals: Created PersistentFrame Addr=0x00000222567dbe00, Size=480, Default__BP_PhotoModeManager_C Function /Game/PhotoMode/Blueprints/BP_PhotoModeManager.BP_PhotoModeManager_C:ExecuteUbergraph_BP_PhotoModeManager
[2018.11.25-19.13.17:114][  0]LogUObjectGlobals: Created PersistentFrame Addr=0x0000022270f3d440, Size=304, Default__SearchableDesk1_Items_C Function /Game/UI/SearchableDesk1_Items.SearchableDesk1_Items_C:ExecuteUbergraph_SearchableDesk1_Items
[2018.11.25-19.13.17:115][  0]LogUObjectGlobals: Created PersistentFrame Addr=0x000002225614e7d0, Size=48, Default__SearchableDesk1_C Function /Game/Blueprints/SearchableDesk1.SearchableDesk1_C:ExecuteUbergraph_SearchableDesk1
[2018.11.25-19.13.17:356][  0]LogUObjectGlobals: Created PersistentFrame Addr=0x0000022258fcce40, Size=32, Default__Document1UI_C Function /Game/UI/Document1UI.Document1UI_C:ExecuteUbergraph_Document1UI
[2018.11.25-19.13.17:359][  0]LogUObjectGlobals: Created PersistentFrame Addr=0x0000022270ad3740, Size=72, Default__InventoryUI_C Function /Game/UI/InventoryUI.InventoryUI_C:ExecuteUbergraph_InventoryUI
[2018.11.25-19.13.17:375][  0]LogUObjectGlobals: Created PersistentFrame Addr=0x0000022258fccce0, Size=32, Default__Document2UI_C Function /Game/UI/Document2UI.Document2UI_C:ExecuteUbergraph_Document2UI
[2018.11.25-19.13.17:402][  0]LogUObjectGlobals: Created PersistentFrame Addr=0x00000222567d2ca0, Size=40, Default__PauseMenu_C Function /Game/UI/PauseMenu.PauseMenu_C:ExecuteUbergraph_PauseMenu
[2018.11.25-19.13.17:431][  0]LogUObjectGlobals: Created PersistentFrame Addr=0x00000222550c15c0, Size=64, Default__TextFeedback_C Function /Game/UI/TextFeedback.TextFeedback_C:ExecuteUbergraph_TextFeedback
[2018.11.25-19.13.17:453][  0]LogUObjectGlobals: Created PersistentFrame Addr=0x0000022270a73d80, Size=32, Default__Document3UI_C Function /Game/UI/Document3UI.Document3UI_C:ExecuteUbergraph_Document3UI
[2018.11.25-19.13.17:670][  0]LogUObjectGlobals: Created PersistentFrame Addr=0x00000222567d0810, Size=40, Default__StopMoving_C Function /Game/Allison/Proper_AI/Tasks/StopMoving.StopMoving_C:ExecuteUbergraph_StopMoving
[2018.11.25-19.13.17:697][  0]LogUObjectGlobals: Created PersistentFrame Addr=0x0000022270a06300, Size=256, Default__TeleportNearPlayer_C Function /Game/Allison/Proper_AI/Tasks/TeleportNearPlayer.TeleportNearPlayer_C:ExecuteUbergraph_TeleportNearPlayer
[2018.11.25-19.13.17:816][  0]LogUObjectGlobals: Destroyed PersistentFrame Addr=0x000002225c5f1580, Size=64
[2018.11.25-19.13.17:816][  0]LogUObjectGlobals: Created PersistentFrame Addr=0x000002226e0b8740, Size=64, Default__ABP_Anna_C Function /Engine/Transient.REINST_ABP_Anna_C_0:ExecuteUbergraph_ABP_Anna
[2018.11.25-19.13.17:816][  0]LogUObjectGlobals: Destroyed PersistentFrame Addr=0x00000222567dbe00, Size=480
[2018.11.25-19.13.17:816][  0]LogUObjectGlobals: Created PersistentFrame Addr=0x000002225e657a00, Size=480, Default__BP_PhotoModeManager_C Function /Engine/Transient.REINST_BP_PhotoModeManager_C_9:ExecuteUbergraph_BP_PhotoModeManager
[2018.11.25-19.13.17:816][  0]LogUObjectGlobals: Destroyed PersistentFrame Addr=0x0000022251876a98, Size=40
[2018.11.25-19.13.17:816][  0]LogUObjectGlobals: Created PersistentFrame Addr=0x000002226e191530, Size=40, Default__Liane3rdAnim_C Function /Engine/Transient.REINST_Liane3rdAnim_C_1:ExecuteUbergraph_Liane3rdAnim
[2018.11.25-19.13.17:818][  0]LogUObjectGlobals: Destroyed PersistentFrame Addr=0x0000022255053700, Size=656
[2018.11.25-19.13.17:818][  0]LogUObjectGlobals: Created PersistentFrame Addr=0x000002226e08c400, Size=656, Default__BP_PhotoPawn_C Function /Engine/Transient.REINST_BP_PhotoPawn_C_11:ExecuteUbergraph_BP_PhotoPawn
[2018.11.25-19.13.17:818][  0]LogUObjectGlobals: Destroyed PersistentFrame Addr=0x000002225614e7d0, Size=48
[2018.11.25-19.13.17:818][  0]LogUObjectGlobals: Created PersistentFrame Addr=0x000002226e15da80, Size=48, Default__SearchableDesk1_C Function /Engine/Transient.REINST_SearchableDesk1_C_12:ExecuteUbergraph_SearchableDesk1
[2018.11.25-19.13.17:818][  0]LogUObjectGlobals: Destroyed PersistentFrame Addr=0x000002225184d480, Size=328
[2018.11.25-19.13.17:819][  0]LogUObjectGlobals: Created PersistentFrame Addr=0x00000222712b9300, Size=328, Default__Allison_Controller_C Function /Engine/Transient.REINST_Allison_Controller_C_13:ExecuteUbergraph_Allison_Controller
[2018.11.25-19.13.17:825][  0]LogUObjectGlobals: Destroyed PersistentFrame Addr=0x0000022255dc2b00, Size=1952
[2018.11.25-19.13.17:826][  0]LogUObjectGlobals: Created PersistentFrame Addr=0x0000022271254b80, Size=1952, Default__BP_PhotoAdjustmentsWidget_C Function /Engine/Transient.REINST_BP_PhotoAdjustmentsWidget_C_1:ExecuteUbergraph_BP_PhotoAdjustmentsWidget
[2018.11.25-19.13.17:826][  0]LogUObjectGlobals: Destroyed PersistentFrame Addr=0x0000022258fcce40, Size=32
[2018.11.25-19.13.17:826][  0]LogUObjectGlobals: Created PersistentFrame Addr=0x00000222712e9440, Size=32, Default__Document1UI_C Function /Engine/Transient.REINST_Document1UI_C_2:ExecuteUbergraph_Document1UI
[2018.11.25-19.13.17:826][  0]LogUObjectGlobals: Destroyed PersistentFrame Addr=0x0000022258fccce0, Size=32
[2018.11.25-19.13.17:826][  0]LogUObjectGlobals: Created PersistentFrame Addr=0x00000222712e93c0, Size=32, Default__Document2UI_C Function /Engine/Transient.REINST_Document2UI_C_3:ExecuteUbergraph_Document2UI
[2018.11.25-19.13.17:826][  0]LogUObjectGlobals: Destroyed PersistentFrame Addr=0x0000022270a73d80, Size=32
[2018.11.25-19.13.17:826][  0]LogUObjectGlobals: Created PersistentFrame Addr=0x00000222712e9340, Size=32, Default__Document3UI_C Function /Engine/Transient.REINST_Document3UI_C_4:ExecuteUbergraph_Document3UI
[2018.11.25-19.13.17:826][  0]LogUObjectGlobals: Destroyed PersistentFrame Addr=0x0000022270ad3740, Size=72
[2018.11.25-19.13.17:826][  0]LogUObjectGlobals: Created PersistentFrame Addr=0x0000022271284ea0, Size=72, Default__InventoryUI_C Function /Engine/Transient.REINST_InventoryUI_C_5:ExecuteUbergraph_InventoryUI
[2018.11.25-19.13.17:827][  0]LogUObjectGlobals: Destroyed PersistentFrame Addr=0x00000222567d2ca0, Size=40
[2018.11.25-19.13.17:827][  0]LogUObjectGlobals: Created PersistentFrame Addr=0x000002226e190c70, Size=40, Default__PauseMenu_C Function /Engine/Transient.REINST_PauseMenu_C_6:ExecuteUbergraph_PauseMenu
[2018.11.25-19.13.17:827][  0]LogUObjectGlobals: Destroyed PersistentFrame Addr=0x0000022270f3d440, Size=304
[2018.11.25-19.13.17:827][  0]LogUObjectGlobals: Created PersistentFrame Addr=0x0000022250e04cc0, Size=304, Default__SearchableDesk1_Items_C Function /Engine/Transient.REINST_SearchableDesk1_Items_C_7:ExecuteUbergraph_SearchableDesk1_Items
[2018.11.25-19.13.17:827][  0]LogUObjectGlobals: Destroyed PersistentFrame Addr=0x00000222567d0810, Size=40
[2018.11.25-19.13.17:827][  0]LogUObjectGlobals: Created PersistentFrame Addr=0x000002226e190c48, Size=40, Default__StopMoving_C Function /Engine/Transient.REINST_StopMoving_C_14:ExecuteUbergraph_StopMoving
[2018.11.25-19.13.17:828][  0]LogUObjectGlobals: Destroyed PersistentFrame Addr=0x0000022270a06300, Size=256
[2018.11.25-19.13.17:828][  0]LogUObjectGlobals: Created PersistentFrame Addr=0x000002225e64e200, Size=256, Default__TeleportNearPlayer_C Function /Engine/Transient.REINST_TeleportNearPlayer_C_15:ExecuteUbergraph_TeleportNearPlayer
[2018.11.25-19.13.17:828][  0]LogUObjectGlobals: Destroyed PersistentFrame Addr=0x00000222550c15c0, Size=64
[2018.11.25-19.13.17:828][  0]LogUObjectGlobals: Created PersistentFrame Addr=0x000002227123b800, Size=64, Default__TextFeedback_C Function /Engine/Transient.REINST_TextFeedback_C_8:ExecuteUbergraph_TextFeedback
[2018.11.25-19.13.17:830][  0]LogUObjectGlobals: Destroyed PersistentFrame Addr=0x00000222551a7580, Size=2648
[2018.11.25-19.13.17:830][  0]LogUObjectGlobals: Created PersistentFrame Addr=0x000002226e0db580, Size=2648, Default__ThirdPersonCharacter_C Function /Engine/Transient.REINST_ThirdPersonCharacter_C_16:ExecuteUbergraph_ThirdPersonCharacter
[2018.11.25-19.13.17:851][  0]LogBlueprint: Warning: [Compiler BP_PhotoPawn] InputAction Event references unknown Action 'ToggleFocusForAdjustmentsWidget' for  InputAction ToggleFocusForAdjustmentsWidget
[2018.11.25-19.13.17:851][  0]LogBlueprint: Warning: [Compiler BP_PhotoPawn] InputAction Event references unknown Action 'ToggleAdjustmentsWidget' for  InputAction ToggleAdjustmentsWidget
[2018.11.25-19.13.17:852][  0]LogBlueprint: Warning: [Compiler BP_PhotoPawn] Input Axis Event references unknown Axis 'MoveUp' for  InputAxis MoveUp
[2018.11.25-19.13.17:959][  0]LogUObjectGlobals: Created PersistentFrame Addr=0x0000022271aeab40, Size=64, Default__ABP_Anna_C Function /Game/NewAnnaModel/ABP_Anna.ABP_Anna_C:ExecuteUbergraph_ABP_Anna
[2018.11.25-19.13.17:961][  0]LogUObjectGlobals: Created PersistentFrame Addr=0x0000022271adaa00, Size=496, Default__BP_PhotoModeManager_C Function /Game/PhotoMode/Blueprints/BP_PhotoModeManager.BP_PhotoModeManager_C:ExecuteUbergraph_BP_PhotoModeManager
[2018.11.25-19.13.17:962][  0]LogUObjectGlobals: Created PersistentFrame Addr=0x00000222710f01f8, Size=40, Default__Liane3rdAnim_C Function /Game/character/Liane3rdAnim.Liane3rdAnim_C:ExecuteUbergraph_Liane3rdAnim
[2018.11.25-19.13.17:965][  0]LogUObjectGlobals: Created PersistentFrame Addr=0x0000022271aa1f00, Size=656, Default__BP_PhotoPawn_C Function /Game/PhotoMode/Blueprints/BP_PhotoPawn.BP_PhotoPawn_C:ExecuteUbergraph_BP_PhotoPawn
[2018.11.25-19.13.17:967][  0]LogUObjectGlobals: Created PersistentFrame Addr=0x0000022271a36680, Size=48, Default__SearchableDesk1_C Function /Game/Blueprints/SearchableDesk1.SearchableDesk1_C:ExecuteUbergraph_SearchableDesk1
[2018.11.25-19.13.17:969][  0]LogUObjectGlobals: Created PersistentFrame Addr=0x0000022271a42f80, Size=328, Default__Allison_Controller_C Function /Game/Allison/Proper_AI/Allison_Controller.Allison_Controller_C:ExecuteUbergraph_Allison_Controller
[2018.11.25-19.13.17:990][  0]LogUObjectGlobals: Created PersistentFrame Addr=0x0000022258fb8100, Size=1952, Default__BP_PhotoAdjustmentsWidget_C Function /Game/PhotoMode/Blueprints/BP_PhotoAdjustmentsWidget.BP_PhotoAdjustmentsWidget_C:ExecuteUbergraph_BP_PhotoAdjustmentsWidget
[2018.11.25-19.13.17:996][  0]LogUObjectGlobals: Created PersistentFrame Addr=0x000002227174ad00, Size=32, Default__Document1UI_C Function /Game/UI/Document1UI.Document1UI_C:ExecuteUbergraph_Document1UI
[2018.11.25-19.13.17:997][  0]LogUObjectGlobals: Created PersistentFrame Addr=0x000002227174ab60, Size=32, Default__Document2UI_C Function /Game/UI/Document2UI.Document2UI_C:ExecuteUbergraph_Document2UI
[2018.11.25-19.13.17:998][  0]LogUObjectGlobals: Created PersistentFrame Addr=0x000002227174a9c0, Size=32, Default__Document3UI_C Function /Game/UI/Document3UI.Document3UI_C:ExecuteUbergraph_Document3UI
[2018.11.25-19.13.18:000][  0]LogUObjectGlobals: Created PersistentFrame Addr=0x00000222716eacf0, Size=72, Default__InventoryUI_C Function /Game/UI/InventoryUI.InventoryUI_C:ExecuteUbergraph_InventoryUI
[2018.11.25-19.13.18:001][  0]LogUObjectGlobals: Created PersistentFrame Addr=0x0000022271a72e58, Size=40, Default__PauseMenu_C Function /Game/UI/PauseMenu.PauseMenu_C:ExecuteUbergraph_PauseMenu
[2018.11.25-19.13.18:005][  0]LogUObjectGlobals: Created PersistentFrame Addr=0x0000022271d2c7c0, Size=304, Default__SearchableDesk1_Items_C Function /Game/UI/SearchableDesk1_Items.SearchableDesk1_Items_C:ExecuteUbergraph_SearchableDesk1_Items
[2018.11.25-19.13.18:007][  0]LogUObjectGlobals: Created PersistentFrame Addr=0x0000022271a72d40, Size=40, Default__StopMoving_C Function /Game/Allison/Proper_AI/Tasks/StopMoving.StopMoving_C:ExecuteUbergraph_StopMoving
[2018.11.25-19.13.18:007][  0]LogUObjectGlobals: Created PersistentFrame Addr=0x0000022271672b00, Size=256, Default__TeleportNearPlayer_C Function /Game/Allison/Proper_AI/Tasks/TeleportNearPlayer.TeleportNearPlayer_C:ExecuteUbergraph_TeleportNearPlayer
[2018.11.25-19.13.18:008][  0]LogUObjectGlobals: Created PersistentFrame Addr=0x00000222716a6480, Size=64, Default__TextFeedback_C Function /Game/UI/TextFeedback.TextFeedback_C:ExecuteUbergraph_TextFeedback
[2018.11.25-19.13.18:026][  0]LogUObjectGlobals: Created PersistentFrame Addr=0x00000222715ec100, Size=2648, Default__ThirdPersonCharacter_C Function /Game/ThirdPersonBP/Blueprints/ThirdPersonCharacter.ThirdPersonCharacter_C:ExecuteUbergraph_ThirdPersonCharacter
[2018.11.25-19.13.18:079][  0]LogBlueprint: Warning: [Compiler BP_PhotoPawn] [0070.89] Compile of BP_PhotoPawn successful, but with 3 Warning(s) [in 366 ms] (/Game/PhotoMode/Blueprints/BP_PhotoPawn.BP_PhotoPawn)
[2018.11.25-19.13.18:093][  0]LogUObjectGlobals: Created PersistentFrame Addr=0x000002227157e0f0, Size=56, Default__Allison_PathingTrigger_BP_C Function /Game/Allison/Proper_AI/Allison_PathingTrigger_BP.Allison_PathingTrigger_BP_C:ExecuteUbergraph_Allison_PathingTrigger_BP
[2018.11.25-19.13.18:096][  0]LogUObjectGlobals: Destroyed PersistentFrame Addr=0x000002227157e0f0, Size=56
[2018.11.25-19.13.18:096][  0]LogUObjectGlobals: Created PersistentFrame Addr=0x000002227157e0f0, Size=56, Default__Allison_PathingTrigger_BP_C Function /Engine/Transient.REINST_Allison_PathingTrigger_BP_C_37:ExecuteUbergraph_Allison_PathingTrigger_BP
[2018.11.25-19.13.18:098][  0]LogUObjectGlobals: Created PersistentFrame Addr=0x000002227157e3c8, Size=56, Default__Allison_PathingTrigger_BP_C Function /Game/Allison/Proper_AI/Allison_PathingTrigger_BP.Allison_PathingTrigger_BP_C:ExecuteUbergraph_Allison_PathingTrigger_BP
[2018.11.25-19.13.18:244][  0]LogUObjectGlobals: Created PersistentFrame Addr=0x000002227157e208, Size=56, Default__ABP_Allison_C Function /Game/Allison/Proper_AI/ABP_Allison.ABP_Allison_C:ExecuteUbergraph_ABP_Allison
[2018.11.25-19.13.18:249][  0]LogUObjectGlobals: Destroyed PersistentFrame Addr=0x000002227157e208, Size=56
[2018.11.25-19.13.18:249][  0]LogUObjectGlobals: Created PersistentFrame Addr=0x000002227157e208, Size=56, Default__ABP_Allison_C Function /Engine/Transient.REINST_ABP_Allison_C_2:ExecuteUbergraph_ABP_Allison
[2018.11.25-19.13.18:254][  0]LogUObjectGlobals: Created PersistentFrame Addr=0x000002227157f350, Size=56, Default__ABP_Allison_C Function /Game/Allison/Proper_AI/ABP_Allison.ABP_Allison_C:ExecuteUbergraph_ABP_Allison
[2018.11.25-19.13.18:285][  0]LogUObjectGlobals: Created PersistentFrame Addr=0x0000022271543470, Size=16, Default__Audio03_Blueprint_C Function /Game/Audio/VoiceOver/Dialogue/Audio03_Blueprint.Audio03_Blueprint_C:ExecuteUbergraph_Audio03_Blueprint
[2018.11.25-19.13.18:288][  0]LogUObjectGlobals: Destroyed PersistentFrame Addr=0x0000022271543470, Size=16
[2018.11.25-19.13.18:288][  0]LogUObjectGlobals: Created PersistentFrame Addr=0x0000022271543470, Size=16, Default__Audio03_Blueprint_C Function /Engine/Transient.REINST_Audio03_Blueprint_C_40:ExecuteUbergraph_Audio03_Blueprint
[2018.11.25-19.13.18:289][  0]LogUObjectGlobals: Created PersistentFrame Addr=0x0000022271543480, Size=16, Default__Audio03_Blueprint_C Function /Game/Audio/VoiceOver/Dialogue/Audio03_Blueprint.Audio03_Blueprint_C:ExecuteUbergraph_Audio03_Blueprint
[2018.11.25-19.13.18:338][  0]LogUObjectGlobals: Created PersistentFrame Addr=0x0000022271543cb0, Size=16, Default__Audio05_Blueprint_C Function /Game/Audio/VoiceOver/Dialogue/Audio05_Blueprint.Audio05_Blueprint_C:ExecuteUbergraph_Audio05_Blueprint
[2018.11.25-19.13.18:340][  0]LogUObjectGlobals: Destroyed PersistentFrame Addr=0x0000022271543cb0, Size=16
[2018.11.25-19.13.18:340][  0]LogUObjectGlobals: Created PersistentFrame Addr=0x0000022271543cb0, Size=16, Default__Audio05_Blueprint_C Function /Engine/Transient.REINST_Audio05_Blueprint_C_42:ExecuteUbergraph_Audio05_Blueprint
[2018.11.25-19.13.18:342][  0]LogUObjectGlobals: Created PersistentFrame Addr=0x0000022271543ec0, Size=16, Default__Audio05_Blueprint_C Function /Game/Audio/VoiceOver/Dialogue/Audio05_Blueprint.Audio05_Blueprint_C:ExecuteUbergraph_Audio05_Blueprint
[2018.11.25-19.13.18:400][  0]LogUObjectGlobals: Created PersistentFrame Addr=0x0000022271542ec0, Size=16, Default__Audio06_Blueprint_C Function /Game/Audio/VoiceOver/Dialogue/Audio06_Blueprint.Audio06_Blueprint_C:ExecuteUbergraph_Audio06_Blueprint
[2018.11.25-19.13.18:403][  0]LogUObjectGlobals: Destroyed PersistentFrame Addr=0x0000022271542ec0, Size=16
[2018.11.25-19.13.18:403][  0]LogUObjectGlobals: Created PersistentFrame Addr=0x0000022271542ec0, Size=16, Default__Audio06_Blueprint_C Function /Engine/Transient.REINST_Audio06_Blueprint_C_44:ExecuteUbergraph_Audio06_Blueprint
[2018.11.25-19.13.18:405][  0]LogUObjectGlobals: Created PersistentFrame Addr=0x0000022271542eb0, Size=16, Default__Audio06_Blueprint_C Function /Game/Audio/VoiceOver/Dialogue/Audio06_Blueprint.Audio06_Blueprint_C:ExecuteUbergraph_Audio06_Blueprint
[2018.11.25-19.13.18:433][  0]LogUObjectGlobals: Created PersistentFrame Addr=0x0000022271542d80, Size=16, Default__Audio08_Blueprint_C Function /Game/Audio/VoiceOver/Dialogue/Audio08_Blueprint.Audio08_Blueprint_C:ExecuteUbergraph_Audio08_Blueprint
[2018.11.25-19.13.18:435][  0]LogUObjectGlobals: Destroyed PersistentFrame Addr=0x0000022271542d80, Size=16
[2018.11.25-19.13.18:435][  0]LogUObjectGlobals: Created PersistentFrame Addr=0x0000022271542d80, Size=16, Default__Audio08_Blueprint_C Function /Engine/Transient.REINST_Audio08_Blueprint_C_46:ExecuteUbergraph_Audio08_Blueprint
[2018.11.25-19.13.18:436][  0]LogUObjectGlobals: Created PersistentFrame Addr=0x0000022271542d70, Size=16, Default__Audio08_Blueprint_C Function /Game/Audio/VoiceOver/Dialogue/Audio08_Blueprint.Audio08_Blueprint_C:ExecuteUbergraph_Audio08_Blueprint
[2018.11.25-19.13.18:714][  0]LogUObjectGlobals: Created PersistentFrame Addr=0x0000022271631000, Size=648, Default__SlidingDoorBP_C Function /Game/Blueprints/SlidingDoorBP.SlidingDoorBP_C:ExecuteUbergraph_SlidingDoorBP
[2018.11.25-19.13.18:723][  0]LogUObjectGlobals: Destroyed PersistentFrame Addr=0x0000022271631000, Size=648
[2018.11.25-19.13.18:723][  0]LogUObjectGlobals: Created PersistentFrame Addr=0x0000022271c0f700, Size=648, Default__SlidingDoorBP_C Function /Engine/Transient.REINST_SlidingDoorBP_C_50:ExecuteUbergraph_SlidingDoorBP
[2018.11.25-19.13.18:728][  0]LogUObjectGlobals: Created PersistentFrame Addr=0x0000022271c0e800, Size=648, Default__SlidingDoorBP_C Function /Game/Blueprints/SlidingDoorBP.SlidingDoorBP_C:ExecuteUbergraph_SlidingDoorBP
[2018.11.25-19.13.18:732][  0]LogUObjectGlobals: Created PersistentFrame Addr=0x0000022271576080, Size=48, Default__SlidingDoor_TriggerBP_C Function /Game/Blueprints/SlidingDoor_TriggerBP.SlidingDoor_TriggerBP_C:ExecuteUbergraph_SlidingDoor_TriggerBP
[2018.11.25-19.13.18:734][  0]LogUObjectGlobals: Destroyed PersistentFrame Addr=0x0000022271576080, Size=48
[2018.11.25-19.13.18:734][  0]LogUObjectGlobals: Created PersistentFrame Addr=0x0000022271576080, Size=48, Default__SlidingDoor_TriggerBP_C Function /Engine/Transient.REINST_SlidingDoor_TriggerBP_C_52:ExecuteUbergraph_SlidingDoor_TriggerBP
[2018.11.25-19.13.18:736][  0]LogUObjectGlobals: Created PersistentFrame Addr=0x0000022271576740, Size=48, Default__SlidingDoor_TriggerBP_C Function /Game/Blueprints/SlidingDoor_TriggerBP.SlidingDoor_TriggerBP_C:ExecuteUbergraph_SlidingDoor_TriggerBP
[2018.11.25-19.13.19:111][  0]LogUObjectGlobals: Created PersistentFrame Addr=0x000002225681cc60, Size=196, Default__BP_DemoCube2_C Function /Game/Outliner/Demo/Blueprints/BP_DemoCube2.BP_DemoCube2_C:ExecuteUbergraph_BP_DemoCube2
[2018.11.25-19.13.19:137][  0]LogUObjectGlobals: Destroyed PersistentFrame Addr=0x000002225681cc60, Size=196
[2018.11.25-19.13.19:137][  0]LogUObjectGlobals: Created PersistentFrame Addr=0x0000022271047ac0, Size=196, Default__BP_DemoCube2_C Function /Engine/Transient.REINST_BP_DemoCube2_C_54:ExecuteUbergraph_BP_DemoCube2
[2018.11.25-19.13.19:143][  0]LogUObjectGlobals: Created PersistentFrame Addr=0x0000022271046a20, Size=196, Default__BP_DemoCube2_C Function /Game/Outliner/Demo/Blueprints/BP_DemoCube2.BP_DemoCube2_C:ExecuteUbergraph_BP_DemoCube2
[2018.11.25-19.13.19:189][  0]LogUObjectGlobals: Created PersistentFrame Addr=0x0000022271af4df8, Size=8, Default__BP_DemoCube3_C Function /Game/Outliner/Demo/Blueprints/BP_DemoCube3.BP_DemoCube3_C:ExecuteUbergraph_BP_DemoCube3
[2018.11.25-19.13.19:206][  0]LogUObjectGlobals: Destroyed PersistentFrame Addr=0x0000022271af4df8, Size=8
[2018.11.25-19.13.19:206][  0]LogUObjectGlobals: Created PersistentFrame Addr=0x0000022271af4df8, Size=8, Default__BP_DemoCube3_C Function /Engine/Transient.REINST_BP_DemoCube3_C_56:ExecuteUbergraph_BP_DemoCube3
[2018.11.25-19.13.19:213][  0]LogUObjectGlobals: Created PersistentFrame Addr=0x0000022255041b78, Size=8, Default__BP_DemoCube3_C Function /Game/Outliner/Demo/Blueprints/BP_DemoCube3.BP_DemoCube3_C:ExecuteUbergraph_BP_DemoCube3
[2018.11.25-19.13.19:299][  0]LogUObjectGlobals: Created PersistentFrame Addr=0x0000022271926f80, Size=364, Default__BP_Pixel_Dude_Jumping_C Function /Game/Outliner/Demo/Blueprints/BP_Pixel_Dude_Jumping.BP_Pixel_Dude_Jumping_C:ExecuteUbergraph_BP_Pixel_Dude_Jumping
[2018.11.25-19.13.19:316][  0]LogUObjectGlobals: Destroyed PersistentFrame Addr=0x0000022271926f80, Size=364
[2018.11.25-19.13.19:316][  0]LogUObjectGlobals: Created PersistentFrame Addr=0x000002227232f880, Size=364, Default__BP_Pixel_Dude_Jumping_C Function /Engine/Transient.REINST_BP_Pixel_Dude_Jumping_C_58:ExecuteUbergraph_BP_Pixel_Dude_Jumping
[2018.11.25-19.13.19:321][  0]LogUObjectGlobals: Created PersistentFrame Addr=0x0000022272312200, Size=364, Default__BP_Pixel_Dude_Jumping_C Function /Game/Outliner/Demo/Blueprints/BP_Pixel_Dude_Jumping.BP_Pixel_Dude_Jumping_C:ExecuteUbergraph_BP_Pixel_Dude_Jumping
[2018.11.25-19.13.19:326][  0]LogUObjectGlobals: Created PersistentFrame Addr=0x0000022258fe1300, Size=288, Default__RoomsManager_C Function /Game/Outliner/Demo/Blueprints/RoomsManager.RoomsManager_C:ExecuteUbergraph_RoomsManager
[2018.11.25-19.13.19:341][  0]LogUObjectGlobals: Destroyed PersistentFrame Addr=0x0000022258fe1300, Size=288
[2018.11.25-19.13.19:341][  0]LogUObjectGlobals: Created PersistentFrame Addr=0x0000022258fe1300, Size=288, Default__RoomsManager_C Function /Engine/Transient.REINST_RoomsManager_C_60:ExecuteUbergraph_RoomsManager
[2018.11.25-19.13.19:349][  0]LogUObjectGlobals: Created PersistentFrame Addr=0x00000222722b7c40, Size=304, Default__RoomsManager_C Function /Game/Outliner/Demo/Blueprints/RoomsManager.RoomsManager_C:ExecuteUbergraph_RoomsManager
[2018.11.25-19.13.19:810][  0]LogUObjectGlobals: Created PersistentFrame Addr=0x000002227170d6e0, Size=104, Default__RoomN4Manager_C Function /Game/Outliner/Demo/Blueprints/RoomN4Manager.RoomN4Manager_C:ExecuteUbergraph_RoomN4Manager
[2018.11.25-19.13.19:812][  0]LogUObjectGlobals: Destroyed PersistentFrame Addr=0x000002227170d6e0, Size=104
[2018.11.25-19.13.19:813][  0]LogUObjectGlobals: Created PersistentFrame Addr=0x000002227170d6e0, Size=104, Default__RoomN4Manager_C Function /Engine/Transient.REINST_RoomN4Manager_C_64:ExecuteUbergraph_RoomN4Manager
[2018.11.25-19.13.19:815][  0]LogUObjectGlobals: Created PersistentFrame Addr=0x00000222716e30b0, Size=104, Default__RoomN4Manager_C Function /Game/Outliner/Demo/Blueprints/RoomN4Manager.RoomN4Manager_C:ExecuteUbergraph_RoomN4Manager
[2018.11.25-19.13.22:875][  0]LogLinker: Warning: Asset '../../../../../../Users/Nicholaus/Documents/LianeRepo/Old Project/Content/SciFiGlitchPostPro/Textures/Screen/txt_fx_pulse_grid.uasset' has been saved with empty engine version. The asset will be loaded but may be incompatible.
[2018.11.25-19.13.28:422][  0]LogUObjectGlobals: Created PersistentFrame Addr=0x000002226202f040, Size=3000, Default__ThirdPersonExampleMap_C Function /Game/ThirdPersonBP/Maps/ThirdPersonExampleMap.ThirdPersonExampleMap_C:ExecuteUbergraph_ThirdPersonExampleMap
[2018.11.25-19.13.28:485][  0]LogUObjectGlobals: Destroyed PersistentFrame Addr=0x000002226202f040, Size=3000
[2018.11.25-19.13.28:485][  0]LogUObjectGlobals: Created PersistentFrame Addr=0x0000022260e38100, Size=3000, Default__ThirdPersonExampleMap_C Function /Engine/Transient.REINST_ThirdPersonExampleMap_C_66:ExecuteUbergraph_ThirdPersonExampleMap
[2018.11.25-19.13.28:595][  0]LogUObjectGlobals: Created PersistentFrame Addr=0x00000222752fc100, Size=3000, Default__ThirdPersonExampleMap_C Function /Game/ThirdPersonBP/Maps/ThirdPersonExampleMap.ThirdPersonExampleMap_C:ExecuteUbergraph_ThirdPersonExampleMap
[2018.11.25-19.13.29:906][  0]LogSkeletalMesh: Skeletal Mesh found in DDC [12.688519ms] /Game/Allison/Model/allisonjacket.allisonjacket
[2018.11.25-19.13.31:805][  0]LogSkeletalMesh: Skeletal Mesh found in DDC [11.115462ms] /Game/character/lianeverticalslice.lianeverticalslice
[2018.11.25-19.13.33:398][  0]LogSkeletalMesh: Skeletal Mesh found in DDC [12.054758ms] /Game/NewAnnaModel/Model/jacketrevision2.jacketrevision2
[2018.11.25-19.13.35:647][  0]LogAIModule: Creating AISystem for world ThirdPersonExampleMap
[2018.11.25-19.13.35:766][  0]LogPhysics: Warning: PopulatePhysXGeometryAndTransform(Convex): ConvexElem has invalid transform
[2018.11.25-19.13.35:767][  0]LogPhysics: Warning: ForeachShape(Convex): [/Game/ThirdPersonBP/Maps/ThirdPersonExampleMap.ThirdPersonExampleMap:PersistentLevel.PostProcessVolume_1.BrushComponent0] ScaledElem[0] invalid
[2018.11.25-19.13.35:813][  0]LogEditorServer: Finished looking for orphan Actors (0.000 secs)
[2018.11.25-19.13.35:843][  0]LogUObjectGlobals: Destroyed PersistentFrame Addr=0x0000022251c59900, Size=32
[2018.11.25-19.13.35:843][  0]LogUObjectGlobals: Destroyed PersistentFrame Addr=0x0000022251be2cc0, Size=56
[2018.11.25-19.13.35:843][  0]LogUObjectGlobals: Destroyed PersistentFrame Addr=0x000002226e592fc8, Size=24
[2018.11.25-19.13.35:843][  0]LogUObjectGlobals: Destroyed PersistentFrame Addr=0x00000222712b9300, Size=328
[2018.11.25-19.13.35:843][  0]LogUObjectGlobals: Destroyed PersistentFrame Addr=0x000002226e191530, Size=40
[2018.11.25-19.13.35:843][  0]LogUObjectGlobals: Destroyed PersistentFrame Addr=0x000002226e0db580, Size=2648
[2018.11.25-19.13.35:843][  0]LogUObjectGlobals: Destroyed PersistentFrame Addr=0x000002226e0b8740, Size=64
[2018.11.25-19.13.35:843][  0]LogUObjectGlobals: Destroyed PersistentFrame Addr=0x000002226e08c400, Size=656
[2018.11.25-19.13.35:843][  0]LogUObjectGlobals: Destroyed PersistentFrame Addr=0x0000022271254b80, Size=1952
[2018.11.25-19.13.35:843][  0]LogUObjectGlobals: Destroyed PersistentFrame Addr=0x000002225e657a00, Size=480
[2018.11.25-19.13.35:843][  0]LogUObjectGlobals: Destroyed PersistentFrame Addr=0x0000022250e04cc0, Size=304
[2018.11.25-19.13.35:843][  0]LogUObjectGlobals: Destroyed PersistentFrame Addr=0x000002226e15da80, Size=48
[2018.11.25-19.13.35:843][  0]LogUObjectGlobals: Destroyed PersistentFrame Addr=0x00000222712e9440, Size=32
[2018.11.25-19.13.35:843][  0]LogUObjectGlobals: Destroyed PersistentFrame Addr=0x0000022271284ea0, Size=72
[2018.11.25-19.13.35:844][  0]LogUObjectGlobals: Destroyed PersistentFrame Addr=0x00000222712e93c0, Size=32
[2018.11.25-19.13.35:844][  0]LogUObjectGlobals: Destroyed PersistentFrame Addr=0x000002226e190c70, Size=40
[2018.11.25-19.13.35:844][  0]LogUObjectGlobals: Destroyed PersistentFrame Addr=0x000002227123b800, Size=64
[2018.11.25-19.13.35:844][  0]LogUObjectGlobals: Destroyed PersistentFrame Addr=0x00000222712e9340, Size=32
[2018.11.25-19.13.35:844][  0]LogUObjectGlobals: Destroyed PersistentFrame Addr=0x000002226e190c48, Size=40
[2018.11.25-19.13.35:844][  0]LogUObjectGlobals: Destroyed PersistentFrame Addr=0x000002225e64e200, Size=256
[2018.11.25-19.13.35:844][  0]LogUObjectGlobals: Destroyed PersistentFrame Addr=0x000002227157e0f0, Size=56
[2018.11.25-19.13.35:844][  0]LogUObjectGlobals: Destroyed PersistentFrame Addr=0x000002227157e208, Size=56
[2018.11.25-19.13.35:844][  0]LogUObjectGlobals: Destroyed PersistentFrame Addr=0x0000022271543470, Size=16
[2018.11.25-19.13.35:844][  0]LogUObjectGlobals: Destroyed PersistentFrame Addr=0x0000022271543cb0, Size=16
[2018.11.25-19.13.35:844][  0]LogUObjectGlobals: Destroyed PersistentFrame Addr=0x0000022271542ec0, Size=16
[2018.11.25-19.13.35:844][  0]LogUObjectGlobals: Destroyed PersistentFrame Addr=0x0000022271542d80, Size=16
[2018.11.25-19.13.35:844][  0]LogUObjectGlobals: Destroyed PersistentFrame Addr=0x0000022271c0f700, Size=648
[2018.11.25-19.13.35:844][  0]LogUObjectGlobals: Destroyed PersistentFrame Addr=0x0000022271576080, Size=48
[2018.11.25-19.13.35:844][  0]LogUObjectGlobals: Destroyed PersistentFrame Addr=0x0000022271047ac0, Size=196
[2018.11.25-19.13.35:844][  0]LogUObjectGlobals: Destroyed PersistentFrame Addr=0x0000022271af4df8, Size=8
[2018.11.25-19.13.35:844][  0]LogUObjectGlobals: Destroyed PersistentFrame Addr=0x000002227232f880, Size=364
[2018.11.25-19.13.35:844][  0]LogUObjectGlobals: Destroyed PersistentFrame Addr=0x0000022258fe1300, Size=288
[2018.11.25-19.13.35:845][  0]LogUObjectGlobals: Destroyed PersistentFrame Addr=0x000002227170d6e0, Size=104
[2018.11.25-19.13.35:845][  0]LogUObjectGlobals: Destroyed PersistentFrame Addr=0x0000022260e38100, Size=3000
[2018.11.25-19.13.35:849][  0]Cmd: MAP CHECKDEP NOCLEARLOG
[2018.11.25-19.13.35:997][  0]MapCheck: Map check complete: 0 Error(s), 0 Warning(s), took 147.841ms to complete.
[2018.11.25-19.13.35:997][  0]LogFileHelpers: Loading map 'ThirdPersonExampleMap' took 23.611
[2018.11.25-19.13.36:418][  0]LogCollectionManager: Loaded 0 collections in 0.002705 seconds
[2018.11.25-19.13.36:506][  0]LogFileCache: Scanning file cache for directory 'G:/Users/Nicholaus/Documents/LianeRepo/Old Project/Saved/Collections/' took 0.01s
[2018.11.25-19.13.36:506][  0]LogFileCache: Scanning file cache for directory 'G:/Users/Nicholaus/Documents/LianeRepo/Old Project/Content/Developers/Nicholaus/Collections/' took 0.01s
[2018.11.25-19.13.36:506][  0]LogFileCache: Scanning file cache for directory 'G:/Users/Nicholaus/Documents/LianeRepo/Old Project/Content/Collections/' took 0.01s
[2018.11.25-19.13.36:506][  0]LogCollectionManager: Rebuilt the GUID cache for 0 collections in 0.000000 seconds
[2018.11.25-19.13.36:531][  0]LogContentBrowser: Native class hierarchy populated in 0.0246 seconds. Added 2452 classes and 558 folders.
[2018.11.25-19.13.36:555][  0]LogContentBrowser: Native class hierarchy updated for 'WidgetCarousel' in 0.0005 seconds. Added 0 classes and 0 folders.
[2018.11.25-19.13.38:235][  0]LogContentBrowser: Native class hierarchy updated for 'AddContentDialog' in 0.0006 seconds. Added 0 classes and 0 folders.
[2018.11.25-19.13.38:299][  0]LogContentBrowser: Native class hierarchy updated for 'SceneOutliner' in 0.0006 seconds. Added 1 classes and 2 folders.
[2018.11.25-19.13.38:487][  0]LogSlate: Took 0.036872 seconds to synchronously load lazily loaded font '../../../Engine/Content/Slate/Fonts/Roboto-Regular.ttf' (155K)
[2018.11.25-19.13.38:511][  0]LogSlate: Took 0.022568 seconds to synchronously load lazily loaded font '../../../Engine/Content/Slate/Fonts/Roboto-Bold.ttf' (160K)
[2018.11.25-19.13.38:540][  0]LogSlate: Took 0.022140 seconds to synchronously load lazily loaded font '../../../Engine/Content/Editor/Slate/Fonts/FontAwesome.ttf' (139K)
[2018.11.25-19.13.38:914][  0]LogRenderer: Reallocating scene render targets to support 1036x576 Format 10 NumSamples 1 (Frame:1).
[2018.11.25-19.13.39:083][  0]LogSlate: Took 0.031916 seconds to synchronously load lazily loaded font '../../../Engine/Content/Slate/Fonts/Roboto-Light.ttf' (167K)
[2018.11.25-19.13.39:223][  0]LogContentBrowser: Native class hierarchy updated for 'HierarchicalLODOutliner' in 0.0003 seconds. Added 0 classes and 0 folders.
[2018.11.25-19.13.39:223][  0]LogLoad: (Engine Initialization) Total time: 92.03 seconds
[2018.11.25-19.13.39:223][  0]LogLoad: (Engine Initialization) Total Blueprint compile time: 0.00 seconds
[2018.11.25-19.13.39:235][  0]LogWindowsTextInputMethodSystem: Display: IME system now deactivated.
[2018.11.25-19.13.39:283][  0]LogContentStreaming: Texture pool size now 1000 MB
[2018.11.25-19.13.39:525][  1]LogFileCache: Retrieving MD5 hashes for directory 'G:/Users/Nicholaus/Documents/LianeRepo/Old Project/Content/' took 0.27s
[2018.11.25-19.13.40:571][  3]LogAssetRegistry: Asset discovery search completed in 59.5050 seconds
[2018.11.25-19.13.40:574][  3]LogCollectionManager: Rebuilt the object cache for 0 collections in 0.000000 seconds (found 0 objects)
[2018.11.25-19.13.40:574][  3]LogCollectionManager: Fixed up redirectors for 0 collections in 0.000107 seconds (updated 0 objects)
[2018.11.25-19.13.40:605][  3]LogSlate: Took 0.000314 seconds to synchronously load lazily loaded font '../../../Engine/Content/Slate/Fonts/Roboto-Light.ttf' (167K)
[2018.11.25-19.13.42:676][176]LogSlate: FSceneViewport::OnFocusLost() reason 0
[2018.11.25-19.13.44:826][421]LogSlate: FSceneViewport::OnFocusLost() reason 0
[2018.11.25-19.13.45:674][444]LogClass: Warning: Enum '/Game/Outliner/Demo/Blueprints/BP_DemoDisplay_Enum.BP_DemoDisplay_Enum' was upgraded to use FText to store its display name data. Please re-save this asset to avoid issues with localization and determinstic cooking.
[2018.11.25-19.13.45:701][444]LogContentBrowser: Native class hierarchy updated for 'BlueprintGraph' in 0.0011 seconds. Added 116 classes and 0 folders.
[2018.11.25-19.13.46:265][444]LogUObjectGlobals: Created PersistentFrame Addr=0x00000222c050de48, Size=4, Default__SKEL_PROTO_BP_AnimBlueprint_0_C Function /Engine/Transient.SKEL_PROTO_BP_AnimBlueprint_0_C:ExecuteUbergraph_PROTO_BP_AnimBlueprint_0
[2018.11.25-19.13.46:266][444]LogUObjectGlobals: Created PersistentFrame Addr=0x00000222c050de40, Size=4, Default__PROTO_BP_AnimBlueprint_0_C Function /Engine/Transient.PROTO_BP_AnimBlueprint_0_C:ExecuteUbergraph_PROTO_BP_AnimBlueprint_0
[2018.11.25-19.13.47:319][444]LogScript: Warning: Accessed None trying to read property CallFunc_GetPlayerCharacter_ReturnValue
	Liane3rdAnim_C /Engine/Transient.World_2:PersistentLevel.ThirdPersonCharacter_C_1.CharacterMesh0.Liane3rdAnim_C_1
	Function /Game/character/Liane3rdAnim.Liane3rdAnim_C:ExecuteUbergraph_Liane3rdAnim:0081
[2018.11.25-19.13.47:336][444]LogSlate: Took 0.013051 seconds to synchronously load lazily loaded font '../../../Engine/Content/Slate/Fonts/Roboto-BoldCondensed.ttf' (158K)
[2018.11.25-19.13.49:244][445]LogScript: Warning: Accessed None trying to read property CallFunc_GetPlayerCharacter_ReturnValue
	Liane3rdAnim_C /Engine/Transient.World_2:PersistentLevel.ThirdPersonCharacter_C_1.CharacterMesh0.Liane3rdAnim_C_1
	Function /Game/character/Liane3rdAnim.Liane3rdAnim_C:ExecuteUbergraph_Liane3rdAnim:0081
[2018.11.25-19.13.49:275][445]LogSlate: Took 0.016526 seconds to synchronously load lazily loaded font '../../../Engine/Content/Slate/Fonts/Roboto-Italic.ttf' (157K)
[2018.11.25-19.13.49:335][446]LogScript: Warning: Accessed None trying to read property CallFunc_GetPlayerCharacter_ReturnValue
	Liane3rdAnim_C /Engine/Transient.World_2:PersistentLevel.ThirdPersonCharacter_C_1.CharacterMesh0.Liane3rdAnim_C_1
	Function /Game/character/Liane3rdAnim.Liane3rdAnim_C:ExecuteUbergraph_Liane3rdAnim:0081
[2018.11.25-19.13.49:358][447]LogScript: Warning: Accessed None trying to read property CallFunc_GetPlayerCharacter_ReturnValue
	Liane3rdAnim_C /Engine/Transient.World_2:PersistentLevel.ThirdPersonCharacter_C_1.CharacterMesh0.Liane3rdAnim_C_1
	Function /Game/character/Liane3rdAnim.Liane3rdAnim_C:ExecuteUbergraph_Liane3rdAnim:0081
[2018.11.25-19.13.49:381][448]LogScript: Warning: Accessed None trying to read property CallFunc_GetPlayerCharacter_ReturnValue
	Liane3rdAnim_C /Engine/Transient.World_2:PersistentLevel.ThirdPersonCharacter_C_1.CharacterMesh0.Liane3rdAnim_C_1
	Function /Game/character/Liane3rdAnim.Liane3rdAnim_C:ExecuteUbergraph_Liane3rdAnim:0081
[2018.11.25-19.13.49:412][449]LogScript: Warning: Accessed None trying to read property CallFunc_GetPlayerCharacter_ReturnValue
	Liane3rdAnim_C /Engine/Transient.World_2:PersistentLevel.ThirdPersonCharacter_C_1.CharacterMesh0.Liane3rdAnim_C_1
	Function /Game/character/Liane3rdAnim.Liane3rdAnim_C:ExecuteUbergraph_Liane3rdAnim:0081
[2018.11.25-19.13.49:439][450]LogScript: Warning: Accessed None trying to read property CallFunc_GetPlayerCharacter_ReturnValue
	Liane3rdAnim_C /Engine/Transient.World_2:PersistentLevel.ThirdPersonCharacter_C_1.CharacterMesh0.Liane3rdAnim_C_1
	Function /Game/character/Liane3rdAnim.Liane3rdAnim_C:ExecuteUbergraph_Liane3rdAnim:0081
[2018.11.25-19.13.49:463][451]LogScript: Warning: Accessed None trying to read property CallFunc_GetPlayerCharacter_ReturnValue
	Liane3rdAnim_C /Engine/Transient.World_2:PersistentLevel.ThirdPersonCharacter_C_1.CharacterMesh0.Liane3rdAnim_C_1
	Function /Game/character/Liane3rdAnim.Liane3rdAnim_C:ExecuteUbergraph_Liane3rdAnim:0081
[2018.11.25-19.13.49:486][452]LogScript: Warning: Accessed None trying to read property CallFunc_GetPlayerCharacter_ReturnValue
	Liane3rdAnim_C /Engine/Transient.World_2:PersistentLevel.ThirdPersonCharacter_C_1.CharacterMesh0.Liane3rdAnim_C_1
	Function /Game/character/Liane3rdAnim.Liane3rdAnim_C:ExecuteUbergraph_Liane3rdAnim:0081
[2018.11.25-19.13.49:514][453]LogScript: Warning: Accessed None trying to read property CallFunc_GetPlayerCharacter_ReturnValue
	Liane3rdAnim_C /Engine/Transient.World_2:PersistentLevel.ThirdPersonCharacter_C_1.CharacterMesh0.Liane3rdAnim_C_1
	Function /Game/character/Liane3rdAnim.Liane3rdAnim_C:ExecuteUbergraph_Liane3rdAnim:0081
[2018.11.25-19.13.49:545][454]LogScript: Warning: Accessed None trying to read property CallFunc_GetPlayerCharacter_ReturnValue
	Liane3rdAnim_C /Engine/Transient.World_2:PersistentLevel.ThirdPersonCharacter_C_1.CharacterMesh0.Liane3rdAnim_C_1
	Function /Game/character/Liane3rdAnim.Liane3rdAnim_C:ExecuteUbergraph_Liane3rdAnim:0081
[2018.11.25-19.13.49:573][455]LogScript: Warning: Accessed None trying to read property CallFunc_GetPlayerCharacter_ReturnValue
	Liane3rdAnim_C /Engine/Transient.World_2:PersistentLevel.ThirdPersonCharacter_C_1.CharacterMesh0.Liane3rdAnim_C_1
	Function /Game/character/Liane3rdAnim.Liane3rdAnim_C:ExecuteUbergraph_Liane3rdAnim:0081
[2018.11.25-19.13.49:603][456]LogScript: Warning: Accessed None trying to read property CallFunc_GetPlayerCharacter_ReturnValue
	Liane3rdAnim_C /Engine/Transient.World_2:PersistentLevel.ThirdPersonCharacter_C_1.CharacterMesh0.Liane3rdAnim_C_1
	Function /Game/character/Liane3rdAnim.Liane3rdAnim_C:ExecuteUbergraph_Liane3rdAnim:0081
[2018.11.25-19.13.49:630][457]LogScript: Warning: Accessed None trying to read property CallFunc_GetPlayerCharacter_ReturnValue
	Liane3rdAnim_C /Engine/Transient.World_2:PersistentLevel.ThirdPersonCharacter_C_1.CharacterMesh0.Liane3rdAnim_C_1
	Function /Game/character/Liane3rdAnim.Liane3rdAnim_C:ExecuteUbergraph_Liane3rdAnim:0081
[2018.11.25-19.13.49:663][458]LogScript: Warning: Accessed None trying to read property CallFunc_GetPlayerCharacter_ReturnValue
	Liane3rdAnim_C /Engine/Transient.World_2:PersistentLevel.ThirdPersonCharacter_C_1.CharacterMesh0.Liane3rdAnim_C_1
	Function /Game/character/Liane3rdAnim.Liane3rdAnim_C:ExecuteUbergraph_Liane3rdAnim:0081
[2018.11.25-19.13.49:688][459]LogScript: Warning: Accessed None trying to read property CallFunc_GetPlayerCharacter_ReturnValue
	Liane3rdAnim_C /Engine/Transient.World_2:PersistentLevel.ThirdPersonCharacter_C_1.CharacterMesh0.Liane3rdAnim_C_1
	Function /Game/character/Liane3rdAnim.Liane3rdAnim_C:ExecuteUbergraph_Liane3rdAnim:0081
[2018.11.25-19.13.49:709][460]LogScript: Warning: Accessed None trying to read property CallFunc_GetPlayerCharacter_ReturnValue
	Liane3rdAnim_C /Engine/Transient.World_2:PersistentLevel.ThirdPersonCharacter_C_1.CharacterMesh0.Liane3rdAnim_C_1
	Function /Game/character/Liane3rdAnim.Liane3rdAnim_C:ExecuteUbergraph_Liane3rdAnim:0081
[2018.11.25-19.49.42:957][352]LogAudio: Warning: Current Audio Device with ID {0.0.0.00000000}.{3ce65878-131a-4db2-a92d-e7b1dad6b505} was removed. Shutting down audio device.
[2018.11.25-19.49.42:957][352]LogInit: XAudio2 using 'E24-C1 (NVIDIA High Definition Audio)' : 2 channels at 48 kHz using 16 bits per sample (channel mask 0x3)
[2018.11.25-19.49.43:295][353]LogInit: XAudio2 using 'E24-C1 (NVIDIA High Definition Audio)' : 2 channels at 48 kHz using 16 bits per sample (channel mask 0x3)
[2018.11.25-20.01.27:980][467]LogInit: XAudio2 using 'Speakers (Stealth 600)' : 2 channels at 48 kHz using 16 bits per sample (channel mask 0x3)
[2018.11.26-06.15.56:827][492]LogD3D11RHI: Timed out while waiting for GPU to catch up. (500 ms)
[2018.11.26-06.15.58:163][493]LogAudio: Warning: Current Audio Device with ID {0.0.0.00000000}.{3ce65878-131a-4db2-a92d-e7b1dad6b505} was removed. Shutting down audio device.
