Log file open, 11/22/18 08:08:32
LogWindows: Failed to load 'aqProf.dll' (GetLastError=126)
LogWindows: File 'aqProf.dll' does not exist
LogWindows: Failed to load 'VSPerf140.dll' (GetLastError=126)
LogWindows: File 'VSPerf140.dll' does not exist
LogWindows: Failed to load 'VtuneApi.dll' (GetLastError=126)
LogWindows: File 'VtuneApi.dll' does not exist
LogWindows: Failed to load 'VtuneApi32e.dll' (GetLastError=126)
LogWindows: File 'VtuneApi32e.dll' does not exist
LogInit: Display: Running engine for game: TheArtofCombat
LogPlatformFile: Not using cached read wrapper
LogTaskGraph: Started task graph with 5 named threads and 23 total threads with 3 sets of task threads.
LogStats: Stats thread started at 0.292224
LogD3D11RHI: Loaded GFSDK_Aftermath_Lib.x64.dll
LogICUInternationalization: Display: ICU TimeZone Detection - Raw Offset: -8:00, Platform Override: ''
LogPluginManager: Mounting plugin Paper2D
LogPluginManager: Mounting plugin AISupport
LogPluginManager: Mounting plugin LightPropagationVolume
LogPluginManager: Mounting plugin CLionSourceCodeAccess
LogPluginManager: Mounting plugin CodeLiteSourceCodeAccess
LogPluginManager: Mounting plugin GitSourceControl
LogPluginManager: Mounting plugin KDevelopSourceCodeAccess
LogPluginManager: Mounting plugin NullSourceCodeAccess
LogPluginManager: Mounting plugin PerforceSourceControl
LogPluginManager: Mounting plugin SubversionSourceControl
LogPluginManager: Mounting plugin UObjectPlugin
LogPluginManager: Mounting plugin VisualStudioCodeSourceCodeAccess
LogPluginManager: Mounting plugin VisualStudioSourceCodeAccess
LogPluginManager: Mounting plugin XCodeSourceCodeAccess
LogPluginManager: Mounting plugin AssetManagerEditor
LogPluginManager: Mounting plugin CryptoKeys
LogPluginManager: Mounting plugin DataValidation
LogPluginManager: Mounting plugin FacialAnimation
LogPluginManager: Mounting plugin GameplayTagsEditor
LogPluginManager: Mounting plugin MacGraphicsSwitching
LogPluginManager: Mounting plugin MeshEditor
LogPluginManager: Mounting plugin MobileLauncherProfileWizard
LogPluginManager: Mounting plugin PluginBrowser
LogPluginManager: Mounting plugin SpeedTreeImporter
LogPluginManager: Mounting plugin DatasmithContent
LogPluginManager: Mounting plugin AlembicImporter
LogPluginManager: Mounting plugin AppleImageUtils
LogPluginManager: Mounting plugin AppleVision
LogPluginManager: Mounting plugin BackChannel
LogPluginManager: Mounting plugin CharacterAI
LogPluginManager: Mounting plugin GeometryCache
LogPluginManager: Mounting plugin HTML5Networking
LogPluginManager: Mounting plugin ProxyLODPlugin
LogPluginManager: Mounting plugin MagicLeap
LogPluginManager: Mounting plugin MagicLeapEmulator
LogPluginManager: Mounting plugin MagicLeapMedia
LogPluginManager: Mounting plugin AndroidMedia
LogPluginManager: Mounting plugin AvfMedia
LogPluginManager: Mounting plugin ImgMedia
LogPluginManager: Mounting plugin LinearTimecode
LogPluginManager: Mounting plugin MediaCompositing
LogPluginManager: Mounting plugin MediaPlayerEditor
LogPluginManager: Mounting plugin WmfMedia
LogPluginManager: Mounting plugin TcpMessaging
LogPluginManager: Mounting plugin UdpMessaging
LogPluginManager: Mounting plugin ActorSequence
LogPluginManager: Mounting plugin LevelSequenceEditor
LogPluginManager: Mounting plugin MatineeToLevelSequence
LogPluginManager: Mounting plugin NetcodeUnitTest
LogPluginManager: Mounting plugin NUTUnrealEngine4
LogPluginManager: Mounting plugin OnlineSubsystemGooglePlay
LogPluginManager: Mounting plugin OnlineSubsystemIOS
LogPluginManager: Mounting plugin OnlineFramework
LogPluginManager: Mounting plugin OnlineSubsystem
LogPluginManager: Mounting plugin OnlineSubsystemNull
LogPluginManager: Mounting plugin OnlineSubsystemSteam
LogPluginManager: Mounting plugin OnlineSubsystemUtils
LogPluginManager: Mounting plugin LauncherChunkInstaller
LogPluginManager: Mounting plugin AndroidDeviceProfileSelector
LogPluginManager: Mounting plugin AndroidMoviePlayer
LogPluginManager: Mounting plugin AndroidPermission
LogPluginManager: Mounting plugin AppleMoviePlayer
LogPluginManager: Mounting plugin ArchVisCharacter
LogPluginManager: Mounting plugin AudioCapture
LogPluginManager: Mounting plugin CableComponent
LogPluginManager: Mounting plugin CustomMeshComponent
LogPluginManager: Mounting plugin EditableMesh
LogPluginManager: Mounting plugin ExampleDeviceProfileSelector
LogPluginManager: Mounting plugin GoogleCloudMessaging
LogPluginManager: Mounting plugin ImmediatePhysics
LogPluginManager: Mounting plugin IOSDeviceProfileSelector
LogPluginManager: Mounting plugin LinuxDeviceProfileSelector
LogPluginManager: Mounting plugin LocationServicesBPLibrary
LogPluginManager: Mounting plugin MobilePatchingUtils
LogPluginManager: Mounting plugin OculusVR
LogPluginManager: Plugin shader directory ../../../Engine/Plugins/Runtime/Oculus/OculusVR/Shaders found
LogPluginManager: Mapping shader source directory ../../../Engine/Plugins/Runtime/Oculus/OculusVR/Shaders to virtual directory /Plugin/OculusVR
LogPluginManager: Mounting plugin PhysXVehicles
LogPluginManager: Mounting plugin ProceduralMeshComponent
LogPluginManager: Mounting plugin RuntimePhysXCooking
LogPluginManager: Mounting plugin SteamVR
LogPluginManager: Mounting plugin WindowsMoviePlayer
LogStreaming: Display: Took  0.182s to configure plugins.
LogInit: Using libcurl 7.55.1-DEV
LogInit:  - built for x86_64-pc-win32
LogInit:  - supports SSL with OpenSSL/1.0.2h
LogInit:  - supports HTTP deflate (compression) using libz 1.2.8
LogInit:  - other features:
LogInit:      CURL_VERSION_SSL
LogInit:      CURL_VERSION_LIBZ
LogInit:      CURL_VERSION_IPV6
LogInit:      CURL_VERSION_ASYNCHDNS
LogInit:      CURL_VERSION_LARGEFILE
LogInit:      CURL_VERSION_IDN
LogInit:  CurlRequestOptions (configurable via config and command line):
LogInit:  - bVerifyPeer = false  - Libcurl will NOT verify peer certificate
LogInit:  - bUseHttpProxy = false  - Libcurl will NOT use HTTP proxy
LogInit:  - bDontReuseConnections = false  - Libcurl will reuse connections
LogInit:  - CertBundlePath = nullptr  - Libcurl will use whatever was configured at build time.
LogInit:  - MaxHostConnections = 16  - Libcurl will limit the number of connections to a host
LogInit:  - LocalHostAddr = Default
LogInit:  - BufferSize = 65536
LogOnline: Display: STEAM: Loading Steam SDK 1.39
LogOnline: Warning: STEAM: Steam API disabled!
LogOnline: Display: STEAM: OnlineSubsystemSteam::Shutdown()
LogInit: WinSock: version 1.1 (2.2), MaxSocks=32767, MaxUdp=65467
LogInit: Build: ++UE4+Release-4.20-CL-4369336
LogInit: Engine Version: 4.20.3-4369336+++UE4+Release-4.20
LogInit: Compatible Engine Version: 4.20.0-4212847+++UE4+Release-4.20
LogInit: Net CL: 4212847
LogInit: OS: Windows 10 (), CPU:        Intel(R) Core(TM) i7-4820K CPU @ 3.70GHz, GPU: NVIDIA GeForce GTX 1060 6GB
LogInit: Compiled (64-bit): Sep 17 2018 12:26:19
LogInit: Compiled with Visual C++: 19.13.26129.00
LogInit: Build Configuration: Development
LogInit: Branch Name: ++UE4+Release-4.20
LogInit: Command Line:  
LogInit: Base Directory: G:/Program Files/Epic Games/UE_4.20/Engine/Binaries/Win64/
LogInit: Installed Engine Build: 1
LogDevObjectVersion: Number of dev versions registered: 20
LogDevObjectVersion:   Dev-Blueprints (B0D832E4-1F89-4F0D-ACCF-7EB736FD4AA2): 10
LogDevObjectVersion:   Dev-Build (E1C64328-A22C-4D53-A36C-8E866417BD8C): 0
LogDevObjectVersion:   Dev-Core (375EC13C-06E4-48FB-B500-84F0262A717E): 2
LogDevObjectVersion:   Dev-Editor (E4B068ED-F494-42E9-A231-DA0B2E46BB41): 24
LogDevObjectVersion:   Dev-Framework (CFFC743F-43B0-4480-9391-14DF171D2073): 34
LogDevObjectVersion:   Dev-Mobile (B02B49B5-BB20-44E9-A304-32B752E40360): 2
LogDevObjectVersion:   Dev-Networking (A4E4105C-59A1-49B5-A7C5-40C4547EDFEE): 0
LogDevObjectVersion:   Dev-Online (39C831C9-5AE6-47DC-9A44-9C173E1C8E7C): 0
LogDevObjectVersion:   Dev-Physics (78F01B33-EBEA-4F98-B9B4-84EACCB95AA2): 0
LogDevObjectVersion:   Dev-Platform (6631380F-2D4D-43E0-8009-CF276956A95A): 0
LogDevObjectVersion:   Dev-Rendering (12F88B9F-8875-4AFC-A67C-D90C383ABD29): 26
LogDevObjectVersion:   Dev-Sequencer (7B5AE74C-D270-4C10-A958-57980B212A5A): 9
LogDevObjectVersion:   Dev-VR (D7296918-1DD6-4BDD-9DE2-64A83CC13884): 2
LogDevObjectVersion:   Dev-LoadTimes (C2A15278-BFE7-4AFE-6C17-90FF531DF755): 1
LogDevObjectVersion:   Private-Geometry (6EACA3D4-40EC-4CC1-B786-8BED09428FC5): 3
LogDevObjectVersion:   Dev-AnimPhys (29E575DD-E0A3-4627-9D10-D276232CDCEA): 17
LogDevObjectVersion:   Dev-ReflectionCapture (6B266CEC-1EC7-4B8F-A30B-E4D90942FC07): 1
LogDevObjectVersion:   Dev-Automation (0DF73D61-A23F-47EA-B727-89E90C41499A): 1
LogDevObjectVersion:   FortniteMain (601D1886-AC64-4F84-AA16-D3DE0DEAC7D6): 12
LogDevObjectVersion:   Dev-Enterprise (9DFFBCD6-494F-0158-E221-12823C92A888): 1
LogStreaming: Display: Took  0.000s to delete old logs.
LogInit: Presizing for max 8388607 objects, including 0 objects not considered by GC, pre-allocating 0 bytes for permanent pool.
LogInit: Object subsystem initialized
[2018.11.22-16.08.32:590][  0]LogInit: Selected Device Profile: [Windows]
[2018.11.22-16.08.32:590][  0]LogInit: Applying CVar settings loaded from the selected device profile: [Windows]
[2018.11.22-16.08.32:610][  0]LogHAL: Display: Platform has ~ 32 GB [34272636928 / 34359738368 / 32], which maps to Largest [LargestMinGB=32, LargerMinGB=12, DefaultMinGB=8, SmallerMinGB=6, SmallestMinGB=0)
[2018.11.22-16.08.32:610][  0]LogInit: Setting Device Profile CVar: [[r.Vulkan.UseRealUBs:1]]
[2018.11.22-16.08.32:610][  0]LogInit: Going up to parent DeviceProfile []
[2018.11.22-16.08.32:610][  0]LogInit: Computer: KILLROY
[2018.11.22-16.08.32:610][  0]LogInit: User: Nicholaus
[2018.11.22-16.08.32:610][  0]LogInit: CPU Page size=4096, Cores=4
[2018.11.22-16.08.32:610][  0]LogInit: High frequency timer resolution =3.613345 MHz
[2018.11.22-16.08.32:610][  0]LogMemory: Memory total: Physical=31.9GB (32GB approx)
[2018.11.22-16.08.32:610][  0]LogMemory: Platform Memory Stats for Windows
[2018.11.22-16.08.32:610][  0]LogMemory: Process Physical Memory: 101.88 MB used, 101.88 MB peak
[2018.11.22-16.08.32:610][  0]LogMemory: Process Virtual Memory: 93.20 MB used, 93.20 MB peak
[2018.11.22-16.08.32:610][  0]LogMemory: Physical Memory: 6650.70 MB used,  26034.23 MB free, 32684.93 MB total
[2018.11.22-16.08.32:610][  0]LogMemory: Virtual Memory: 4648.26 MB used,  26034.23 MB free, 134217728.00 MB total
[2018.11.22-16.08.32:632][  0]LogInit: Using OS detected language (en-US).
[2018.11.22-16.08.32:632][  0]LogInit: Using OS detected locale (en-US).
[2018.11.22-16.08.32:633][  0]LogTextLocalizationManager: No specific localization for 'en-US' exists, so the 'en' localization will be used.
[2018.11.22-16.08.33:021][  0]LogStreaming: Display: Took  0.389s to InitEngineTextLocalization.
[2018.11.22-16.08.33:021][  0]LogInit: Setting process to per monitor DPI aware
[2018.11.22-16.08.33:086][  0]LogSlate: New Slate User Created.  User Index 0, Is Virtual User: 0
[2018.11.22-16.08.33:086][  0]LogSlate: Slate User Registered.  User Index 0, Is Virtual User: 0
[2018.11.22-16.08.33:319][  0]LogHMD: Failed to initialize OpenVR with code 110
[2018.11.22-16.08.33:319][  0]LogD3D11RHI: D3D11 adapters:
[2018.11.22-16.08.33:389][  0]LogD3D11RHI:    0. 'NVIDIA GeForce GTX 1060 6GB' (Feature Level 11_0)
[2018.11.22-16.08.33:389][  0]LogD3D11RHI:       6052/0/16342 MB DedicatedVideo/DedicatedSystem/SharedSystem, Outputs:3, VendorId:0x10de
[2018.11.22-16.08.33:392][  0]LogD3D11RHI:    1. 'Microsoft Basic Render Driver' (Feature Level 11_0)
[2018.11.22-16.08.33:392][  0]LogD3D11RHI:       0/0/16342 MB DedicatedVideo/DedicatedSystem/SharedSystem, Outputs:0, VendorId:0x1414
[2018.11.22-16.08.33:392][  0]LogD3D11RHI: Chosen D3D11 Adapter: 0
[2018.11.22-16.08.33:397][  0]LogD3D11RHI: Creating new Direct3DDevice
[2018.11.22-16.08.33:397][  0]LogD3D11RHI:     GPU DeviceId: 0x1c03 (for the marketing name, search the web for "GPU Device Id")
[2018.11.22-16.08.33:397][  0]LogWindows: EnumDisplayDevices:
[2018.11.22-16.08.33:397][  0]LogWindows:    0. 'NVIDIA GeForce GTX 1060 6GB' (P:1 D:1)
[2018.11.22-16.08.33:398][  0]LogWindows:    1. 'NVIDIA GeForce GTX 1060 6GB' (P:0 D:1)
[2018.11.22-16.08.33:398][  0]LogWindows:    2. 'NVIDIA GeForce GTX 1060 6GB' (P:0 D:1)
[2018.11.22-16.08.33:398][  0]LogWindows:    3. 'NVIDIA GeForce GTX 1060 6GB' (P:0 D:0)
[2018.11.22-16.08.33:398][  0]LogWindows: DebugString: FoundDriverCount:4 
[2018.11.22-16.08.33:398][  0]LogD3D11RHI:     Adapter Name: NVIDIA GeForce GTX 1060 6GB
[2018.11.22-16.08.33:398][  0]LogD3D11RHI:   Driver Version: 416.34 (internal:25.21.14.1634, unified:416.34)
[2018.11.22-16.08.33:398][  0]LogD3D11RHI:      Driver Date: 10-10-2018
[2018.11.22-16.08.33:398][  0]LogRHI: Texture pool is 4236 MB (70% of 6052 MB)
[2018.11.22-16.08.33:454][  0]LogD3D11RHI: Async texture creation enabled
[2018.11.22-16.08.33:495][  0]LogD3D11RHI: GPU Timing Frequency: 1000.000000 (Debug: 2 2)
[2018.11.22-16.08.33:638][  0]LogShaderCompilers: Guid format shader working directory is -32 characters bigger than the processId version (../../../../../../Users/Nicholaus/Documents/LianeRepo/Art of Combat/TheArtofCombat/Intermediate/Shaders/WorkingDirectory/4208/).
[2018.11.22-16.08.33:638][  0]LogShaderCompilers: Cleaned the shader compiler working directory 'C:/Users/Nicholaus/AppData/Local/Temp/UnrealShaderWorkingDir/BC4C33BC41DD2B86F95509BF93480F6E/'.
[2018.11.22-16.08.33:949][  0]LogTemp: Display: Loaded TP AllDesktopTargetPlatform
[2018.11.22-16.08.33:968][  0]LogTemp: Display: Loaded TP MacClientTargetPlatform
[2018.11.22-16.08.33:986][  0]LogTemp: Display: Loaded TP MacNoEditorTargetPlatform
[2018.11.22-16.08.34:004][  0]LogTemp: Display: Loaded TP MacServerTargetPlatform
[2018.11.22-16.08.34:021][  0]LogTemp: Display: Loaded TP MacTargetPlatform
[2018.11.22-16.08.34:037][  0]LogTemp: Display: Loaded TP WindowsClientTargetPlatform
[2018.11.22-16.08.34:053][  0]LogTemp: Display: Loaded TP WindowsNoEditorTargetPlatform
[2018.11.22-16.08.34:070][  0]LogTemp: Display: Loaded TP WindowsServerTargetPlatform
[2018.11.22-16.08.34:077][  0]LogTemp: Display: Loaded TP WindowsTargetPlatform
[2018.11.22-16.08.34:169][  0]LogTemp: Display: Loaded TP AndroidTargetPlatform
[2018.11.22-16.08.34:169][  0]LogTemp: Display: Loaded TP AndroidTargetPlatform
[2018.11.22-16.08.34:169][  0]LogTemp: Display: Loaded TP AndroidTargetPlatform
[2018.11.22-16.08.34:169][  0]LogTemp: Display: Loaded TP AndroidTargetPlatform
[2018.11.22-16.08.34:169][  0]LogTemp: Display: Loaded TP AndroidTargetPlatform
[2018.11.22-16.08.34:169][  0]LogTemp: Display: Loaded TP AndroidTargetPlatform
[2018.11.22-16.08.34:169][  0]LogTemp: Display: Loaded TP AndroidTargetPlatform
[2018.11.22-16.08.34:169][  0]LogTemp: Display: Loaded TP AndroidTargetPlatform
[2018.11.22-16.08.34:169][  0]LogTemp: Display: Loaded TP AndroidTargetPlatform
[2018.11.22-16.08.34:169][  0]LogTemp: Display: Loaded TP AndroidTargetPlatform
[2018.11.22-16.08.34:169][  0]LogTemp: Display: Loaded TP AndroidTargetPlatform
[2018.11.22-16.08.34:169][  0]LogTemp: Display: Loaded TP AndroidTargetPlatform
[2018.11.22-16.08.34:169][  0]LogTemp: Display: Loaded TP AndroidTargetPlatform
[2018.11.22-16.08.34:169][  0]LogTemp: Display: Loaded TP AndroidTargetPlatform
[2018.11.22-16.08.34:169][  0]LogTemp: Display: Loaded TP AndroidTargetPlatform
[2018.11.22-16.08.34:169][  0]LogTemp: Display: Loaded TP AndroidTargetPlatform
[2018.11.22-16.08.34:169][  0]LogTemp: Display: Loaded TP AndroidTargetPlatform
[2018.11.22-16.08.34:169][  0]LogTemp: Display: Loaded TP AndroidTargetPlatform
[2018.11.22-16.08.34:171][  0]LogTemp: Display: Loaded TP HTML5TargetPlatform
[2018.11.22-16.08.34:234][  0]LogTemp: Display: Loaded TP IOSTargetPlatform
[2018.11.22-16.08.34:234][  0]LogTemp: Display: Loaded TP IOSTargetPlatform
[2018.11.22-16.08.34:263][  0]LogTemp: Display: Loaded TP TVOSTargetPlatform
[2018.11.22-16.08.34:263][  0]LogTemp: Display: Loaded TP TVOSTargetPlatform
[2018.11.22-16.08.34:277][  0]LogTemp: Display: Loaded TP LinuxClientTargetPlatform
[2018.11.22-16.08.34:290][  0]LogTemp: Display: Loaded TP LinuxNoEditorTargetPlatform
[2018.11.22-16.08.34:305][  0]LogTemp: Display: Loaded TP LinuxServerTargetPlatform
[2018.11.22-16.08.34:320][  0]LogTemp: Display: Loaded TP LinuxTargetPlatform
[2018.11.22-16.08.34:331][  0]LogTemp: Display: Loaded TP LuminTargetPlatform
[2018.11.22-16.08.34:331][  0]LogTargetPlatformManager: Display: Building Assets For Windows
[2018.11.22-16.08.34:411][  0]LogXGEController: Cannot use XGE Controller as Incredibuild is not installed on this machine.
[2018.11.22-16.08.34:411][  0]LogShaderCompilers: Cannot use XGE Shader Compiler as Incredibuild is not installed on this machine.
[2018.11.22-16.08.34:411][  0]LogShaderCompilers: Display: Using Local Shader Compiler.
[2018.11.22-16.08.35:203][  0]LogDerivedDataCache: Display: Max Cache Size: 512 MB
[2018.11.22-16.08.35:271][  0]LogDerivedDataCache: Loaded boot cache 0.07s 79MB C:/Users/Nicholaus/AppData/Local/UnrealEngine/4.20/DerivedDataCache/Boot.ddc.
[2018.11.22-16.08.35:271][  0]LogDerivedDataCache: Display: Loaded Boot cache: C:/Users/Nicholaus/AppData/Local/UnrealEngine/4.20/DerivedDataCache/Boot.ddc
[2018.11.22-16.08.35:271][  0]LogDerivedDataCache: FDerivedDataBackendGraph:  Pak pak cache file ../../../../../../Users/Nicholaus/Documents/LianeRepo/Art of Combat/TheArtofCombat/DerivedDataCache/DDC.ddp not found, will not use a pak cache.
[2018.11.22-16.08.35:271][  0]LogDerivedDataCache: Unable to find inner node Pak for hierarchical cache Hierarchy.
[2018.11.22-16.08.35:271][  0]LogDerivedDataCache: FDerivedDataBackendGraph:  CompressedPak pak cache file ../../../../../../Users/Nicholaus/Documents/LianeRepo/Art of Combat/TheArtofCombat/DerivedDataCache/Compressed.ddp not found, will not use a pak cache.
[2018.11.22-16.08.35:271][  0]LogDerivedDataCache: Unable to find inner node CompressedPak for hierarchical cache Hierarchy.
[2018.11.22-16.08.35:284][  0]LogDerivedDataCache: Display: Pak cache opened for reading ../../../Engine/DerivedDataCache/Compressed.ddp.
[2018.11.22-16.08.35:296][  0]LogDerivedDataCache: Using Local data cache path C:/Users/Nicholaus/AppData/Local/UnrealEngine/Common/DerivedDataCache: Writable
[2018.11.22-16.08.35:296][  0]LogDerivedDataCache: Shared data cache path not found in *engine.ini, will not use an Shared cache.
[2018.11.22-16.08.35:296][  0]LogDerivedDataCache: Unable to find inner node Shared for hierarchical cache Hierarchy.
[2018.11.22-16.08.35:322][  0]LogMaterial: Verifying Global Shaders for PCD3D_SM5
[2018.11.22-16.08.35:324][  0]LogSlate: Using FreeType 2.6.0
[2018.11.22-16.08.35:324][  0]LogSlate: SlateFontServices - WITH_FREETYPE: 1, WITH_HARFBUZZ: 1
[2018.11.22-16.08.35:405][  0]LogAssetRegistry: FAssetRegistry took 0.0295 seconds to start up
[2018.11.22-16.08.35:830][  0]LogInit: Selected Device Profile: [Windows]
[2018.11.22-16.08.35:981][  0]LogSimplygon: Simplygon DLL not present - disabling.
[2018.11.22-16.08.35:986][  0]LogMeshReduction: Using SimplygonSwarm for distributed automatic mesh merging
[2018.11.22-16.08.35:986][  0]LogMeshReduction: Using ProxyLODMeshReduction for automatic mesh merging
[2018.11.22-16.08.35:986][  0]LogMeshReduction: Using QuadricMeshReduction for automatic static mesh reduction
[2018.11.22-16.08.35:986][  0]LogMeshReduction: No automatic skeletal mesh reduction module available
[2018.11.22-16.08.36:017][  0]LogNetVersion: TheArtofCombat 1.0.0, NetCL: 4212847, EngineNetVer: 5, GameNetVer: 0 (Checksum: 3742453547)
[2018.11.22-16.08.36:087][  0]LogNavigation: Error: [/Script/Engine.NavigationSystem] found in the DefaultEngine.ini file. This class has been moved. Please rename that section to [/Script/NavigationSystem.NavigationSystemV1]
[2018.11.22-16.08.36:087][  0]LogNavigation: Error: [/Script/Engine.RecastNavMesh] found in the DefaultEngine.ini file. This class has been moved. Please rename that section to [/Script/NavigationSystem.RecastNavMesh]
[2018.11.22-16.08.36:654][  0]LogPackageLocalizationCache: Processed 11 localized package path(s) for 2 prioritized culture(s) in 0.204146 seconds
[2018.11.22-16.08.36:661][  0]LogUObjectArray: 38434 objects as part of root set at end of initial load.
[2018.11.22-16.08.36:661][  0]LogUObjectAllocator: 6701144 out of 0 bytes used by permanent object pool.
[2018.11.22-16.08.36:661][  0]LogUObjectArray: CloseDisregardForGC: 0/0 objects in disregard for GC pool
[2018.11.22-16.08.37:593][  0]LogTcpMessaging: Initializing TcpMessaging bridge
[2018.11.22-16.08.37:607][  0]LogUdpMessaging: Initializing bridge on interface 0.0.0.0:0 to multicast group 230.0.0.1:6666.
[2018.11.22-16.08.37:761][  0]SourceControl: Source control is disabled
[2018.11.22-16.08.37:762][  0]SourceControl: Source control is disabled
[2018.11.22-16.08.37:763][  0]SourceControl: Source control is disabled
[2018.11.22-16.08.37:764][  0]SourceControl: Source control is disabled
[2018.11.22-16.08.38:339][  0]LogAndroidPermission: UAndroidPermissionCallbackProxy::GetInstance
[2018.11.22-16.08.38:437][  0]LogOcInput: OculusInput pre-init called
[2018.11.22-16.08.38:507][  0]LogEngine: Initializing Engine...
[2018.11.22-16.08.38:508][  0]LogHMD: Failed to initialize OpenVR with code 110
[2018.11.22-16.08.38:509][  0]LogStats: UGameplayTagsManager::ConstructGameplayTagTree: ImportINI prefixes -  0.000 s
[2018.11.22-16.08.38:509][  0]LogStats: UGameplayTagsManager::ConstructGameplayTagTree: Construct from data asset -  0.000 s
[2018.11.22-16.08.38:509][  0]LogStats: UGameplayTagsManager::ConstructGameplayTagTree: ImportINI -  0.000 s
[2018.11.22-16.08.38:510][  0]LogStats: UGameplayTagsManager::ConstructGameplayTagTree: GameplayTagTreeChangedEvent.Broadcast -  0.000 s
[2018.11.22-16.08.38:737][  0]LogInit: Initializing FReadOnlyCVARCache
[2018.11.22-16.08.38:751][  0]LogAIModule: Creating AISystem for world Untitled
[2018.11.22-16.08.38:774][  0]LogInit: XAudio2 using 'Speakers (Stealth 600)' : 2 channels at 48 kHz using 16 bits per sample (channel mask 0x3)
[2018.11.22-16.08.38:787][  0]LogInit: FAudioDevice initialized.
[2018.11.22-16.08.38:787][  0]LogNetVersion: Set ProjectVersion to 1.0.0.0. Version Checksum will be recalculated on next use.
[2018.11.22-16.08.38:867][  0]LogDerivedDataCache: Saved boot cache 0.08s 79MB C:/Users/Nicholaus/AppData/Local/UnrealEngine/4.20/DerivedDataCache/Boot.ddc.
[2018.11.22-16.08.38:893][  0]LogInit: Texture streaming: Enabled
[2018.11.22-16.08.38:918][  0]LogEngineSessionManager: EngineSessionManager initialized
[2018.11.22-16.08.38:936][  0]LogInit: Transaction tracking system initialized
[2018.11.22-16.08.38:964][  0]BlueprintLog: New page: Editor Load
[2018.11.22-16.08.39:060][  0]LocalizationService: Localization service is disabled
[2018.11.22-16.08.39:444][  0]LogCook: Display: Max memory allowance for cook 16384mb min free memory 0mb
[2018.11.22-16.08.39:444][  0]LogCook: Display: Mobile HDR setting 1
[2018.11.22-16.08.39:444][  0]LogGameplayTags: Display: UGameplayTagsManager::DoneAddingNativeTags. DelegateIsBound: 0
[2018.11.22-16.08.39:444][  0]LogStats: UGameplayTagsManager::ConstructGameplayTagTree: ImportINI prefixes -  0.000 s
[2018.11.22-16.08.39:444][  0]LogStats: UGameplayTagsManager::ConstructGameplayTagTree: Construct from data asset -  0.000 s
[2018.11.22-16.08.39:444][  0]LogStats: UGameplayTagsManager::ConstructGameplayTagTree: ImportINI -  0.000 s
[2018.11.22-16.08.39:444][  0]LogStats: UGameplayTagsManager::ConstructGameplayTagTree: GameplayTagTreeChangedEvent.Broadcast -  0.000 s
[2018.11.22-16.08.39:583][  0]LogFileCache: Scanning file cache for directory 'G:/Users/Nicholaus/Documents/LianeRepo/Art of Combat/TheArtofCombat/Content/' took 0.07s
[2018.11.22-16.08.39:583][  0]SourceControl: Source control is disabled
[2018.11.22-16.08.39:614][  0]LightingResults: New page: Lighting Build
[2018.11.22-16.08.39:617][  0]MapCheck: New page: Map Check
[2018.11.22-16.08.39:617][  0]LightingResults: New page: Lighting Build
[2018.11.22-16.08.44:327][  0]LogLinker: Can't find file '/Game/Mannequin/Character/Mesh/SK_Mannequin'
[2018.11.22-16.08.44:327][  0]LogLinker: Can't find file '/Game/Mannequin/Character/Mesh/SK_Mannequin'
[2018.11.22-16.09.03:526][  0]LogAnimation: Warning: Animation Blueprint /Game/_ADNeo/CombatSys/BPs/CharBPs/Manne/_Parent/Manne_ABP_Drache_2.Manne_ABP_Drache_2 has nodes with invalid node guids that have been regenerated. This blueprint will not cook deterministically until it is resaved.
[2018.11.22-16.09.28:853][  0]LogAIModule: Creating AISystem for world ThirdPersonExampleMap
[2018.11.22-16.09.28:889][  0]LogEditorServer: Finished looking for orphan Actors (0.000 secs)
[2018.11.22-16.09.29:103][  0]Cmd: MAP CHECKDEP NOCLEARLOG
[2018.11.22-16.09.29:280][  0]MapCheck: Map check complete: 0 Error(s), 0 Warning(s), took 176.452ms to complete.
[2018.11.22-16.09.29:280][  0]LogFileHelpers: Loading map 'ThirdPersonExampleMap' took 49.698
[2018.11.22-16.09.29:469][  0]LogSlate: Updating window title bar state: overlay mode, drag disabled, window buttons hidden, title bar hidden
[2018.11.22-16.09.29:478][  0]LogSlate: Updating window title bar state: overlay mode, drag disabled, window buttons hidden, title bar hidden
[2018.11.22-16.09.29:486][  0]LogSlate: Updating window title bar state: overlay mode, drag disabled, window buttons hidden, title bar hidden
[2018.11.22-16.09.29:495][  0]LogSlate: Updating window title bar state: overlay mode, drag disabled, window buttons hidden, title bar hidden
[2018.11.22-16.09.29:502][  0]LogCollectionManager: Loaded 0 collections in 0.002316 seconds
[2018.11.22-16.09.29:555][  0]LogFileCache: Scanning file cache for directory 'G:/Users/Nicholaus/Documents/LianeRepo/Art of Combat/TheArtofCombat/Saved/Collections/' took 0.01s
[2018.11.22-16.09.29:555][  0]LogFileCache: Scanning file cache for directory 'G:/Users/Nicholaus/Documents/LianeRepo/Art of Combat/TheArtofCombat/Content/Developers/Nicholaus/Collections/' took 0.01s
[2018.11.22-16.09.29:555][  0]LogFileCache: Scanning file cache for directory 'G:/Users/Nicholaus/Documents/LianeRepo/Art of Combat/TheArtofCombat/Content/Collections/' took 0.01s
[2018.11.22-16.09.29:555][  0]LogCollectionManager: Rebuilt the GUID cache for 0 collections in 0.000001 seconds
[2018.11.22-16.09.29:566][  0]LogContentBrowser: Native class hierarchy populated in 0.0101 seconds. Added 2590 classes and 619 folders.
[2018.11.22-16.09.29:574][  0]LogContentBrowser: Native class hierarchy updated for 'WidgetCarousel' in 0.0003 seconds. Added 0 classes and 0 folders.
[2018.11.22-16.09.29:619][  0]LogContentBrowser: Native class hierarchy updated for 'AddContentDialog' in 0.0003 seconds. Added 0 classes and 0 folders.
[2018.11.22-16.09.29:629][  0]LogContentBrowser: Native class hierarchy updated for 'SceneOutliner' in 0.0003 seconds. Added 1 classes and 2 folders.
[2018.11.22-16.09.29:992][  0]LogSlate: Took 0.000245 seconds to synchronously load lazily loaded font '../../../Engine/Content/Slate/Fonts/Roboto-Regular.ttf' (155K)
[2018.11.22-16.09.29:995][  0]LogSlate: Took 0.000283 seconds to synchronously load lazily loaded font '../../../Engine/Content/Slate/Fonts/Roboto-Bold.ttf' (160K)
[2018.11.22-16.09.30:002][  0]LogSlate: Took 0.000229 seconds to synchronously load lazily loaded font '../../../Engine/Content/Editor/Slate/Fonts/FontAwesome.ttf' (139K)
[2018.11.22-16.09.30:115][  0]LogRenderer: Reallocating scene render targets to support 1036x576 Format 10 NumSamples 1 (Frame:1).
[2018.11.22-16.09.30:280][  0]LogContentBrowser: Native class hierarchy updated for 'HierarchicalLODOutliner' in 0.0003 seconds. Added 0 classes and 0 folders.
[2018.11.22-16.09.30:280][  0]LogLoad: (Engine Initialization) Total time: 59.93 seconds
[2018.11.22-16.09.30:280][  0]LogLoad: (Engine Initialization) Total Blueprint compile time: 0.00 seconds
[2018.11.22-16.09.30:290][  0]LogWindowsTextInputMethodSystem: Display: IME system now deactivated.
[2018.11.22-16.09.30:343][  0]LogContentStreaming: Texture pool size now 1000 MB
[2018.11.22-16.09.30:380][  0]LogSlate: Took 0.000240 seconds to synchronously load lazily loaded font '../../../Engine/Content/Slate/Fonts/Roboto-Light.ttf' (167K)
[2018.11.22-16.09.30:557][  3]LogAssetRegistry: Asset discovery search completed in 55.1756 seconds
[2018.11.22-16.09.30:559][  3]LogCollectionManager: Rebuilt the object cache for 0 collections in 0.000001 seconds (found 0 objects)
[2018.11.22-16.09.30:559][  3]LogCollectionManager: Fixed up redirectors for 0 collections in 0.000059 seconds (updated 0 objects)
[2018.11.22-16.09.40:281][374]LogEditorViewport: Clicking on Actor (LMB): StaticMeshActor (Floor)
[2018.11.22-16.09.41:387][484]LogSlate: FSceneViewport::OnFocusLost() reason 0
[2018.11.22-16.09.43:634][748]LogEditorViewport: Clicking on Actor (LMB): StaticMeshActor (Floor)
[2018.11.22-16.09.44:380][832]LogSlate: FSceneViewport::OnFocusLost() reason 0
[2018.11.22-16.09.44:505][847]LogTemp: Repeating last play command: Selected Viewport
[2018.11.22-16.09.44:527][847]LogBlueprintUserMessages: Early PlayInEditor Detection: Level '/Game/_ADNeo/ThirdPersonBP/Maps/ThirdPersonExampleMap.ThirdPersonExampleMap:PersistentLevel' has LevelScriptBlueprint '/Game/_ADNeo/ThirdPersonBP/Maps/ThirdPersonExampleMap.ThirdPersonExampleMap:PersistentLevel.ThirdPersonExampleMap' with GeneratedClass '/Game/_ADNeo/ThirdPersonBP/Maps/ThirdPersonExampleMap.ThirdPersonExampleMap_C' with ClassGeneratedBy '/Game/_ADNeo/ThirdPersonBP/Maps/ThirdPersonExampleMap.ThirdPersonExampleMap:PersistentLevel.ThirdPersonExampleMap'
[2018.11.22-16.09.44:527][847]LogPlayLevel: PlayLevel: No blueprints needed recompiling
[2018.11.22-16.09.44:528][847]LogOnline: Warning: STEAM: Steam API disabled!
[2018.11.22-16.09.44:528][847]LogOnline: Display: STEAM: OnlineSubsystemSteam::Shutdown()
[2018.11.22-16.09.44:540][847]PIE: New page: PIE session: ThirdPersonExampleMap (Nov 22, 2018, 12:09:44 AM)
[2018.11.22-16.09.44:541][847]LogPlayLevel: Creating play world package: /Game/_ADNeo/ThirdPersonBP/Maps/UEDPIE_0_ThirdPersonExampleMap
[2018.11.22-16.09.44:569][847]LogPlayLevel: PIE: StaticDuplicateObject took: (0.027629s)
[2018.11.22-16.09.44:569][847]LogAIModule: Creating AISystem for world ThirdPersonExampleMap
[2018.11.22-16.09.44:570][847]LogPlayLevel: PIE: World Init took: (0.000827s)
[2018.11.22-16.09.44:570][847]LogPlayLevel: PIE: Created PIE world by copying editor world from /Game/_ADNeo/ThirdPersonBP/Maps/ThirdPersonExampleMap.ThirdPersonExampleMap to /Game/_ADNeo/ThirdPersonBP/Maps/UEDPIE_0_ThirdPersonExampleMap.ThirdPersonExampleMap (0.028694s)
[2018.11.22-16.09.44:616][847]LogInit: XAudio2 using 'Speakers (Stealth 600)' : 2 channels at 48 kHz using 16 bits per sample (channel mask 0x3)
[2018.11.22-16.09.44:624][847]LogInit: FAudioDevice initialized.
[2018.11.22-16.09.44:669][847]LogLoad: Game class is 'ThirdPersonGameMode_C'
[2018.11.22-16.09.44:679][847]LogWorld: Bringing World /Game/_ADNeo/ThirdPersonBP/Maps/UEDPIE_0_ThirdPersonExampleMap.ThirdPersonExampleMap up for play (max tick rate 0) at 2018.11.22-08.09.44
[2018.11.22-16.09.44:683][847]LogWorld: Bringing up level for play took: 0.012139
[2018.11.22-16.09.44:714][847]LogContentBrowser: Native class hierarchy updated for 'MovieSceneCapture' in 0.0008 seconds. Added 10 classes and 0 folders.
[2018.11.22-16.09.44:714][847]LogGameMode: Display: Match State Changed from EnteringMap to WaitingToStart
[2018.11.22-16.09.44:714][847]LogGameState: Match State Changed from EnteringMap to WaitingToStart
[2018.11.22-16.09.44:714][847]LogGameMode: Display: Match State Changed from WaitingToStart to InProgress
[2018.11.22-16.09.44:754][847]LogSlate: Updating window title bar state: overlay mode, drag disabled, window buttons hidden, title bar hidden
[2018.11.22-16.09.44:754][847]LogStreaming: Warning: Failed to read file '../../../../../../Users/Nicholaus/Documents/LianeRepo/Art of Combat/TheArtofCombat/Saved/SaveGames/PlayerSettingsSave.sav' error.
[2018.11.22-16.09.44:754][847]LogGameState: Match State Changed from WaitingToStart to InProgress
[2018.11.22-16.09.44:755][847]PIE: Play in editor start time for /Game/_ADNeo/ThirdPersonBP/Maps/UEDPIE_0_ThirdPersonExampleMap 0.974
[2018.11.22-16.09.44:755][847]LogBlueprintUserMessages: Late PlayInEditor Detection: Level '/Game/_ADNeo/ThirdPersonBP/Maps/ThirdPersonExampleMap.ThirdPersonExampleMap:PersistentLevel' has LevelScriptBlueprint '/Game/_ADNeo/ThirdPersonBP/Maps/ThirdPersonExampleMap.ThirdPersonExampleMap:PersistentLevel.ThirdPersonExampleMap' with GeneratedClass '/Game/_ADNeo/ThirdPersonBP/Maps/ThirdPersonExampleMap.ThirdPersonExampleMap_C' with ClassGeneratedBy '/Game/_ADNeo/ThirdPersonBP/Maps/ThirdPersonExampleMap.ThirdPersonExampleMap:PersistentLevel.ThirdPersonExampleMap'
[2018.11.22-16.09.46:871][ 87]LogSlate: Took 0.070071 seconds to synchronously load lazily loaded font '../../../Engine/Content/Slate/Fonts/DroidSansFallback.ttf' (3848K)
[2018.11.22-16.09.59:095][554]LogBlueprintUserMessages: Early EndPlayMap Detection: Level '/Game/_ADNeo/ThirdPersonBP/Maps/ThirdPersonExampleMap.ThirdPersonExampleMap:PersistentLevel' has LevelScriptBlueprint '/Game/_ADNeo/ThirdPersonBP/Maps/ThirdPersonExampleMap.ThirdPersonExampleMap:PersistentLevel.ThirdPersonExampleMap' with GeneratedClass '/Game/_ADNeo/ThirdPersonBP/Maps/ThirdPersonExampleMap.ThirdPersonExampleMap_C' with ClassGeneratedBy '/Game/_ADNeo/ThirdPersonBP/Maps/ThirdPersonExampleMap.ThirdPersonExampleMap:PersistentLevel.ThirdPersonExampleMap'
[2018.11.22-16.09.59:096][554]LogSlate: Updating window title bar state: overlay mode, drag disabled, window buttons hidden, title bar hidden
[2018.11.22-16.09.59:136][554]LogPlayLevel: Display: Shutting down PIE online subsystems
[2018.11.22-16.09.59:137][554]LogBlueprintUserMessages: Late EndPlayMap Detection: Level '/Game/_ADNeo/ThirdPersonBP/Maps/ThirdPersonExampleMap.ThirdPersonExampleMap:PersistentLevel' has LevelScriptBlueprint '/Game/_ADNeo/ThirdPersonBP/Maps/ThirdPersonExampleMap.ThirdPersonExampleMap:PersistentLevel.ThirdPersonExampleMap' with GeneratedClass '/Game/_ADNeo/ThirdPersonBP/Maps/ThirdPersonExampleMap.ThirdPersonExampleMap_C' with ClassGeneratedBy '/Game/_ADNeo/ThirdPersonBP/Maps/ThirdPersonExampleMap.ThirdPersonExampleMap:PersistentLevel.ThirdPersonExampleMap'
[2018.11.22-16.09.59:165][554]LogSlate: Updating window title bar state: overlay mode, drag disabled, window buttons hidden, title bar hidden
[2018.11.22-16.09.59:197][555]LogPlayLevel: Display: Destroying online subsystem :Context_3
[2018.11.22-16.10.02:399][938]LogSlate: FSceneViewport::OnFocusLost() reason 0
[2018.11.22-16.10.30:608][214]LogSlate: Only BGRA pngs, bmps or icos are supported in by External Image Picker
[2018.11.22-16.10.30:674][215]LogTemp: Executing iPhonePackager certificates Engine -bundlename com.YourCompany.TheArtofCombat
[2018.11.22-16.10.30:674][215]LogTemp: CWD: G:\Program Files\Epic Games\UE_4.20\Engine\Binaries\DotNET\IOS
[2018.11.22-16.10.30:674][215]LogTemp: Initial Dir: G:\Program Files\Epic Games\UE_4.20
[2018.11.22-16.10.30:674][215]LogTemp: Env CWD: G:\Program Files\Epic Games\UE_4.20\Engine\Binaries\DotNET\IOS
[2018.11.22-16.10.30:674][215]LogTemp: BranchPath = KILLROY/G/Program Files/Epic Games/UE_4.20/Engine/Binaries --- GameBranchPath = KILLROY/G/Program Files/Epic Games/UE_4.20/Engine/Binaries
[2018.11.22-16.10.30:674][215]LogTemp: IPP ERROR: Could not find provision directory 'C:\Users\Nicholaus\AppData\Local/Apple Computer/MobileDevice/Provisioning Profiles/'.
[2018.11.22-16.10.50:461][507]LogSlate: Window 'Project Settings' being destroyed
[2018.11.22-16.10.50:464][507]LogSlate: Window 'Project Settings' being destroyed
[2018.11.22-16.11.02:613][939]LogSlate: Took 0.000173 seconds to synchronously load lazily loaded font '../../../Engine/Content/Slate/Fonts/Roboto-Light.ttf' (167K)
[2018.11.22-16.11.03:125][953]LogSkinnedMeshComp: Warning: GetSocketByName(Sword_Socket_Right): No SkeletalMesh for Component(CharacterMesh0) Actor(Assassin_C_0)
[2018.11.22-16.11.03:125][953]LogSkinnedMeshComp: Warning: GetSocketByName(Sword_Socket_Right): No SkeletalMesh for Component(CharacterMesh0) Actor(Assassin_C_0)
[2018.11.22-16.11.03:125][953]LogSkinnedMeshComp: Warning: GetSocketByName(Sword_Socket_Right): No SkeletalMesh for Component(CharacterMesh0) Actor(Assassin_C_0)
[2018.11.22-16.11.03:125][953]LogSkinnedMeshComp: Warning: GetSocketByName(Sheath_Socket_Left): No SkeletalMesh for Component(CharacterMesh0) Actor(Assassin_C_0)
[2018.11.22-16.11.03:125][953]LogSkinnedMeshComp: Warning: GetSocketByName(Sheath_Socket_Left): No SkeletalMesh for Component(CharacterMesh0) Actor(Assassin_C_0)
[2018.11.22-16.11.03:125][953]LogSkinnedMeshComp: Warning: GetSocketByName(Sheath_Socket_Left): No SkeletalMesh for Component(CharacterMesh0) Actor(Assassin_C_0)
[2018.11.22-16.11.03:125][953]LogSkinnedMeshComp: Warning: GetSocketByName(Sword_Socket_Right): No SkeletalMesh for Component(CharacterMesh0) Actor(Assassin_C_0)
[2018.11.22-16.11.03:125][953]LogSkinnedMeshComp: Warning: GetSocketByName(Sword_Socket_Right): No SkeletalMesh for Component(CharacterMesh0) Actor(Assassin_C_0)
[2018.11.22-16.11.03:125][953]LogSkinnedMeshComp: Warning: GetSocketByName(Sword_Socket_Right): No SkeletalMesh for Component(CharacterMesh0) Actor(Assassin_C_0)
[2018.11.22-16.11.03:126][953]LogSkinnedMeshComp: Warning: GetSocketByName(calf_l): No SkeletalMesh for Component(CharacterMesh0) Actor(Assassin_C_0)
[2018.11.22-16.11.03:126][953]LogSkinnedMeshComp: Warning: GetSocketByName(calf_l): No SkeletalMesh for Component(CharacterMesh0) Actor(Assassin_C_0)
[2018.11.22-16.11.03:126][953]LogSkinnedMeshComp: Warning: GetSocketByName(calf_l): No SkeletalMesh for Component(CharacterMesh0) Actor(Assassin_C_0)
[2018.11.22-16.11.03:126][953]LogSkinnedMeshComp: Warning: GetSocketByName(calf_r): No SkeletalMesh for Component(CharacterMesh0) Actor(Assassin_C_0)
[2018.11.22-16.11.03:126][953]LogSkinnedMeshComp: Warning: GetSocketByName(calf_r): No SkeletalMesh for Component(CharacterMesh0) Actor(Assassin_C_0)
[2018.11.22-16.11.03:126][953]LogSkinnedMeshComp: Warning: GetSocketByName(calf_r): No SkeletalMesh for Component(CharacterMesh0) Actor(Assassin_C_0)
[2018.11.22-16.11.03:126][953]LogSkinnedMeshComp: Warning: GetSocketByName(Bow_Socket_Left): No SkeletalMesh for Component(CharacterMesh0) Actor(Assassin_C_0)
[2018.11.22-16.11.03:126][953]LogSkinnedMeshComp: Warning: GetSocketByName(Bow_Socket_Left): No SkeletalMesh for Component(CharacterMesh0) Actor(Assassin_C_0)
[2018.11.22-16.11.03:126][953]LogSkinnedMeshComp: Warning: GetSocketByName(Bow_Socket_Left): No SkeletalMesh for Component(CharacterMesh0) Actor(Assassin_C_0)
[2018.11.22-16.11.03:126][953]LogSkinnedMeshComp: Warning: GetSocketByName(Sheath_Bow_Socket_Back): No SkeletalMesh for Component(CharacterMesh0) Actor(Assassin_C_0)
[2018.11.22-16.11.03:126][953]LogSkinnedMeshComp: Warning: GetSocketByName(Sheath_Bow_Socket_Back): No SkeletalMesh for Component(CharacterMesh0) Actor(Assassin_C_0)
[2018.11.22-16.11.03:126][953]LogSkinnedMeshComp: Warning: GetSocketByName(Sheath_Bow_Socket_Back): No SkeletalMesh for Component(CharacterMesh0) Actor(Assassin_C_0)
[2018.11.22-16.11.03:127][953]LogSkinnedMeshComp: Warning: GetSocketByName(Bow_Socket_Left): No SkeletalMesh for Component(CharacterMesh0) Actor(Assassin_C_0)
[2018.11.22-16.11.03:127][953]LogSkinnedMeshComp: Warning: GetSocketByName(Bow_Socket_Left): No SkeletalMesh for Component(CharacterMesh0) Actor(Assassin_C_0)
[2018.11.22-16.11.03:127][953]LogSkinnedMeshComp: Warning: GetSocketByName(Bow_Socket_Left): No SkeletalMesh for Component(CharacterMesh0) Actor(Assassin_C_0)
[2018.11.22-16.11.03:127][953]LogSkinnedMeshComp: Warning: GetSocketByName(ArrowBeingDrawn_Socket_Right): No SkeletalMesh for Component(CharacterMesh0) Actor(Assassin_C_0)
[2018.11.22-16.11.03:127][953]LogSkinnedMeshComp: Warning: GetSocketByName(ArrowBeingDrawn_Socket_Right): No SkeletalMesh for Component(CharacterMesh0) Actor(Assassin_C_0)
[2018.11.22-16.11.03:127][953]LogSkinnedMeshComp: Warning: GetSocketByName(ArrowBeingDrawn_Socket_Right): No SkeletalMesh for Component(CharacterMesh0) Actor(Assassin_C_0)
[2018.11.22-16.11.03:127][953]LogSkinnedMeshComp: Warning: GetSocketByName(Arrow_Socket_Right): No SkeletalMesh for Component(CharacterMesh0) Actor(Assassin_C_0)
[2018.11.22-16.11.03:127][953]LogSkinnedMeshComp: Warning: GetSocketByName(Arrow_Socket_Right): No SkeletalMesh for Component(CharacterMesh0) Actor(Assassin_C_0)
[2018.11.22-16.11.03:127][953]LogSkinnedMeshComp: Warning: GetSocketByName(Arrow_Socket_Right): No SkeletalMesh for Component(CharacterMesh0) Actor(Assassin_C_0)
[2018.11.22-16.11.03:127][953]LogSkinnedMeshComp: Warning: GetSocketByName(Quiver_Socket_Back): No SkeletalMesh for Component(CharacterMesh0) Actor(Assassin_C_0)
[2018.11.22-16.11.03:127][953]LogSkinnedMeshComp: Warning: GetSocketByName(Quiver_Socket_Back): No SkeletalMesh for Component(CharacterMesh0) Actor(Assassin_C_0)
[2018.11.22-16.11.03:127][953]LogSkinnedMeshComp: Warning: GetSocketByName(Quiver_Socket_Back): No SkeletalMesh for Component(CharacterMesh0) Actor(Assassin_C_0)
[2018.11.22-16.11.03:128][953]LogSkinnedMeshComp: Warning: GetSocketByName(spine_02): No SkeletalMesh for Component(CharacterMesh0) Actor(Assassin_C_0)
[2018.11.22-16.11.03:128][953]LogSkinnedMeshComp: Warning: GetSocketByName(spine_02): No SkeletalMesh for Component(CharacterMesh0) Actor(Assassin_C_0)
[2018.11.22-16.11.03:128][953]LogSkinnedMeshComp: Warning: GetSocketByName(spine_02): No SkeletalMesh for Component(CharacterMesh0) Actor(Assassin_C_0)
[2018.11.22-16.11.03:128][953]LogSkinnedMeshComp: Warning: GetSocketByName(head): No SkeletalMesh for Component(CharacterMesh0) Actor(Assassin_C_0)
[2018.11.22-16.11.03:128][953]LogSkinnedMeshComp: Warning: GetSocketByName(head): No SkeletalMesh for Component(CharacterMesh0) Actor(Assassin_C_0)
[2018.11.22-16.11.03:128][953]LogSkinnedMeshComp: Warning: GetSocketByName(head): No SkeletalMesh for Component(CharacterMesh0) Actor(Assassin_C_0)
[2018.11.22-16.11.03:128][953]LogSkinnedMeshComp: Warning: GetSocketByName(upperarm_r): No SkeletalMesh for Component(CharacterMesh0) Actor(Assassin_C_0)
[2018.11.22-16.11.03:128][953]LogSkinnedMeshComp: Warning: GetSocketByName(upperarm_r): No SkeletalMesh for Component(CharacterMesh0) Actor(Assassin_C_0)
[2018.11.22-16.11.03:128][953]LogSkinnedMeshComp: Warning: GetSocketByName(upperarm_r): No SkeletalMesh for Component(CharacterMesh0) Actor(Assassin_C_0)
[2018.11.22-16.11.03:128][953]LogSkinnedMeshComp: Warning: GetSocketByName(upperarm_l): No SkeletalMesh for Component(CharacterMesh0) Actor(Assassin_C_0)
[2018.11.22-16.11.03:128][953]LogSkinnedMeshComp: Warning: GetSocketByName(upperarm_l): No SkeletalMesh for Component(CharacterMesh0) Actor(Assassin_C_0)
[2018.11.22-16.11.03:128][953]LogSkinnedMeshComp: Warning: GetSocketByName(upperarm_l): No SkeletalMesh for Component(CharacterMesh0) Actor(Assassin_C_0)
[2018.11.22-16.11.03:129][953]LogSkinnedMeshComp: Warning: GetSocketByName(thigh_r): No SkeletalMesh for Component(CharacterMesh0) Actor(Assassin_C_0)
[2018.11.22-16.11.03:129][953]LogSkinnedMeshComp: Warning: GetSocketByName(thigh_r): No SkeletalMesh for Component(CharacterMesh0) Actor(Assassin_C_0)
[2018.11.22-16.11.03:129][953]LogSkinnedMeshComp: Warning: GetSocketByName(thigh_r): No SkeletalMesh for Component(CharacterMesh0) Actor(Assassin_C_0)
[2018.11.22-16.11.03:129][953]LogSkinnedMeshComp: Warning: GetSocketByName(thigh_l): No SkeletalMesh for Component(CharacterMesh0) Actor(Assassin_C_0)
[2018.11.22-16.11.03:129][953]LogSkinnedMeshComp: Warning: GetSocketByName(thigh_l): No SkeletalMesh for Component(CharacterMesh0) Actor(Assassin_C_0)
[2018.11.22-16.11.03:129][953]LogSkinnedMeshComp: Warning: GetSocketByName(thigh_l): No SkeletalMesh for Component(CharacterMesh0) Actor(Assassin_C_0)
[2018.11.22-16.11.03:129][953]LogSkinnedMeshComp: Warning: GetSocketByName(lowerarm_r): No SkeletalMesh for Component(CharacterMesh0) Actor(Assassin_C_0)
[2018.11.22-16.11.03:129][953]LogSkinnedMeshComp: Warning: GetSocketByName(lowerarm_r): No SkeletalMesh for Component(CharacterMesh0) Actor(Assassin_C_0)
[2018.11.22-16.11.03:129][953]LogSkinnedMeshComp: Warning: GetSocketByName(lowerarm_r): No SkeletalMesh for Component(CharacterMesh0) Actor(Assassin_C_0)
[2018.11.22-16.11.03:129][953]LogSkinnedMeshComp: Warning: GetSocketByName(lowerarm_l): No SkeletalMesh for Component(CharacterMesh0) Actor(Assassin_C_0)
[2018.11.22-16.11.03:129][953]LogSkinnedMeshComp: Warning: GetSocketByName(lowerarm_l): No SkeletalMesh for Component(CharacterMesh0) Actor(Assassin_C_0)
[2018.11.22-16.11.03:129][953]LogSkinnedMeshComp: Warning: GetSocketByName(lowerarm_l): No SkeletalMesh for Component(CharacterMesh0) Actor(Assassin_C_0)
[2018.11.22-16.11.03:129][953]LogSkinnedMeshComp: Warning: GetSocketByName(calf_l): No SkeletalMesh for Component(CharacterMesh0) Actor(Assassin_C_0)
[2018.11.22-16.11.03:129][953]LogSkinnedMeshComp: Warning: GetSocketByName(calf_l): No SkeletalMesh for Component(CharacterMesh0) Actor(Assassin_C_0)
[2018.11.22-16.11.03:129][953]LogSkinnedMeshComp: Warning: GetSocketByName(calf_l): No SkeletalMesh for Component(CharacterMesh0) Actor(Assassin_C_0)
[2018.11.22-16.11.03:129][953]LogSkinnedMeshComp: Warning: GetSocketByName(foot_l): No SkeletalMesh for Component(CharacterMesh0) Actor(Assassin_C_0)
[2018.11.22-16.11.03:129][953]LogSkinnedMeshComp: Warning: GetSocketByName(foot_l): No SkeletalMesh for Component(CharacterMesh0) Actor(Assassin_C_0)
[2018.11.22-16.11.03:130][953]LogSkinnedMeshComp: Warning: GetSocketByName(foot_l): No SkeletalMesh for Component(CharacterMesh0) Actor(Assassin_C_0)
[2018.11.22-16.11.03:130][953]LogSkinnedMeshComp: Warning: GetSocketByName(foot_r): No SkeletalMesh for Component(CharacterMesh0) Actor(Assassin_C_0)
[2018.11.22-16.11.03:130][953]LogSkinnedMeshComp: Warning: GetSocketByName(foot_r): No SkeletalMesh for Component(CharacterMesh0) Actor(Assassin_C_0)
[2018.11.22-16.11.03:130][953]LogSkinnedMeshComp: Warning: GetSocketByName(foot_r): No SkeletalMesh for Component(CharacterMesh0) Actor(Assassin_C_0)
[2018.11.22-16.11.03:130][953]LogSkinnedMeshComp: Warning: GetSocketByName(calf_r): No SkeletalMesh for Component(CharacterMesh0) Actor(Assassin_C_0)
[2018.11.22-16.11.03:130][953]LogSkinnedMeshComp: Warning: GetSocketByName(calf_r): No SkeletalMesh for Component(CharacterMesh0) Actor(Assassin_C_0)
[2018.11.22-16.11.03:130][953]LogSkinnedMeshComp: Warning: GetSocketByName(calf_r): No SkeletalMesh for Component(CharacterMesh0) Actor(Assassin_C_0)
[2018.11.22-16.11.03:130][953]LogSkinnedMeshComp: Warning: GetSocketByName(Sword_Socket_Right): No SkeletalMesh for Component(CharacterMesh0) Actor(Assassin_C_0)
[2018.11.22-16.11.03:130][953]LogSkinnedMeshComp: Warning: GetSocketByName(Sword_Socket_Right): No SkeletalMesh for Component(CharacterMesh0) Actor(Assassin_C_0)
[2018.11.22-16.11.03:130][953]LogSkinnedMeshComp: Warning: GetSocketByName(Sword_Socket_Right): No SkeletalMesh for Component(CharacterMesh0) Actor(Assassin_C_0)
[2018.11.22-16.11.03:132][953]LogSkinnedMeshComp: Warning: GetSocketByName(hand_l): No SkeletalMesh for Component(CharacterMesh0) Actor(Assassin_C_0)
[2018.11.22-16.11.03:132][953]LogSkinnedMeshComp: Warning: GetSocketByName(hand_l): No SkeletalMesh for Component(CharacterMesh0) Actor(Assassin_C_0)
[2018.11.22-16.11.03:132][953]LogSkinnedMeshComp: Warning: GetSocketByName(hand_l): No SkeletalMesh for Component(CharacterMesh0) Actor(Assassin_C_0)
[2018.11.22-16.11.03:133][953]LogSkinnedMeshComp: Warning: GetSocketByName(Shield_Socket_Left): No SkeletalMesh for Component(CharacterMesh0) Actor(Assassin_C_0)
[2018.11.22-16.11.03:133][953]LogSkinnedMeshComp: Warning: GetSocketByName(Shield_Socket_Left): No SkeletalMesh for Component(CharacterMesh0) Actor(Assassin_C_0)
[2018.11.22-16.11.03:133][953]LogSkinnedMeshComp: Warning: GetSocketByName(Shield_Socket_Left): No SkeletalMesh for Component(CharacterMesh0) Actor(Assassin_C_0)
[2018.11.22-16.11.03:133][953]LogSkinnedMeshComp: Warning: GetSocketByName(Shield_Socket_Left): No SkeletalMesh for Component(CharacterMesh0) Actor(Assassin_C_0)
[2018.11.22-16.11.03:133][953]LogSkinnedMeshComp: Warning: GetSocketByName(Shield_Socket_Left): No SkeletalMesh for Component(CharacterMesh0) Actor(Assassin_C_0)
[2018.11.22-16.11.03:133][953]LogSkinnedMeshComp: Warning: GetSocketByName(Shield_Socket_Left): No SkeletalMesh for Component(CharacterMesh0) Actor(Assassin_C_0)
[2018.11.22-16.11.03:135][953]LogSkinnedMeshComp: Warning: GetSocketByName(Arrow_Socket_Right): No SkeletalMesh for Component(CharacterMesh0) Actor(Assassin_C_0)
[2018.11.22-16.11.03:135][953]LogSkinnedMeshComp: Warning: GetSocketByName(Arrow_Socket_Right): No SkeletalMesh for Component(CharacterMesh0) Actor(Assassin_C_0)
[2018.11.22-16.11.03:135][953]LogSkinnedMeshComp: Warning: GetSocketByName(Arrow_Socket_Right): No SkeletalMesh for Component(CharacterMesh0) Actor(Assassin_C_0)
[2018.11.22-16.11.03:136][953]LogSkinnedMeshComp: Warning: GetSocketByName(lowerarm_r): No SkeletalMesh for Component(CharacterMesh0) Actor(Assassin_C_0)
[2018.11.22-16.11.03:136][953]LogSkinnedMeshComp: Warning: GetSocketByName(lowerarm_r): No SkeletalMesh for Component(CharacterMesh0) Actor(Assassin_C_0)
[2018.11.22-16.11.03:136][953]LogSkinnedMeshComp: Warning: GetSocketByName(lowerarm_r): No SkeletalMesh for Component(CharacterMesh0) Actor(Assassin_C_0)
[2018.11.22-16.11.03:136][953]LogSkinnedMeshComp: Warning: GetSocketByName(lowerarm_l): No SkeletalMesh for Component(CharacterMesh0) Actor(Assassin_C_0)
[2018.11.22-16.11.03:136][953]LogSkinnedMeshComp: Warning: GetSocketByName(lowerarm_l): No SkeletalMesh for Component(CharacterMesh0) Actor(Assassin_C_0)
[2018.11.22-16.11.03:136][953]LogSkinnedMeshComp: Warning: GetSocketByName(lowerarm_l): No SkeletalMesh for Component(CharacterMesh0) Actor(Assassin_C_0)
[2018.11.22-16.11.03:137][953]LogSkinnedMeshComp: Warning: GetSocketByName(Sword_Socket_Right): No SkeletalMesh for Component(CharacterMesh0) Actor(Assassin_C_0)
[2018.11.22-16.11.03:137][953]LogSkinnedMeshComp: Warning: GetSocketByName(Sheath_Socket_Left): No SkeletalMesh for Component(CharacterMesh0) Actor(Assassin_C_0)
[2018.11.22-16.11.03:137][953]LogSkinnedMeshComp: Warning: GetSocketByName(Sword_Socket_Right): No SkeletalMesh for Component(CharacterMesh0) Actor(Assassin_C_0)
[2018.11.22-16.11.03:137][953]LogSkinnedMeshComp: Warning: GetSocketByName(calf_l): No SkeletalMesh for Component(CharacterMesh0) Actor(Assassin_C_0)
[2018.11.22-16.11.03:137][953]LogSkinnedMeshComp: Warning: GetSocketByName(calf_r): No SkeletalMesh for Component(CharacterMesh0) Actor(Assassin_C_0)
[2018.11.22-16.11.03:137][953]LogSkinnedMeshComp: Warning: GetSocketByName(Bow_Socket_Left): No SkeletalMesh for Component(CharacterMesh0) Actor(Assassin_C_0)
[2018.11.22-16.11.03:137][953]LogSkinnedMeshComp: Warning: GetSocketByName(Sheath_Bow_Socket_Back): No SkeletalMesh for Component(CharacterMesh0) Actor(Assassin_C_0)
[2018.11.22-16.11.03:137][953]LogSkinnedMeshComp: Warning: GetSocketByName(Bow_Socket_Left): No SkeletalMesh for Component(CharacterMesh0) Actor(Assassin_C_0)
[2018.11.22-16.11.03:137][953]LogSkinnedMeshComp: Warning: GetSocketByName(ArrowBeingDrawn_Socket_Right): No SkeletalMesh for Component(CharacterMesh0) Actor(Assassin_C_0)
[2018.11.22-16.11.03:137][953]LogSkinnedMeshComp: Warning: GetSocketByName(Arrow_Socket_Right): No SkeletalMesh for Component(CharacterMesh0) Actor(Assassin_C_0)
[2018.11.22-16.11.03:137][953]LogSkinnedMeshComp: Warning: GetSocketByName(Quiver_Socket_Back): No SkeletalMesh for Component(CharacterMesh0) Actor(Assassin_C_0)
[2018.11.22-16.11.03:137][953]LogSkinnedMeshComp: Warning: GetSocketByName(spine_02): No SkeletalMesh for Component(CharacterMesh0) Actor(Assassin_C_0)
[2018.11.22-16.11.03:137][953]LogSkinnedMeshComp: Warning: GetSocketByName(head): No SkeletalMesh for Component(CharacterMesh0) Actor(Assassin_C_0)
[2018.11.22-16.11.03:137][953]LogSkinnedMeshComp: Warning: GetSocketByName(upperarm_r): No SkeletalMesh for Component(CharacterMesh0) Actor(Assassin_C_0)
[2018.11.22-16.11.03:137][953]LogSkinnedMeshComp: Warning: GetSocketByName(upperarm_l): No SkeletalMesh for Component(CharacterMesh0) Actor(Assassin_C_0)
[2018.11.22-16.11.03:137][953]LogSkinnedMeshComp: Warning: GetSocketByName(thigh_r): No SkeletalMesh for Component(CharacterMesh0) Actor(Assassin_C_0)
[2018.11.22-16.11.03:137][953]LogSkinnedMeshComp: Warning: GetSocketByName(thigh_l): No SkeletalMesh for Component(CharacterMesh0) Actor(Assassin_C_0)
[2018.11.22-16.11.03:137][953]LogSkinnedMeshComp: Warning: GetSocketByName(lowerarm_r): No SkeletalMesh for Component(CharacterMesh0) Actor(Assassin_C_0)
[2018.11.22-16.11.03:137][953]LogSkinnedMeshComp: Warning: GetSocketByName(lowerarm_l): No SkeletalMesh for Component(CharacterMesh0) Actor(Assassin_C_0)
[2018.11.22-16.11.03:137][953]LogSkinnedMeshComp: Warning: GetSocketByName(calf_l): No SkeletalMesh for Component(CharacterMesh0) Actor(Assassin_C_0)
[2018.11.22-16.11.03:137][953]LogSkinnedMeshComp: Warning: GetSocketByName(foot_l): No SkeletalMesh for Component(CharacterMesh0) Actor(Assassin_C_0)
[2018.11.22-16.11.03:138][953]LogSkinnedMeshComp: Warning: GetSocketByName(foot_r): No SkeletalMesh for Component(CharacterMesh0) Actor(Assassin_C_0)
[2018.11.22-16.11.03:138][953]LogSkinnedMeshComp: Warning: GetSocketByName(calf_r): No SkeletalMesh for Component(CharacterMesh0) Actor(Assassin_C_0)
[2018.11.22-16.11.03:138][953]LogSkinnedMeshComp: Warning: GetSocketByName(Sword_Socket_Right): No SkeletalMesh for Component(CharacterMesh0) Actor(Assassin_C_0)
[2018.11.22-16.11.03:138][953]LogSkinnedMeshComp: Warning: GetSocketByName(hand_l): No SkeletalMesh for Component(CharacterMesh0) Actor(Assassin_C_0)
[2018.11.22-16.11.03:138][953]LogSkinnedMeshComp: Warning: GetSocketByName(Shield_Socket_Left): No SkeletalMesh for Component(CharacterMesh0) Actor(Assassin_C_0)
[2018.11.22-16.11.03:138][953]LogSkinnedMeshComp: Warning: GetSocketByName(Shield_Socket_Left): No SkeletalMesh for Component(CharacterMesh0) Actor(Assassin_C_0)
[2018.11.22-16.11.03:138][953]LogSkinnedMeshComp: Warning: GetSocketByName(Arrow_Socket_Right): No SkeletalMesh for Component(CharacterMesh0) Actor(Assassin_C_0)
[2018.11.22-16.11.03:138][953]LogSkinnedMeshComp: Warning: GetSocketByName(lowerarm_r): No SkeletalMesh for Component(CharacterMesh0) Actor(Assassin_C_0)
[2018.11.22-16.11.03:138][953]LogSkinnedMeshComp: Warning: GetSocketByName(lowerarm_l): No SkeletalMesh for Component(CharacterMesh0) Actor(Assassin_C_0)
[2018.11.22-16.11.07:798][491]LogSlate: Prevented a slow task dialog from being summoned while a context menu was open
[2018.11.22-16.11.13:818][174]LogAssetEditorManager: Opening Asset editor for Blueprint /Game/_ADNeo/ThirdPersonBP/Blueprints/ThirdPersonGameMode.ThirdPersonGameMode
[2018.11.22-16.11.14:600][174]LogContentBrowser: Native class hierarchy updated for 'BlueprintGraph' in 0.0012 seconds. Added 116 classes and 0 folders.
[2018.11.22-16.11.34:641][231]LogSlate: Window 'ThirdPersonGameMode' being destroyed
[2018.11.22-16.12.30:690][754]LogSlate: Only BGRA pngs, bmps or icos are supported in by External Image Picker
[2018.11.22-16.12.30:754][755]LogTemp: Executing iPhonePackager certificates Engine -bundlename com.YourCompany.TheArtofCombat
[2018.11.22-16.12.30:754][755]LogTemp: CWD: G:\Program Files\Epic Games\UE_4.20\Engine\Binaries\DotNET\IOS
[2018.11.22-16.12.30:754][755]LogTemp: Initial Dir: G:\Program Files\Epic Games\UE_4.20
[2018.11.22-16.12.30:754][755]LogTemp: Env CWD: G:\Program Files\Epic Games\UE_4.20\Engine\Binaries\DotNET\IOS
[2018.11.22-16.12.30:754][755]LogTemp: BranchPath = KILLROY/G/Program Files/Epic Games/UE_4.20/Engine/Binaries --- GameBranchPath = KILLROY/G/Program Files/Epic Games/UE_4.20/Engine/Binaries
[2018.11.22-16.12.30:779][756]LogTemp: IPP ERROR: Could not find provision directory 'C:\Users\Nicholaus\AppData\Local/Apple Computer/MobileDevice/Provisioning Profiles/'.
[2018.11.22-16.12.32:285][935]LogSlate: Window 'Project Settings' being destroyed
[2018.11.22-16.12.32:287][935]LogSlate: Window 'Project Settings' being destroyed
[2018.11.22-16.12.34:111][129]LogAssetEditorManager: Opening Asset editor for LevelScriptBlueprint /Game/_ADNeo/ThirdPersonBP/Maps/ThirdPersonExampleMap.ThirdPersonExampleMap:PersistentLevel.ThirdPersonExampleMap
[2018.11.22-16.12.34:804][129]LogSlate: Took 0.000334 seconds to synchronously load lazily loaded font '../../../Engine/Content/Slate/Fonts/Roboto-BoldCondensed.ttf' (158K)
[2018.11.22-16.12.34:877][130]LogSlate: Took 0.000527 seconds to synchronously load lazily loaded font '../../../Engine/Content/Slate/Fonts/Roboto-Italic.ttf' (157K)
[2018.11.22-16.14.22:954][293]LogSlate: FSceneViewport::OnFocusLost() reason 0
[2018.11.22-16.14.32:053][344]LogAIModule: Creating AISystem for world Arena01
[2018.11.22-16.14.32:064][344]LogAssetEditorManager: Opening Asset editor for World /Game/_ADNeo/CombatSys/Maps/Arena01.Arena01
[2018.11.22-16.14.32:114][344]Cmd: MAP LOAD FILE="../../../../../../Users/Nicholaus/Documents/LianeRepo/Art of Combat/TheArtofCombat/Content/_ADNeo/CombatSys/Maps/Arena01.umap" TEMPLATE=0 SHOWPROGRESS=1 FEATURELEVEL=3
[2018.11.22-16.14.32:114][344]LightingResults: New page: Lighting Build
[2018.11.22-16.14.32:115][344]LoadErrors: New page: Loading map: Arena01.umap
[2018.11.22-16.14.32:171][344]MapCheck: New page: Map Check
[2018.11.22-16.14.32:171][344]LightingResults: New page: Lighting Build
[2018.11.22-16.14.33:029][344]LogEditorServer: Finished looking for orphan Actors (0.000 secs)
[2018.11.22-16.14.33:101][344]Cmd: MAP CHECKDEP NOCLEARLOG
[2018.11.22-16.14.33:318][344]MapCheck: Map check complete: 0 Error(s), 0 Warning(s), took 217.257ms to complete.
[2018.11.22-16.14.33:323][344]LogFileHelpers: Loading map 'Arena01' took 1.210
[2018.11.22-16.14.36:993][760]LogSlate: FSceneViewport::OnFocusLost() reason 0
[2018.11.22-16.14.37:142][778]LogTemp: Repeating last play command: Selected Viewport
[2018.11.22-16.14.37:163][778]LogBlueprintUserMessages: Early PlayInEditor Detection: Level '/Game/_ADNeo/CombatSys/Maps/Arena01.Arena01:PersistentLevel' has LevelScriptBlueprint '/Game/_ADNeo/CombatSys/Maps/Arena01.Arena01:PersistentLevel.Arena01' with GeneratedClass '/Game/_ADNeo/CombatSys/Maps/Arena01.Arena01_C' with ClassGeneratedBy '/Game/_ADNeo/CombatSys/Maps/Arena01.Arena01:PersistentLevel.Arena01'
[2018.11.22-16.14.37:163][778]LogPlayLevel: PlayLevel: No blueprints needed recompiling
[2018.11.22-16.14.37:163][778]PIE: New page: PIE session: Arena01 (Nov 22, 2018, 12:14:37 AM)
[2018.11.22-16.14.37:164][778]LogPlayLevel: Creating play world package: /Game/_ADNeo/CombatSys/Maps/UEDPIE_0_Arena01
[2018.11.22-16.14.37:186][778]LogPlayLevel: PIE: StaticDuplicateObject took: (0.022264s)
[2018.11.22-16.14.37:187][778]LogAIModule: Creating AISystem for world Arena01
[2018.11.22-16.14.37:187][778]LogPlayLevel: PIE: World Init took: (0.000792s)
[2018.11.22-16.14.37:187][778]LogPlayLevel: PIE: Created PIE world by copying editor world from /Game/_ADNeo/CombatSys/Maps/Arena01.Arena01 to /Game/_ADNeo/CombatSys/Maps/UEDPIE_0_Arena01.Arena01 (0.023263s)
[2018.11.22-16.14.37:240][778]LogInit: XAudio2 using 'Speakers (Stealth 600)' : 2 channels at 48 kHz using 16 bits per sample (channel mask 0x3)
[2018.11.22-16.14.37:248][778]LogInit: FAudioDevice initialized.
[2018.11.22-16.14.37:283][778]LogLoad: Game class is 'Gameplay_GM_C'
[2018.11.22-16.14.37:287][778]LogWorld: Bringing World /Game/_ADNeo/CombatSys/Maps/UEDPIE_0_Arena01.Arena01 up for play (max tick rate 0) at 2018.11.22-08.14.37
[2018.11.22-16.14.37:288][778]LogWorld: Bringing up level for play took: 0.003591
[2018.11.22-16.14.37:304][778]LogGameMode: Display: Match State Changed from EnteringMap to WaitingToStart
[2018.11.22-16.14.37:304][778]LogGameState: Match State Changed from EnteringMap to WaitingToStart
[2018.11.22-16.14.37:304][778]LogGameMode: Display: Match State Changed from WaitingToStart to InProgress
[2018.11.22-16.14.37:335][778]LogSlate: Updating window title bar state: overlay mode, drag disabled, window buttons hidden, title bar hidden
[2018.11.22-16.14.37:335][778]LogStreaming: Warning: Failed to read file '../../../../../../Users/Nicholaus/Documents/LianeRepo/Art of Combat/TheArtofCombat/Saved/SaveGames/PlayerSettingsSave.sav' error.
[2018.11.22-16.14.37:336][778]LogScript: Warning: UGameplayStatics::BeginSpawningActorFromClass: can not spawn an actor from a NULL class
[2018.11.22-16.14.37:337][778]LogGameState: Match State Changed from WaitingToStart to InProgress
[2018.11.22-16.14.37:337][778]PIE: Play in editor start time for /Game/_ADNeo/CombatSys/Maps/UEDPIE_0_Arena01 -0.443
[2018.11.22-16.14.37:337][778]LogBlueprintUserMessages: Late PlayInEditor Detection: Level '/Game/_ADNeo/CombatSys/Maps/Arena01.Arena01:PersistentLevel' has LevelScriptBlueprint '/Game/_ADNeo/CombatSys/Maps/Arena01.Arena01:PersistentLevel.Arena01' with GeneratedClass '/Game/_ADNeo/CombatSys/Maps/Arena01.Arena01_C' with ClassGeneratedBy '/Game/_ADNeo/CombatSys/Maps/Arena01.Arena01:PersistentLevel.Arena01'
[2018.11.22-16.14.41:488][264]LogBlueprintUserMessages: Early EndPlayMap Detection: Level '/Game/_ADNeo/CombatSys/Maps/Arena01.Arena01:PersistentLevel' has LevelScriptBlueprint '/Game/_ADNeo/CombatSys/Maps/Arena01.Arena01:PersistentLevel.Arena01' with GeneratedClass '/Game/_ADNeo/CombatSys/Maps/Arena01.Arena01_C' with ClassGeneratedBy '/Game/_ADNeo/CombatSys/Maps/Arena01.Arena01:PersistentLevel.Arena01'
[2018.11.22-16.14.41:488][264]LogOnline: Warning: OSS: Can't destroy a null online session (GameSession)
[2018.11.22-16.14.41:488][264]LogSlate: Updating window title bar state: overlay mode, drag disabled, window buttons hidden, title bar hidden
[2018.11.22-16.14.41:524][264]LogPlayLevel: Display: Shutting down PIE online subsystems
[2018.11.22-16.14.41:525][264]LogBlueprintUserMessages: Late EndPlayMap Detection: Level '/Game/_ADNeo/CombatSys/Maps/Arena01.Arena01:PersistentLevel' has LevelScriptBlueprint '/Game/_ADNeo/CombatSys/Maps/Arena01.Arena01:PersistentLevel.Arena01' with GeneratedClass '/Game/_ADNeo/CombatSys/Maps/Arena01.Arena01_C' with ClassGeneratedBy '/Game/_ADNeo/CombatSys/Maps/Arena01.Arena01:PersistentLevel.Arena01'
[2018.11.22-16.14.41:575][264]LogSlate: Updating window title bar state: overlay mode, drag disabled, window buttons hidden, title bar hidden
[2018.11.22-16.14.41:603][265]LogPlayLevel: Display: Destroying online subsystem :Context_14
[2018.11.22-16.14.44:082][559]LogSlate: FSceneViewport::OnFocusLost() reason 0
[2018.11.22-16.14.46:819][752]LogBlueprint: Warning: [Compiler PersistentLevel.T] Input pin  Parameter Name  specifying non-default value no longer exists on node  Make TextureParameterValue . Please refresh node or reset pin to default value to remove pin.
[2018.11.22-16.14.46:965][752]LogBlueprint: Warning: [Compiler PersistentLevel.T] [0376.61] Compile of PersistentLevel.T successful, but with 1 Warning(s) [in 369 ms] (/Game/_ADNeo/CombatSys/Maps/T.T:PersistentLevel.T)
[2018.11.22-16.14.47:533][752]LogAIModule: Creating AISystem for world T
[2018.11.22-16.14.47:560][752]LogAssetEditorManager: Opening Asset editor for World /Game/_ADNeo/CombatSys/Maps/T.T
[2018.11.22-16.14.47:627][752]Cmd: MAP LOAD FILE="../../../../../../Users/Nicholaus/Documents/LianeRepo/Art of Combat/TheArtofCombat/Content/_ADNeo/CombatSys/Maps/T.umap" TEMPLATE=0 SHOWPROGRESS=1 FEATURELEVEL=3
[2018.11.22-16.14.47:627][752]LightingResults: New page: Lighting Build
[2018.11.22-16.14.47:628][752]LoadErrors: New page: Loading map: T.umap
[2018.11.22-16.14.47:629][752]MapCheck: New page: Map Check
[2018.11.22-16.14.47:629][752]LightingResults: New page: Lighting Build
[2018.11.22-16.14.48:596][752]LogEditorServer: Finished looking for orphan Actors (0.001 secs)
[2018.11.22-16.14.48:685][752]Cmd: MAP CHECKDEP NOCLEARLOG
[2018.11.22-16.14.49:015][752]MapCheck: Map check complete: 0 Error(s), 0 Warning(s), took 330.079ms to complete.
[2018.11.22-16.14.49:020][752]LogFileHelpers: Loading map 'T' took 1.394
[2018.11.22-16.14.49:130][753]LogRenderer: Reallocating scene render targets to support 1036x1024 Format 10 NumSamples 1 (Frame:1).
[2018.11.22-16.14.53:481][140]LogSlate: FSceneViewport::OnFocusLost() reason 0
[2018.11.22-16.14.53:610][152]LogTemp: Repeating last play command: Selected Viewport
[2018.11.22-16.14.53:630][152]LogBlueprintUserMessages: Early PlayInEditor Detection: Level '/Game/_ADNeo/CombatSys/Maps/T.T:PersistentLevel' has LevelScriptBlueprint '/Game/_ADNeo/CombatSys/Maps/T.T:PersistentLevel.T' with GeneratedClass '/Game/_ADNeo/CombatSys/Maps/T.T_C' with ClassGeneratedBy '/Game/_ADNeo/CombatSys/Maps/T.T:PersistentLevel.T'
[2018.11.22-16.14.53:631][152]LogPlayLevel: PlayLevel: No blueprints needed recompiling
[2018.11.22-16.14.53:631][152]PIE: New page: PIE session: T (Nov 22, 2018, 12:14:53 AM)
[2018.11.22-16.14.53:631][152]LogPlayLevel: Creating play world package: /Game/_ADNeo/CombatSys/Maps/UEDPIE_0_T
[2018.11.22-16.14.53:658][152]LogPlayLevel: PIE: StaticDuplicateObject took: (0.026347s)
[2018.11.22-16.14.53:658][152]LogAIModule: Creating AISystem for world T
[2018.11.22-16.14.53:659][152]LogPlayLevel: PIE: World Init took: (0.000757s)
[2018.11.22-16.14.53:659][152]LogPlayLevel: PIE: Created PIE world by copying editor world from /Game/_ADNeo/CombatSys/Maps/T.T to /Game/_ADNeo/CombatSys/Maps/UEDPIE_0_T.T (0.027323s)
[2018.11.22-16.14.53:715][152]LogInit: XAudio2 using 'Speakers (Stealth 600)' : 2 channels at 48 kHz using 16 bits per sample (channel mask 0x3)
[2018.11.22-16.14.53:724][152]LogInit: FAudioDevice initialized.
[2018.11.22-16.14.53:760][152]LogLoad: Game class is 'Survival_GM_C'
[2018.11.22-16.14.53:767][152]LogWorld: Bringing World /Game/_ADNeo/CombatSys/Maps/UEDPIE_0_T.T up for play (max tick rate 0) at 2018.11.22-08.14.53
[2018.11.22-16.14.53:768][152]LogWorld: Bringing up level for play took: 0.005377
[2018.11.22-16.14.53:784][152]LogGameMode: Display: Match State Changed from EnteringMap to WaitingToStart
[2018.11.22-16.14.53:784][152]LogGameState: Match State Changed from EnteringMap to WaitingToStart
[2018.11.22-16.14.53:784][152]LogGameMode: Display: Match State Changed from WaitingToStart to InProgress
[2018.11.22-16.14.53:803][152]LogSlate: Updating window title bar state: overlay mode, drag disabled, window buttons hidden, title bar hidden
[2018.11.22-16.14.53:803][152]LogStreaming: Warning: Failed to read file '../../../../../../Users/Nicholaus/Documents/LianeRepo/Art of Combat/TheArtofCombat/Saved/SaveGames/PlayerSettingsSave.sav' error.
[2018.11.22-16.14.53:803][152]LogGameState: Match State Changed from WaitingToStart to InProgress
[2018.11.22-16.14.53:804][152]PIE: Play in editor start time for /Game/_ADNeo/CombatSys/Maps/UEDPIE_0_T 0.024
[2018.11.22-16.14.53:804][152]LogBlueprintUserMessages: Late PlayInEditor Detection: Level '/Game/_ADNeo/CombatSys/Maps/T.T:PersistentLevel' has LevelScriptBlueprint '/Game/_ADNeo/CombatSys/Maps/T.T:PersistentLevel.T' with GeneratedClass '/Game/_ADNeo/CombatSys/Maps/T.T_C' with ClassGeneratedBy '/Game/_ADNeo/CombatSys/Maps/T.T:PersistentLevel.T'
[2018.11.22-16.14.58:310][574]LogBlueprintUserMessages: Early EndPlayMap Detection: Level '/Game/_ADNeo/CombatSys/Maps/T.T:PersistentLevel' has LevelScriptBlueprint '/Game/_ADNeo/CombatSys/Maps/T.T:PersistentLevel.T' with GeneratedClass '/Game/_ADNeo/CombatSys/Maps/T.T_C' with ClassGeneratedBy '/Game/_ADNeo/CombatSys/Maps/T.T:PersistentLevel.T'
[2018.11.22-16.14.58:310][574]LogSlate: Updating window title bar state: overlay mode, drag disabled, window buttons hidden, title bar hidden
[2018.11.22-16.14.58:356][574]LogPlayLevel: Display: Shutting down PIE online subsystems
[2018.11.22-16.14.58:356][574]LogBlueprintUserMessages: Late EndPlayMap Detection: Level '/Game/_ADNeo/CombatSys/Maps/T.T:PersistentLevel' has LevelScriptBlueprint '/Game/_ADNeo/CombatSys/Maps/T.T:PersistentLevel.T' with GeneratedClass '/Game/_ADNeo/CombatSys/Maps/T.T_C' with ClassGeneratedBy '/Game/_ADNeo/CombatSys/Maps/T.T:PersistentLevel.T'
[2018.11.22-16.14.58:392][574]LogSlate: Updating window title bar state: overlay mode, drag disabled, window buttons hidden, title bar hidden
[2018.11.22-16.14.58:436][575]LogPlayLevel: Display: Destroying online subsystem :Context_15
[2018.11.22-16.24.10:937][478]LogAudio: Warning: Current Audio Device with ID {0.0.0.00000000}.{3ce65878-131a-4db2-a92d-e7b1dad6b505} was removed. Shutting down audio device.
[2018.11.22-16.24.10:937][478]LogInit: XAudio2 using 'E24-C1 (NVIDIA High Definition Audio)' : 2 channels at 48 kHz using 16 bits per sample (channel mask 0x3)
[2018.11.22-16.28.29:684][248]LogInit: XAudio2 using 'Speakers (Stealth 600)' : 2 channels at 48 kHz using 16 bits per sample (channel mask 0x3)
[2018.11.22-16.28.30:029][249]LogInit: XAudio2 using 'Speakers (Stealth 600)' : 2 channels at 48 kHz using 16 bits per sample (channel mask 0x3)
[2018.11.22-16.33.00:274][ 55]LogAudio: Warning: Current Audio Device with ID {0.0.0.00000000}.{3ce65878-131a-4db2-a92d-e7b1dad6b505} was removed. Shutting down audio device.
[2018.11.22-16.33.00:274][ 55]LogInit: XAudio2 using 'E24-C1 (NVIDIA High Definition Audio)' : 2 channels at 48 kHz using 16 bits per sample (channel mask 0x3)
[2018.11.22-16.42.05:780][680]LogInit: XAudio2 using 'Speakers (Stealth 600)' : 2 channels at 48 kHz using 16 bits per sample (channel mask 0x3)
[2018.11.22-16.47.36:589][664]LogAudio: Warning: Current Audio Device with ID {0.0.0.00000000}.{3ce65878-131a-4db2-a92d-e7b1dad6b505} was removed. Shutting down audio device.
[2018.11.22-16.47.36:589][664]LogInit: XAudio2 using 'E24-C1 (NVIDIA High Definition Audio)' : 2 channels at 48 kHz using 16 bits per sample (channel mask 0x3)
[2018.11.22-16.50.21:316][154]LogInit: XAudio2 using 'Speakers (Stealth 600)' : 2 channels at 48 kHz using 16 bits per sample (channel mask 0x3)
[2018.11.22-17.24.46:215][307]LogAudio: Warning: Current Audio Device with ID {0.0.0.00000000}.{3ce65878-131a-4db2-a92d-e7b1dad6b505} was removed. Shutting down audio device.
[2018.11.22-17.24.46:215][307]LogInit: XAudio2 using 'E24-C1 (NVIDIA High Definition Audio)' : 2 channels at 48 kHz using 16 bits per sample (channel mask 0x3)
[2018.11.22-17.24.46:563][308]LogInit: XAudio2 using 'E24-C1 (NVIDIA High Definition Audio)' : 2 channels at 48 kHz using 16 bits per sample (channel mask 0x3)
[2018.11.23-01.50.20:991][851]LogInit: XAudio2 using 'Speakers (Stealth 600)' : 2 channels at 48 kHz using 16 bits per sample (channel mask 0x3)
[2018.11.23-02.54.57:623][394]LogAudio: Warning: Current Audio Device with ID {0.0.0.00000000}.{3ce65878-131a-4db2-a92d-e7b1dad6b505} was removed. Shutting down audio device.
[2018.11.23-02.54.57:623][394]LogInit: XAudio2 using 'E24-C1 (NVIDIA High Definition Audio)' : 2 channels at 48 kHz using 16 bits per sample (channel mask 0x3)
[2018.11.23-03.53.45:308][907]LogInit: XAudio2 using 'Speakers (Stealth 600)' : 2 channels at 48 kHz using 16 bits per sample (channel mask 0x3)
