Log file open, 07/13/18 17:22:57
LogWindows: Failed to load 'aqProf.dll' (GetLastError=126)
LogWindows: File 'aqProf.dll' does not exist
LogWindows: Failed to load 'VtuneApi.dll' (GetLastError=126)
LogWindows: File 'VtuneApi.dll' does not exist
LogWindows: Failed to load 'VtuneApi32e.dll' (GetLastError=126)
LogWindows: File 'VtuneApi32e.dll' does not exist
LogInit: Display: Running engine for game: LianeGame
LogPlatformFile: Not using cached read wrapper
LogInit: Display: RandInit(-1692611772) SRandInit(-1692611771).
LogInit: Read version file with build ID '3944462'
LogInit: Overriding engine version to CL 4033788, compatible CL 3944462
LogInit: Registered custom module enumerator with build ID '3944462'
LogTaskGraph: Started task graph with 5 named threads and 23 total threads with 3 sets of task threads.
LogStats: Stats thread started at 0.294307
LogD3D11RHI: Aftermath initialized
LogICUInternationalization: Display: ICU TimeZone Detection - Raw Offset: -8:00, Platform Override: ''
LogPluginManager: Mounting plugin Paper2D
LogPluginManager: Mounting plugin LiveLink
LogPluginManager: Mounting plugin LightPropagationVolume
LogPluginManager: Mounting plugin CLionSourceCodeAccess
LogPluginManager: Mounting plugin CodeLiteSourceCodeAccess
LogPluginManager: Mounting plugin GitSourceControl
LogPluginManager: Mounting plugin KDevelopSourceCodeAccess
LogPluginManager: Mounting plugin NullSourceCodeAccess
LogPluginManager: Mounting plugin PerforceSourceControl
LogPluginManager: Mounting plugin SubversionSourceControl
LogPluginManager: Mounting plugin UObjectPlugin
LogPluginManager: Mounting plugin VisualStudioCodeSourceCodeAccess
LogPluginManager: Mounting plugin VisualStudioSourceCodeAccess
LogPluginManager: Mounting plugin XCodeSourceCodeAccess
LogPluginManager: Mounting plugin AssetManagerEditor
LogPluginManager: Mounting plugin CryptoKeys
LogPluginManager: Mounting plugin DataValidation
LogPluginManager: Mounting plugin FacialAnimation
LogPluginManager: Mounting plugin GameplayTagsEditor
LogPluginManager: Mounting plugin MobileLauncherProfileWizard
LogPluginManager: Mounting plugin PluginBrowser
LogPluginManager: Mounting plugin SpeedTreeImporter
LogPluginManager: Mounting plugin DatasmithContent
LogPluginManager: Mounting plugin AlembicImporter
LogPluginManager: Mounting plugin CharacterAI
LogPluginManager: Mounting plugin HTML5Networking
LogPluginManager: Mounting plugin AndroidMedia
LogPluginManager: Mounting plugin AvfMedia
LogPluginManager: Mounting plugin ImgMedia
LogPluginManager: Mounting plugin LinearTimecode
LogPluginManager: Mounting plugin MediaCompositing
LogPluginManager: Mounting plugin MediaPlayerEditor
LogPluginManager: Mounting plugin WmfMedia
LogPluginManager: Mounting plugin TcpMessaging
LogPluginManager: Mounting plugin UdpMessaging
LogPluginManager: Mounting plugin ActorSequence
LogPluginManager: Mounting plugin LevelSequenceEditor
LogPluginManager: Mounting plugin MatineeToLevelSequence
LogPluginManager: Mounting plugin NetcodeUnitTest
LogPluginManager: Mounting plugin NUTUnrealEngine4
LogPluginManager: Mounting plugin OnlineSubsystemGooglePlay
LogPluginManager: Mounting plugin OnlineSubsystemIOS
LogPluginManager: Mounting plugin OnlineSubsystem
LogPluginManager: Mounting plugin OnlineSubsystemNull
LogPluginManager: Mounting plugin OnlineSubsystemUtils
LogPluginManager: Mounting plugin AndroidDeviceProfileSelector
LogPluginManager: Mounting plugin AndroidMoviePlayer
LogPluginManager: Mounting plugin AndroidPermission
LogPluginManager: Mounting plugin AppleARKit
LogPluginManager: Mounting plugin AppleMoviePlayer
LogPluginManager: Mounting plugin ArchVisCharacter
LogPluginManager: Mounting plugin AudioCapture
LogPluginManager: Mounting plugin CableComponent
LogPluginManager: Mounting plugin CustomMeshComponent
LogPluginManager: Mounting plugin ExampleDeviceProfileSelector
LogPluginManager: Mounting plugin GoogleCloudMessaging
LogPluginManager: Mounting plugin ImmediatePhysics
LogPluginManager: Mounting plugin IOSDeviceProfileSelector
LogPluginManager: Mounting plugin LinuxDeviceProfileSelector
LogPluginManager: Mounting plugin LocationServicesBPLibrary
LogPluginManager: Mounting plugin MobilePatchingUtils
LogPluginManager: Mounting plugin OculusVR
LogPluginManager: Plugin shader directory ../../../Engine/Plugins/Runtime/Oculus/OculusVR/Shaders found
LogPluginManager: Mapping shader source directory ../../../Engine/Plugins/Runtime/Oculus/OculusVR/Shaders to virtual directory /Plugin/OculusVR
LogPluginManager: Mounting plugin PhysXVehicles
LogPluginManager: Mounting plugin ProceduralMeshComponent
LogPluginManager: Mounting plugin RuntimePhysXCooking
LogPluginManager: Mounting plugin SteamVR
LogPluginManager: Mounting plugin WindowsMoviePlayer
LogStreaming: Display: Took  0.088s to configure plugins.
LogModuleManager: Display: Found up-to-date module file ../../../../../../Users/Nicholaus/Documents/LianeRepo/MasterProjectCPP/LianeGame/Binaries/Win64/UE4Editor-LianeGame-9938.dll (API version 3944462).
LogModuleManager: Display: Found up-to-date module file ../../../Engine/Plugins/2D/Paper2D/Binaries/Win64/UE4Editor-Paper2D.dll (API version 3944462).
LogModuleManager: Display: Found up-to-date module file ../../../Engine/Plugins/2D/Paper2D/Binaries/Win64/UE4Editor-Paper2DEditor.dll (API version 3944462).
LogModuleManager: Display: Found up-to-date module file ../../../Engine/Plugins/2D/Paper2D/Binaries/Win64/UE4Editor-PaperSpriteSheetImporter.dll (API version 3944462).
LogModuleManager: Display: Found up-to-date module file ../../../Engine/Plugins/2D/Paper2D/Binaries/Win64/UE4Editor-PaperTiledImporter.dll (API version 3944462).
LogModuleManager: Display: Found up-to-date module file ../../../Engine/Plugins/2D/Paper2D/Binaries/Win64/UE4Editor-SmartSnapping.dll (API version 3944462).
LogModuleManager: Display: Found up-to-date module file ../../../Engine/Plugins/Animation/LiveLink/Binaries/Win64/UE4Editor-LiveLink.dll (API version 3944462).
LogModuleManager: Display: Found up-to-date module file ../../../Engine/Plugins/Animation/LiveLink/Binaries/Win64/UE4Editor-LiveLinkEditor.dll (API version 3944462).
LogModuleManager: Display: Found up-to-date module file ../../../Engine/Plugins/Blendables/LightPropagationVolume/Binaries/Win64/UE4Editor-LightPropagationVolumeRuntime.dll (API version 3944462).
LogModuleManager: Display: Found up-to-date module file ../../../Engine/Plugins/Blendables/LightPropagationVolume/Binaries/Win64/UE4Editor-LightPropagationVolumeEditor.dll (API version 3944462).
LogModuleManager: Display: Found up-to-date module file ../../../Engine/Plugins/Developer/CLionSourceCodeAccess/Binaries/Win64/UE4Editor-CLionSourceCodeAccess.dll (API version 3944462).
LogModuleManager: Display: Found up-to-date module file ../../../Engine/Plugins/Developer/GitSourceControl/Binaries/Win64/UE4Editor-GitSourceControl.dll (API version 3944462).
LogModuleManager: Display: Found up-to-date module file ../../../Engine/Plugins/Developer/PerforceSourceControl/Binaries/Win64/UE4Editor-PerforceSourceControl.dll (API version 3944462).
LogModuleManager: Display: Found up-to-date module file ../../../Engine/Plugins/Developer/SubversionSourceControl/Binaries/Win64/UE4Editor-SubversionSourceControl.dll (API version 3944462).
LogModuleManager: Display: Found up-to-date module file ../../../Engine/Plugins/Developer/UObjectPlugin/Binaries/Win64/UE4Editor-UObjectPlugin.dll (API version 3944462).
LogModuleManager: Display: Found up-to-date module file ../../../Engine/Plugins/Developer/VisualStudioCodeSourceCodeAccess/Binaries/Win64/UE4Editor-VisualStudioCodeSourceCodeAccess.dll (API version 3944462).
LogModuleManager: Display: Found up-to-date module file ../../../Engine/Plugins/Developer/VisualStudioSourceCodeAccess/Binaries/Win64/UE4Editor-VisualStudioSourceCodeAccess.dll (API version 3944462).
LogModuleManager: Display: Found up-to-date module file ../../../Engine/Plugins/Editor/AssetManagerEditor/Binaries/Win64/UE4Editor-AssetManagerEditor.dll (API version 3944462).
LogModuleManager: Display: Found up-to-date module file ../../../Engine/Plugins/Editor/CryptoKeys/Binaries/Win64/UE4Editor-CryptoKeys.dll (API version 3944462).
LogModuleManager: Display: Found up-to-date module file ../../../Engine/Plugins/Editor/CryptoKeys/Binaries/Win64/UE4Editor-CryptoKeysOpenSSL.dll (API version 3944462).
LogModuleManager: Display: Found up-to-date module file ../../../Engine/Plugins/Editor/DataValidation/Binaries/Win64/UE4Editor-DataValidation.dll (API version 3944462).
LogModuleManager: Display: Found up-to-date module file ../../../Engine/Plugins/Editor/FacialAnimation/Binaries/Win64/UE4Editor-FacialAnimation.dll (API version 3944462).
LogModuleManager: Display: Found up-to-date module file ../../../Engine/Plugins/Editor/FacialAnimation/Binaries/Win64/UE4Editor-FacialAnimationEditor.dll (API version 3944462).
LogModuleManager: Display: Found up-to-date module file ../../../Engine/Plugins/Editor/GameplayTagsEditor/Binaries/Win64/UE4Editor-GameplayTagsEditor.dll (API version 3944462).
LogModuleManager: Display: Found up-to-date module file ../../../Engine/Plugins/Editor/MobileLauncherProfileWizard/Binaries/Win64/UE4Editor-MobileLauncherProfileWizard.dll (API version 3944462).
LogModuleManager: Display: Found up-to-date module file ../../../Engine/Plugins/Editor/PluginBrowser/Binaries/Win64/UE4Editor-PluginBrowser.dll (API version 3944462).
LogModuleManager: Display: Found up-to-date module file ../../../Engine/Plugins/Editor/SpeedTreeImporter/Binaries/Win64/UE4Editor-SpeedTreeImporter.dll (API version 3944462).
LogModuleManager: Display: Found up-to-date module file ../../../Engine/Plugins/Enterprise/DatasmithContent/Binaries/Win64/UE4Editor-DatasmithContent.dll (API version 3944462).
LogModuleManager: Display: Found up-to-date module file ../../../Engine/Plugins/Experimental/AlembicImporter/Binaries/Win64/UE4Editor-AlembicImporter.dll (API version 3944462).
LogModuleManager: Display: Found up-to-date module file ../../../Engine/Plugins/Experimental/AlembicImporter/Binaries/Win64/UE4Editor-AlembicLibrary.dll (API version 3944462).
LogModuleManager: Display: Found up-to-date module file ../../../Engine/Plugins/Experimental/CharacterAI/Binaries/Win64/UE4Editor-CharacterAI.dll (API version 3944462).
LogModuleManager: Display: Found up-to-date module file ../../../Engine/Plugins/Experimental/HTML5Networking/Binaries/Win64/UE4Editor-HTML5Networking.dll (API version 3944462).
LogModuleManager: Display: Found up-to-date module file ../../../Engine/Plugins/Media/AndroidMedia/Binaries/Win64/UE4Editor-AndroidMediaEditor.dll (API version 3944462).
LogModuleManager: Display: Found up-to-date module file ../../../Engine/Plugins/Media/AndroidMedia/Binaries/Win64/UE4Editor-AndroidMediaFactory.dll (API version 3944462).
LogModuleManager: Display: Found up-to-date module file ../../../Engine/Plugins/Media/AvfMedia/Binaries/Win64/UE4Editor-AvfMediaEditor.dll (API version 3944462).
LogModuleManager: Display: Found up-to-date module file ../../../Engine/Plugins/Media/AvfMedia/Binaries/Win64/UE4Editor-AvfMediaFactory.dll (API version 3944462).
LogModuleManager: Display: Found up-to-date module file ../../../Engine/Plugins/Media/AvfMedia/Binaries/Win64/UE4Editor-AvfMediaFactory.dll (API version 3944462).
LogModuleManager: Display: Found up-to-date module file ../../../Engine/Plugins/Media/ImgMedia/Binaries/Win64/UE4Editor-ImgMedia.dll (API version 3944462).
LogModuleManager: Display: Found up-to-date module file ../../../Engine/Plugins/Media/ImgMedia/Binaries/Win64/UE4Editor-ImgMediaEditor.dll (API version 3944462).
LogModuleManager: Display: Found up-to-date module file ../../../Engine/Plugins/Media/ImgMedia/Binaries/Win64/UE4Editor-ImgMediaFactory.dll (API version 3944462).
LogModuleManager: Display: Found up-to-date module file ../../../Engine/Plugins/Media/ImgMedia/Binaries/Win64/UE4Editor-ImgMediaFactory.dll (API version 3944462).
LogModuleManager: Display: Found up-to-date module file ../../../Engine/Plugins/Media/ImgMedia/Binaries/Win64/UE4Editor-OpenExrWrapper.dll (API version 3944462).
LogModuleManager: Display: Found up-to-date module file ../../../Engine/Plugins/Media/LinearTimecode/Binaries/Win64/UE4Editor-LinearTimecode.dll (API version 3944462).
LogModuleManager: Display: Found up-to-date module file ../../../Engine/Plugins/Media/MediaCompositing/Binaries/Win64/UE4Editor-MediaCompositing.dll (API version 3944462).
LogModuleManager: Display: Found up-to-date module file ../../../Engine/Plugins/Media/MediaCompositing/Binaries/Win64/UE4Editor-MediaCompositingEditor.dll (API version 3944462).
LogModuleManager: Display: Found up-to-date module file ../../../Engine/Plugins/Media/MediaPlayerEditor/Binaries/Win64/UE4Editor-MediaPlayerEditor.dll (API version 3944462).
LogModuleManager: Display: Found up-to-date module file ../../../Engine/Plugins/Media/WmfMedia/Binaries/Win64/UE4Editor-WmfMedia.dll (API version 3944462).
LogModuleManager: Display: Found up-to-date module file ../../../Engine/Plugins/Media/WmfMedia/Binaries/Win64/UE4Editor-WmfMediaEditor.dll (API version 3944462).
LogModuleManager: Display: Found up-to-date module file ../../../Engine/Plugins/Media/WmfMedia/Binaries/Win64/UE4Editor-WmfMediaFactory.dll (API version 3944462).
LogModuleManager: Display: Found up-to-date module file ../../../Engine/Plugins/Media/WmfMedia/Binaries/Win64/UE4Editor-WmfMediaFactory.dll (API version 3944462).
LogModuleManager: Display: Found up-to-date module file ../../../Engine/Plugins/Messaging/TcpMessaging/Binaries/Win64/UE4Editor-TcpMessaging.dll (API version 3944462).
LogModuleManager: Display: Found up-to-date module file ../../../Engine/Plugins/Messaging/UdpMessaging/Binaries/Win64/UE4Editor-UdpMessaging.dll (API version 3944462).
LogModuleManager: Display: Found up-to-date module file ../../../Engine/Plugins/MovieScene/ActorSequence/Binaries/Win64/UE4Editor-ActorSequence.dll (API version 3944462).
LogModuleManager: Display: Found up-to-date module file ../../../Engine/Plugins/MovieScene/LevelSequenceEditor/Binaries/Win64/UE4Editor-LevelSequenceEditor.dll (API version 3944462).
LogModuleManager: Display: Found up-to-date module file ../../../Engine/Plugins/MovieScene/MatineeToLevelSequence/Binaries/Win64/UE4Editor-MatineeToLevelSequence.dll (API version 3944462).
LogModuleManager: Display: Found up-to-date module file ../../../Engine/Plugins/NetcodeUnitTest/NetcodeUnitTest/Binaries/Win64/UE4Editor-NetcodeUnitTest.dll (API version 3944462).
LogModuleManager: Display: Found up-to-date module file ../../../Engine/Plugins/NetcodeUnitTest/NUTUnrealEngine4/Binaries/Win64/UE4Editor-NUTUnrealEngine4.dll (API version 3944462).
LogModuleManager: Display: Found up-to-date module file ../../../Engine/Plugins/Online/OnlineSubsystem/Binaries/Win64/UE4Editor-OnlineSubsystem.dll (API version 3944462).
LogModuleManager: Display: Found up-to-date module file ../../../Engine/Plugins/Online/OnlineSubsystemNull/Binaries/Win64/UE4Editor-OnlineSubsystemNull.dll (API version 3944462).
LogModuleManager: Display: Found up-to-date module file ../../../Engine/Plugins/Online/OnlineSubsystemUtils/Binaries/Win64/UE4Editor-OnlineSubsystemUtils.dll (API version 3944462).
LogModuleManager: Display: Found up-to-date module file ../../../Engine/Plugins/Online/OnlineSubsystemUtils/Binaries/Win64/UE4Editor-OnlineBlueprintSupport.dll (API version 3944462).
LogModuleManager: Display: Found up-to-date module file ../../../Engine/Plugins/Runtime/AndroidDeviceProfileSelector/Binaries/Win64/UE4Editor-AndroidDeviceProfileSelector.dll (API version 3944462).
LogModuleManager: Display: Found up-to-date module file ../../../Engine/Plugins/Runtime/AndroidPermission/Binaries/Win64/UE4Editor-AndroidPermission.dll (API version 3944462).
LogModuleManager: Display: Found up-to-date module file ../../../Engine/Plugins/Runtime/AppleARKit/Binaries/Win64/UE4Editor-AppleARKit.dll (API version 3944462).
LogModuleManager: Display: Found up-to-date module file ../../../Engine/Plugins/Runtime/ArchVisCharacter/Binaries/Win64/UE4Editor-ArchVisCharacter.dll (API version 3944462).
LogModuleManager: Display: Found up-to-date module file ../../../Engine/Plugins/Runtime/AudioCapture/Binaries/Win64/UE4Editor-AudioCapture.dll (API version 3944462).
LogModuleManager: Display: Found up-to-date module file ../../../Engine/Plugins/Runtime/AudioCapture/Binaries/Win64/UE4Editor-AudioCaptureEditor.dll (API version 3944462).
LogModuleManager: Display: Found up-to-date module file ../../../Engine/Plugins/Runtime/CableComponent/Binaries/Win64/UE4Editor-CableComponent.dll (API version 3944462).
LogModuleManager: Display: Found up-to-date module file ../../../Engine/Plugins/Runtime/CustomMeshComponent/Binaries/Win64/UE4Editor-CustomMeshComponent.dll (API version 3944462).
LogModuleManager: Display: Found up-to-date module file ../../../Engine/Plugins/Runtime/ExampleDeviceProfileSelector/Binaries/Win64/UE4Editor-ExampleDeviceProfileSelector.dll (API version 3944462).
LogModuleManager: Display: Found up-to-date module file ../../../Engine/Plugins/Runtime/ImmediatePhysics/Binaries/Win64/UE4Editor-ImmediatePhysics.dll (API version 3944462).
LogModuleManager: Display: Found up-to-date module file ../../../Engine/Plugins/Runtime/ImmediatePhysics/Binaries/Win64/UE4Editor-ImmediatePhysicsEditor.dll (API version 3944462).
LogModuleManager: Display: Found up-to-date module file ../../../Engine/Plugins/Runtime/LocationServicesBPLibrary/Binaries/Win64/UE4Editor-LocationServicesBPLibrary.dll (API version 3944462).
LogModuleManager: Display: Found up-to-date module file ../../../Engine/Plugins/Runtime/MobilePatchingUtils/Binaries/Win64/UE4Editor-MobilePatchingUtils.dll (API version 3944462).
LogModuleManager: Display: Found up-to-date module file ../../../Engine/Plugins/Runtime/Oculus/OculusVR/Binaries/Win64/UE4Editor-OculusHMD.dll (API version 3944462).
LogModuleManager: Display: Found up-to-date module file ../../../Engine/Plugins/Runtime/Oculus/OculusVR/Binaries/Win64/UE4Editor-OculusInput.dll (API version 3944462).
LogModuleManager: Display: Found up-to-date module file ../../../Engine/Plugins/Runtime/Oculus/OculusVR/Binaries/Win64/UE4Editor-OculusEditor.dll (API version 3944462).
LogModuleManager: Display: Found up-to-date module file ../../../Engine/Plugins/Runtime/PhysXVehicles/Binaries/Win64/UE4Editor-PhysXVehicles.dll (API version 3944462).
LogModuleManager: Display: Found up-to-date module file ../../../Engine/Plugins/Runtime/PhysXVehicles/Binaries/Win64/UE4Editor-PhysXVehiclesEditor.dll (API version 3944462).
LogModuleManager: Display: Found up-to-date module file ../../../Engine/Plugins/Runtime/ProceduralMeshComponent/Binaries/Win64/UE4Editor-ProceduralMeshComponent.dll (API version 3944462).
LogModuleManager: Display: Found up-to-date module file ../../../Engine/Plugins/Runtime/ProceduralMeshComponent/Binaries/Win64/UE4Editor-ProceduralMeshComponentEditor.dll (API version 3944462).
LogModuleManager: Display: Found up-to-date module file ../../../Engine/Plugins/Runtime/RuntimePhysXCooking/Binaries/Win64/UE4Editor-RuntimePhysXCooking.dll (API version 3944462).
LogModuleManager: Display: Found up-to-date module file ../../../Engine/Plugins/Runtime/Steam/SteamVR/Binaries/Win64/UE4Editor-SteamVR.dll (API version 3944462).
LogModuleManager: Display: Found up-to-date module file ../../../Engine/Plugins/Runtime/Steam/SteamVR/Binaries/Win64/UE4Editor-SteamVRController.dll (API version 3944462).
LogModuleManager: Display: Found up-to-date module file ../../../Engine/Plugins/Runtime/WindowsMoviePlayer/Binaries/Win64/UE4Editor-WindowsMoviePlayer.dll (API version 3944462).
LogInit: Using libcurl 7.47.1
LogInit:  - built for x86_64-pc-win32
LogInit:  - supports SSL with OpenSSL/1.0.2g
LogInit:  - supports HTTP deflate (compression) using libz 1.2.8
LogInit:  - other features:
LogInit:      CURL_VERSION_SSL
LogInit:      CURL_VERSION_LIBZ
LogInit:      CURL_VERSION_IPV6
LogInit:      CURL_VERSION_ASYNCHDNS
LogInit:      CURL_VERSION_LARGEFILE
LogInit:      CURL_VERSION_IDN
LogInit:  CurlRequestOptions (configurable via config and command line):
LogInit:  - bVerifyPeer = false  - Libcurl will NOT verify peer certificate
LogInit:  - bUseHttpProxy = false  - Libcurl will NOT use HTTP proxy
LogInit:  - bDontReuseConnections = false  - Libcurl will reuse connections
LogInit:  - CertBundlePath = nullptr  - Libcurl will use whatever was configured at build time.
LogInit:  - MaxHostConnections = 16  - Libcurl will limit the number of connections to a host
LogInit:  - LocalHostAddr = Default
LogInit: WinSock: version 1.1 (2.2), MaxSocks=32767, MaxUdp=65467
LogInit: WinSock: I am KillRoy (10.0.0.108:0)
LogInit: Build: ++UE4+Release-4.19-CL-4033788
LogInit: Engine Version: 4.19.2-4033788+++UE4+Release-4.19
LogInit: Compatible Engine Version: 4.19.0-3944462+++UE4+Release-4.19
LogInit: Net CL: 3944462
LogDevObjectVersion: Number of dev versions registered: 18
LogDevObjectVersion:   Dev-Blueprints (B0D832E4-1F89-4F0D-ACCF-7EB736FD4AA2): 10
LogDevObjectVersion:   Dev-Build (E1C64328-A22C-4D53-A36C-8E866417BD8C): 0
LogDevObjectVersion:   Dev-Core (375EC13C-06E4-48FB-B500-84F0262A717E): 2
LogDevObjectVersion:   Dev-Editor (E4B068ED-F494-42E9-A231-DA0B2E46BB41): 23
LogDevObjectVersion:   Dev-Framework (CFFC743F-43B0-4480-9391-14DF171D2073): 33
LogDevObjectVersion:   Dev-Mobile (B02B49B5-BB20-44E9-A304-32B752E40360): 2
LogDevObjectVersion:   Dev-Networking (A4E4105C-59A1-49B5-A7C5-40C4547EDFEE): 0
LogDevObjectVersion:   Dev-Online (39C831C9-5AE6-47DC-9A44-9C173E1C8E7C): 0
LogDevObjectVersion:   Dev-Physics (78F01B33-EBEA-4F98-B9B4-84EACCB95AA2): 0
LogDevObjectVersion:   Dev-Platform (6631380F-2D4D-43E0-8009-CF276956A95A): 0
LogDevObjectVersion:   Dev-Rendering (12F88B9F-8875-4AFC-A67C-D90C383ABD29): 25
LogDevObjectVersion:   Dev-Sequencer (7B5AE74C-D270-4C10-A958-57980B212A5A): 6
LogDevObjectVersion:   Dev-VR (D7296918-1DD6-4BDD-9DE2-64A83CC13884): 1
LogDevObjectVersion:   Dev-LoadTimes (C2A15278-BFE7-4AFE-6C17-90FF531DF755): 1
LogDevObjectVersion:   Private-Geometry (6EACA3D4-40EC-4CC1-B786-8BED09428FC5): 2
LogDevObjectVersion:   Dev-AnimPhys (29E575DD-E0A3-4627-9D10-D276232CDCEA): 16
LogDevObjectVersion:   Dev-ReflectionCapture (6B266CEC-1EC7-4B8F-A30B-E4D90942FC07): 1
LogDevObjectVersion:   Dev-Automation (0DF73D61-A23F-47EA-B727-89E90C41499A): 1
LogInit: Compiled (64-bit): Apr 27 2018 02:06:57
LogInit: Compiled with Visual C++: 19.00.24215.01
LogInit: Build Configuration: Development
LogInit: Branch Name: ++UE4+Release-4.19
LogInit: Command Line: 
LogInit: Base Directory: G:/Program Files/Epic Games/UE_4.19/Engine/Binaries/Win64/
LogInit: Installed Engine Build: 1
LogStreaming: Display: Took  0.001s to delete old logs.
LogInit: Presizing for max 8388607 objects, including 0 objects not considered by GC, pre-allocating 0 bytes for permanent pool.
LogInit: Object subsystem initialized
[2018.07.14-00.22.59:301][  0]LogInit: Selected Device Profile: [Windows]
[2018.07.14-00.22.59:301][  0]LogInit: Applying CVar settings loaded from the selected device profile: [Windows]
[2018.07.14-00.22.59:323][  0]LogInit: Computer: KILLROY
[2018.07.14-00.22.59:323][  0]LogInit: User: Nicholaus
[2018.07.14-00.22.59:323][  0]LogInit: CPU Page size=4096, Cores=4
[2018.07.14-00.22.59:323][  0]LogInit: High frequency timer resolution =3.613344 MHz
[2018.07.14-00.22.59:323][  0]LogMemory: Memory total: Physical=31.9GB (32GB approx)
[2018.07.14-00.22.59:323][  0]LogMemory: Platform Memory Stats for Windows
[2018.07.14-00.22.59:324][  0]LogMemory: Process Physical Memory: 273.88 MB used, 273.88 MB peak
[2018.07.14-00.22.59:324][  0]LogMemory: Process Virtual Memory: 264.50 MB used, 264.50 MB peak
[2018.07.14-00.22.59:324][  0]LogMemory: Physical Memory: 9582.25 MB used,  23102.68 MB free, 32684.93 MB total
[2018.07.14-00.22.59:324][  0]LogMemory: Virtual Memory: 4794.22 MB used,  23102.68 MB free, 134217728.00 MB total
[2018.07.14-00.22.59:361][  0]LogInit: Using OS detected language (en-US).
[2018.07.14-00.22.59:361][  0]LogInit: Using OS detected locale (en-US).
[2018.07.14-00.22.59:365][  0]LogTextLocalizationManager: No specific localization for 'en-US' exists, so the 'en' localization will be used.
[2018.07.14-00.22.59:790][  0]LogStreaming: Display: Took  0.430s to EndInitTextLocalization.
[2018.07.14-00.22.59:791][  0]LogInit: Setting process to per monitor DPI aware
[2018.07.14-00.22.59:854][  0]LogSlate: New Slate User Created.  User Index 0, Is Virtual User: 0
[2018.07.14-00.22.59:855][  0]LogSlate: Slate User Registered.  User Index 0, Is Virtual User: 0
[2018.07.14-00.23.00:069][  0]LogD3D11RHI: D3D11 adapters:
[2018.07.14-00.23.00:198][  0]LogD3D11RHI:    0. 'NVIDIA GeForce GTX 1060 6GB' (Feature Level 11_0)
[2018.07.14-00.23.00:198][  0]LogD3D11RHI:       6052/0/16342 MB DedicatedVideo/DedicatedSystem/SharedSystem, Outputs:3, VendorId:0x10de
[2018.07.14-00.23.00:200][  0]LogD3D11RHI:    1. 'Microsoft Basic Render Driver' (Feature Level 11_0)
[2018.07.14-00.23.00:200][  0]LogD3D11RHI:       0/0/16342 MB DedicatedVideo/DedicatedSystem/SharedSystem, Outputs:0, VendorId:0x1414
[2018.07.14-00.23.00:200][  0]LogD3D11RHI: Chosen D3D11 Adapter: 0
[2018.07.14-00.23.00:206][  0]LogD3D11RHI: Creating new Direct3DDevice
[2018.07.14-00.23.00:206][  0]LogD3D11RHI:     GPU DeviceId: 0x1c03 (for the marketing name, search the web for "GPU Device Id")
[2018.07.14-00.23.00:206][  0]LogWindows: EnumDisplayDevices:
[2018.07.14-00.23.00:206][  0]LogWindows:    0. 'NVIDIA GeForce GTX 1060 6GB' (P:1 D:1)
[2018.07.14-00.23.00:206][  0]LogWindows:    1. 'NVIDIA GeForce GTX 1060 6GB' (P:0 D:1)
[2018.07.14-00.23.00:206][  0]LogWindows:    2. 'NVIDIA GeForce GTX 1060 6GB' (P:0 D:1)
[2018.07.14-00.23.00:206][  0]LogWindows:    3. 'NVIDIA GeForce GTX 1060 6GB' (P:0 D:0)
[2018.07.14-00.23.00:206][  0]LogWindows: DebugString: GetVideoDriverDetailsInvalid PrimaryIsNotTheChoosenAdapter GetVideoDriverDetailsInvalid PrimaryIsNotTheChoosenAdapter GetVideoDriverDetailsInvalid PrimaryIsNotTheChoosenAdapter GetVideoDriverDetailsInvalid PrimaryIsNotTheChoosenAdapter FoundDriverCount:0 
[2018.07.14-00.23.00:206][  0]LogD3D11RHI:     Adapter Name: NVIDIA GeForce GTX 1060 6GB
[2018.07.14-00.23.00:206][  0]LogD3D11RHI:   Driver Version: Unknown (internal:Unknown, unified:Unknown)
[2018.07.14-00.23.00:206][  0]LogD3D11RHI:      Driver Date: Unknown
[2018.07.14-00.23.00:206][  0]LogRHI: Texture pool is 4236 MB (70% of 6052 MB)
[2018.07.14-00.23.00:270][  0]LogD3D11RHI: [Aftermath] Aftermath enabled and primed
[2018.07.14-00.23.00:270][  0]LogD3D11RHI: [Aftermath] Aftermath enabled and primed
[2018.07.14-00.23.00:270][  0]LogD3D11RHI: Async texture creation enabled
[2018.07.14-00.23.00:323][  0]LogD3D11RHI: GPU Timing Frequency: 1000.000000 (Debug: 2 2)
[2018.07.14-00.23.00:472][  0]LogShaderCompilers: Guid format shader working directory is -30 characters bigger than the processId version (../../../../../../Users/Nicholaus/Documents/LianeRepo/MasterProjectCPP/LianeGame/Intermediate/Shaders/WorkingDirectory/3236/).
[2018.07.14-00.23.00:473][  0]LogShaderCompilers: Cleaned the shader compiler working directory 'C:/Users/Nicholaus/AppData/Local/Temp/UnrealShaderWorkingDir/5C98DB62407913BB4D4C8EB2ED0F542B/'.
[2018.07.14-00.23.00:796][  0]LogTemp: Display: Loaded TP AllDesktopTargetPlatform
[2018.07.14-00.23.00:818][  0]LogTemp: Display: Loaded TP MacClientTargetPlatform
[2018.07.14-00.23.00:838][  0]LogTemp: Display: Loaded TP MacNoEditorTargetPlatform
[2018.07.14-00.23.00:868][  0]LogTemp: Display: Loaded TP MacServerTargetPlatform
[2018.07.14-00.23.00:890][  0]LogTemp: Display: Loaded TP MacTargetPlatform
[2018.07.14-00.23.00:904][  0]LogTemp: Display: Loaded TP WindowsClientTargetPlatform
[2018.07.14-00.23.00:918][  0]LogTemp: Display: Loaded TP WindowsNoEditorTargetPlatform
[2018.07.14-00.23.00:932][  0]LogTemp: Display: Loaded TP WindowsServerTargetPlatform
[2018.07.14-00.23.00:939][  0]LogTemp: Display: Loaded TP WindowsTargetPlatform
[2018.07.14-00.23.00:951][  0]LogTemp: Display: Loaded TP Android_ASTCTargetPlatform
[2018.07.14-00.23.00:964][  0]LogTemp: Display: Loaded TP Android_ATCTargetPlatform
[2018.07.14-00.23.00:976][  0]LogTemp: Display: Loaded TP Android_DXTTargetPlatform
[2018.07.14-00.23.00:989][  0]LogTemp: Display: Loaded TP Android_ETC1aTargetPlatform
[2018.07.14-00.23.01:002][  0]LogTemp: Display: Loaded TP Android_ETC1TargetPlatform
[2018.07.14-00.23.01:015][  0]LogTemp: Display: Loaded TP Android_ETC2TargetPlatform
[2018.07.14-00.23.01:040][  0]LogTemp: Display: Loaded TP Android_MultiTargetPlatform
[2018.07.14-00.23.01:040][  0]LogTemp: Display: Loaded TP Android_PVRTCTargetPlatform
[2018.07.14-00.23.01:053][  0]LogTemp: Display: Loaded TP AndroidTargetPlatform
[2018.07.14-00.23.01:054][  0]LogTemp: Display: Loaded TP HTML5TargetPlatform
[2018.07.14-00.23.01:091][  0]LogTemp: Display: Loaded TP IOSTargetPlatform
[2018.07.14-00.23.01:131][  0]LogTemp: Display: Loaded TP TVOSTargetPlatform
[2018.07.14-00.23.01:154][  0]LogTemp: Display: Loaded TP LinuxClientTargetPlatform
[2018.07.14-00.23.01:169][  0]LogTemp: Display: Loaded TP LinuxNoEditorTargetPlatform
[2018.07.14-00.23.01:205][  0]LogTemp: Display: Loaded TP LinuxServerTargetPlatform
[2018.07.14-00.23.01:218][  0]LogTemp: Display: Loaded TP LinuxTargetPlatform
[2018.07.14-00.23.01:218][  0]LogTargetPlatformManager: Display: Building Assets For Windows
[2018.07.14-00.23.01:334][  0]LogXGEController: Cannot use XGE Controller as Incredibuild is not installed on this machine.
[2018.07.14-00.23.01:334][  0]LogShaderCompilers: Cannot use XGE Shader Compiler as Incredibuild is not installed on this machine.
[2018.07.14-00.23.01:334][  0]LogShaderCompilers: Display: Using Local Shader Compiler.
[2018.07.14-00.23.02:147][  0]LogDerivedDataCache: Display: Max Cache Size: 512 MB
[2018.07.14-00.23.02:219][  0]LogDerivedDataCache: Loaded boot cache 0.07s 77MB C:/Users/Nicholaus/AppData/Local/UnrealEngine/4.19/DerivedDataCache/Boot.ddc.
[2018.07.14-00.23.02:220][  0]LogDerivedDataCache: Display: Loaded Boot cache: C:/Users/Nicholaus/AppData/Local/UnrealEngine/4.19/DerivedDataCache/Boot.ddc
[2018.07.14-00.23.02:220][  0]LogDerivedDataCache: FDerivedDataBackendGraph:  Pak pak cache file ../../../../../../Users/Nicholaus/Documents/LianeRepo/MasterProjectCPP/LianeGame/DerivedDataCache/DDC.ddp not found, will not use a pak cache.
[2018.07.14-00.23.02:220][  0]LogDerivedDataCache: Unable to find inner node Pak for hierarchical cache Hierarchy.
[2018.07.14-00.23.02:220][  0]LogDerivedDataCache: FDerivedDataBackendGraph:  CompressedPak pak cache file ../../../../../../Users/Nicholaus/Documents/LianeRepo/MasterProjectCPP/LianeGame/DerivedDataCache/Compressed.ddp not found, will not use a pak cache.
[2018.07.14-00.23.02:220][  0]LogDerivedDataCache: Unable to find inner node CompressedPak for hierarchical cache Hierarchy.
[2018.07.14-00.23.02:235][  0]LogDerivedDataCache: Display: Pak cache opened for reading ../../../Engine/DerivedDataCache/Compressed.ddp.
[2018.07.14-00.23.02:247][  0]LogDerivedDataCache: Using Local data cache path C:/Users/Nicholaus/AppData/Local/UnrealEngine/Common/DerivedDataCache: Writable
[2018.07.14-00.23.02:247][  0]LogDerivedDataCache: Shared data cache path not found in *engine.ini, will not use an Shared cache.
[2018.07.14-00.23.02:247][  0]LogDerivedDataCache: Unable to find inner node Shared for hierarchical cache Hierarchy.
[2018.07.14-00.23.02:268][  0]LogMaterial: Verifying Global Shaders for PCD3D_SM5
[2018.07.14-00.23.02:269][  0]LogSlate: Using Freetype 2.6.0
[2018.07.14-00.23.02:269][  0]LogSlate: SlateFontCache - WITH_FREETYPE: 1, WITH_HARFBUZZ: 1
[2018.07.14-00.23.02:269][  0]LogSlate: SlateFontCache - WITH_FREETYPE: 1, WITH_HARFBUZZ: 1
[2018.07.14-00.23.02:439][  0]LogAssetRegistry: FAssetRegistry took 0.0288 seconds to start up
[2018.07.14-00.23.02:884][  0]LogInit: Selected Device Profile: [Windows]
[2018.07.14-00.23.03:100][  0]LogSimplygon: Simplygon DLL not present - disabling.
[2018.07.14-00.23.03:103][  0]LogMeshReduction: Using SimplygonSwarm for distributed automatic mesh merging
[2018.07.14-00.23.03:103][  0]LogMeshReduction: Using QuadricMeshReduction for automatic static mesh reduction
[2018.07.14-00.23.03:103][  0]LogMeshReduction: No automatic skeletal mesh reduction module available
[2018.07.14-00.23.03:103][  0]LogMeshReduction: No automatic mesh merging module available
[2018.07.14-00.23.03:103][  0]LogMeshMerging: No automatic mesh merging module available
[2018.07.14-00.23.03:147][  0]LogNetVersion: LianeGame , NetCL: 3944462, EngineNetVer: 2, GameNetVer: 0 (Checksum: 3392154298)
[2018.07.14-00.23.03:755][  0]LogPackageLocalizationCache: Processed 9 localized package path(s) for 2 prioritized culture(s) in 0.087618 seconds
[2018.07.14-00.23.03:760][  0]LogUObjectArray: 36728 objects as part of root set at end of initial load.
[2018.07.14-00.23.03:760][  0]LogUObjectAllocator: 7314304 out of 0 bytes used by permanent object pool.
[2018.07.14-00.23.03:760][  0]LogUObjectArray: CloseDisregardForGC: 0/0 objects in disregard for GC pool
[2018.07.14-00.23.05:782][  0]LogTcpMessaging: Initializing TcpMessaging bridge
[2018.07.14-00.23.05:810][  0]LogUdpMessaging: Initializing bridge on interface 0.0.0.0:0 to multicast group 230.0.0.1:6666.
[2018.07.14-00.23.06:202][  0]LogUObjectGlobals: Created PersistentFrame Addr=0x0000018e2af1d5c0, Size=64, Default__ThirdPerson_AnimBP_C Function /Game/Mannequin/Animations/ThirdPerson_AnimBP.ThirdPerson_AnimBP_C:ExecuteUbergraph_ThirdPerson_AnimBP
[2018.07.14-00.23.06:221][  0]LogUObjectGlobals: Destroyed PersistentFrame Addr=0x0000018e2af1d5c0, Size=64
[2018.07.14-00.23.06:221][  0]LogUObjectGlobals: Created PersistentFrame Addr=0x0000018e2af1d5c0, Size=64, Default__ThirdPerson_AnimBP_C Function /Engine/Transient.REINST_ThirdPerson_AnimBP_C_0:ExecuteUbergraph_ThirdPerson_AnimBP
[2018.07.14-00.23.06:232][  0]LogUObjectGlobals: Created PersistentFrame Addr=0x0000018e1bb86c50, Size=72, Default__ThirdPerson_AnimBP_C Function /Game/Mannequin/Animations/ThirdPerson_AnimBP.ThirdPerson_AnimBP_C:ExecuteUbergraph_ThirdPerson_AnimBP
[2018.07.14-00.23.06:346][  0]LogSkeletalMesh: Skeletal Mesh found in DDC [2.611155ms] /Game/Mannequin/Character/Mesh/SK_Mannequin.SK_Mannequin
[2018.07.14-00.23.06:551][  0]SourceControl: Source control is disabled
[2018.07.14-00.23.06:551][  0]SourceControl: Source control is disabled
[2018.07.14-00.23.06:570][  0]SourceControl: Source control is disabled
[2018.07.14-00.23.06:586][  0]SourceControl: Source control is disabled
[2018.07.14-00.23.07:277][  0]LogAndroidPermission: UAndroidPermissionCallbackProxy::GetInstance
[2018.07.14-00.23.07:590][  0]LogOcInput: OculusInput pre-init called
[2018.07.14-00.23.07:720][  0]LogEngine: Initializing Engine...
[2018.07.14-00.23.07:721][  0]LogHMD: Failed to initialize OpenVR with code 110
[2018.07.14-00.23.07:723][  0]LogStats: UGameplayTagsManager::ConstructGameplayTagTree: Construct from data asset -  0.000 s
[2018.07.14-00.23.07:723][  0]LogStats: UGameplayTagsManager::ConstructGameplayTagTree: GameplayTagTreeChangedEvent.Broadcast -  0.000 s
[2018.07.14-00.23.08:054][  0]LogAIModule: Creating AISystem for world Untitled
[2018.07.14-00.23.08:075][  0]LogInit: XAudio2 using 'Speakers (Stealth 600)' : 2 channels at 48 kHz using 16 bits per sample (channel mask 0x3)
[2018.07.14-00.23.08:087][  0]LogInit: FAudioDevice initialized.
[2018.07.14-00.23.08:181][  0]LogDerivedDataCache: Saved boot cache 0.09s 77MB C:/Users/Nicholaus/AppData/Local/UnrealEngine/4.19/DerivedDataCache/Boot.ddc.
[2018.07.14-00.23.08:199][  0]LogInit: Texture streaming: Enabled
[2018.07.14-00.23.08:225][  0]LogEngineSessionManager: EngineSessionManager initialized
[2018.07.14-00.23.08:225][  0]LogEngineSessionManager: EngineSessionManager sent abnormal shutdown report. Type=Crashed, SessionId={09D27D2C-440B-10A7-C4E7-E7AD0EE7E110}
[2018.07.14-00.23.08:251][  0]LogInit: Transaction tracking system initialized
[2018.07.14-00.23.08:280][  0]BlueprintLog: New page: Editor Load
[2018.07.14-00.23.08:413][  0]LocalizationService: Localization service is disabled
[2018.07.14-00.23.08:576][  0]LogConsoleResponse: Display: 
[2018.07.14-00.23.08:742][  0]LogCook: Display: Max memory allowance for cook 16384mb min free memory 0mb
[2018.07.14-00.23.08:742][  0]LogCook: Display: Mobile HDR setting 1
[2018.07.14-00.23.08:743][  0]LogGameplayTags: Display: UGameplayTagsManager::DoneAddingNativeTags. DelegateIsBound: 0
[2018.07.14-00.23.08:743][  0]LogStats: UGameplayTagsManager::ConstructGameplayTagTree: Construct from data asset -  0.000 s
[2018.07.14-00.23.08:743][  0]LogStats: UGameplayTagsManager::ConstructGameplayTagTree: GameplayTagTreeChangedEvent.Broadcast -  0.000 s
[2018.07.14-00.23.09:180][  0]LogFileCache: Scanning file cache for directory 'G:/Users/Nicholaus/Documents/LianeRepo/MasterProjectCPP/LianeGame/Content/' took 0.02s
[2018.07.14-00.23.09:180][  0]SourceControl: Source control is disabled
[2018.07.14-00.23.09:180][  0]Cmd: MAP LOAD FILE="../../../../../../Users/Nicholaus/Documents/LianeRepo/MasterProjectCPP/LianeGame/Content/ThirdPersonCPP/Maps/ThirdPersonExampleMap.umap" TEMPLATE=0 SHOWPROGRESS=1 FEATURELEVEL=3
[2018.07.14-00.23.09:181][  0]LightingResults: New page: Lighting Build
[2018.07.14-00.23.09:183][  0]MapCheck: New page: Map Check
[2018.07.14-00.23.09:183][  0]LightingResults: New page: Lighting Build
[2018.07.14-00.23.09:200][  0]LogUObjectGlobals: Destroyed PersistentFrame Addr=0x0000018e2af1d5c0, Size=64
[2018.07.14-00.23.09:479][  0]LogAIModule: Creating AISystem for world ThirdPersonExampleMap
[2018.07.14-00.23.09:493][  0]LogEditorServer: Finished looking for orphan Actors (0.000 secs)
[2018.07.14-00.23.09:508][  0]Cmd: MAP CHECKDEP NOCLEARLOG
[2018.07.14-00.23.09:581][  0]MapCheck: Map check complete: 0 Error(s), 0 Warning(s), took 72.58ms to complete.
[2018.07.14-00.23.09:581][  0]LogFileHelpers: Loading map 'ThirdPersonExampleMap' took 0.401
[2018.07.14-00.23.09:864][  0]LogCollectionManager: Loaded 0 collections in 0.003904 seconds
[2018.07.14-00.23.09:951][  0]LogFileCache: Scanning file cache for directory 'G:/Users/Nicholaus/Documents/LianeRepo/MasterProjectCPP/LianeGame/Saved/Collections/' took 0.01s
[2018.07.14-00.23.09:951][  0]LogFileCache: Scanning file cache for directory 'G:/Users/Nicholaus/Documents/LianeRepo/MasterProjectCPP/LianeGame/Content/Developers/Nicholaus/Collections/' took 0.01s
[2018.07.14-00.23.09:951][  0]LogFileCache: Scanning file cache for directory 'G:/Users/Nicholaus/Documents/LianeRepo/MasterProjectCPP/LianeGame/Content/Collections/' took 0.01s
[2018.07.14-00.23.09:951][  0]LogCollectionManager: Rebuilt the GUID cache for 0 collections in 0.000001 seconds
[2018.07.14-00.23.09:966][  0]LogContentBrowser: Native class hierarchy populated in 0.0148 seconds. Added 2454 classes and 560 folders.
[2018.07.14-00.23.09:981][  0]LogContentBrowser: Native class hierarchy updated for 'WidgetCarousel' in 0.0007 seconds. Added 0 classes and 0 folders.
[2018.07.14-00.23.10:051][  0]LogContentBrowser: Native class hierarchy updated for 'AddContentDialog' in 0.0006 seconds. Added 0 classes and 0 folders.
[2018.07.14-00.23.10:058][  0]LogContentBrowser: Native class hierarchy updated for 'SceneOutliner' in 0.0008 seconds. Added 1 classes and 2 folders.
[2018.07.14-00.23.10:191][  0]LogSlate: Took 0.000247 seconds to synchronously load lazily loaded font '../../../Engine/Content/Slate/Fonts/Roboto-Regular.ttf' (155K)
[2018.07.14-00.23.10:194][  0]LogSlate: Took 0.000227 seconds to synchronously load lazily loaded font '../../../Engine/Content/Slate/Fonts/Roboto-Bold.ttf' (160K)
[2018.07.14-00.23.10:201][  0]LogSlate: Took 0.000212 seconds to synchronously load lazily loaded font '../../../Engine/Content/Editor/Slate/Fonts/FontAwesome.ttf' (139K)
[2018.07.14-00.23.10:330][  0]LogRenderer: Reallocating scene render targets to support 1036x576 Format 10 NumSamples 1 (Frame:1).
[2018.07.14-00.23.10:458][  0]LogContentBrowser: Native class hierarchy updated for 'HierarchicalLODOutliner' in 0.0008 seconds. Added 0 classes and 0 folders.
[2018.07.14-00.23.10:458][  0]LogLoad: (Engine Initialization) Total time: 14.37 seconds
[2018.07.14-00.23.10:458][  0]LogLoad: (Engine Initialization) Total Blueprint compile time: 0.00 seconds
[2018.07.14-00.23.10:870][  0]LogContentStreaming: Texture pool size now 1000 MB
[2018.07.14-00.23.12:176][  4]LogSlate: Took 0.000649 seconds to synchronously load lazily loaded font '../../../Engine/Content/Slate/Fonts/Roboto-Light.ttf' (167K)
[2018.07.14-00.23.12:489][  5]LogAssetRegistry: Asset discovery search completed in 10.0719 seconds
[2018.07.14-00.23.12:495][  5]LogCollectionManager: Rebuilt the object cache for 0 collections in 0.000001 seconds (found 0 objects)
[2018.07.14-00.23.12:495][  5]LogCollectionManager: Fixed up redirectors for 0 collections in 0.000336 seconds (updated 0 objects)
[2018.07.14-00.23.14:797][ 12]LogSlate: FSceneViewport::OnFocusLost() reason 0
[2018.07.14-00.23.17:896][367]LogSlate: Took 0.000257 seconds to synchronously load lazily loaded font '../../../Engine/Content/Slate/Fonts/Roboto-Light.ttf' (167K)
[2018.07.14-00.24.15:258][241]LogContentBrowser: Native class hierarchy updated for 'BlueprintGraph' in 0.0015 seconds. Added 116 classes and 0 folders.
[2018.07.14-00.24.15:943][241]LogUObjectGlobals: Created PersistentFrame Addr=0x0000018e58522818, Size=4, Default__SKEL_PROTO_BP_AnimBlueprint_0_C Function /Engine/Transient.SKEL_PROTO_BP_AnimBlueprint_0_C:ExecuteUbergraph_PROTO_BP_AnimBlueprint_0
[2018.07.14-00.24.15:943][241]LogUObjectGlobals: Created PersistentFrame Addr=0x0000018e58522810, Size=4, Default__PROTO_BP_AnimBlueprint_0_C Function /Engine/Transient.PROTO_BP_AnimBlueprint_0_C:ExecuteUbergraph_PROTO_BP_AnimBlueprint_0
[2018.07.14-00.24.18:810][395]LogSlate: Took 0.000465 seconds to synchronously load lazily loaded font '../../../Engine/Content/Slate/Fonts/Roboto-BoldCondensed.ttf' (158K)
[2018.07.14-00.24.19:822][478]LogSlate: Took 0.000532 seconds to synchronously load lazily loaded font '../../../Engine/Content/Slate/Fonts/Roboto-Italic.ttf' (157K)
[2018.07.14-00.24.22:723][743]LogRenderer: Reallocating scene render targets to support 1144x712 Format 10 NumSamples 1 (Frame:1).
[2018.07.14-00.25.11:845][811]LogSlate: Took 0.067284 seconds to synchronously load lazily loaded font '../../../Engine/Content/Slate/Fonts/DroidSansMono.ttf' (77K)
[2018.07.14-00.31.46:367][  2]LogAudio: Warning: Current Audio Device with ID {0.0.0.00000000}.{3ce65878-131a-4db2-a92d-e7b1dad6b505} was removed. Shutting down audio device.
[2018.07.14-00.31.46:368][  2]LogInit: XAudio2 using 'E24-C1 (NVIDIA High Definition Audio)' : 2 channels at 48 kHz using 16 bits per sample (channel mask 0x3)
[2018.07.14-00.36.40:289][882]LogInit: XAudio2 using 'Speakers (Stealth 600)' : 2 channels at 48 kHz using 16 bits per sample (channel mask 0x3)
[2018.07.14-01.33.45:705][158]LogAudio: Warning: Current Audio Device with ID {0.0.0.00000000}.{3ce65878-131a-4db2-a92d-e7b1dad6b505} was removed. Shutting down audio device.
[2018.07.14-01.33.45:705][158]LogInit: XAudio2 using 'E24-C1 (NVIDIA High Definition Audio)' : 2 channels at 48 kHz using 16 bits per sample (channel mask 0x3)
[2018.07.14-01.36.24:685][634]LogInit: XAudio2 using 'Speakers (Stealth 600)' : 2 channels at 48 kHz using 16 bits per sample (channel mask 0x3)
[2018.07.14-01.38.36:941][126]Candidate modules for hot reload:
[2018.07.14-01.38.36:941][126]  LianeGame
[2018.07.14-01.38.36:941][126]Launching UnrealBuildTool... [G:/Program Files/Epic Games/UE_4.19/Engine/Binaries/DotNET/UnrealBuildTool.exe LianeGame -ModuleWithSuffix=LianeGame,8723 Win64 Development -editorrecompile -canskiplink "G:/Users/Nicholaus/Documents/LianeRepo/MasterProjectCPP/LianeGame/LianeGame.uproject" ]
[2018.07.14-01.38.36:943][126]Warning: Starting HotReload took  0.0s.
[2018.07.14-01.38.48:042][414]CompilerResultsLog: New page: Compilation - Jul 13, 2018, 11:38:48 AM
[2018.07.14-01.38.48:043][414]CompilerResultsLog: Compiling game modules for hot reload
[2018.07.14-01.38.48:043][414]CompilerResultsLog: Parsing headers for LianeGameEditor
[2018.07.14-01.38.48:043][414]CompilerResultsLog:   Running UnrealHeaderTool "G:\Users\Nicholaus\Documents\LianeRepo\MasterProjectCPP\LianeGame\LianeGame.uproject" "G:\Users\Nicholaus\Documents\LianeRepo\MasterProjectCPP\LianeGame\Intermediate\Build\Win64\LianeGameEditor\Development\LianeGameEditor.uhtmanifest" -LogCmds="loginit warning, logexit warning, logdatabase error" -Unattended -WarningsAsErrors -installed
[2018.07.14-01.38.48:044][414]CompilerResultsLog: Error: G:/Users/Nicholaus/Documents/LianeRepo/MasterProjectCPP/LianeGame/Source/LianeGame/LianeGameCharacter.h(75)  : LogCompile: Error: BlueprintReadOnly should not be used on private members
[2018.07.14-01.38.48:044][414]CompilerResultsLog: Error: G:/Users/Nicholaus/Documents/LianeRepo/MasterProjectCPP/LianeGame/Source/LianeGame/LianeGameCharacter.h(79)  : LogCompile: Error: BlueprintReadOnly should not be used on private members
[2018.07.14-01.38.48:045][414]CompilerResultsLog: UnrealHeaderTool failed for target 'LianeGameEditor' (platform: Win64, module info: G:\Users\Nicholaus\Documents\LianeRepo\MasterProjectCPP\LianeGame\Intermediate\Build\Win64\LianeGameEditor\Development\LianeGameEditor.uhtmanifest).
[2018.07.14-01.38.48:045][414]LogMainFrame: MainFrame: Module compiling took 11.119 seconds
[2018.07.14-01.38.48:045][414]Warning: HotReload failed, recompile failed
[2018.07.14-01.39.26:289][637]LogSlate: Window 'Message Log' being destroyed
[2018.07.14-01.39.26:292][637]LogSlate: Window 'Message Log' being destroyed
[2018.07.14-01.39.26:924][710]Candidate modules for hot reload:
[2018.07.14-01.39.26:924][710]  LianeGame
[2018.07.14-01.39.26:924][710]Launching UnrealBuildTool... [G:/Program Files/Epic Games/UE_4.19/Engine/Binaries/DotNET/UnrealBuildTool.exe LianeGame -ModuleWithSuffix=LianeGame,6730 Win64 Development -editorrecompile -canskiplink "G:/Users/Nicholaus/Documents/LianeRepo/MasterProjectCPP/LianeGame/LianeGame.uproject" ]
[2018.07.14-01.39.26:926][710]Warning: Starting HotReload took  0.0s.
[2018.07.14-01.39.41:320][340]CompilerResultsLog: New page: Compilation - Jul 13, 2018, 11:39:41 AM
[2018.07.14-01.39.41:320][340]CompilerResultsLog: Compiling game modules for hot reload
[2018.07.14-01.39.41:320][340]CompilerResultsLog: Parsing headers for LianeGameEditor
[2018.07.14-01.39.41:321][340]CompilerResultsLog:   Running UnrealHeaderTool "G:\Users\Nicholaus\Documents\LianeRepo\MasterProjectCPP\LianeGame\LianeGame.uproject" "G:\Users\Nicholaus\Documents\LianeRepo\MasterProjectCPP\LianeGame\Intermediate\Build\Win64\LianeGameEditor\Development\LianeGameEditor.uhtmanifest" -LogCmds="loginit warning, logexit warning, logdatabase error" -Unattended -WarningsAsErrors -installed
[2018.07.14-01.39.41:321][340]CompilerResultsLog: Reflection code generated for LianeGameEditor in 10.0794477 seconds
[2018.07.14-01.39.41:321][340]CompilerResultsLog: Performing 6 actions (4 in parallel)
[2018.07.14-01.39.41:321][340]CompilerResultsLog: LianeGameGameMode.cpp
[2018.07.14-01.39.41:322][340]CompilerResultsLog: LianeGameCharacter.gen.cpp
[2018.07.14-01.39.41:322][340]CompilerResultsLog: LianeGame.init.gen.cpp
[2018.07.14-01.39.41:322][340]CompilerResultsLog: LianeGameCharacter.cpp
[2018.07.14-01.39.41:322][340]CompilerResultsLog: Error: G:\Users\Nicholaus\Documents\LianeRepo\MasterProjectCPP\LianeGame\Source\LianeGame\LianeGameCharacter.cpp(128) : warning C4996: 'UPhysicsHandleComponent::GrabComponent': Please use GrabComponentAtLocation or GrabComponentAtLocationWithRotation Please update your code to the new API before upgrading to the next release, otherwise your project will no longer compile.
[2018.07.14-01.39.41:322][340]CompilerResultsLog: Error: G:\Program Files\Epic Games\UE_4.19\Engine\Source\Runtime\Engine\Classes\PhysicsEngine/PhysicsHandleComponent.h(89) : note: see declaration of 'UPhysicsHandleComponent::GrabComponent'
[2018.07.14-01.39.41:323][340]CompilerResultsLog: [5/6] Link UE4Editor-LianeGame-6730.dll
[2018.07.14-01.39.41:323][340]CompilerResultsLog: [6/6] Link UE4Editor-LianeGame-6730.lib
[2018.07.14-01.39.41:323][340]CompilerResultsLog:    Creating library G:\Users\Nicholaus\Documents\LianeRepo\MasterProjectCPP\LianeGame\Intermediate\Build\Win64\UE4Editor\Development\UE4Editor-LianeGame-6730.lib and object G:\Users\Nicholaus\Documents\LianeRepo\MasterProjectCPP\LianeGame\Intermediate\Build\Win64\UE4Editor\Development\UE4Editor-LianeGame-6730.exp
[2018.07.14-01.39.41:324][340]CompilerResultsLog:    Creating library G:\Users\Nicholaus\Documents\LianeRepo\MasterProjectCPP\LianeGame\Intermediate\Build\Win64\UE4Editor\Development\UE4Editor-LianeGame-6730.suppressed.lib and object G:\Users\Nicholaus\Documents\LianeRepo\MasterProjectCPP\LianeGame\Intermediate\Build\Win64\UE4Editor\Development\UE4Editor-LianeGame-6730.suppressed.exp
[2018.07.14-01.39.41:324][340]CompilerResultsLog: Total build time: 14.19 seconds (Local executor: 3.23 seconds)
[2018.07.14-01.39.41:324][340]LogMainFrame: MainFrame: Module compiling took 14.414 seconds
[2018.07.14-01.39.41:366][340]LogClass: Could not find existing class LianeGameCharacter in package /Script/LianeGame for HotReload, assuming new class
[2018.07.14-01.39.41:366][340]LogClass: Function MoveActor is new.
[2018.07.14-01.39.41:373][340]LogHotReload: Re-instancing LianeGameCharacter after hot-reload.
[2018.07.14-01.39.42:062][340]LogContentBrowser: Native class hierarchy updated for 'LianeGame' in 0.0008 seconds. Added 2 classes and 2 folders.
[2018.07.14-01.39.42:065][340]Display: HotReload successful (0 functions remapped  0 scriptstructs remapped)
[2018.07.14-01.39.42:653][340]LogContentBrowser: Native class hierarchy populated in 0.0266 seconds. Added 2455 classes and 562 folders.
[2018.07.14-01.39.42:653][340]Display: HotReload took 15.7s.
[2018.07.14-02.02.23:303][761]Candidate modules for hot reload:
[2018.07.14-02.02.23:303][761]  LianeGame
[2018.07.14-02.02.23:303][761]Launching UnrealBuildTool... [G:/Program Files/Epic Games/UE_4.19/Engine/Binaries/DotNET/UnrealBuildTool.exe LianeGame -ModuleWithSuffix=LianeGame,5983 Win64 Development -editorrecompile -canskiplink "G:/Users/Nicholaus/Documents/LianeRepo/MasterProjectCPP/LianeGame/LianeGame.uproject" ]
[2018.07.14-02.02.23:305][761]Warning: Starting HotReload took  0.0s.
[2018.07.14-02.02.24:233][860]CompilerResultsLog: New page: Compilation - Jul 13, 2018, 12:02:24 PM
[2018.07.14-02.02.24:234][860]CompilerResultsLog: Compiling game modules for hot reload
[2018.07.14-02.02.24:234][860]CompilerResultsLog: Target is up to date
[2018.07.14-02.02.24:234][860]CompilerResultsLog: Total build time: 0.73 seconds (NoActionsToExecute executor: 0.00 seconds)
[2018.07.14-02.02.24:234][860]LogMainFrame: MainFrame: Module compiling took 0.947 seconds
[2018.07.14-02.02.24:868][860]LogContentBrowser: Native class hierarchy populated in 0.0215 seconds. Added 2455 classes and 562 folders.
[2018.07.14-02.02.24:868][860]Display: HotReload took  1.6s.
[2018.07.14-02.02.42:991][ 56]LogSlate: FSceneViewport::OnFocusLost() reason 0
[2018.07.14-02.02.43:066][ 65]LogTemp: Repeating last play command: Selected Viewport
[2018.07.14-02.02.43:090][ 65]LogBlueprintUserMessages: Early PlayInEditor Detection: Level '/Game/ThirdPersonCPP/Maps/ThirdPersonExampleMap.ThirdPersonExampleMap:PersistentLevel' has LevelScriptBlueprint '/Game/ThirdPersonCPP/Maps/ThirdPersonExampleMap.ThirdPersonExampleMap:PersistentLevel.ThirdPersonExampleMap' with GeneratedClass '/Game/ThirdPersonCPP/Maps/ThirdPersonExampleMap.ThirdPersonExampleMap_C' with ClassGeneratedBy '/Game/ThirdPersonCPP/Maps/ThirdPersonExampleMap.ThirdPersonExampleMap:PersistentLevel.ThirdPersonExampleMap'
[2018.07.14-02.02.43:091][ 65]LogPlayLevel: PlayLevel: No blueprints needed recompiling
[2018.07.14-02.02.43:092][ 65]PIE: New page: PIE session: ThirdPersonExampleMap (Jul 13, 2018, 12:02:43 PM)
[2018.07.14-02.02.43:092][ 65]LogPlayLevel: Creating play world package: /Game/ThirdPersonCPP/Maps/UEDPIE_0_ThirdPersonExampleMap
[2018.07.14-02.02.43:121][ 65]LogPlayLevel: PIE: StaticDuplicateObject took: (0.029193s)
[2018.07.14-02.02.43:122][ 65]LogAIModule: Creating AISystem for world ThirdPersonExampleMap
[2018.07.14-02.02.43:123][ 65]LogPlayLevel: PIE: World Init took: (0.001366s)
[2018.07.14-02.02.43:123][ 65]LogPlayLevel: PIE: Created PIE world by copying editor world from /Game/ThirdPersonCPP/Maps/ThirdPersonExampleMap.ThirdPersonExampleMap to /Game/ThirdPersonCPP/Maps/UEDPIE_0_ThirdPersonExampleMap.ThirdPersonExampleMap (0.031332s)
[2018.07.14-02.02.43:214][ 65]LogInit: XAudio2 using 'Speakers (Stealth 600)' : 2 channels at 48 kHz using 16 bits per sample (channel mask 0x3)
[2018.07.14-02.02.43:222][ 65]LogInit: FAudioDevice initialized.
[2018.07.14-02.02.43:326][ 65]LogLoad: Game class is 'LianeGameGameMode'
[2018.07.14-02.02.43:330][ 65]LogWorld: Bringing World /Game/ThirdPersonCPP/Maps/UEDPIE_0_ThirdPersonExampleMap.ThirdPersonExampleMap up for play (max tick rate 0) at 2018.07.13-19.02.43
[2018.07.14-02.02.43:331][ 65]LogWorld: Bringing up level for play took: 0.002596
[2018.07.14-02.02.43:356][ 65]LogContentBrowser: Native class hierarchy updated for 'MovieSceneCapture' in 0.0007 seconds. Added 11 classes and 0 folders.
[2018.07.14-02.02.43:358][ 65]PIE: Play in editor start time for /Game/ThirdPersonCPP/Maps/UEDPIE_0_ThirdPersonExampleMap 0.461
[2018.07.14-02.02.43:359][ 65]LogBlueprintUserMessages: Late PlayInEditor Detection: Level '/Game/ThirdPersonCPP/Maps/ThirdPersonExampleMap.ThirdPersonExampleMap:PersistentLevel' has LevelScriptBlueprint '/Game/ThirdPersonCPP/Maps/ThirdPersonExampleMap.ThirdPersonExampleMap:PersistentLevel.ThirdPersonExampleMap' with GeneratedClass '/Game/ThirdPersonCPP/Maps/ThirdPersonExampleMap.ThirdPersonExampleMap_C' with ClassGeneratedBy '/Game/ThirdPersonCPP/Maps/ThirdPersonExampleMap.ThirdPersonExampleMap:PersistentLevel.ThirdPersonExampleMap'
[2018.07.14-02.02.43:393][ 65]LogRenderer: Reallocating scene render targets to support 1292x756 Format 10 NumSamples 1 (Frame:1).
[2018.07.14-02.02.56:651][648]LogBlueprintUserMessages: Early EndPlayMap Detection: Level '/Game/ThirdPersonCPP/Maps/ThirdPersonExampleMap.ThirdPersonExampleMap:PersistentLevel' has LevelScriptBlueprint '/Game/ThirdPersonCPP/Maps/ThirdPersonExampleMap.ThirdPersonExampleMap:PersistentLevel.ThirdPersonExampleMap' with GeneratedClass '/Game/ThirdPersonCPP/Maps/ThirdPersonExampleMap.ThirdPersonExampleMap_C' with ClassGeneratedBy '/Game/ThirdPersonCPP/Maps/ThirdPersonExampleMap.ThirdPersonExampleMap:PersistentLevel.ThirdPersonExampleMap'
[2018.07.14-02.02.56:673][648]LogSlate: Window 'Project Liane Game Preview Standalone (64-bit/PCD3D_SM5)' being destroyed
[2018.07.14-02.02.56:708][648]LogBlueprintUserMessages: Late EndPlayMap Detection: Level '/Game/ThirdPersonCPP/Maps/ThirdPersonExampleMap.ThirdPersonExampleMap:PersistentLevel' has LevelScriptBlueprint '/Game/ThirdPersonCPP/Maps/ThirdPersonExampleMap.ThirdPersonExampleMap:PersistentLevel.ThirdPersonExampleMap' with GeneratedClass '/Game/ThirdPersonCPP/Maps/ThirdPersonExampleMap.ThirdPersonExampleMap_C' with ClassGeneratedBy '/Game/ThirdPersonCPP/Maps/ThirdPersonExampleMap.ThirdPersonExampleMap:PersistentLevel.ThirdPersonExampleMap'
[2018.07.14-02.03.12:752][111]LogTemp: Repeating last play command: Selected Viewport
[2018.07.14-02.03.12:774][111]LogBlueprintUserMessages: Early PlayInEditor Detection: Level '/Game/ThirdPersonCPP/Maps/ThirdPersonExampleMap.ThirdPersonExampleMap:PersistentLevel' has LevelScriptBlueprint '/Game/ThirdPersonCPP/Maps/ThirdPersonExampleMap.ThirdPersonExampleMap:PersistentLevel.ThirdPersonExampleMap' with GeneratedClass '/Game/ThirdPersonCPP/Maps/ThirdPersonExampleMap.ThirdPersonExampleMap_C' with ClassGeneratedBy '/Game/ThirdPersonCPP/Maps/ThirdPersonExampleMap.ThirdPersonExampleMap:PersistentLevel.ThirdPersonExampleMap'
[2018.07.14-02.03.12:775][111]LogPlayLevel: PlayLevel: No blueprints needed recompiling
[2018.07.14-02.03.12:775][111]PIE: New page: PIE session: ThirdPersonExampleMap (Jul 13, 2018, 12:03:12 PM)
[2018.07.14-02.03.12:776][111]LogPlayLevel: Creating play world package: /Game/ThirdPersonCPP/Maps/UEDPIE_0_ThirdPersonExampleMap
[2018.07.14-02.03.12:794][111]LogPlayLevel: PIE: StaticDuplicateObject took: (0.017659s)
[2018.07.14-02.03.12:795][111]LogAIModule: Creating AISystem for world ThirdPersonExampleMap
[2018.07.14-02.03.12:795][111]LogPlayLevel: PIE: World Init took: (0.001231s)
[2018.07.14-02.03.12:795][111]LogPlayLevel: PIE: Created PIE world by copying editor world from /Game/ThirdPersonCPP/Maps/ThirdPersonExampleMap.ThirdPersonExampleMap to /Game/ThirdPersonCPP/Maps/UEDPIE_0_ThirdPersonExampleMap.ThirdPersonExampleMap (0.019625s)
[2018.07.14-02.03.12:843][111]LogInit: XAudio2 using 'Speakers (Stealth 600)' : 2 channels at 48 kHz using 16 bits per sample (channel mask 0x3)
[2018.07.14-02.03.12:852][111]LogInit: FAudioDevice initialized.
[2018.07.14-02.03.12:930][111]LogLoad: Game class is 'LianeGameGameMode'
[2018.07.14-02.03.12:933][111]LogWorld: Bringing World /Game/ThirdPersonCPP/Maps/UEDPIE_0_ThirdPersonExampleMap.ThirdPersonExampleMap up for play (max tick rate 0) at 2018.07.13-19.03.12
[2018.07.14-02.03.12:934][111]LogWorld: Bringing up level for play took: 0.002909
[2018.07.14-02.03.12:937][111]PIE: Play in editor start time for /Game/ThirdPersonCPP/Maps/UEDPIE_0_ThirdPersonExampleMap 0.04
[2018.07.14-02.03.12:938][111]LogBlueprintUserMessages: Late PlayInEditor Detection: Level '/Game/ThirdPersonCPP/Maps/ThirdPersonExampleMap.ThirdPersonExampleMap:PersistentLevel' has LevelScriptBlueprint '/Game/ThirdPersonCPP/Maps/ThirdPersonExampleMap.ThirdPersonExampleMap:PersistentLevel.ThirdPersonExampleMap' with GeneratedClass '/Game/ThirdPersonCPP/Maps/ThirdPersonExampleMap.ThirdPersonExampleMap_C' with ClassGeneratedBy '/Game/ThirdPersonCPP/Maps/ThirdPersonExampleMap.ThirdPersonExampleMap:PersistentLevel.ThirdPersonExampleMap'
[2018.07.14-02.03.33:368][550]LogBlueprintUserMessages: Early EndPlayMap Detection: Level '/Game/ThirdPersonCPP/Maps/ThirdPersonExampleMap.ThirdPersonExampleMap:PersistentLevel' has LevelScriptBlueprint '/Game/ThirdPersonCPP/Maps/ThirdPersonExampleMap.ThirdPersonExampleMap:PersistentLevel.ThirdPersonExampleMap' with GeneratedClass '/Game/ThirdPersonCPP/Maps/ThirdPersonExampleMap.ThirdPersonExampleMap_C' with ClassGeneratedBy '/Game/ThirdPersonCPP/Maps/ThirdPersonExampleMap.ThirdPersonExampleMap:PersistentLevel.ThirdPersonExampleMap'
[2018.07.14-02.03.33:389][550]LogSlate: Window 'Project Liane Game Preview Standalone (64-bit/PCD3D_SM5)' being destroyed
[2018.07.14-02.03.33:421][550]LogBlueprintUserMessages: Late EndPlayMap Detection: Level '/Game/ThirdPersonCPP/Maps/ThirdPersonExampleMap.ThirdPersonExampleMap:PersistentLevel' has LevelScriptBlueprint '/Game/ThirdPersonCPP/Maps/ThirdPersonExampleMap.ThirdPersonExampleMap:PersistentLevel.ThirdPersonExampleMap' with GeneratedClass '/Game/ThirdPersonCPP/Maps/ThirdPersonExampleMap.ThirdPersonExampleMap_C' with ClassGeneratedBy '/Game/ThirdPersonCPP/Maps/ThirdPersonExampleMap.ThirdPersonExampleMap:PersistentLevel.ThirdPersonExampleMap'
[2018.07.14-02.03.48:413][333]LogSavePackage: Save=21.59ms
[2018.07.14-02.03.48:414][333]LogSavePackage: Moving '../../../../../../Users/Nicholaus/Documents/LianeRepo/MasterProjectCPP/LianeGame/Saved/ThirdPersonCharacter7CBC97864EF1BA6D5167609DC4E3BECE.tmp' to '../../../../../../Users/Nicholaus/Documents/LianeRepo/MasterProjectCPP/LianeGame/Content/ThirdPersonCPP/Blueprints/ThirdPersonCharacter.uasset'
[2018.07.14-02.03.48:415][333]LogSavePackage: Display: Finished SavePackage ../../../../../../Users/Nicholaus/Documents/LianeRepo/MasterProjectCPP/LianeGame/Content/ThirdPersonCPP/Blueprints/ThirdPersonCharacter.uasset
[2018.07.14-02.03.58:626][ 12]LogTemp: Repeating last play command: Selected Viewport
[2018.07.14-02.03.58:646][ 12]LogBlueprintUserMessages: Early PlayInEditor Detection: Level '/Game/ThirdPersonCPP/Maps/ThirdPersonExampleMap.ThirdPersonExampleMap:PersistentLevel' has LevelScriptBlueprint '/Game/ThirdPersonCPP/Maps/ThirdPersonExampleMap.ThirdPersonExampleMap:PersistentLevel.ThirdPersonExampleMap' with GeneratedClass '/Game/ThirdPersonCPP/Maps/ThirdPersonExampleMap.ThirdPersonExampleMap_C' with ClassGeneratedBy '/Game/ThirdPersonCPP/Maps/ThirdPersonExampleMap.ThirdPersonExampleMap:PersistentLevel.ThirdPersonExampleMap'
[2018.07.14-02.03.58:647][ 12]LogPlayLevel: PlayLevel: No blueprints needed recompiling
[2018.07.14-02.03.58:647][ 12]PIE: New page: PIE session: ThirdPersonExampleMap (Jul 13, 2018, 12:03:58 PM)
[2018.07.14-02.03.58:647][ 12]LogPlayLevel: Creating play world package: /Game/ThirdPersonCPP/Maps/UEDPIE_0_ThirdPersonExampleMap
[2018.07.14-02.03.58:663][ 12]LogPlayLevel: PIE: StaticDuplicateObject took: (0.015759s)
[2018.07.14-02.03.58:664][ 12]LogAIModule: Creating AISystem for world ThirdPersonExampleMap
[2018.07.14-02.03.58:665][ 12]LogPlayLevel: PIE: World Init took: (0.000980s)
[2018.07.14-02.03.58:665][ 12]LogPlayLevel: PIE: Created PIE world by copying editor world from /Game/ThirdPersonCPP/Maps/ThirdPersonExampleMap.ThirdPersonExampleMap to /Game/ThirdPersonCPP/Maps/UEDPIE_0_ThirdPersonExampleMap.ThirdPersonExampleMap (0.017367s)
[2018.07.14-02.03.58:710][ 12]LogInit: XAudio2 using 'Speakers (Stealth 600)' : 2 channels at 48 kHz using 16 bits per sample (channel mask 0x3)
[2018.07.14-02.03.58:721][ 12]LogInit: FAudioDevice initialized.
[2018.07.14-02.03.58:792][ 12]LogLoad: Game class is 'LianeGameGameMode'
[2018.07.14-02.03.58:794][ 12]LogWorld: Bringing World /Game/ThirdPersonCPP/Maps/UEDPIE_0_ThirdPersonExampleMap.ThirdPersonExampleMap up for play (max tick rate 0) at 2018.07.13-19.03.58
[2018.07.14-02.03.58:795][ 12]LogWorld: Bringing up level for play took: 0.002503
[2018.07.14-02.03.58:797][ 12]PIE: Play in editor start time for /Game/ThirdPersonCPP/Maps/UEDPIE_0_ThirdPersonExampleMap -0.1
[2018.07.14-02.03.58:798][ 12]LogBlueprintUserMessages: Late PlayInEditor Detection: Level '/Game/ThirdPersonCPP/Maps/ThirdPersonExampleMap.ThirdPersonExampleMap:PersistentLevel' has LevelScriptBlueprint '/Game/ThirdPersonCPP/Maps/ThirdPersonExampleMap.ThirdPersonExampleMap:PersistentLevel.ThirdPersonExampleMap' with GeneratedClass '/Game/ThirdPersonCPP/Maps/ThirdPersonExampleMap.ThirdPersonExampleMap_C' with ClassGeneratedBy '/Game/ThirdPersonCPP/Maps/ThirdPersonExampleMap.ThirdPersonExampleMap:PersistentLevel.ThirdPersonExampleMap'
[2018.07.14-02.04.21:194][693]LogBlueprintUserMessages: Early EndPlayMap Detection: Level '/Game/ThirdPersonCPP/Maps/ThirdPersonExampleMap.ThirdPersonExampleMap:PersistentLevel' has LevelScriptBlueprint '/Game/ThirdPersonCPP/Maps/ThirdPersonExampleMap.ThirdPersonExampleMap:PersistentLevel.ThirdPersonExampleMap' with GeneratedClass '/Game/ThirdPersonCPP/Maps/ThirdPersonExampleMap.ThirdPersonExampleMap_C' with ClassGeneratedBy '/Game/ThirdPersonCPP/Maps/ThirdPersonExampleMap.ThirdPersonExampleMap:PersistentLevel.ThirdPersonExampleMap'
[2018.07.14-02.04.21:215][693]LogSlate: Window 'Project Liane Game Preview Standalone (64-bit/PCD3D_SM5)' being destroyed
[2018.07.14-02.04.21:251][693]LogBlueprintUserMessages: Late EndPlayMap Detection: Level '/Game/ThirdPersonCPP/Maps/ThirdPersonExampleMap.ThirdPersonExampleMap:PersistentLevel' has LevelScriptBlueprint '/Game/ThirdPersonCPP/Maps/ThirdPersonExampleMap.ThirdPersonExampleMap:PersistentLevel.ThirdPersonExampleMap' with GeneratedClass '/Game/ThirdPersonCPP/Maps/ThirdPersonExampleMap.ThirdPersonExampleMap_C' with ClassGeneratedBy '/Game/ThirdPersonCPP/Maps/ThirdPersonExampleMap.ThirdPersonExampleMap:PersistentLevel.ThirdPersonExampleMap'
[2018.07.14-02.05.39:972][240]LogSlate: FSceneViewport::OnFocusLost() reason 0
[2018.07.14-02.07.03:560][535]LogEditorViewport: Clicking on Actor (LMB): StaticMeshActor (Floor)
[2018.07.14-02.07.05:580][739]LogEditorViewport: Clicking on Actor (LMB): StaticMeshActor (Floor)
[2018.07.14-02.07.19:749][205]LogSlate: FSceneViewport::OnFocusLost() reason 0
[2018.07.14-02.07.34:849][911]BlueprintLog: New page: Compile ThirdPersonCharacter
[2018.07.14-02.08.11:932][211]LogSavePackage: Save=151.55ms
[2018.07.14-02.08.11:933][211]LogSavePackage: Moving '../../../../../../Users/Nicholaus/Documents/LianeRepo/MasterProjectCPP/LianeGame/Saved/ThirdPersonExampleMap_Auto13194AADA4B69575CA6ED1B8F047E4DE6.tmp' to '../../../../../../Users/Nicholaus/Documents/LianeRepo/MasterProjectCPP/LianeGame/Saved/Autosaves/Game/ThirdPersonCPP/Maps/ThirdPersonExampleMap_Auto1.umap'
[2018.07.14-02.08.11:935][211]LogSavePackage: Display: Finished SavePackage ../../../../../../Users/Nicholaus/Documents/LianeRepo/MasterProjectCPP/LianeGame/Saved/Autosaves/Game/ThirdPersonCPP/Maps/ThirdPersonExampleMap_Auto1.umap
[2018.07.14-02.08.11:937][211]LogFileHelpers: Editor autosave (incl. sublevels) for '/Game/ThirdPersonCPP/Maps/ThirdPersonExampleMap' took 0.195
[2018.07.14-02.08.11:937][211]LogFileHelpers: Editor autosave (incl. sublevels) for all levels took 0.195
[2018.07.14-02.08.11:939][211]OBJ SavePackage: Generating thumbnails for [1] asset(s) in package [/Game/ThirdPersonCPP/Blueprints/ThirdPersonCharacter] ([1] browsable assets)...
[2018.07.14-02.08.11:965][211]OBJ SavePackage:     Rendered thumbnail for [Blueprint /Game/ThirdPersonCPP/Blueprints/ThirdPersonCharacter.ThirdPersonCharacter]
[2018.07.14-02.08.11:965][211]OBJ SavePackage: Finished generating thumbnails for package [/Game/ThirdPersonCPP/Blueprints/ThirdPersonCharacter]
[2018.07.14-02.08.11:996][211]LogSavePackage: Save=27.11ms
[2018.07.14-02.08.11:996][211]LogSavePackage: Moving '../../../../../../Users/Nicholaus/Documents/LianeRepo/MasterProjectCPP/LianeGame/Saved/ThirdPersonCharacter_Auto112E9FB264B4DD436A7D9D99BF13AA1BB.tmp' to '../../../../../../Users/Nicholaus/Documents/LianeRepo/MasterProjectCPP/LianeGame/Saved/Autosaves/Game/ThirdPersonCPP/Blueprints/ThirdPersonCharacter_Auto1.uasset'
[2018.07.14-02.08.11:998][211]LogSavePackage: Display: Finished SavePackage ../../../../../../Users/Nicholaus/Documents/LianeRepo/MasterProjectCPP/LianeGame/Saved/Autosaves/Game/ThirdPersonCPP/Blueprints/ThirdPersonCharacter_Auto1.uasset
[2018.07.14-02.08.11:998][211]LogFileHelpers: Auto-saving content packages took 0.060
[2018.07.14-02.14.21:912][188]LogTemp: Repeating last play command: Selected Viewport
[2018.07.14-02.14.21:975][188]LogBlueprintUserMessages: Early PlayInEditor Detection: Level '/Game/ThirdPersonCPP/Maps/ThirdPersonExampleMap.ThirdPersonExampleMap:PersistentLevel' has LevelScriptBlueprint '/Game/ThirdPersonCPP/Maps/ThirdPersonExampleMap.ThirdPersonExampleMap:PersistentLevel.ThirdPersonExampleMap' with GeneratedClass '/Game/ThirdPersonCPP/Maps/ThirdPersonExampleMap.ThirdPersonExampleMap_C' with ClassGeneratedBy '/Game/ThirdPersonCPP/Maps/ThirdPersonExampleMap.ThirdPersonExampleMap:PersistentLevel.ThirdPersonExampleMap'
[2018.07.14-02.14.21:976][188]LogPlayLevel: PlayLevel: No blueprints needed recompiling
[2018.07.14-02.14.21:976][188]PIE: New page: PIE session: ThirdPersonExampleMap (Jul 13, 2018, 12:14:21 PM)
[2018.07.14-02.14.21:977][188]LogPlayLevel: Creating play world package: /Game/ThirdPersonCPP/Maps/UEDPIE_0_ThirdPersonExampleMap
[2018.07.14-02.14.21:996][188]LogPlayLevel: PIE: StaticDuplicateObject took: (0.018642s)
[2018.07.14-02.14.21:997][188]LogAIModule: Creating AISystem for world ThirdPersonExampleMap
[2018.07.14-02.14.21:997][188]LogPlayLevel: PIE: World Init took: (0.001140s)
[2018.07.14-02.14.21:997][188]LogPlayLevel: PIE: Created PIE world by copying editor world from /Game/ThirdPersonCPP/Maps/ThirdPersonExampleMap.ThirdPersonExampleMap to /Game/ThirdPersonCPP/Maps/UEDPIE_0_ThirdPersonExampleMap.ThirdPersonExampleMap (0.020472s)
[2018.07.14-02.14.22:048][188]LogInit: XAudio2 using 'Speakers (Stealth 600)' : 2 channels at 48 kHz using 16 bits per sample (channel mask 0x3)
[2018.07.14-02.14.22:057][188]LogInit: FAudioDevice initialized.
[2018.07.14-02.14.22:135][188]LogLoad: Game class is 'LianeGameGameMode'
[2018.07.14-02.14.22:138][188]LogWorld: Bringing World /Game/ThirdPersonCPP/Maps/UEDPIE_0_ThirdPersonExampleMap.ThirdPersonExampleMap up for play (max tick rate 0) at 2018.07.13-19.14.22
[2018.07.14-02.14.22:139][188]LogWorld: Bringing up level for play took: 0.003160
[2018.07.14-02.14.22:142][188]PIE: Play in editor start time for /Game/ThirdPersonCPP/Maps/UEDPIE_0_ThirdPersonExampleMap -0.755
[2018.07.14-02.14.22:142][188]LogBlueprintUserMessages: Late PlayInEditor Detection: Level '/Game/ThirdPersonCPP/Maps/ThirdPersonExampleMap.ThirdPersonExampleMap:PersistentLevel' has LevelScriptBlueprint '/Game/ThirdPersonCPP/Maps/ThirdPersonExampleMap.ThirdPersonExampleMap:PersistentLevel.ThirdPersonExampleMap' with GeneratedClass '/Game/ThirdPersonCPP/Maps/ThirdPersonExampleMap.ThirdPersonExampleMap_C' with ClassGeneratedBy '/Game/ThirdPersonCPP/Maps/ThirdPersonExampleMap.ThirdPersonExampleMap:PersistentLevel.ThirdPersonExampleMap'
[2018.07.14-02.14.38:837][131]LogBlueprintUserMessages: Early EndPlayMap Detection: Level '/Game/ThirdPersonCPP/Maps/ThirdPersonExampleMap.ThirdPersonExampleMap:PersistentLevel' has LevelScriptBlueprint '/Game/ThirdPersonCPP/Maps/ThirdPersonExampleMap.ThirdPersonExampleMap:PersistentLevel.ThirdPersonExampleMap' with GeneratedClass '/Game/ThirdPersonCPP/Maps/ThirdPersonExampleMap.ThirdPersonExampleMap_C' with ClassGeneratedBy '/Game/ThirdPersonCPP/Maps/ThirdPersonExampleMap.ThirdPersonExampleMap:PersistentLevel.ThirdPersonExampleMap'
[2018.07.14-02.14.38:858][131]LogSlate: Window 'Project Liane Game Preview Standalone (64-bit/PCD3D_SM5)' being destroyed
[2018.07.14-02.14.38:893][131]LogBlueprintUserMessages: Late EndPlayMap Detection: Level '/Game/ThirdPersonCPP/Maps/ThirdPersonExampleMap.ThirdPersonExampleMap:PersistentLevel' has LevelScriptBlueprint '/Game/ThirdPersonCPP/Maps/ThirdPersonExampleMap.ThirdPersonExampleMap:PersistentLevel.ThirdPersonExampleMap' with GeneratedClass '/Game/ThirdPersonCPP/Maps/ThirdPersonExampleMap.ThirdPersonExampleMap_C' with ClassGeneratedBy '/Game/ThirdPersonCPP/Maps/ThirdPersonExampleMap.ThirdPersonExampleMap:PersistentLevel.ThirdPersonExampleMap'
[2018.07.14-02.15.33:579][322]Candidate modules for hot reload:
[2018.07.14-02.15.33:579][322]  LianeGame
[2018.07.14-02.15.33:580][322]Launching UnrealBuildTool... [G:/Program Files/Epic Games/UE_4.19/Engine/Binaries/DotNET/UnrealBuildTool.exe LianeGame -ModuleWithSuffix=LianeGame,583 Win64 Development -editorrecompile -canskiplink "G:/Users/Nicholaus/Documents/LianeRepo/MasterProjectCPP/LianeGame/LianeGame.uproject" ]
[2018.07.14-02.15.33:582][322]Warning: Starting HotReload took  0.0s.
[2018.07.14-02.15.37:074][710]CompilerResultsLog: New page: Compilation - Jul 13, 2018, 12:15:37 PM
[2018.07.14-02.15.37:074][710]CompilerResultsLog: Compiling game modules for hot reload
[2018.07.14-02.15.37:074][710]CompilerResultsLog: Performing 3 actions (4 in parallel)
[2018.07.14-02.15.37:074][710]CompilerResultsLog: LianeGameCharacter.cpp
[2018.07.14-02.15.37:075][710]CompilerResultsLog: Error: G:\Users\Nicholaus\Documents\LianeRepo\MasterProjectCPP\LianeGame\Source\LianeGame\LianeGameCharacter.cpp(128) : warning C4996: 'UPhysicsHandleComponent::GrabComponent': Please use GrabComponentAtLocation or GrabComponentAtLocationWithRotation Please update your code to the new API before upgrading to the next release, otherwise your project will no longer compile.
[2018.07.14-02.15.37:075][710]CompilerResultsLog: Error: G:\Program Files\Epic Games\UE_4.19\Engine\Source\Runtime\Engine\Classes\PhysicsEngine/PhysicsHandleComponent.h(89) : note: see declaration of 'UPhysicsHandleComponent::GrabComponent'
[2018.07.14-02.15.37:076][710]CompilerResultsLog: [2/3] Link UE4Editor-LianeGame-583.dll
[2018.07.14-02.15.37:076][710]CompilerResultsLog: [3/3] Link UE4Editor-LianeGame-583.lib
[2018.07.14-02.15.37:076][710]CompilerResultsLog:    Creating library G:\Users\Nicholaus\Documents\LianeRepo\MasterProjectCPP\LianeGame\Intermediate\Build\Win64\UE4Editor\Development\UE4Editor-LianeGame-583.lib and object G:\Users\Nicholaus\Documents\LianeRepo\MasterProjectCPP\LianeGame\Intermediate\Build\Win64\UE4Editor\Development\UE4Editor-LianeGame-583.exp
[2018.07.14-02.15.37:077][710]CompilerResultsLog:    Creating library G:\Users\Nicholaus\Documents\LianeRepo\MasterProjectCPP\LianeGame\Intermediate\Build\Win64\UE4Editor\Development\UE4Editor-LianeGame-583.suppressed.lib and object G:\Users\Nicholaus\Documents\LianeRepo\MasterProjectCPP\LianeGame\Intermediate\Build\Win64\UE4Editor\Development\UE4Editor-LianeGame-583.suppressed.exp
[2018.07.14-02.15.37:077][710]CompilerResultsLog: Total build time: 3.28 seconds (Local executor: 2.54 seconds)
[2018.07.14-02.15.37:077][710]LogMainFrame: MainFrame: Module compiling took 3.513 seconds
[2018.07.14-02.15.37:119][710]LogContentBrowser: Native class hierarchy updated for 'LianeGame' in 0.0007 seconds. Added 2 classes and 2 folders.
[2018.07.14-02.15.37:123][710]Display: HotReload successful (1 functions remapped  0 scriptstructs remapped)
[2018.07.14-02.15.37:753][710]LogContentBrowser: Native class hierarchy populated in 0.0300 seconds. Added 2455 classes and 562 folders.
[2018.07.14-02.15.37:753][710]Display: HotReload took  4.2s.
[2018.07.14-02.15.39:657][927]LogTemp: Repeating last play command: Selected Viewport
[2018.07.14-02.15.39:677][927]LogBlueprintUserMessages: Early PlayInEditor Detection: Level '/Game/ThirdPersonCPP/Maps/ThirdPersonExampleMap.ThirdPersonExampleMap:PersistentLevel' has LevelScriptBlueprint '/Game/ThirdPersonCPP/Maps/ThirdPersonExampleMap.ThirdPersonExampleMap:PersistentLevel.ThirdPersonExampleMap' with GeneratedClass '/Game/ThirdPersonCPP/Maps/ThirdPersonExampleMap.ThirdPersonExampleMap_C' with ClassGeneratedBy '/Game/ThirdPersonCPP/Maps/ThirdPersonExampleMap.ThirdPersonExampleMap:PersistentLevel.ThirdPersonExampleMap'
[2018.07.14-02.15.39:678][927]LogPlayLevel: PlayLevel: No blueprints needed recompiling
[2018.07.14-02.15.39:678][927]PIE: New page: PIE session: ThirdPersonExampleMap (Jul 13, 2018, 12:15:39 PM)
[2018.07.14-02.15.39:679][927]LogPlayLevel: Creating play world package: /Game/ThirdPersonCPP/Maps/UEDPIE_0_ThirdPersonExampleMap
[2018.07.14-02.15.39:693][927]LogPlayLevel: PIE: StaticDuplicateObject took: (0.014586s)
[2018.07.14-02.15.39:694][927]LogAIModule: Creating AISystem for world ThirdPersonExampleMap
[2018.07.14-02.15.39:695][927]LogPlayLevel: PIE: World Init took: (0.001444s)
[2018.07.14-02.15.39:695][927]LogPlayLevel: PIE: Created PIE world by copying editor world from /Game/ThirdPersonCPP/Maps/ThirdPersonExampleMap.ThirdPersonExampleMap to /Game/ThirdPersonCPP/Maps/UEDPIE_0_ThirdPersonExampleMap.ThirdPersonExampleMap (0.016796s)
[2018.07.14-02.15.39:768][927]LogInit: XAudio2 using 'Speakers (Stealth 600)' : 2 channels at 48 kHz using 16 bits per sample (channel mask 0x3)
[2018.07.14-02.15.39:776][927]LogInit: FAudioDevice initialized.
[2018.07.14-02.15.39:810][927]LogLoad: Game class is 'LianeGameGameMode'
[2018.07.14-02.15.39:813][927]LogWorld: Bringing World /Game/ThirdPersonCPP/Maps/UEDPIE_0_ThirdPersonExampleMap.ThirdPersonExampleMap up for play (max tick rate 0) at 2018.07.13-19.15.39
[2018.07.14-02.15.39:814][927]LogWorld: Bringing up level for play took: 0.002471
[2018.07.14-02.15.39:815][927]PIE: Play in editor start time for /Game/ThirdPersonCPP/Maps/UEDPIE_0_ThirdPersonExampleMap 0.918
[2018.07.14-02.15.39:816][927]LogBlueprintUserMessages: Late PlayInEditor Detection: Level '/Game/ThirdPersonCPP/Maps/ThirdPersonExampleMap.ThirdPersonExampleMap:PersistentLevel' has LevelScriptBlueprint '/Game/ThirdPersonCPP/Maps/ThirdPersonExampleMap.ThirdPersonExampleMap:PersistentLevel.ThirdPersonExampleMap' with GeneratedClass '/Game/ThirdPersonCPP/Maps/ThirdPersonExampleMap.ThirdPersonExampleMap_C' with ClassGeneratedBy '/Game/ThirdPersonCPP/Maps/ThirdPersonExampleMap.ThirdPersonExampleMap:PersistentLevel.ThirdPersonExampleMap'
[2018.07.14-02.15.44:141][306]LogWindows: Error: === Critical error: ===
[2018.07.14-02.15.44:141][306]LogWindows: Error: 
[2018.07.14-02.15.44:141][306]LogWindows: Error: Fatal error!
[2018.07.14-02.15.44:141][306]LogWindows: Error: 
[2018.07.14-02.15.44:141][306]LogWindows: Error: Unhandled Exception: EXCEPTION_ACCESS_VIOLATION reading address 0x00000000
[2018.07.14-02.15.44:141][306]LogWindows: Error: 
[2018.07.14-02.15.44:141][306]LogWindows: Error: [Callstack] 0x00000000EC194288 UE4Editor-LianeGame-583.dll!ALianeGameCharacter::Throw() [g:\users\nicholaus\documents\lianerepo\masterprojectcpp\lianegame\source\lianegame\lianegamecharacter.cpp:151]
[2018.07.14-02.15.44:141][306]LogWindows: Error: [Callstack] 0x00000000A7BC1166 UE4Editor-Engine.dll!UnknownFunction []
[2018.07.14-02.15.44:141][306]LogWindows: Error: [Callstack] 0x00000000A7BF30DB UE4Editor-Engine.dll!UnknownFunction []
[2018.07.14-02.15.44:141][306]LogWindows: Error: [Callstack] 0x00000000A772A6A9 UE4Editor-Engine.dll!UnknownFunction []
[2018.07.14-02.15.44:141][306]LogWindows: Error: [Callstack] 0x00000000A773EF05 UE4Editor-Engine.dll!UnknownFunction []
[2018.07.14-02.15.44:141][306]LogWindows: Error: [Callstack] 0x00000000A772816B UE4Editor-Engine.dll!UnknownFunction []
[2018.07.14-02.15.44:141][306]LogWindows: Error: [Callstack] 0x00000000A773E0AC UE4Editor-Engine.dll!UnknownFunction []
[2018.07.14-02.15.44:141][306]LogWindows: Error: [Callstack] 0x00000000A69900E4 UE4Editor-Engine.dll!UnknownFunction []
[2018.07.14-02.15.44:141][306]LogWindows: Error: [Callstack] 0x00000000A7A970BB UE4Editor-Engine.dll!UnknownFunction []
[2018.07.14-02.15.44:141][306]LogWindows: Error: [Callstack] 0x00000000A7A9C793 UE4Editor-Engine.dll!UnknownFunction []
[2018.07.14-02.15.44:141][306]LogWindows: Error: [Callstack] 0x00000000A946B713 UE4Editor-Core.dll!UnknownFunction []
[2018.07.14-02.15.44:141][306]LogWindows: Error: [Callstack] 0x00000000A946BD3A UE4Editor-Core.dll!UnknownFunction []
[2018.07.14-02.15.44:141][306]LogWindows: Error: [Callstack] 0x00000000A948ECFE UE4Editor-Core.dll!UnknownFunction []
[2018.07.14-02.15.44:141][306]LogWindows: Error: [Callstack] 0x00000000A7ABD771 UE4Editor-Engine.dll!UnknownFunction []
[2018.07.14-02.15.44:141][306]LogWindows: Error: [Callstack] 0x00000000A7AC3292 UE4Editor-Engine.dll!UnknownFunction []
[2018.07.14-02.15.44:141][306]LogWindows: Error: [Callstack] 0x00000000A731C304 UE4Editor-Engine.dll!UnknownFunction []
[2018.07.14-02.15.44:141][306]LogWindows: Error: [Callstack] 0x00000000A732756B UE4Editor-Engine.dll!UnknownFunction []
[2018.07.14-02.15.44:141][306]LogWindows: Error: [Callstack] 0x00000000A4C3D781 UE4Editor-UnrealEd.dll!UnknownFunction []
[2018.07.14-02.15.44:141][306]LogWindows: Error: [Callstack] 0x00000000A54D9626 UE4Editor-UnrealEd.dll!UnknownFunction []
[2018.07.14-02.15.44:141][306]LogWindows: Error: [Callstack] 0x00000000D8E45EAC UE4Editor.exe!UnknownFunction []
[2018.07.14-02.15.44:141][306]LogWindows: Error: [Callstack] 0x00000000D8E56BD0 UE4Editor.exe!UnknownFunction []
[2018.07.14-02.15.44:141][306]LogWindows: Error: [Callstack] 0x00000000D8E56C4A UE4Editor.exe!UnknownFunction []
[2018.07.14-02.15.44:141][306]LogWindows: Error: [Callstack] 0x00000000D8E64177 UE4Editor.exe!UnknownFunction []
[2018.07.14-02.15.44:141][306]LogWindows: Error: [Callstack] 0x00000000D8E65B87 UE4Editor.exe!UnknownFunction []
[2018.07.14-02.15.44:141][306]LogWindows: Error: [Callstack] 0x00000000FCCA3034 KERNEL32.DLL!UnknownFunction []
[2018.07.14-02.15.44:141][306]LogWindows: Error: [Callstack] 0x00000000FF251431 ntdll.dll!UnknownFunction []
[2018.07.14-02.15.44:141][306]LogWindows: Error: [Callstack] 0x00000000FF251431 ntdll.dll!UnknownFunction []
[2018.07.14-02.15.44:141][306]LogWindows: Error: 
[2018.07.14-02.15.44:156][306]LogExit: Executing StaticShutdownAfterError
[2018.07.14-02.15.44:161][306]LogWindows: FPlatformMisc::RequestExit(1)
[2018.07.14-02.15.44:161][306]Log file closed, 07/13/18 19:15:44
