Log file open, 07/13/18 19:15:50
LogWindows: Failed to load 'aqProf.dll' (GetLastError=126)
LogWindows: File 'aqProf.dll' does not exist
LogWindows: Failed to load 'VtuneApi.dll' (GetLastError=126)
LogWindows: File 'VtuneApi.dll' does not exist
LogWindows: Failed to load 'VtuneApi32e.dll' (GetLastError=126)
LogWindows: File 'VtuneApi32e.dll' does not exist
LogInit: Display: Running engine for game: LianeGame
LogPlatformFile: Not using cached read wrapper
LogInit: Display: RandInit(1308015905) SRandInit(1308015905).
LogInit: Read version file with build ID '3944462'
LogInit: Overriding engine version to CL 4033788, compatible CL 3944462
LogInit: Registered custom module enumerator with build ID '3944462'
LogTaskGraph: Started task graph with 5 named threads and 23 total threads with 3 sets of task threads.
LogStats: Stats thread started at 0.283235
LogD3D11RHI: Aftermath initialized
LogICUInternationalization: Display: ICU TimeZone Detection - Raw Offset: -8:00, Platform Override: ''
LogPluginManager: Mounting plugin Paper2D
LogPluginManager: Mounting plugin LiveLink
LogPluginManager: Mounting plugin LightPropagationVolume
LogPluginManager: Mounting plugin CLionSourceCodeAccess
LogPluginManager: Mounting plugin CodeLiteSourceCodeAccess
LogPluginManager: Mounting plugin GitSourceControl
LogPluginManager: Mounting plugin KDevelopSourceCodeAccess
LogPluginManager: Mounting plugin NullSourceCodeAccess
LogPluginManager: Mounting plugin PerforceSourceControl
LogPluginManager: Mounting plugin SubversionSourceControl
LogPluginManager: Mounting plugin UObjectPlugin
LogPluginManager: Mounting plugin VisualStudioCodeSourceCodeAccess
LogPluginManager: Mounting plugin VisualStudioSourceCodeAccess
LogPluginManager: Mounting plugin XCodeSourceCodeAccess
LogPluginManager: Mounting plugin AssetManagerEditor
LogPluginManager: Mounting plugin CryptoKeys
LogPluginManager: Mounting plugin DataValidation
LogPluginManager: Mounting plugin FacialAnimation
LogPluginManager: Mounting plugin GameplayTagsEditor
LogPluginManager: Mounting plugin MobileLauncherProfileWizard
LogPluginManager: Mounting plugin PluginBrowser
LogPluginManager: Mounting plugin SpeedTreeImporter
LogPluginManager: Mounting plugin DatasmithContent
LogPluginManager: Mounting plugin AlembicImporter
LogPluginManager: Mounting plugin CharacterAI
LogPluginManager: Mounting plugin HTML5Networking
LogPluginManager: Mounting plugin AndroidMedia
LogPluginManager: Mounting plugin AvfMedia
LogPluginManager: Mounting plugin ImgMedia
LogPluginManager: Mounting plugin LinearTimecode
LogPluginManager: Mounting plugin MediaCompositing
LogPluginManager: Mounting plugin MediaPlayerEditor
LogPluginManager: Mounting plugin WmfMedia
LogPluginManager: Mounting plugin TcpMessaging
LogPluginManager: Mounting plugin UdpMessaging
LogPluginManager: Mounting plugin ActorSequence
LogPluginManager: Mounting plugin LevelSequenceEditor
LogPluginManager: Mounting plugin MatineeToLevelSequence
LogPluginManager: Mounting plugin NetcodeUnitTest
LogPluginManager: Mounting plugin NUTUnrealEngine4
LogPluginManager: Mounting plugin OnlineSubsystemGooglePlay
LogPluginManager: Mounting plugin OnlineSubsystemIOS
LogPluginManager: Mounting plugin OnlineSubsystem
LogPluginManager: Mounting plugin OnlineSubsystemNull
LogPluginManager: Mounting plugin OnlineSubsystemUtils
LogPluginManager: Mounting plugin AndroidDeviceProfileSelector
LogPluginManager: Mounting plugin AndroidMoviePlayer
LogPluginManager: Mounting plugin AndroidPermission
LogPluginManager: Mounting plugin AppleARKit
LogPluginManager: Mounting plugin AppleMoviePlayer
LogPluginManager: Mounting plugin ArchVisCharacter
LogPluginManager: Mounting plugin AudioCapture
LogPluginManager: Mounting plugin CableComponent
LogPluginManager: Mounting plugin CustomMeshComponent
LogPluginManager: Mounting plugin ExampleDeviceProfileSelector
LogPluginManager: Mounting plugin GoogleCloudMessaging
LogPluginManager: Mounting plugin ImmediatePhysics
LogPluginManager: Mounting plugin IOSDeviceProfileSelector
LogPluginManager: Mounting plugin LinuxDeviceProfileSelector
LogPluginManager: Mounting plugin LocationServicesBPLibrary
LogPluginManager: Mounting plugin MobilePatchingUtils
LogPluginManager: Mounting plugin OculusVR
LogPluginManager: Plugin shader directory ../../../Engine/Plugins/Runtime/Oculus/OculusVR/Shaders found
LogPluginManager: Mapping shader source directory ../../../Engine/Plugins/Runtime/Oculus/OculusVR/Shaders to virtual directory /Plugin/OculusVR
LogPluginManager: Mounting plugin PhysXVehicles
LogPluginManager: Mounting plugin ProceduralMeshComponent
LogPluginManager: Mounting plugin RuntimePhysXCooking
LogPluginManager: Mounting plugin SteamVR
LogPluginManager: Mounting plugin WindowsMoviePlayer
LogStreaming: Display: Took  0.106s to configure plugins.
LogModuleManager: Display: Found up-to-date module file ../../../../../../Users/Nicholaus/Documents/LianeRepo/MasterProjectCPP/LianeGame/Binaries/Win64/UE4Editor-LianeGame-583.dll (API version 3944462).
LogModuleManager: Display: Found up-to-date module file ../../../Engine/Plugins/2D/Paper2D/Binaries/Win64/UE4Editor-Paper2D.dll (API version 3944462).
LogModuleManager: Display: Found up-to-date module file ../../../Engine/Plugins/2D/Paper2D/Binaries/Win64/UE4Editor-Paper2DEditor.dll (API version 3944462).
LogModuleManager: Display: Found up-to-date module file ../../../Engine/Plugins/2D/Paper2D/Binaries/Win64/UE4Editor-PaperSpriteSheetImporter.dll (API version 3944462).
LogModuleManager: Display: Found up-to-date module file ../../../Engine/Plugins/2D/Paper2D/Binaries/Win64/UE4Editor-PaperTiledImporter.dll (API version 3944462).
LogModuleManager: Display: Found up-to-date module file ../../../Engine/Plugins/2D/Paper2D/Binaries/Win64/UE4Editor-SmartSnapping.dll (API version 3944462).
LogModuleManager: Display: Found up-to-date module file ../../../Engine/Plugins/Animation/LiveLink/Binaries/Win64/UE4Editor-LiveLink.dll (API version 3944462).
LogModuleManager: Display: Found up-to-date module file ../../../Engine/Plugins/Animation/LiveLink/Binaries/Win64/UE4Editor-LiveLinkEditor.dll (API version 3944462).
LogModuleManager: Display: Found up-to-date module file ../../../Engine/Plugins/Blendables/LightPropagationVolume/Binaries/Win64/UE4Editor-LightPropagationVolumeRuntime.dll (API version 3944462).
LogModuleManager: Display: Found up-to-date module file ../../../Engine/Plugins/Blendables/LightPropagationVolume/Binaries/Win64/UE4Editor-LightPropagationVolumeEditor.dll (API version 3944462).
LogModuleManager: Display: Found up-to-date module file ../../../Engine/Plugins/Developer/CLionSourceCodeAccess/Binaries/Win64/UE4Editor-CLionSourceCodeAccess.dll (API version 3944462).
LogModuleManager: Display: Found up-to-date module file ../../../Engine/Plugins/Developer/GitSourceControl/Binaries/Win64/UE4Editor-GitSourceControl.dll (API version 3944462).
LogModuleManager: Display: Found up-to-date module file ../../../Engine/Plugins/Developer/PerforceSourceControl/Binaries/Win64/UE4Editor-PerforceSourceControl.dll (API version 3944462).
LogModuleManager: Display: Found up-to-date module file ../../../Engine/Plugins/Developer/SubversionSourceControl/Binaries/Win64/UE4Editor-SubversionSourceControl.dll (API version 3944462).
LogModuleManager: Display: Found up-to-date module file ../../../Engine/Plugins/Developer/UObjectPlugin/Binaries/Win64/UE4Editor-UObjectPlugin.dll (API version 3944462).
LogModuleManager: Display: Found up-to-date module file ../../../Engine/Plugins/Developer/VisualStudioCodeSourceCodeAccess/Binaries/Win64/UE4Editor-VisualStudioCodeSourceCodeAccess.dll (API version 3944462).
LogModuleManager: Display: Found up-to-date module file ../../../Engine/Plugins/Developer/VisualStudioSourceCodeAccess/Binaries/Win64/UE4Editor-VisualStudioSourceCodeAccess.dll (API version 3944462).
LogModuleManager: Display: Found up-to-date module file ../../../Engine/Plugins/Editor/AssetManagerEditor/Binaries/Win64/UE4Editor-AssetManagerEditor.dll (API version 3944462).
LogModuleManager: Display: Found up-to-date module file ../../../Engine/Plugins/Editor/CryptoKeys/Binaries/Win64/UE4Editor-CryptoKeys.dll (API version 3944462).
LogModuleManager: Display: Found up-to-date module file ../../../Engine/Plugins/Editor/CryptoKeys/Binaries/Win64/UE4Editor-CryptoKeysOpenSSL.dll (API version 3944462).
LogModuleManager: Display: Found up-to-date module file ../../../Engine/Plugins/Editor/DataValidation/Binaries/Win64/UE4Editor-DataValidation.dll (API version 3944462).
LogModuleManager: Display: Found up-to-date module file ../../../Engine/Plugins/Editor/FacialAnimation/Binaries/Win64/UE4Editor-FacialAnimation.dll (API version 3944462).
LogModuleManager: Display: Found up-to-date module file ../../../Engine/Plugins/Editor/FacialAnimation/Binaries/Win64/UE4Editor-FacialAnimationEditor.dll (API version 3944462).
LogModuleManager: Display: Found up-to-date module file ../../../Engine/Plugins/Editor/GameplayTagsEditor/Binaries/Win64/UE4Editor-GameplayTagsEditor.dll (API version 3944462).
LogModuleManager: Display: Found up-to-date module file ../../../Engine/Plugins/Editor/MobileLauncherProfileWizard/Binaries/Win64/UE4Editor-MobileLauncherProfileWizard.dll (API version 3944462).
LogModuleManager: Display: Found up-to-date module file ../../../Engine/Plugins/Editor/PluginBrowser/Binaries/Win64/UE4Editor-PluginBrowser.dll (API version 3944462).
LogModuleManager: Display: Found up-to-date module file ../../../Engine/Plugins/Editor/SpeedTreeImporter/Binaries/Win64/UE4Editor-SpeedTreeImporter.dll (API version 3944462).
LogModuleManager: Display: Found up-to-date module file ../../../Engine/Plugins/Enterprise/DatasmithContent/Binaries/Win64/UE4Editor-DatasmithContent.dll (API version 3944462).
LogModuleManager: Display: Found up-to-date module file ../../../Engine/Plugins/Experimental/AlembicImporter/Binaries/Win64/UE4Editor-AlembicImporter.dll (API version 3944462).
LogModuleManager: Display: Found up-to-date module file ../../../Engine/Plugins/Experimental/AlembicImporter/Binaries/Win64/UE4Editor-AlembicLibrary.dll (API version 3944462).
LogModuleManager: Display: Found up-to-date module file ../../../Engine/Plugins/Experimental/CharacterAI/Binaries/Win64/UE4Editor-CharacterAI.dll (API version 3944462).
LogModuleManager: Display: Found up-to-date module file ../../../Engine/Plugins/Experimental/HTML5Networking/Binaries/Win64/UE4Editor-HTML5Networking.dll (API version 3944462).
LogModuleManager: Display: Found up-to-date module file ../../../Engine/Plugins/Media/AndroidMedia/Binaries/Win64/UE4Editor-AndroidMediaEditor.dll (API version 3944462).
LogModuleManager: Display: Found up-to-date module file ../../../Engine/Plugins/Media/AndroidMedia/Binaries/Win64/UE4Editor-AndroidMediaFactory.dll (API version 3944462).
LogModuleManager: Display: Found up-to-date module file ../../../Engine/Plugins/Media/AvfMedia/Binaries/Win64/UE4Editor-AvfMediaEditor.dll (API version 3944462).
LogModuleManager: Display: Found up-to-date module file ../../../Engine/Plugins/Media/AvfMedia/Binaries/Win64/UE4Editor-AvfMediaFactory.dll (API version 3944462).
LogModuleManager: Display: Found up-to-date module file ../../../Engine/Plugins/Media/AvfMedia/Binaries/Win64/UE4Editor-AvfMediaFactory.dll (API version 3944462).
LogModuleManager: Display: Found up-to-date module file ../../../Engine/Plugins/Media/ImgMedia/Binaries/Win64/UE4Editor-ImgMedia.dll (API version 3944462).
LogModuleManager: Display: Found up-to-date module file ../../../Engine/Plugins/Media/ImgMedia/Binaries/Win64/UE4Editor-ImgMediaEditor.dll (API version 3944462).
LogModuleManager: Display: Found up-to-date module file ../../../Engine/Plugins/Media/ImgMedia/Binaries/Win64/UE4Editor-ImgMediaFactory.dll (API version 3944462).
LogModuleManager: Display: Found up-to-date module file ../../../Engine/Plugins/Media/ImgMedia/Binaries/Win64/UE4Editor-ImgMediaFactory.dll (API version 3944462).
LogModuleManager: Display: Found up-to-date module file ../../../Engine/Plugins/Media/ImgMedia/Binaries/Win64/UE4Editor-OpenExrWrapper.dll (API version 3944462).
LogModuleManager: Display: Found up-to-date module file ../../../Engine/Plugins/Media/LinearTimecode/Binaries/Win64/UE4Editor-LinearTimecode.dll (API version 3944462).
LogModuleManager: Display: Found up-to-date module file ../../../Engine/Plugins/Media/MediaCompositing/Binaries/Win64/UE4Editor-MediaCompositing.dll (API version 3944462).
LogModuleManager: Display: Found up-to-date module file ../../../Engine/Plugins/Media/MediaCompositing/Binaries/Win64/UE4Editor-MediaCompositingEditor.dll (API version 3944462).
LogModuleManager: Display: Found up-to-date module file ../../../Engine/Plugins/Media/MediaPlayerEditor/Binaries/Win64/UE4Editor-MediaPlayerEditor.dll (API version 3944462).
LogModuleManager: Display: Found up-to-date module file ../../../Engine/Plugins/Media/WmfMedia/Binaries/Win64/UE4Editor-WmfMedia.dll (API version 3944462).
LogModuleManager: Display: Found up-to-date module file ../../../Engine/Plugins/Media/WmfMedia/Binaries/Win64/UE4Editor-WmfMediaEditor.dll (API version 3944462).
LogModuleManager: Display: Found up-to-date module file ../../../Engine/Plugins/Media/WmfMedia/Binaries/Win64/UE4Editor-WmfMediaFactory.dll (API version 3944462).
LogModuleManager: Display: Found up-to-date module file ../../../Engine/Plugins/Media/WmfMedia/Binaries/Win64/UE4Editor-WmfMediaFactory.dll (API version 3944462).
LogModuleManager: Display: Found up-to-date module file ../../../Engine/Plugins/Messaging/TcpMessaging/Binaries/Win64/UE4Editor-TcpMessaging.dll (API version 3944462).
LogModuleManager: Display: Found up-to-date module file ../../../Engine/Plugins/Messaging/UdpMessaging/Binaries/Win64/UE4Editor-UdpMessaging.dll (API version 3944462).
LogModuleManager: Display: Found up-to-date module file ../../../Engine/Plugins/MovieScene/ActorSequence/Binaries/Win64/UE4Editor-ActorSequence.dll (API version 3944462).
LogModuleManager: Display: Found up-to-date module file ../../../Engine/Plugins/MovieScene/LevelSequenceEditor/Binaries/Win64/UE4Editor-LevelSequenceEditor.dll (API version 3944462).
LogModuleManager: Display: Found up-to-date module file ../../../Engine/Plugins/MovieScene/MatineeToLevelSequence/Binaries/Win64/UE4Editor-MatineeToLevelSequence.dll (API version 3944462).
LogModuleManager: Display: Found up-to-date module file ../../../Engine/Plugins/NetcodeUnitTest/NetcodeUnitTest/Binaries/Win64/UE4Editor-NetcodeUnitTest.dll (API version 3944462).
LogModuleManager: Display: Found up-to-date module file ../../../Engine/Plugins/NetcodeUnitTest/NUTUnrealEngine4/Binaries/Win64/UE4Editor-NUTUnrealEngine4.dll (API version 3944462).
LogModuleManager: Display: Found up-to-date module file ../../../Engine/Plugins/Online/OnlineSubsystem/Binaries/Win64/UE4Editor-OnlineSubsystem.dll (API version 3944462).
LogModuleManager: Display: Found up-to-date module file ../../../Engine/Plugins/Online/OnlineSubsystemNull/Binaries/Win64/UE4Editor-OnlineSubsystemNull.dll (API version 3944462).
LogModuleManager: Display: Found up-to-date module file ../../../Engine/Plugins/Online/OnlineSubsystemUtils/Binaries/Win64/UE4Editor-OnlineSubsystemUtils.dll (API version 3944462).
LogModuleManager: Display: Found up-to-date module file ../../../Engine/Plugins/Online/OnlineSubsystemUtils/Binaries/Win64/UE4Editor-OnlineBlueprintSupport.dll (API version 3944462).
LogModuleManager: Display: Found up-to-date module file ../../../Engine/Plugins/Runtime/AndroidDeviceProfileSelector/Binaries/Win64/UE4Editor-AndroidDeviceProfileSelector.dll (API version 3944462).
LogModuleManager: Display: Found up-to-date module file ../../../Engine/Plugins/Runtime/AndroidPermission/Binaries/Win64/UE4Editor-AndroidPermission.dll (API version 3944462).
LogModuleManager: Display: Found up-to-date module file ../../../Engine/Plugins/Runtime/AppleARKit/Binaries/Win64/UE4Editor-AppleARKit.dll (API version 3944462).
LogModuleManager: Display: Found up-to-date module file ../../../Engine/Plugins/Runtime/ArchVisCharacter/Binaries/Win64/UE4Editor-ArchVisCharacter.dll (API version 3944462).
LogModuleManager: Display: Found up-to-date module file ../../../Engine/Plugins/Runtime/AudioCapture/Binaries/Win64/UE4Editor-AudioCapture.dll (API version 3944462).
LogModuleManager: Display: Found up-to-date module file ../../../Engine/Plugins/Runtime/AudioCapture/Binaries/Win64/UE4Editor-AudioCaptureEditor.dll (API version 3944462).
LogModuleManager: Display: Found up-to-date module file ../../../Engine/Plugins/Runtime/CableComponent/Binaries/Win64/UE4Editor-CableComponent.dll (API version 3944462).
LogModuleManager: Display: Found up-to-date module file ../../../Engine/Plugins/Runtime/CustomMeshComponent/Binaries/Win64/UE4Editor-CustomMeshComponent.dll (API version 3944462).
LogModuleManager: Display: Found up-to-date module file ../../../Engine/Plugins/Runtime/ExampleDeviceProfileSelector/Binaries/Win64/UE4Editor-ExampleDeviceProfileSelector.dll (API version 3944462).
LogModuleManager: Display: Found up-to-date module file ../../../Engine/Plugins/Runtime/ImmediatePhysics/Binaries/Win64/UE4Editor-ImmediatePhysics.dll (API version 3944462).
LogModuleManager: Display: Found up-to-date module file ../../../Engine/Plugins/Runtime/ImmediatePhysics/Binaries/Win64/UE4Editor-ImmediatePhysicsEditor.dll (API version 3944462).
LogModuleManager: Display: Found up-to-date module file ../../../Engine/Plugins/Runtime/LocationServicesBPLibrary/Binaries/Win64/UE4Editor-LocationServicesBPLibrary.dll (API version 3944462).
LogModuleManager: Display: Found up-to-date module file ../../../Engine/Plugins/Runtime/MobilePatchingUtils/Binaries/Win64/UE4Editor-MobilePatchingUtils.dll (API version 3944462).
LogModuleManager: Display: Found up-to-date module file ../../../Engine/Plugins/Runtime/Oculus/OculusVR/Binaries/Win64/UE4Editor-OculusHMD.dll (API version 3944462).
LogModuleManager: Display: Found up-to-date module file ../../../Engine/Plugins/Runtime/Oculus/OculusVR/Binaries/Win64/UE4Editor-OculusInput.dll (API version 3944462).
LogModuleManager: Display: Found up-to-date module file ../../../Engine/Plugins/Runtime/Oculus/OculusVR/Binaries/Win64/UE4Editor-OculusEditor.dll (API version 3944462).
LogModuleManager: Display: Found up-to-date module file ../../../Engine/Plugins/Runtime/PhysXVehicles/Binaries/Win64/UE4Editor-PhysXVehicles.dll (API version 3944462).
LogModuleManager: Display: Found up-to-date module file ../../../Engine/Plugins/Runtime/PhysXVehicles/Binaries/Win64/UE4Editor-PhysXVehiclesEditor.dll (API version 3944462).
LogModuleManager: Display: Found up-to-date module file ../../../Engine/Plugins/Runtime/ProceduralMeshComponent/Binaries/Win64/UE4Editor-ProceduralMeshComponent.dll (API version 3944462).
LogModuleManager: Display: Found up-to-date module file ../../../Engine/Plugins/Runtime/ProceduralMeshComponent/Binaries/Win64/UE4Editor-ProceduralMeshComponentEditor.dll (API version 3944462).
LogModuleManager: Display: Found up-to-date module file ../../../Engine/Plugins/Runtime/RuntimePhysXCooking/Binaries/Win64/UE4Editor-RuntimePhysXCooking.dll (API version 3944462).
LogModuleManager: Display: Found up-to-date module file ../../../Engine/Plugins/Runtime/Steam/SteamVR/Binaries/Win64/UE4Editor-SteamVR.dll (API version 3944462).
LogModuleManager: Display: Found up-to-date module file ../../../Engine/Plugins/Runtime/Steam/SteamVR/Binaries/Win64/UE4Editor-SteamVRController.dll (API version 3944462).
LogModuleManager: Display: Found up-to-date module file ../../../Engine/Plugins/Runtime/WindowsMoviePlayer/Binaries/Win64/UE4Editor-WindowsMoviePlayer.dll (API version 3944462).
LogInit: Using libcurl 7.47.1
LogInit:  - built for x86_64-pc-win32
LogInit:  - supports SSL with OpenSSL/1.0.2g
LogInit:  - supports HTTP deflate (compression) using libz 1.2.8
LogInit:  - other features:
LogInit:      CURL_VERSION_SSL
LogInit:      CURL_VERSION_LIBZ
LogInit:      CURL_VERSION_IPV6
LogInit:      CURL_VERSION_ASYNCHDNS
LogInit:      CURL_VERSION_LARGEFILE
LogInit:      CURL_VERSION_IDN
LogInit:  CurlRequestOptions (configurable via config and command line):
LogInit:  - bVerifyPeer = false  - Libcurl will NOT verify peer certificate
LogInit:  - bUseHttpProxy = false  - Libcurl will NOT use HTTP proxy
LogInit:  - bDontReuseConnections = false  - Libcurl will reuse connections
LogInit:  - CertBundlePath = nullptr  - Libcurl will use whatever was configured at build time.
LogInit:  - MaxHostConnections = 16  - Libcurl will limit the number of connections to a host
LogInit:  - LocalHostAddr = Default
LogInit: WinSock: version 1.1 (2.2), MaxSocks=32767, MaxUdp=65467
LogInit: WinSock: I am KillRoy (10.0.0.108:0)
LogInit: Build: ++UE4+Release-4.19-CL-4033788
LogInit: Engine Version: 4.19.2-4033788+++UE4+Release-4.19
LogInit: Compatible Engine Version: 4.19.0-3944462+++UE4+Release-4.19
LogInit: Net CL: 3944462
LogDevObjectVersion: Number of dev versions registered: 18
LogDevObjectVersion:   Dev-Blueprints (B0D832E4-1F89-4F0D-ACCF-7EB736FD4AA2): 10
LogDevObjectVersion:   Dev-Build (E1C64328-A22C-4D53-A36C-8E866417BD8C): 0
LogDevObjectVersion:   Dev-Core (375EC13C-06E4-48FB-B500-84F0262A717E): 2
LogDevObjectVersion:   Dev-Editor (E4B068ED-F494-42E9-A231-DA0B2E46BB41): 23
LogDevObjectVersion:   Dev-Framework (CFFC743F-43B0-4480-9391-14DF171D2073): 33
LogDevObjectVersion:   Dev-Mobile (B02B49B5-BB20-44E9-A304-32B752E40360): 2
LogDevObjectVersion:   Dev-Networking (A4E4105C-59A1-49B5-A7C5-40C4547EDFEE): 0
LogDevObjectVersion:   Dev-Online (39C831C9-5AE6-47DC-9A44-9C173E1C8E7C): 0
LogDevObjectVersion:   Dev-Physics (78F01B33-EBEA-4F98-B9B4-84EACCB95AA2): 0
LogDevObjectVersion:   Dev-Platform (6631380F-2D4D-43E0-8009-CF276956A95A): 0
LogDevObjectVersion:   Dev-Rendering (12F88B9F-8875-4AFC-A67C-D90C383ABD29): 25
LogDevObjectVersion:   Dev-Sequencer (7B5AE74C-D270-4C10-A958-57980B212A5A): 6
LogDevObjectVersion:   Dev-VR (D7296918-1DD6-4BDD-9DE2-64A83CC13884): 1
LogDevObjectVersion:   Dev-LoadTimes (C2A15278-BFE7-4AFE-6C17-90FF531DF755): 1
LogDevObjectVersion:   Private-Geometry (6EACA3D4-40EC-4CC1-B786-8BED09428FC5): 2
LogDevObjectVersion:   Dev-AnimPhys (29E575DD-E0A3-4627-9D10-D276232CDCEA): 16
LogDevObjectVersion:   Dev-ReflectionCapture (6B266CEC-1EC7-4B8F-A30B-E4D90942FC07): 1
LogDevObjectVersion:   Dev-Automation (0DF73D61-A23F-47EA-B727-89E90C41499A): 1
LogInit: Compiled (64-bit): Apr 27 2018 02:06:57
LogInit: Compiled with Visual C++: 19.00.24215.01
LogInit: Build Configuration: Development
LogInit: Branch Name: ++UE4+Release-4.19
LogInit: Command Line: 
LogInit: Base Directory: G:/Program Files/Epic Games/UE_4.19/Engine/Binaries/Win64/
LogInit: Installed Engine Build: 1
LogStreaming: Display: Took  0.001s to delete old logs.
LogInit: Presizing for max 8388607 objects, including 0 objects not considered by GC, pre-allocating 0 bytes for permanent pool.
LogInit: Object subsystem initialized
[2018.07.14-02.15.52:854][  0]LogInit: Selected Device Profile: [Windows]
[2018.07.14-02.15.52:854][  0]LogInit: Applying CVar settings loaded from the selected device profile: [Windows]
[2018.07.14-02.15.52:881][  0]LogInit: Computer: KILLROY
[2018.07.14-02.15.52:881][  0]LogInit: User: Nicholaus
[2018.07.14-02.15.52:881][  0]LogInit: CPU Page size=4096, Cores=4
[2018.07.14-02.15.52:881][  0]LogInit: High frequency timer resolution =3.613344 MHz
[2018.07.14-02.15.52:882][  0]LogMemory: Memory total: Physical=31.9GB (32GB approx)
[2018.07.14-02.15.52:882][  0]LogMemory: Platform Memory Stats for Windows
[2018.07.14-02.15.52:882][  0]LogMemory: Process Physical Memory: 273.95 MB used, 273.95 MB peak
[2018.07.14-02.15.52:882][  0]LogMemory: Process Virtual Memory: 264.60 MB used, 264.60 MB peak
[2018.07.14-02.15.52:882][  0]LogMemory: Physical Memory: 10137.69 MB used,  22547.24 MB free, 32684.93 MB total
[2018.07.14-02.15.52:882][  0]LogMemory: Virtual Memory: 4794.22 MB used,  22547.24 MB free, 134217728.00 MB total
[2018.07.14-02.15.52:929][  0]LogInit: Using OS detected language (en-US).
[2018.07.14-02.15.52:929][  0]LogInit: Using OS detected locale (en-US).
[2018.07.14-02.15.52:939][  0]LogTextLocalizationManager: No specific localization for 'en-US' exists, so the 'en' localization will be used.
[2018.07.14-02.15.53:407][  0]LogStreaming: Display: Took  0.479s to EndInitTextLocalization.
[2018.07.14-02.15.53:408][  0]LogInit: Setting process to per monitor DPI aware
[2018.07.14-02.15.53:451][  0]LogSlate: New Slate User Created.  User Index 0, Is Virtual User: 0
[2018.07.14-02.15.53:451][  0]LogSlate: Slate User Registered.  User Index 0, Is Virtual User: 0
[2018.07.14-02.15.53:675][  0]LogD3D11RHI: D3D11 adapters:
[2018.07.14-02.15.53:789][  0]LogD3D11RHI:    0. 'NVIDIA GeForce GTX 1060 6GB' (Feature Level 11_0)
[2018.07.14-02.15.53:789][  0]LogD3D11RHI:       6052/0/16342 MB DedicatedVideo/DedicatedSystem/SharedSystem, Outputs:3, VendorId:0x10de
[2018.07.14-02.15.53:792][  0]LogD3D11RHI:    1. 'Microsoft Basic Render Driver' (Feature Level 11_0)
[2018.07.14-02.15.53:792][  0]LogD3D11RHI:       0/0/16342 MB DedicatedVideo/DedicatedSystem/SharedSystem, Outputs:0, VendorId:0x1414
[2018.07.14-02.15.53:792][  0]LogD3D11RHI: Chosen D3D11 Adapter: 0
[2018.07.14-02.15.53:799][  0]LogD3D11RHI: Creating new Direct3DDevice
[2018.07.14-02.15.53:799][  0]LogD3D11RHI:     GPU DeviceId: 0x1c03 (for the marketing name, search the web for "GPU Device Id")
[2018.07.14-02.15.53:799][  0]LogWindows: EnumDisplayDevices:
[2018.07.14-02.15.53:800][  0]LogWindows:    0. 'NVIDIA GeForce GTX 1060 6GB' (P:1 D:1)
[2018.07.14-02.15.53:800][  0]LogWindows:    1. 'NVIDIA GeForce GTX 1060 6GB' (P:0 D:1)
[2018.07.14-02.15.53:800][  0]LogWindows:    2. 'NVIDIA GeForce GTX 1060 6GB' (P:0 D:1)
[2018.07.14-02.15.53:800][  0]LogWindows:    3. 'NVIDIA GeForce GTX 1060 6GB' (P:0 D:0)
[2018.07.14-02.15.53:800][  0]LogWindows: DebugString: GetVideoDriverDetailsInvalid PrimaryIsNotTheChoosenAdapter GetVideoDriverDetailsInvalid PrimaryIsNotTheChoosenAdapter GetVideoDriverDetailsInvalid PrimaryIsNotTheChoosenAdapter GetVideoDriverDetailsInvalid PrimaryIsNotTheChoosenAdapter FoundDriverCount:0 
[2018.07.14-02.15.53:800][  0]LogD3D11RHI:     Adapter Name: NVIDIA GeForce GTX 1060 6GB
[2018.07.14-02.15.53:800][  0]LogD3D11RHI:   Driver Version: Unknown (internal:Unknown, unified:Unknown)
[2018.07.14-02.15.53:800][  0]LogD3D11RHI:      Driver Date: Unknown
[2018.07.14-02.15.53:800][  0]LogRHI: Texture pool is 4236 MB (70% of 6052 MB)
[2018.07.14-02.15.53:848][  0]LogD3D11RHI: [Aftermath] Aftermath enabled and primed
[2018.07.14-02.15.53:848][  0]LogD3D11RHI: [Aftermath] Aftermath enabled and primed
[2018.07.14-02.15.53:848][  0]LogD3D11RHI: Async texture creation enabled
[2018.07.14-02.15.53:882][  0]LogD3D11RHI: GPU Timing Frequency: 1000.000000 (Debug: 2 2)
[2018.07.14-02.15.54:024][  0]LogShaderCompilers: Guid format shader working directory is -30 characters bigger than the processId version (../../../../../../Users/Nicholaus/Documents/LianeRepo/MasterProjectCPP/LianeGame/Intermediate/Shaders/WorkingDirectory/4264/).
[2018.07.14-02.15.54:024][  0]LogShaderCompilers: Cleaned the shader compiler working directory 'C:/Users/Nicholaus/AppData/Local/Temp/UnrealShaderWorkingDir/7D0E05284EA57BD044442BBCF9550DBC/'.
[2018.07.14-02.15.54:243][  0]LogTemp: Display: Loaded TP AllDesktopTargetPlatform
[2018.07.14-02.15.54:259][  0]LogTemp: Display: Loaded TP MacClientTargetPlatform
[2018.07.14-02.15.54:275][  0]LogTemp: Display: Loaded TP MacNoEditorTargetPlatform
[2018.07.14-02.15.54:290][  0]LogTemp: Display: Loaded TP MacServerTargetPlatform
[2018.07.14-02.15.54:309][  0]LogTemp: Display: Loaded TP MacTargetPlatform
[2018.07.14-02.15.54:324][  0]LogTemp: Display: Loaded TP WindowsClientTargetPlatform
[2018.07.14-02.15.54:341][  0]LogTemp: Display: Loaded TP WindowsNoEditorTargetPlatform
[2018.07.14-02.15.54:357][  0]LogTemp: Display: Loaded TP WindowsServerTargetPlatform
[2018.07.14-02.15.54:368][  0]LogTemp: Display: Loaded TP WindowsTargetPlatform
[2018.07.14-02.15.54:382][  0]LogTemp: Display: Loaded TP Android_ASTCTargetPlatform
[2018.07.14-02.15.54:395][  0]LogTemp: Display: Loaded TP Android_ATCTargetPlatform
[2018.07.14-02.15.54:408][  0]LogTemp: Display: Loaded TP Android_DXTTargetPlatform
[2018.07.14-02.15.54:422][  0]LogTemp: Display: Loaded TP Android_ETC1aTargetPlatform
[2018.07.14-02.15.54:434][  0]LogTemp: Display: Loaded TP Android_ETC1TargetPlatform
[2018.07.14-02.15.54:448][  0]LogTemp: Display: Loaded TP Android_ETC2TargetPlatform
[2018.07.14-02.15.54:475][  0]LogTemp: Display: Loaded TP Android_MultiTargetPlatform
[2018.07.14-02.15.54:475][  0]LogTemp: Display: Loaded TP Android_PVRTCTargetPlatform
[2018.07.14-02.15.54:488][  0]LogTemp: Display: Loaded TP AndroidTargetPlatform
[2018.07.14-02.15.54:489][  0]LogTemp: Display: Loaded TP HTML5TargetPlatform
[2018.07.14-02.15.54:529][  0]LogTemp: Display: Loaded TP IOSTargetPlatform
[2018.07.14-02.15.54:542][  0]LogTemp: Display: Loaded TP TVOSTargetPlatform
[2018.07.14-02.15.54:565][  0]LogTemp: Display: Loaded TP LinuxClientTargetPlatform
[2018.07.14-02.15.54:594][  0]LogTemp: Display: Loaded TP LinuxNoEditorTargetPlatform
[2018.07.14-02.15.54:608][  0]LogTemp: Display: Loaded TP LinuxServerTargetPlatform
[2018.07.14-02.15.54:621][  0]LogTemp: Display: Loaded TP LinuxTargetPlatform
[2018.07.14-02.15.54:621][  0]LogTargetPlatformManager: Display: Building Assets For Windows
[2018.07.14-02.15.54:752][  0]LogXGEController: Cannot use XGE Controller as Incredibuild is not installed on this machine.
[2018.07.14-02.15.54:752][  0]LogShaderCompilers: Cannot use XGE Shader Compiler as Incredibuild is not installed on this machine.
[2018.07.14-02.15.54:752][  0]LogShaderCompilers: Display: Using Local Shader Compiler.
[2018.07.14-02.15.55:609][  0]LogDerivedDataCache: Display: Max Cache Size: 512 MB
[2018.07.14-02.15.55:702][  0]LogDerivedDataCache: Loaded boot cache 0.09s 77MB C:/Users/Nicholaus/AppData/Local/UnrealEngine/4.19/DerivedDataCache/Boot.ddc.
[2018.07.14-02.15.55:702][  0]LogDerivedDataCache: Display: Loaded Boot cache: C:/Users/Nicholaus/AppData/Local/UnrealEngine/4.19/DerivedDataCache/Boot.ddc
[2018.07.14-02.15.55:702][  0]LogDerivedDataCache: FDerivedDataBackendGraph:  Pak pak cache file ../../../../../../Users/Nicholaus/Documents/LianeRepo/MasterProjectCPP/LianeGame/DerivedDataCache/DDC.ddp not found, will not use a pak cache.
[2018.07.14-02.15.55:702][  0]LogDerivedDataCache: Unable to find inner node Pak for hierarchical cache Hierarchy.
[2018.07.14-02.15.55:702][  0]LogDerivedDataCache: FDerivedDataBackendGraph:  CompressedPak pak cache file ../../../../../../Users/Nicholaus/Documents/LianeRepo/MasterProjectCPP/LianeGame/DerivedDataCache/Compressed.ddp not found, will not use a pak cache.
[2018.07.14-02.15.55:702][  0]LogDerivedDataCache: Unable to find inner node CompressedPak for hierarchical cache Hierarchy.
[2018.07.14-02.15.55:734][  0]LogDerivedDataCache: Display: Pak cache opened for reading ../../../Engine/DerivedDataCache/Compressed.ddp.
[2018.07.14-02.15.55:746][  0]LogDerivedDataCache: Using Local data cache path C:/Users/Nicholaus/AppData/Local/UnrealEngine/Common/DerivedDataCache: Writable
[2018.07.14-02.15.55:746][  0]LogDerivedDataCache: Shared data cache path not found in *engine.ini, will not use an Shared cache.
[2018.07.14-02.15.55:746][  0]LogDerivedDataCache: Unable to find inner node Shared for hierarchical cache Hierarchy.
[2018.07.14-02.15.55:761][  0]LogMaterial: Verifying Global Shaders for PCD3D_SM5
[2018.07.14-02.15.55:761][  0]LogSlate: Using Freetype 2.6.0
[2018.07.14-02.15.55:762][  0]LogSlate: SlateFontCache - WITH_FREETYPE: 1, WITH_HARFBUZZ: 1
[2018.07.14-02.15.55:762][  0]LogSlate: SlateFontCache - WITH_FREETYPE: 1, WITH_HARFBUZZ: 1
[2018.07.14-02.15.55:888][  0]LogAssetRegistry: FAssetRegistry took 0.0273 seconds to start up
[2018.07.14-02.15.56:284][  0]LogInit: Selected Device Profile: [Windows]
[2018.07.14-02.15.56:522][  0]LogSimplygon: Simplygon DLL not present - disabling.
[2018.07.14-02.15.56:524][  0]LogMeshReduction: Using SimplygonSwarm for distributed automatic mesh merging
[2018.07.14-02.15.56:524][  0]LogMeshReduction: Using QuadricMeshReduction for automatic static mesh reduction
[2018.07.14-02.15.56:524][  0]LogMeshReduction: No automatic skeletal mesh reduction module available
[2018.07.14-02.15.56:524][  0]LogMeshReduction: No automatic mesh merging module available
[2018.07.14-02.15.56:524][  0]LogMeshMerging: No automatic mesh merging module available
[2018.07.14-02.15.56:611][  0]LogNetVersion: LianeGame , NetCL: 3944462, EngineNetVer: 2, GameNetVer: 0 (Checksum: 3392154298)
[2018.07.14-02.15.57:211][  0]LogPackageLocalizationCache: Processed 9 localized package path(s) for 2 prioritized culture(s) in 0.113329 seconds
[2018.07.14-02.15.57:219][  0]LogUObjectArray: 36728 objects as part of root set at end of initial load.
[2018.07.14-02.15.57:219][  0]LogUObjectAllocator: 7314312 out of 0 bytes used by permanent object pool.
[2018.07.14-02.15.57:219][  0]LogUObjectArray: CloseDisregardForGC: 0/0 objects in disregard for GC pool
[2018.07.14-02.15.59:277][  0]LogTcpMessaging: Initializing TcpMessaging bridge
[2018.07.14-02.15.59:306][  0]LogUdpMessaging: Initializing bridge on interface 0.0.0.0:0 to multicast group 230.0.0.1:6666.
[2018.07.14-02.15.59:625][  0]LogUObjectGlobals: Created PersistentFrame Addr=0x000001929bafd480, Size=64, Default__ThirdPerson_AnimBP_C Function /Game/Mannequin/Animations/ThirdPerson_AnimBP.ThirdPerson_AnimBP_C:ExecuteUbergraph_ThirdPerson_AnimBP
[2018.07.14-02.15.59:638][  0]LogUObjectGlobals: Destroyed PersistentFrame Addr=0x000001929bafd480, Size=64
[2018.07.14-02.15.59:638][  0]LogUObjectGlobals: Created PersistentFrame Addr=0x000001929bafd480, Size=64, Default__ThirdPerson_AnimBP_C Function /Engine/Transient.REINST_ThirdPerson_AnimBP_C_0:ExecuteUbergraph_ThirdPerson_AnimBP
[2018.07.14-02.15.59:647][  0]LogUObjectGlobals: Created PersistentFrame Addr=0x000001929b766f70, Size=72, Default__ThirdPerson_AnimBP_C Function /Game/Mannequin/Animations/ThirdPerson_AnimBP.ThirdPerson_AnimBP_C:ExecuteUbergraph_ThirdPerson_AnimBP
[2018.07.14-02.15.59:786][  0]LogSkeletalMesh: Skeletal Mesh found in DDC [3.396577ms] /Game/Mannequin/Character/Mesh/SK_Mannequin.SK_Mannequin
[2018.07.14-02.15.59:958][  0]SourceControl: Source control is disabled
[2018.07.14-02.15.59:958][  0]SourceControl: Source control is disabled
[2018.07.14-02.15.59:989][  0]SourceControl: Source control is disabled
[2018.07.14-02.16.00:007][  0]SourceControl: Source control is disabled
[2018.07.14-02.16.00:679][  0]LogAndroidPermission: UAndroidPermissionCallbackProxy::GetInstance
[2018.07.14-02.16.00:875][  0]LogOcInput: OculusInput pre-init called
[2018.07.14-02.16.01:019][  0]LogEngine: Initializing Engine...
[2018.07.14-02.16.01:020][  0]LogHMD: Failed to initialize OpenVR with code 110
[2018.07.14-02.16.01:022][  0]LogStats: UGameplayTagsManager::ConstructGameplayTagTree: Construct from data asset -  0.000 s
[2018.07.14-02.16.01:022][  0]LogStats: UGameplayTagsManager::ConstructGameplayTagTree: GameplayTagTreeChangedEvent.Broadcast -  0.000 s
[2018.07.14-02.16.01:308][  0]LogAIModule: Creating AISystem for world Untitled
[2018.07.14-02.16.01:334][  0]LogInit: XAudio2 using 'Speakers (Stealth 600)' : 2 channels at 48 kHz using 16 bits per sample (channel mask 0x3)
[2018.07.14-02.16.01:345][  0]LogInit: FAudioDevice initialized.
[2018.07.14-02.16.01:443][  0]LogDerivedDataCache: Saved boot cache 0.10s 77MB C:/Users/Nicholaus/AppData/Local/UnrealEngine/4.19/DerivedDataCache/Boot.ddc.
[2018.07.14-02.16.01:451][  0]LogInit: Texture streaming: Enabled
[2018.07.14-02.16.01:471][  0]LogEngineSessionManager: EngineSessionManager initialized
[2018.07.14-02.16.01:471][  0]LogEngineSessionManager: EngineSessionManager sent abnormal shutdown report. Type=Crashed, SessionId={F17950C6-4CE6-5007-8B5E-7FA2C40370DB}
[2018.07.14-02.16.01:490][  0]LogInit: Transaction tracking system initialized
[2018.07.14-02.16.01:512][  0]BlueprintLog: New page: Editor Load
[2018.07.14-02.16.01:642][  0]LocalizationService: Localization service is disabled
[2018.07.14-02.16.01:794][  0]LogConsoleResponse: Display: 
[2018.07.14-02.16.01:951][  0]LogCook: Display: Max memory allowance for cook 16384mb min free memory 0mb
[2018.07.14-02.16.01:951][  0]LogCook: Display: Mobile HDR setting 1
[2018.07.14-02.16.01:951][  0]LogGameplayTags: Display: UGameplayTagsManager::DoneAddingNativeTags. DelegateIsBound: 0
[2018.07.14-02.16.01:951][  0]LogStats: UGameplayTagsManager::ConstructGameplayTagTree: Construct from data asset -  0.000 s
[2018.07.14-02.16.01:951][  0]LogStats: UGameplayTagsManager::ConstructGameplayTagTree: GameplayTagTreeChangedEvent.Broadcast -  0.000 s
[2018.07.14-02.16.02:326][  0]LogFileCache: Scanning file cache for directory 'G:/Users/Nicholaus/Documents/LianeRepo/MasterProjectCPP/LianeGame/Content/' took 0.02s
[2018.07.14-02.16.02:326][  0]SourceControl: Source control is disabled
[2018.07.14-02.16.02:477][  0]LogWindowsTextInputMethodSystem: Display: IME system now deactivated.
[2018.07.14-02.16.02:478][  0]LogSlate: Took 0.000226 seconds to synchronously load lazily loaded font '../../../Engine/Content/Slate/Fonts/Roboto-Regular.ttf' (155K)
[2018.07.14-02.16.06:506][  0]LogSlate: Window 'Restore Packages' being destroyed
[2018.07.14-02.16.06:507][  0]LogWindowsTextInputMethodSystem: Display: IME system now deactivated.
[2018.07.14-02.16.06:508][  0]LogWindowsTextInputMethodSystem: Display: IME system now deactivated.
[2018.07.14-02.16.07:805][  0]LogSlate: Window 'Unable to Check Out From Source Control!' being destroyed
[2018.07.14-02.16.07:805][  0]LogWindowsTextInputMethodSystem: Display: IME system now deactivated.
[2018.07.14-02.16.07:807][  0]LogWindowsTextInputMethodSystem: Display: IME system now deactivated.
[2018.07.14-02.16.07:818][  0]LogUObjectGlobals: Destroyed PersistentFrame Addr=0x000001929bafd480, Size=64
[2018.07.14-02.16.07:847][  0]LoadErrors: New page: Loading package: /Game/ThirdPersonCPP/Blueprints/ThirdPersonCharacter
[2018.07.14-02.16.07:853][  0]Cmd: MAP LOAD FILE="../../../../../../Users/Nicholaus/Documents/LianeRepo/MasterProjectCPP/LianeGame/Content/ThirdPersonCPP/Maps/ThirdPersonExampleMap.umap" TEMPLATE=0 SHOWPROGRESS=1 FEATURELEVEL=3
[2018.07.14-02.16.07:854][  0]LightingResults: New page: Lighting Build
[2018.07.14-02.16.07:857][  0]MapCheck: New page: Map Check
[2018.07.14-02.16.07:857][  0]LightingResults: New page: Lighting Build
[2018.07.14-02.16.08:102][  0]LogAIModule: Creating AISystem for world ThirdPersonExampleMap
[2018.07.14-02.16.08:114][  0]LogEditorServer: Finished looking for orphan Actors (0.000 secs)
[2018.07.14-02.16.08:126][  0]Cmd: MAP CHECKDEP NOCLEARLOG
[2018.07.14-02.16.08:181][  0]MapCheck: Map check complete: 0 Error(s), 0 Warning(s), took 54.334ms to complete.
[2018.07.14-02.16.08:181][  0]LogFileHelpers: Loading map 'ThirdPersonExampleMap' took 0.327
[2018.07.14-02.16.08:315][  0]LogStats: Warning: MetaData mismatch. Did you assign a stat to two groups? New //STATGROUP_Threads//SplashScreenThread///Thread_207c_0///####STATCAT_Advanced#### old //STATGROUP_Threads//SplashScreenThread///Thread_3784_0///####STATCAT_Advanced####
[2018.07.14-02.16.08:315][  0]LogCollectionManager: Loaded 0 collections in 0.001430 seconds
[2018.07.14-02.16.08:374][  0]LogFileCache: Scanning file cache for directory 'G:/Users/Nicholaus/Documents/LianeRepo/MasterProjectCPP/LianeGame/Saved/Collections/' took 0.01s
[2018.07.14-02.16.08:374][  0]LogFileCache: Scanning file cache for directory 'G:/Users/Nicholaus/Documents/LianeRepo/MasterProjectCPP/LianeGame/Content/Developers/Nicholaus/Collections/' took 0.01s
[2018.07.14-02.16.08:374][  0]LogFileCache: Scanning file cache for directory 'G:/Users/Nicholaus/Documents/LianeRepo/MasterProjectCPP/LianeGame/Content/Collections/' took 0.01s
[2018.07.14-02.16.08:374][  0]LogCollectionManager: Rebuilt the GUID cache for 0 collections in 0.000001 seconds
[2018.07.14-02.16.08:389][  0]LogContentBrowser: Native class hierarchy populated in 0.0149 seconds. Added 2454 classes and 560 folders.
[2018.07.14-02.16.08:397][  0]LogContentBrowser: Native class hierarchy updated for 'WidgetCarousel' in 0.0007 seconds. Added 0 classes and 0 folders.
[2018.07.14-02.16.08:446][  0]LogContentBrowser: Native class hierarchy updated for 'AddContentDialog' in 0.0007 seconds. Added 0 classes and 0 folders.
[2018.07.14-02.16.08:453][  0]LogContentBrowser: Native class hierarchy updated for 'SceneOutliner' in 0.0007 seconds. Added 1 classes and 2 folders.
[2018.07.14-02.16.08:536][  0]LogSlate: Took 0.000219 seconds to synchronously load lazily loaded font '../../../Engine/Content/Slate/Fonts/Roboto-Bold.ttf' (160K)
[2018.07.14-02.16.08:544][  0]LogSlate: Took 0.000291 seconds to synchronously load lazily loaded font '../../../Engine/Content/Editor/Slate/Fonts/FontAwesome.ttf' (139K)
[2018.07.14-02.16.08:684][  0]LogRenderer: Reallocating scene render targets to support 1036x576 Format 10 NumSamples 1 (Frame:1).
[2018.07.14-02.16.08:823][  0]LogContentBrowser: Native class hierarchy updated for 'HierarchicalLODOutliner' in 0.0007 seconds. Added 0 classes and 0 folders.
[2018.07.14-02.16.08:823][  0]LogLoad: (Engine Initialization) Total time: 19.09 seconds
[2018.07.14-02.16.08:823][  0]LogLoad: (Engine Initialization) Total Blueprint compile time: 0.00 seconds
[2018.07.14-02.16.08:853][  0]LogContentStreaming: Texture pool size now 1000 MB
[2018.07.14-02.16.09:004][  1]LogAssetRegistry: Asset discovery search completed in 13.1388 seconds
[2018.07.14-02.16.09:006][  1]LogCollectionManager: Rebuilt the object cache for 0 collections in 0.000001 seconds (found 0 objects)
[2018.07.14-02.16.09:006][  1]LogCollectionManager: Fixed up redirectors for 0 collections in 0.000094 seconds (updated 0 objects)
[2018.07.14-02.16.09:867][ 86]LogSlate: Took 0.000291 seconds to synchronously load lazily loaded font '../../../Engine/Content/Slate/Fonts/Roboto-Light.ttf' (167K)
[2018.07.14-02.16.10:241][126]LogEditorViewport: Clicking on Actor (LMB): StaticMeshActor (Bump_StaticMesh)
[2018.07.14-02.16.11:098][201]LogSlate: FSceneViewport::OnFocusLost() reason 0
[2018.07.14-02.16.11:201][213]LogTemp: Repeating last play command: Selected Viewport
[2018.07.14-02.16.11:220][213]LogBlueprintUserMessages: Early PlayInEditor Detection: Level '/Game/ThirdPersonCPP/Maps/ThirdPersonExampleMap.ThirdPersonExampleMap:PersistentLevel' has LevelScriptBlueprint '/Game/ThirdPersonCPP/Maps/ThirdPersonExampleMap.ThirdPersonExampleMap:PersistentLevel.ThirdPersonExampleMap' with GeneratedClass '/Game/ThirdPersonCPP/Maps/ThirdPersonExampleMap.ThirdPersonExampleMap_C' with ClassGeneratedBy '/Game/ThirdPersonCPP/Maps/ThirdPersonExampleMap.ThirdPersonExampleMap:PersistentLevel.ThirdPersonExampleMap'
[2018.07.14-02.16.11:220][213]LogPlayLevel: PlayLevel: No blueprints needed recompiling
[2018.07.14-02.16.11:220][213]PIE: New page: PIE session: ThirdPersonExampleMap (Jul 13, 2018, 12:16:11 PM)
[2018.07.14-02.16.11:221][213]LogPlayLevel: Creating play world package: /Game/ThirdPersonCPP/Maps/UEDPIE_0_ThirdPersonExampleMap
[2018.07.14-02.16.11:244][213]LogPlayLevel: PIE: StaticDuplicateObject took: (0.024034s)
[2018.07.14-02.16.11:245][213]LogAIModule: Creating AISystem for world ThirdPersonExampleMap
[2018.07.14-02.16.11:245][213]LogPlayLevel: PIE: World Init took: (0.001037s)
[2018.07.14-02.16.11:245][213]LogPlayLevel: PIE: Created PIE world by copying editor world from /Game/ThirdPersonCPP/Maps/ThirdPersonExampleMap.ThirdPersonExampleMap to /Game/ThirdPersonCPP/Maps/UEDPIE_0_ThirdPersonExampleMap.ThirdPersonExampleMap (0.025343s)
[2018.07.14-02.16.11:275][213]LogInit: XAudio2 using 'Speakers (Stealth 600)' : 2 channels at 48 kHz using 16 bits per sample (channel mask 0x3)
[2018.07.14-02.16.11:283][213]LogInit: FAudioDevice initialized.
[2018.07.14-02.16.11:325][213]LogLoad: Game class is 'LianeGameGameMode'
[2018.07.14-02.16.11:330][213]LogWorld: Bringing World /Game/ThirdPersonCPP/Maps/UEDPIE_0_ThirdPersonExampleMap.ThirdPersonExampleMap up for play (max tick rate 0) at 2018.07.13-19.16.11
[2018.07.14-02.16.11:331][213]LogWorld: Bringing up level for play took: 0.003137
[2018.07.14-02.16.11:335][213]LogContentBrowser: Native class hierarchy updated for 'MovieSceneCapture' in 0.0007 seconds. Added 11 classes and 0 folders.
[2018.07.14-02.16.11:335][213]PIE: Play in editor start time for /Game/ThirdPersonCPP/Maps/UEDPIE_0_ThirdPersonExampleMap 0.439
[2018.07.14-02.16.11:336][213]LogBlueprintUserMessages: Late PlayInEditor Detection: Level '/Game/ThirdPersonCPP/Maps/ThirdPersonExampleMap.ThirdPersonExampleMap:PersistentLevel' has LevelScriptBlueprint '/Game/ThirdPersonCPP/Maps/ThirdPersonExampleMap.ThirdPersonExampleMap:PersistentLevel.ThirdPersonExampleMap' with GeneratedClass '/Game/ThirdPersonCPP/Maps/ThirdPersonExampleMap.ThirdPersonExampleMap_C' with ClassGeneratedBy '/Game/ThirdPersonCPP/Maps/ThirdPersonExampleMap.ThirdPersonExampleMap:PersistentLevel.ThirdPersonExampleMap'
[2018.07.14-02.16.12:574][353]LogBlueprintUserMessages: Early EndPlayMap Detection: Level '/Game/ThirdPersonCPP/Maps/ThirdPersonExampleMap.ThirdPersonExampleMap:PersistentLevel' has LevelScriptBlueprint '/Game/ThirdPersonCPP/Maps/ThirdPersonExampleMap.ThirdPersonExampleMap:PersistentLevel.ThirdPersonExampleMap' with GeneratedClass '/Game/ThirdPersonCPP/Maps/ThirdPersonExampleMap.ThirdPersonExampleMap_C' with ClassGeneratedBy '/Game/ThirdPersonCPP/Maps/ThirdPersonExampleMap.ThirdPersonExampleMap:PersistentLevel.ThirdPersonExampleMap'
[2018.07.14-02.16.12:606][353]LogBlueprintUserMessages: Late EndPlayMap Detection: Level '/Game/ThirdPersonCPP/Maps/ThirdPersonExampleMap.ThirdPersonExampleMap:PersistentLevel' has LevelScriptBlueprint '/Game/ThirdPersonCPP/Maps/ThirdPersonExampleMap.ThirdPersonExampleMap:PersistentLevel.ThirdPersonExampleMap' with GeneratedClass '/Game/ThirdPersonCPP/Maps/ThirdPersonExampleMap.ThirdPersonExampleMap_C' with ClassGeneratedBy '/Game/ThirdPersonCPP/Maps/ThirdPersonExampleMap.ThirdPersonExampleMap:PersistentLevel.ThirdPersonExampleMap'
[2018.07.14-02.16.12:904][383]LogSlate: Took 0.000211 seconds to synchronously load lazily loaded font '../../../Engine/Content/Slate/Fonts/Roboto-Light.ttf' (167K)
[2018.07.14-02.16.18:798][608]LogSlate: FSceneViewport::OnFocusLost() reason 2
[2018.07.14-02.22.08:711][428]LogSlate: FSceneViewport::OnFocusLost() reason 0
[2018.07.14-02.22.08:868][443]Candidate modules for hot reload:
[2018.07.14-02.22.08:868][443]  LianeGame
[2018.07.14-02.22.08:869][443]Launching UnrealBuildTool... [G:/Program Files/Epic Games/UE_4.19/Engine/Binaries/DotNET/UnrealBuildTool.exe LianeGame -ModuleWithSuffix=LianeGame,5866 Win64 Development -editorrecompile -canskiplink "G:/Users/Nicholaus/Documents/LianeRepo/MasterProjectCPP/LianeGame/LianeGame.uproject" ]
[2018.07.14-02.22.08:870][443]Warning: Starting HotReload took  0.0s.
[2018.07.14-02.22.11:293][706]CompilerResultsLog: New page: Compilation - Jul 13, 2018, 12:22:11 PM
[2018.07.14-02.22.11:293][706]CompilerResultsLog: Compiling game modules for hot reload
[2018.07.14-02.22.11:293][706]CompilerResultsLog: Performing 3 actions (4 in parallel)
[2018.07.14-02.22.11:293][706]CompilerResultsLog: LianeGameCharacter.cpp
[2018.07.14-02.22.11:293][706]CompilerResultsLog: Error: G:\Users\Nicholaus\Documents\LianeRepo\MasterProjectCPP\LianeGame\Source\LianeGame\LianeGameCharacter.cpp(134) : error C2659: '=': function as left operand
[2018.07.14-02.22.11:293][706]CompilerResultsLog: Error: G:\Users\Nicholaus\Documents\LianeRepo\MasterProjectCPP\LianeGame\Source\LianeGame\LianeGameCharacter.cpp(128) : warning C4996: 'UPhysicsHandleComponent::GrabComponent': Please use GrabComponentAtLocation or GrabComponentAtLocationWithRotation Please update your code to the new API before upgrading to the next release, otherwise your project will no longer compile.
[2018.07.14-02.22.11:293][706]CompilerResultsLog: Error: G:\Program Files\Epic Games\UE_4.19\Engine\Source\Runtime\Engine\Classes\PhysicsEngine/PhysicsHandleComponent.h(89) : note: see declaration of 'UPhysicsHandleComponent::GrabComponent'
[2018.07.14-02.22.11:293][706]CompilerResultsLog: Error: G:\Users\Nicholaus\Documents\LianeRepo\MasterProjectCPP\LianeGame\Source\LianeGame\LianeGameCharacter.cpp(142) : error C2659: '=': function as left operand
[2018.07.14-02.22.11:293][706]CompilerResultsLog: ERROR: UBT ERROR: Failed to produce item: G:\Users\Nicholaus\Documents\LianeRepo\MasterProjectCPP\LianeGame\Binaries\Win64\UE4Editor-LianeGame-5866.dll
[2018.07.14-02.22.11:293][706]CompilerResultsLog: Total build time: 2.19 seconds (Local executor: 0.00 seconds)
[2018.07.14-02.22.11:293][706]LogMainFrame: MainFrame: Module compiling took 2.440 seconds
[2018.07.14-02.22.11:294][706]Warning: HotReload failed, recompile failed
[2018.07.14-02.25.00:668][235]LogSlate: Window 'Message Log' being destroyed
[2018.07.14-02.25.00:671][235]LogSlate: Window 'Message Log' being destroyed
[2018.07.14-02.25.01:313][310]LogSlate: FSceneViewport::OnFocusLost() reason 0
[2018.07.14-02.25.01:458][325]Candidate modules for hot reload:
[2018.07.14-02.25.01:458][325]  LianeGame
[2018.07.14-02.25.01:458][325]Launching UnrealBuildTool... [G:/Program Files/Epic Games/UE_4.19/Engine/Binaries/DotNET/UnrealBuildTool.exe LianeGame -ModuleWithSuffix=LianeGame,463 Win64 Development -editorrecompile -canskiplink "G:/Users/Nicholaus/Documents/LianeRepo/MasterProjectCPP/LianeGame/LianeGame.uproject" ]
[2018.07.14-02.25.01:460][325]Warning: Starting HotReload took  0.0s.
[2018.07.14-02.25.03:834][590]CompilerResultsLog: New page: Compilation - Jul 13, 2018, 12:25:03 PM
[2018.07.14-02.25.03:834][590]CompilerResultsLog: Compiling game modules for hot reload
[2018.07.14-02.25.03:834][590]CompilerResultsLog: Performing 3 actions (4 in parallel)
[2018.07.14-02.25.03:834][590]CompilerResultsLog: LianeGameCharacter.cpp
[2018.07.14-02.25.03:834][590]CompilerResultsLog: Error: G:\Users\Nicholaus\Documents\LianeRepo\MasterProjectCPP\LianeGame\Source\LianeGame\LianeGameCharacter.cpp(134) : error C2659: '=': function as left operand
[2018.07.14-02.25.03:834][590]CompilerResultsLog: Error: G:\Users\Nicholaus\Documents\LianeRepo\MasterProjectCPP\LianeGame\Source\LianeGame\LianeGameCharacter.cpp(128) : warning C4996: 'UPhysicsHandleComponent::GrabComponent': Please use GrabComponentAtLocation or GrabComponentAtLocationWithRotation Please update your code to the new API before upgrading to the next release, otherwise your project will no longer compile.
[2018.07.14-02.25.03:834][590]CompilerResultsLog: Error: G:\Program Files\Epic Games\UE_4.19\Engine\Source\Runtime\Engine\Classes\PhysicsEngine/PhysicsHandleComponent.h(89) : note: see declaration of 'UPhysicsHandleComponent::GrabComponent'
[2018.07.14-02.25.03:835][590]CompilerResultsLog: Error: G:\Users\Nicholaus\Documents\LianeRepo\MasterProjectCPP\LianeGame\Source\LianeGame\LianeGameCharacter.cpp(142) : error C2659: '=': function as left operand
[2018.07.14-02.25.03:835][590]CompilerResultsLog: ERROR: UBT ERROR: Failed to produce item: G:\Users\Nicholaus\Documents\LianeRepo\MasterProjectCPP\LianeGame\Binaries\Win64\UE4Editor-LianeGame-463.dll
[2018.07.14-02.25.03:835][590]CompilerResultsLog: Total build time: 2.17 seconds (Local executor: 0.00 seconds)
[2018.07.14-02.25.03:835][590]LogMainFrame: MainFrame: Module compiling took 2.391 seconds
[2018.07.14-02.25.03:835][590]Warning: HotReload failed, recompile failed
[2018.07.14-02.25.08:680][169]LogSlate: FSceneViewport::OnFocusLost() reason 0
[2018.07.14-02.25.12:386][597]LogSlate: Window 'Message Log' being destroyed
[2018.07.14-02.25.12:389][597]LogSlate: Window 'Message Log' being destroyed
[2018.07.14-02.26.14:947][954]LogSlate: FSceneViewport::OnFocusLost() reason 0
[2018.07.14-02.26.15:108][969]Candidate modules for hot reload:
[2018.07.14-02.26.15:108][969]  LianeGame
[2018.07.14-02.26.15:108][969]Launching UnrealBuildTool... [G:/Program Files/Epic Games/UE_4.19/Engine/Binaries/DotNET/UnrealBuildTool.exe LianeGame -ModuleWithSuffix=LianeGame,4569 Win64 Development -editorrecompile -canskiplink "G:/Users/Nicholaus/Documents/LianeRepo/MasterProjectCPP/LianeGame/LianeGame.uproject" ]
[2018.07.14-02.26.15:110][969]Warning: Starting HotReload took  0.0s.
[2018.07.14-02.26.18:782][376]CompilerResultsLog: New page: Compilation - Jul 13, 2018, 12:26:18 PM
[2018.07.14-02.26.18:783][376]CompilerResultsLog: Compiling game modules for hot reload
[2018.07.14-02.26.18:783][376]CompilerResultsLog: Performing 3 actions (4 in parallel)
[2018.07.14-02.26.18:783][376]CompilerResultsLog: LianeGameCharacter.cpp
[2018.07.14-02.26.18:783][376]CompilerResultsLog: Error: G:\Users\Nicholaus\Documents\LianeRepo\MasterProjectCPP\LianeGame\Source\LianeGame\LianeGameCharacter.cpp(128) : warning C4996: 'UPhysicsHandleComponent::GrabComponent': Please use GrabComponentAtLocation or GrabComponentAtLocationWithRotation Please update your code to the new API before upgrading to the next release, otherwise your project will no longer compile.
[2018.07.14-02.26.18:783][376]CompilerResultsLog: Error: G:\Program Files\Epic Games\UE_4.19\Engine\Source\Runtime\Engine\Classes\PhysicsEngine/PhysicsHandleComponent.h(89) : note: see declaration of 'UPhysicsHandleComponent::GrabComponent'
[2018.07.14-02.26.18:783][376]CompilerResultsLog: [2/3] Link UE4Editor-LianeGame-4569.dll
[2018.07.14-02.26.18:783][376]CompilerResultsLog: [3/3] Link UE4Editor-LianeGame-4569.lib
[2018.07.14-02.26.18:783][376]CompilerResultsLog:    Creating library G:\Users\Nicholaus\Documents\LianeRepo\MasterProjectCPP\LianeGame\Intermediate\Build\Win64\UE4Editor\Development\UE4Editor-LianeGame-4569.lib and object G:\Users\Nicholaus\Documents\LianeRepo\MasterProjectCPP\LianeGame\Intermediate\Build\Win64\UE4Editor\Development\UE4Editor-LianeGame-4569.exp
[2018.07.14-02.26.18:783][376]CompilerResultsLog:    Creating library G:\Users\Nicholaus\Documents\LianeRepo\MasterProjectCPP\LianeGame\Intermediate\Build\Win64\UE4Editor\Development\UE4Editor-LianeGame-4569.suppressed.lib and object G:\Users\Nicholaus\Documents\LianeRepo\MasterProjectCPP\LianeGame\Intermediate\Build\Win64\UE4Editor\Development\UE4Editor-LianeGame-4569.suppressed.exp
[2018.07.14-02.26.18:783][376]CompilerResultsLog: Total build time: 3.43 seconds (Local executor: 2.64 seconds)
[2018.07.14-02.26.18:783][376]LogMainFrame: MainFrame: Module compiling took 3.693 seconds
[2018.07.14-02.26.18:811][376]LogContentBrowser: Native class hierarchy updated for 'LianeGame' in 0.0007 seconds. Added 2 classes and 2 folders.
[2018.07.14-02.26.18:813][376]Display: HotReload successful (1 functions remapped  0 scriptstructs remapped)
[2018.07.14-02.26.18:957][376]LogContentBrowser: Native class hierarchy populated in 0.0120 seconds. Added 2455 classes and 562 folders.
[2018.07.14-02.26.18:957][376]Display: HotReload took  3.9s.
[2018.07.14-02.26.21:053][617]LogTemp: Repeating last play command: Selected Viewport
[2018.07.14-02.26.21:073][617]LogBlueprintUserMessages: Early PlayInEditor Detection: Level '/Game/ThirdPersonCPP/Maps/ThirdPersonExampleMap.ThirdPersonExampleMap:PersistentLevel' has LevelScriptBlueprint '/Game/ThirdPersonCPP/Maps/ThirdPersonExampleMap.ThirdPersonExampleMap:PersistentLevel.ThirdPersonExampleMap' with GeneratedClass '/Game/ThirdPersonCPP/Maps/ThirdPersonExampleMap.ThirdPersonExampleMap_C' with ClassGeneratedBy '/Game/ThirdPersonCPP/Maps/ThirdPersonExampleMap.ThirdPersonExampleMap:PersistentLevel.ThirdPersonExampleMap'
[2018.07.14-02.26.21:073][617]LogPlayLevel: PlayLevel: No blueprints needed recompiling
[2018.07.14-02.26.21:073][617]PIE: New page: PIE session: ThirdPersonExampleMap (Jul 13, 2018, 12:26:21 PM)
[2018.07.14-02.26.21:073][617]LogPlayLevel: Creating play world package: /Game/ThirdPersonCPP/Maps/UEDPIE_0_ThirdPersonExampleMap
[2018.07.14-02.26.21:089][617]LogPlayLevel: PIE: StaticDuplicateObject took: (0.015620s)
[2018.07.14-02.26.21:090][617]LogAIModule: Creating AISystem for world ThirdPersonExampleMap
[2018.07.14-02.26.21:090][617]LogPlayLevel: PIE: World Init took: (0.001051s)
[2018.07.14-02.26.21:090][617]LogPlayLevel: PIE: Created PIE world by copying editor world from /Game/ThirdPersonCPP/Maps/ThirdPersonExampleMap.ThirdPersonExampleMap to /Game/ThirdPersonCPP/Maps/UEDPIE_0_ThirdPersonExampleMap.ThirdPersonExampleMap (0.016923s)
[2018.07.14-02.26.21:117][617]LogInit: XAudio2 using 'Speakers (Stealth 600)' : 2 channels at 48 kHz using 16 bits per sample (channel mask 0x3)
[2018.07.14-02.26.21:126][617]LogInit: FAudioDevice initialized.
[2018.07.14-02.26.21:158][617]LogLoad: Game class is 'LianeGameGameMode'
[2018.07.14-02.26.21:160][617]LogWorld: Bringing World /Game/ThirdPersonCPP/Maps/UEDPIE_0_ThirdPersonExampleMap.ThirdPersonExampleMap up for play (max tick rate 0) at 2018.07.13-19.26.21
[2018.07.14-02.26.21:161][617]LogWorld: Bringing up level for play took: 0.002301
[2018.07.14-02.26.21:162][617]PIE: Play in editor start time for /Game/ThirdPersonCPP/Maps/UEDPIE_0_ThirdPersonExampleMap 0.265
[2018.07.14-02.26.21:162][617]LogBlueprintUserMessages: Late PlayInEditor Detection: Level '/Game/ThirdPersonCPP/Maps/ThirdPersonExampleMap.ThirdPersonExampleMap:PersistentLevel' has LevelScriptBlueprint '/Game/ThirdPersonCPP/Maps/ThirdPersonExampleMap.ThirdPersonExampleMap:PersistentLevel.ThirdPersonExampleMap' with GeneratedClass '/Game/ThirdPersonCPP/Maps/ThirdPersonExampleMap.ThirdPersonExampleMap_C' with ClassGeneratedBy '/Game/ThirdPersonCPP/Maps/ThirdPersonExampleMap.ThirdPersonExampleMap:PersistentLevel.ThirdPersonExampleMap'
[2018.07.14-02.26.22:711][680]LogWindows: Error: === Critical error: ===
[2018.07.14-02.26.22:711][680]LogWindows: Error: 
[2018.07.14-02.26.22:711][680]LogWindows: Error: Fatal error!
[2018.07.14-02.26.22:711][680]LogWindows: Error: 
[2018.07.14-02.26.22:711][680]LogWindows: Error: Unhandled Exception: EXCEPTION_ACCESS_VIOLATION reading address 0x00000000
[2018.07.14-02.26.22:711][680]LogWindows: Error: 
[2018.07.14-02.26.22:711][680]LogWindows: Error: [Callstack] 0x00000000EC1C3AFE UE4Editor-LianeGame-4569.dll!ALianeGameCharacter::Release() [g:\users\nicholaus\documents\lianerepo\masterprojectcpp\lianegame\source\lianegame\lianegamecharacter.cpp:142]
[2018.07.14-02.26.22:711][680]LogWindows: Error: [Callstack] 0x00000000A7BC1166 UE4Editor-Engine.dll!UnknownFunction []
[2018.07.14-02.26.22:711][680]LogWindows: Error: [Callstack] 0x00000000A7BF30DB UE4Editor-Engine.dll!UnknownFunction []
[2018.07.14-02.26.22:711][680]LogWindows: Error: [Callstack] 0x00000000A772A6A9 UE4Editor-Engine.dll!UnknownFunction []
[2018.07.14-02.26.22:711][680]LogWindows: Error: [Callstack] 0x00000000A773EF05 UE4Editor-Engine.dll!UnknownFunction []
[2018.07.14-02.26.22:711][680]LogWindows: Error: [Callstack] 0x00000000A772816B UE4Editor-Engine.dll!UnknownFunction []
[2018.07.14-02.26.22:711][680]LogWindows: Error: [Callstack] 0x00000000A773E0AC UE4Editor-Engine.dll!UnknownFunction []
[2018.07.14-02.26.22:711][680]LogWindows: Error: [Callstack] 0x00000000A69900E4 UE4Editor-Engine.dll!UnknownFunction []
[2018.07.14-02.26.22:712][680]LogWindows: Error: [Callstack] 0x00000000A7A970BB UE4Editor-Engine.dll!UnknownFunction []
[2018.07.14-02.26.22:712][680]LogWindows: Error: [Callstack] 0x00000000A7A9C793 UE4Editor-Engine.dll!UnknownFunction []
[2018.07.14-02.26.22:712][680]LogWindows: Error: [Callstack] 0x00000000A946B713 UE4Editor-Core.dll!UnknownFunction []
[2018.07.14-02.26.22:712][680]LogWindows: Error: [Callstack] 0x00000000A946BD3A UE4Editor-Core.dll!UnknownFunction []
[2018.07.14-02.26.22:712][680]LogWindows: Error: [Callstack] 0x00000000A948ECFE UE4Editor-Core.dll!UnknownFunction []
[2018.07.14-02.26.22:712][680]LogWindows: Error: [Callstack] 0x00000000A7ABD771 UE4Editor-Engine.dll!UnknownFunction []
[2018.07.14-02.26.22:712][680]LogWindows: Error: [Callstack] 0x00000000A7AC3292 UE4Editor-Engine.dll!UnknownFunction []
[2018.07.14-02.26.22:712][680]LogWindows: Error: [Callstack] 0x00000000A731C304 UE4Editor-Engine.dll!UnknownFunction []
[2018.07.14-02.26.22:712][680]LogWindows: Error: [Callstack] 0x00000000A732756B UE4Editor-Engine.dll!UnknownFunction []
[2018.07.14-02.26.22:712][680]LogWindows: Error: [Callstack] 0x00000000A4C3D781 UE4Editor-UnrealEd.dll!UnknownFunction []
[2018.07.14-02.26.22:712][680]LogWindows: Error: [Callstack] 0x00000000A54D9626 UE4Editor-UnrealEd.dll!UnknownFunction []
[2018.07.14-02.26.22:712][680]LogWindows: Error: [Callstack] 0x00000000D8E45EAC UE4Editor.exe!UnknownFunction []
[2018.07.14-02.26.22:712][680]LogWindows: Error: [Callstack] 0x00000000D8E56BD0 UE4Editor.exe!UnknownFunction []
[2018.07.14-02.26.22:712][680]LogWindows: Error: [Callstack] 0x00000000D8E56C4A UE4Editor.exe!UnknownFunction []
[2018.07.14-02.26.22:712][680]LogWindows: Error: [Callstack] 0x00000000D8E64177 UE4Editor.exe!UnknownFunction []
[2018.07.14-02.26.22:712][680]LogWindows: Error: [Callstack] 0x00000000D8E65B87 UE4Editor.exe!UnknownFunction []
[2018.07.14-02.26.22:712][680]LogWindows: Error: [Callstack] 0x00000000FCCA3034 KERNEL32.DLL!UnknownFunction []
[2018.07.14-02.26.22:712][680]LogWindows: Error: [Callstack] 0x00000000FF251431 ntdll.dll!UnknownFunction []
[2018.07.14-02.26.22:712][680]LogWindows: Error: [Callstack] 0x00000000FF251431 ntdll.dll!UnknownFunction []
[2018.07.14-02.26.22:712][680]LogWindows: Error: 
[2018.07.14-02.26.22:733][680]LogExit: Executing StaticShutdownAfterError
[2018.07.14-02.26.22:736][680]LogWindows: FPlatformMisc::RequestExit(1)
[2018.07.14-02.26.22:736][680]Log file closed, 07/13/18 19:26:22
