Log file open, 11/04/18 11:44:45
LogWindows: Failed to load 'aqProf.dll' (GetLastError=126)
LogWindows: File 'aqProf.dll' does not exist
LogWindows: Failed to load 'VSPerf140.dll' (GetLastError=126)
LogWindows: File 'VSPerf140.dll' does not exist
LogWindows: Failed to load 'VtuneApi.dll' (GetLastError=126)
LogWindows: File 'VtuneApi.dll' does not exist
LogWindows: Failed to load 'VtuneApi32e.dll' (GetLastError=126)
LogWindows: File 'VtuneApi32e.dll' does not exist
LogInit: Display: Running engine for game: LianeGame
LogPlatformFile: Not using cached read wrapper
LogTaskGraph: Started task graph with 5 named threads and 23 total threads with 3 sets of task threads.
LogStats: Stats thread started at 0.431667
LogD3D11RHI: Loaded GFSDK_Aftermath_Lib.x64.dll
LogICUInternationalization: Display: ICU TimeZone Detection - Raw Offset: -8:00, Platform Override: ''
LogPluginManager: Mounting plugin Paper2D
LogPluginManager: Mounting plugin AISupport
LogPluginManager: Mounting plugin LightPropagationVolume
LogPluginManager: Mounting plugin CLionSourceCodeAccess
LogPluginManager: Mounting plugin CodeLiteSourceCodeAccess
LogPluginManager: Mounting plugin GitSourceControl
LogPluginManager: Mounting plugin KDevelopSourceCodeAccess
LogPluginManager: Mounting plugin NullSourceCodeAccess
LogPluginManager: Mounting plugin PerforceSourceControl
LogPluginManager: Mounting plugin SubversionSourceControl
LogPluginManager: Mounting plugin UObjectPlugin
LogPluginManager: Mounting plugin VisualStudioCodeSourceCodeAccess
LogPluginManager: Mounting plugin VisualStudioSourceCodeAccess
LogPluginManager: Mounting plugin XCodeSourceCodeAccess
LogPluginManager: Mounting plugin AssetManagerEditor
LogPluginManager: Mounting plugin CryptoKeys
LogPluginManager: Mounting plugin DataValidation
LogPluginManager: Mounting plugin FacialAnimation
LogPluginManager: Mounting plugin GameplayTagsEditor
LogPluginManager: Mounting plugin MacGraphicsSwitching
LogPluginManager: Mounting plugin MeshEditor
LogPluginManager: Mounting plugin MobileLauncherProfileWizard
LogPluginManager: Mounting plugin PluginBrowser
LogPluginManager: Mounting plugin SpeedTreeImporter
LogPluginManager: Mounting plugin DatasmithContent
LogPluginManager: Mounting plugin AlembicImporter
LogPluginManager: Mounting plugin AppleImageUtils
LogPluginManager: Mounting plugin AppleVision
LogPluginManager: Mounting plugin BackChannel
LogPluginManager: Mounting plugin CharacterAI
LogPluginManager: Mounting plugin GeometryCache
LogPluginManager: Mounting plugin HTML5Networking
LogPluginManager: Mounting plugin ProxyLODPlugin
LogPluginManager: Mounting plugin Niagara
LogPluginManager: Mounting plugin NiagaraExtras
LogPluginManager: Mounting plugin MagicLeap
LogPluginManager: Mounting plugin MagicLeapEmulator
LogPluginManager: Mounting plugin MagicLeapMedia
LogPluginManager: Mounting plugin MeshTool
LogPluginManager: Mounting plugin AndroidMedia
LogPluginManager: Mounting plugin AvfMedia
LogPluginManager: Mounting plugin ImgMedia
LogPluginManager: Mounting plugin LinearTimecode
LogPluginManager: Mounting plugin MediaCompositing
LogPluginManager: Mounting plugin MediaPlayerEditor
LogPluginManager: Mounting plugin WmfMedia
LogPluginManager: Mounting plugin TcpMessaging
LogPluginManager: Mounting plugin UdpMessaging
LogPluginManager: Mounting plugin ActorSequence
LogPluginManager: Mounting plugin LevelSequenceEditor
LogPluginManager: Mounting plugin MatineeToLevelSequence
LogPluginManager: Mounting plugin NetcodeUnitTest
LogPluginManager: Mounting plugin NUTUnrealEngine4
LogPluginManager: Mounting plugin OnlineSubsystemGooglePlay
LogPluginManager: Mounting plugin OnlineSubsystemIOS
LogPluginManager: Mounting plugin OnlineSubsystem
LogPluginManager: Mounting plugin OnlineSubsystemNull
LogPluginManager: Mounting plugin OnlineSubsystemUtils
LogPluginManager: Mounting plugin LauncherChunkInstaller
LogPluginManager: Mounting plugin AndroidDeviceProfileSelector
LogPluginManager: Mounting plugin AndroidMoviePlayer
LogPluginManager: Mounting plugin AndroidPermission
LogPluginManager: Mounting plugin AppleMoviePlayer
LogPluginManager: Mounting plugin ArchVisCharacter
LogPluginManager: Mounting plugin AudioCapture
LogPluginManager: Mounting plugin CableComponent
LogPluginManager: Mounting plugin CustomMeshComponent
LogPluginManager: Mounting plugin EditableMesh
LogPluginManager: Mounting plugin ExampleDeviceProfileSelector
LogPluginManager: Mounting plugin GoogleCloudMessaging
LogPluginManager: Mounting plugin ImmediatePhysics
LogPluginManager: Mounting plugin IOSDeviceProfileSelector
LogPluginManager: Mounting plugin LinuxDeviceProfileSelector
LogPluginManager: Mounting plugin LocationServicesBPLibrary
LogPluginManager: Mounting plugin MobilePatchingUtils
LogPluginManager: Mounting plugin OculusVR
LogPluginManager: Plugin shader directory ../../../Engine/Plugins/Runtime/Oculus/OculusVR/Shaders found
LogPluginManager: Mapping shader source directory ../../../Engine/Plugins/Runtime/Oculus/OculusVR/Shaders to virtual directory /Plugin/OculusVR
LogPluginManager: Mounting plugin PhysXVehicles
LogPluginManager: Mounting plugin ProceduralMeshComponent
LogPluginManager: Mounting plugin RuntimePhysXCooking
LogPluginManager: Mounting plugin SteamVR
LogPluginManager: Mounting plugin WindowsMoviePlayer
LogStreaming: Display: Took  0.152s to configure plugins.
LogInit: Using libcurl 7.55.1-DEV
LogInit:  - built for x86_64-pc-win32
LogInit:  - supports SSL with OpenSSL/1.0.2h
LogInit:  - supports HTTP deflate (compression) using libz 1.2.8
LogInit:  - other features:
LogInit:      CURL_VERSION_SSL
LogInit:      CURL_VERSION_LIBZ
LogInit:      CURL_VERSION_IPV6
LogInit:      CURL_VERSION_ASYNCHDNS
LogInit:      CURL_VERSION_LARGEFILE
LogInit:      CURL_VERSION_IDN
LogInit:  CurlRequestOptions (configurable via config and command line):
LogInit:  - bVerifyPeer = false  - Libcurl will NOT verify peer certificate
LogInit:  - bUseHttpProxy = false  - Libcurl will NOT use HTTP proxy
LogInit:  - bDontReuseConnections = false  - Libcurl will reuse connections
LogInit:  - CertBundlePath = nullptr  - Libcurl will use whatever was configured at build time.
LogInit:  - MaxHostConnections = 16  - Libcurl will limit the number of connections to a host
LogInit:  - LocalHostAddr = Default
LogInit:  - BufferSize = 65536
LogInit: WinSock: version 1.1 (2.2), MaxSocks=32767, MaxUdp=65467
LogHMD: Failed initializing OVRPlugin 1.25.0
LogInit: Build: ++UE4+Release-4.20-CL-4369336
LogInit: Engine Version: 4.20.3-4369336+++UE4+Release-4.20
LogInit: Compatible Engine Version: 4.20.0-4212847+++UE4+Release-4.20
LogInit: Net CL: 4212847
LogInit: OS: Windows 10 (), CPU: Intel(R) Core(TM) i7-4790 CPU @ 3.60GHz, GPU: NVIDIA GeForce GTX 1060 3GB
LogInit: Compiled (64-bit): Sep 17 2018 12:26:19
LogInit: Compiled with Visual C++: 19.13.26129.00
LogInit: Build Configuration: Development
LogInit: Branch Name: ++UE4+Release-4.20
LogInit: Command Line: -EpicPortal  -epicusername="gearshift" -epicuserid=521353e2c68342e29f64fc6cef5255c8 -epiclocale=en-US
LogInit: Base Directory: E:/Unreal Engine/UE_4.20/Engine/Binaries/Win64/
LogInit: Installed Engine Build: 1
LogDevObjectVersion: Number of dev versions registered: 20
LogDevObjectVersion:   Dev-Blueprints (B0D832E4-1F89-4F0D-ACCF-7EB736FD4AA2): 10
LogDevObjectVersion:   Dev-Build (E1C64328-A22C-4D53-A36C-8E866417BD8C): 0
LogDevObjectVersion:   Dev-Core (375EC13C-06E4-48FB-B500-84F0262A717E): 2
LogDevObjectVersion:   Dev-Editor (E4B068ED-F494-42E9-A231-DA0B2E46BB41): 24
LogDevObjectVersion:   Dev-Framework (CFFC743F-43B0-4480-9391-14DF171D2073): 34
LogDevObjectVersion:   Dev-Mobile (B02B49B5-BB20-44E9-A304-32B752E40360): 2
LogDevObjectVersion:   Dev-Networking (A4E4105C-59A1-49B5-A7C5-40C4547EDFEE): 0
LogDevObjectVersion:   Dev-Online (39C831C9-5AE6-47DC-9A44-9C173E1C8E7C): 0
LogDevObjectVersion:   Dev-Physics (78F01B33-EBEA-4F98-B9B4-84EACCB95AA2): 0
LogDevObjectVersion:   Dev-Platform (6631380F-2D4D-43E0-8009-CF276956A95A): 0
LogDevObjectVersion:   Dev-Rendering (12F88B9F-8875-4AFC-A67C-D90C383ABD29): 26
LogDevObjectVersion:   Dev-Sequencer (7B5AE74C-D270-4C10-A958-57980B212A5A): 9
LogDevObjectVersion:   Dev-VR (D7296918-1DD6-4BDD-9DE2-64A83CC13884): 2
LogDevObjectVersion:   Dev-LoadTimes (C2A15278-BFE7-4AFE-6C17-90FF531DF755): 1
LogDevObjectVersion:   Private-Geometry (6EACA3D4-40EC-4CC1-B786-8BED09428FC5): 3
LogDevObjectVersion:   Dev-AnimPhys (29E575DD-E0A3-4627-9D10-D276232CDCEA): 17
LogDevObjectVersion:   Dev-ReflectionCapture (6B266CEC-1EC7-4B8F-A30B-E4D90942FC07): 1
LogDevObjectVersion:   Dev-Automation (0DF73D61-A23F-47EA-B727-89E90C41499A): 1
LogDevObjectVersion:   FortniteMain (601D1886-AC64-4F84-AA16-D3DE0DEAC7D6): 12
LogDevObjectVersion:   Dev-Enterprise (9DFFBCD6-494F-0158-E221-12823C92A888): 1
LogStreaming: Display: Took  0.000s to delete old logs.
LogInit: Presizing for max 8388607 objects, including 0 objects not considered by GC, pre-allocating 0 bytes for permanent pool.
LogInit: Object subsystem initialized
[2018.11.04-19.44.46:479][  0]LogInit: Selected Device Profile: [Windows]
[2018.11.04-19.44.46:479][  0]LogInit: Applying CVar settings loaded from the selected device profile: [Windows]
[2018.11.04-19.44.46:505][  0]LogHAL: Display: Platform has ~ 16 GB [17128710144 / 17179869184 / 16], which maps to Larger [LargestMinGB=32, LargerMinGB=12, DefaultMinGB=8, SmallerMinGB=6, SmallestMinGB=0)
[2018.11.04-19.44.46:506][  0]LogInit: Setting Device Profile CVar: [[r.Vulkan.UseRealUBs:1]]
[2018.11.04-19.44.46:506][  0]LogInit: Going up to parent DeviceProfile []
[2018.11.04-19.44.46:506][  0]LogInit: Computer: DESKTOP-HVQHOUV
[2018.11.04-19.44.46:506][  0]LogInit: User: KalebNekumanesh
[2018.11.04-19.44.46:506][  0]LogInit: CPU Page size=4096, Cores=4
[2018.11.04-19.44.46:506][  0]LogInit: High frequency timer resolution =3.507513 MHz
[2018.11.04-19.44.46:506][  0]LogMemory: Memory total: Physical=16.0GB (16GB approx)
[2018.11.04-19.44.46:506][  0]LogMemory: Platform Memory Stats for Windows
[2018.11.04-19.44.46:506][  0]LogMemory: Process Physical Memory: 102.02 MB used, 102.02 MB peak
[2018.11.04-19.44.46:506][  0]LogMemory: Process Virtual Memory: 94.12 MB used, 94.12 MB peak
[2018.11.04-19.44.46:506][  0]LogMemory: Physical Memory: 7776.77 MB used,  8558.45 MB free, 16335.21 MB total
[2018.11.04-19.44.46:506][  0]LogMemory: Virtual Memory: 4655.87 MB used,  8558.45 MB free, 134217728.00 MB total
[2018.11.04-19.44.46:553][  0]LogInit: Using OS detected language (en-US).
[2018.11.04-19.44.46:553][  0]LogInit: Using OS detected locale (en-US).
[2018.11.04-19.44.46:554][  0]LogTextLocalizationManager: No specific localization for 'en-US' exists, so the 'en' localization will be used.
[2018.11.04-19.44.47:733][  0]LogStreaming: Display: Took  1.181s to InitEngineTextLocalization.
[2018.11.04-19.44.47:734][  0]LogInit: Setting process to per monitor DPI aware
[2018.11.04-19.44.47:814][  0]LogSlate: New Slate User Created.  User Index 0, Is Virtual User: 0
[2018.11.04-19.44.47:814][  0]LogSlate: Slate User Registered.  User Index 0, Is Virtual User: 0
[2018.11.04-19.44.52:941][  0]LogHMD: Failed to initialize OpenVR with code 126
[2018.11.04-19.44.52:941][  0]LogD3D11RHI: D3D11 adapters:
[2018.11.04-19.44.53:102][  0]LogD3D11RHI:    0. 'NVIDIA GeForce GTX 1060 3GB' (Feature Level 11_0)
[2018.11.04-19.44.53:102][  0]LogD3D11RHI:       2988/0/8167 MB DedicatedVideo/DedicatedSystem/SharedSystem, Outputs:2, VendorId:0x10de
[2018.11.04-19.44.53:106][  0]LogD3D11RHI:    1. 'Microsoft Basic Render Driver' (Feature Level 11_0)
[2018.11.04-19.44.53:106][  0]LogD3D11RHI:       0/0/8167 MB DedicatedVideo/DedicatedSystem/SharedSystem, Outputs:0, VendorId:0x1414
[2018.11.04-19.44.53:106][  0]LogD3D11RHI: Chosen D3D11 Adapter: 0
[2018.11.04-19.44.53:115][  0]LogD3D11RHI: Creating new Direct3DDevice
[2018.11.04-19.44.53:116][  0]LogD3D11RHI:     GPU DeviceId: 0x1c02 (for the marketing name, search the web for "GPU Device Id")
[2018.11.04-19.44.53:116][  0]LogWindows: EnumDisplayDevices:
[2018.11.04-19.44.53:116][  0]LogWindows:    0. 'NVIDIA GeForce GTX 1060 3GB' (P:1 D:1)
[2018.11.04-19.44.53:116][  0]LogWindows:    1. 'NVIDIA GeForce GTX 1060 3GB' (P:0 D:1)
[2018.11.04-19.44.53:116][  0]LogWindows:    2. 'NVIDIA GeForce GTX 1060 3GB' (P:0 D:0)
[2018.11.04-19.44.53:117][  0]LogWindows:    3. 'NVIDIA GeForce GTX 1060 3GB' (P:0 D:0)
[2018.11.04-19.44.53:117][  0]LogWindows: DebugString: FoundDriverCount:4 
[2018.11.04-19.44.53:117][  0]LogD3D11RHI:     Adapter Name: NVIDIA GeForce GTX 1060 3GB
[2018.11.04-19.44.53:117][  0]LogD3D11RHI:   Driver Version: 398.82 (internal:24.21.13.9882, unified:398.82)
[2018.11.04-19.44.53:117][  0]LogD3D11RHI:      Driver Date: 7-30-2018
[2018.11.04-19.44.53:117][  0]LogRHI: Texture pool is 2091 MB (70% of 2988 MB)
[2018.11.04-19.44.53:163][  0]LogD3D11RHI: Async texture creation enabled
[2018.11.04-19.44.53:201][  0]LogD3D11RHI: GPU Timing Frequency: 1000.000000 (Debug: 2 2)
[2018.11.04-19.44.53:246][  0]LogShaderCompilers: Guid format shader working directory is 0 characters bigger than the processId version (../../../../../LianeRepo/Developers/Nick Price/LianeGame/Intermediate/Shaders/WorkingDirectory/16628/).
[2018.11.04-19.44.53:246][  0]LogShaderCompilers: Cleaned the shader compiler working directory 'C:/Users/Kaleb Nekumanesh/AppData/Local/Temp/UnrealShaderWorkingDir/A821FE8E4623C297E59DD89AA9CD71B2/'.
[2018.11.04-19.44.54:118][  0]LogTemp: Display: Loaded TP AllDesktopTargetPlatform
[2018.11.04-19.44.54:134][  0]LogTemp: Display: Loaded TP MacClientTargetPlatform
[2018.11.04-19.44.54:148][  0]LogTemp: Display: Loaded TP MacNoEditorTargetPlatform
[2018.11.04-19.44.54:167][  0]LogTemp: Display: Loaded TP MacServerTargetPlatform
[2018.11.04-19.44.54:194][  0]LogTemp: Display: Loaded TP MacTargetPlatform
[2018.11.04-19.44.54:208][  0]LogTemp: Display: Loaded TP WindowsClientTargetPlatform
[2018.11.04-19.44.54:226][  0]LogTemp: Display: Loaded TP WindowsNoEditorTargetPlatform
[2018.11.04-19.44.54:244][  0]LogTemp: Display: Loaded TP WindowsServerTargetPlatform
[2018.11.04-19.44.54:253][  0]LogTemp: Display: Loaded TP WindowsTargetPlatform
[2018.11.04-19.44.54:366][  0]LogTemp: Display: Loaded TP AndroidTargetPlatform
[2018.11.04-19.44.54:366][  0]LogTemp: Display: Loaded TP AndroidTargetPlatform
[2018.11.04-19.44.54:366][  0]LogTemp: Display: Loaded TP AndroidTargetPlatform
[2018.11.04-19.44.54:366][  0]LogTemp: Display: Loaded TP AndroidTargetPlatform
[2018.11.04-19.44.54:367][  0]LogTemp: Display: Loaded TP AndroidTargetPlatform
[2018.11.04-19.44.54:367][  0]LogTemp: Display: Loaded TP AndroidTargetPlatform
[2018.11.04-19.44.54:367][  0]LogTemp: Display: Loaded TP AndroidTargetPlatform
[2018.11.04-19.44.54:367][  0]LogTemp: Display: Loaded TP AndroidTargetPlatform
[2018.11.04-19.44.54:367][  0]LogTemp: Display: Loaded TP AndroidTargetPlatform
[2018.11.04-19.44.54:367][  0]LogTemp: Display: Loaded TP AndroidTargetPlatform
[2018.11.04-19.44.54:367][  0]LogTemp: Display: Loaded TP AndroidTargetPlatform
[2018.11.04-19.44.54:367][  0]LogTemp: Display: Loaded TP AndroidTargetPlatform
[2018.11.04-19.44.54:367][  0]LogTemp: Display: Loaded TP AndroidTargetPlatform
[2018.11.04-19.44.54:367][  0]LogTemp: Display: Loaded TP AndroidTargetPlatform
[2018.11.04-19.44.54:367][  0]LogTemp: Display: Loaded TP AndroidTargetPlatform
[2018.11.04-19.44.54:367][  0]LogTemp: Display: Loaded TP AndroidTargetPlatform
[2018.11.04-19.44.54:367][  0]LogTemp: Display: Loaded TP AndroidTargetPlatform
[2018.11.04-19.44.54:367][  0]LogTemp: Display: Loaded TP AndroidTargetPlatform
[2018.11.04-19.44.54:370][  0]LogTemp: Display: Loaded TP HTML5TargetPlatform
[2018.11.04-19.44.54:451][  0]LogTemp: Display: Loaded TP IOSTargetPlatform
[2018.11.04-19.44.54:451][  0]LogTemp: Display: Loaded TP IOSTargetPlatform
[2018.11.04-19.44.54:480][  0]LogTemp: Display: Loaded TP TVOSTargetPlatform
[2018.11.04-19.44.54:480][  0]LogTemp: Display: Loaded TP TVOSTargetPlatform
[2018.11.04-19.44.54:498][  0]LogTemp: Display: Loaded TP LinuxClientTargetPlatform
[2018.11.04-19.44.54:517][  0]LogTemp: Display: Loaded TP LinuxNoEditorTargetPlatform
[2018.11.04-19.44.54:533][  0]LogTemp: Display: Loaded TP LinuxServerTargetPlatform
[2018.11.04-19.44.54:559][  0]LogTemp: Display: Loaded TP LinuxTargetPlatform
[2018.11.04-19.44.54:570][  0]LogTemp: Display: Loaded TP LuminTargetPlatform
[2018.11.04-19.44.54:570][  0]LogTargetPlatformManager: Display: Building Assets For Windows
[2018.11.04-19.44.54:648][  0]LogXGEController: Cannot use XGE Controller as Incredibuild is not installed on this machine.
[2018.11.04-19.44.54:648][  0]LogShaderCompilers: Cannot use XGE Shader Compiler as Incredibuild is not installed on this machine.
[2018.11.04-19.44.54:648][  0]LogShaderCompilers: Display: Using Local Shader Compiler.
[2018.11.04-19.44.56:823][  0]LogDerivedDataCache: Display: Max Cache Size: 512 MB
[2018.11.04-19.44.57:353][  0]LogDerivedDataCache: Loaded boot cache 0.53s 82MB C:/Users/Kaleb Nekumanesh/AppData/Local/UnrealEngine/4.20/DerivedDataCache/Boot.ddc.
[2018.11.04-19.44.57:354][  0]LogDerivedDataCache: Display: Loaded Boot cache: C:/Users/Kaleb Nekumanesh/AppData/Local/UnrealEngine/4.20/DerivedDataCache/Boot.ddc
[2018.11.04-19.44.57:354][  0]LogDerivedDataCache: FDerivedDataBackendGraph:  Pak pak cache file ../../../../../LianeRepo/Developers/Nick Price/LianeGame/DerivedDataCache/DDC.ddp not found, will not use a pak cache.
[2018.11.04-19.44.57:354][  0]LogDerivedDataCache: Unable to find inner node Pak for hierarchical cache Hierarchy.
[2018.11.04-19.44.57:354][  0]LogDerivedDataCache: FDerivedDataBackendGraph:  CompressedPak pak cache file ../../../../../LianeRepo/Developers/Nick Price/LianeGame/DerivedDataCache/Compressed.ddp not found, will not use a pak cache.
[2018.11.04-19.44.57:354][  0]LogDerivedDataCache: Unable to find inner node CompressedPak for hierarchical cache Hierarchy.
[2018.11.04-19.44.57:373][  0]LogDerivedDataCache: Display: Pak cache opened for reading ../../../Engine/DerivedDataCache/Compressed.ddp.
[2018.11.04-19.44.57:386][  0]LogDerivedDataCache: Using Local data cache path C:/Users/Kaleb Nekumanesh/AppData/Local/UnrealEngine/Common/DerivedDataCache: Writable
[2018.11.04-19.44.57:386][  0]LogDerivedDataCache: Shared data cache path not found in *engine.ini, will not use an Shared cache.
[2018.11.04-19.44.57:386][  0]LogDerivedDataCache: Unable to find inner node Shared for hierarchical cache Hierarchy.
[2018.11.04-19.44.57:412][  0]LogMaterial: Verifying Global Shaders for PCD3D_SM5
[2018.11.04-19.44.57:414][  0]LogSlate: Using FreeType 2.6.0
[2018.11.04-19.44.57:435][  0]LogSlate: SlateFontServices - WITH_FREETYPE: 1, WITH_HARFBUZZ: 1
[2018.11.04-19.44.57:854][  0]LogAssetRegistry: FAssetRegistry took 0.0314 seconds to start up
[2018.11.04-19.44.58:342][  0]LogInit: Selected Device Profile: [Windows]
[2018.11.04-19.44.58:486][  0]LogSimplygon: Simplygon DLL not present - disabling.
[2018.11.04-19.44.58:492][  0]LogMeshReduction: Using SimplygonSwarm for distributed automatic mesh merging
[2018.11.04-19.44.58:492][  0]LogMeshReduction: Using ProxyLODMeshReduction for automatic mesh merging
[2018.11.04-19.44.58:492][  0]LogMeshReduction: Using QuadricMeshReduction for automatic static mesh reduction
[2018.11.04-19.44.58:492][  0]LogMeshReduction: No automatic skeletal mesh reduction module available
[2018.11.04-19.44.58:629][  0]LogNetVersion: LianeGame 1.0.0, NetCL: 4212847, EngineNetVer: 5, GameNetVer: 0 (Checksum: 3081437132)
[2018.11.04-19.44.59:467][  0]LogPackageLocalizationCache: Processed 14 localized package path(s) for 2 prioritized culture(s) in 0.155142 seconds
[2018.11.04-19.44.59:477][  0]LogUObjectArray: 38438 objects as part of root set at end of initial load.
[2018.11.04-19.44.59:477][  0]LogUObjectAllocator: 6693864 out of 0 bytes used by permanent object pool.
[2018.11.04-19.44.59:477][  0]LogUObjectArray: CloseDisregardForGC: 0/0 objects in disregard for GC pool
[2018.11.04-19.45.03:661][  0]LogTcpMessaging: Initializing TcpMessaging bridge
[2018.11.04-19.45.03:675][  0]LogUdpMessaging: Initializing bridge on interface 0.0.0.0:0 to multicast group 230.0.0.1:6666.
[2018.11.04-19.45.04:072][  0]LogBlueprint: Warning: [Compiler Ue4ASP_Character] InputAction Event references unknown Action 'Crouch' for  InputAction Crouch
[2018.11.04-19.45.04:072][  0]LogBlueprint: Warning: [Compiler Ue4ASP_Character] InputAction Event references unknown Action 'Jump' for  InputAction Jump
[2018.11.04-19.45.04:072][  0]LogBlueprint: Warning: [Compiler Ue4ASP_Character] Input Axis Event references unknown Axis 'LookUp' for  InputAxis LookUp
[2018.11.04-19.45.04:073][  0]LogBlueprint: Warning: [Compiler Ue4ASP_Character] Input Axis Event references unknown Axis 'MoveRight' for  InputAxis MoveRight
[2018.11.04-19.45.04:080][  0]LogBlueprint: Warning: [Compiler Ue4ASP_Character] [0020.62] Compile of Ue4ASP_Character successful, but with 4 Warning(s) [in 35 ms] (/Game/AnimStarterPack/Ue4ASP_Character.Ue4ASP_Character)
[2018.11.04-19.45.04:758][  0]SourceControl: Source control is disabled
[2018.11.04-19.45.04:758][  0]SourceControl: Source control is disabled
[2018.11.04-19.45.04:763][  0]SourceControl: Source control is disabled
[2018.11.04-19.45.04:765][  0]SourceControl: Source control is disabled
[2018.11.04-19.45.05:130][  0]LogAndroidPermission: UAndroidPermissionCallbackProxy::GetInstance
[2018.11.04-19.45.05:200][  0]LogOcInput: OculusInput pre-init called
[2018.11.04-19.45.05:309][  0]LogEngine: Initializing Engine...
[2018.11.04-19.45.05:338][  0]LogHMD: Failed to initialize OpenVR with code 126
[2018.11.04-19.45.05:340][  0]LogStats: UGameplayTagsManager::ConstructGameplayTagTree: ImportINI prefixes -  0.000 s
[2018.11.04-19.45.05:340][  0]LogStats: UGameplayTagsManager::ConstructGameplayTagTree: Construct from data asset -  0.000 s
[2018.11.04-19.45.05:340][  0]LogStats: UGameplayTagsManager::ConstructGameplayTagTree: ImportINI -  0.000 s
[2018.11.04-19.45.05:340][  0]LogStats: UGameplayTagsManager::ConstructGameplayTagTree: GameplayTagTreeChangedEvent.Broadcast -  0.000 s
[2018.11.04-19.45.05:632][  0]LogInit: Initializing FReadOnlyCVARCache
[2018.11.04-19.45.05:647][  0]LogAIModule: Creating AISystem for world Untitled
[2018.11.04-19.45.05:721][  0]LogInit: XAudio2 using 'Speakers / Headphones (Realtek High Definition Audio)' : 2 channels at 48 kHz using 32 bits per sample (channel mask 0x3)
[2018.11.04-19.45.05:753][  0]LogInit: FAudioDevice initialized.
[2018.11.04-19.45.05:754][  0]LogNetVersion: Set ProjectVersion to 1.0.0.0. Version Checksum will be recalculated on next use.
[2018.11.04-19.45.05:863][  0]LogDerivedDataCache: Saved boot cache 0.11s 82MB C:/Users/Kaleb Nekumanesh/AppData/Local/UnrealEngine/4.20/DerivedDataCache/Boot.ddc.
[2018.11.04-19.45.05:879][  0]LogInit: Texture streaming: Enabled
[2018.11.04-19.45.05:905][  0]LogEngineSessionManager: EngineSessionManager initialized
[2018.11.04-19.45.05:927][  0]LogInit: Transaction tracking system initialized
[2018.11.04-19.45.05:957][  0]BlueprintLog: New page: Editor Load
[2018.11.04-19.45.06:173][  0]LocalizationService: Localization service is disabled
[2018.11.04-19.45.06:861][  0]LogCook: Display: Max memory allowance for cook 16384mb min free memory 0mb
[2018.11.04-19.45.06:861][  0]LogCook: Display: Mobile HDR setting 1
[2018.11.04-19.45.06:861][  0]LogGameplayTags: Display: UGameplayTagsManager::DoneAddingNativeTags. DelegateIsBound: 0
[2018.11.04-19.45.06:861][  0]LogStats: UGameplayTagsManager::ConstructGameplayTagTree: ImportINI prefixes -  0.000 s
[2018.11.04-19.45.06:861][  0]LogStats: UGameplayTagsManager::ConstructGameplayTagTree: Construct from data asset -  0.000 s
[2018.11.04-19.45.06:861][  0]LogStats: UGameplayTagsManager::ConstructGameplayTagTree: ImportINI -  0.000 s
[2018.11.04-19.45.06:861][  0]LogStats: UGameplayTagsManager::ConstructGameplayTagTree: GameplayTagTreeChangedEvent.Broadcast -  0.000 s
[2018.11.04-19.45.07:211][  0]LogFileCache: Scanning file cache for directory 'E:/LianeRepo/Developers/Nick Price/LianeGame/Content/' took 0.03s
[2018.11.04-19.45.07:997][  0]SourceControl: Source control is disabled
[2018.11.04-19.45.07:997][  0]Cmd: MAP LOAD FILE="../../../../../LianeRepo/Developers/Nick Price/LianeGame/Content/Liane/Maps/ThirdPersonExampleMap.umap" TEMPLATE=0 SHOWPROGRESS=1 FEATURELEVEL=3
[2018.11.04-19.45.07:998][  0]LightingResults: New page: Lighting Build
[2018.11.04-19.45.07:999][  0]MapCheck: New page: Map Check
[2018.11.04-19.45.08:000][  0]LightingResults: New page: Lighting Build
[2018.11.04-19.45.09:631][  0]LogAIModule: Creating AISystem for world ThirdPersonExampleMap
[2018.11.04-19.45.09:645][  0]LogEditorServer: Finished looking for orphan Actors (0.000 secs)
[2018.11.04-19.45.09:671][  0]Cmd: MAP CHECKDEP NOCLEARLOG
[2018.11.04-19.45.09:745][  0]MapCheck: Map check complete: 0 Error(s), 0 Warning(s), took 73.69ms to complete.
[2018.11.04-19.45.09:745][  0]LogFileHelpers: Loading map 'ThirdPersonExampleMap' took 1.748
[2018.11.04-19.45.09:840][  0]LogCollectionManager: Loaded 0 collections in 0.000727 seconds
[2018.11.04-19.45.09:884][  0]LogFileCache: Scanning file cache for directory 'E:/LianeRepo/Developers/Nick Price/LianeGame/Saved/Collections/' took 0.01s
[2018.11.04-19.45.09:884][  0]LogFileCache: Scanning file cache for directory 'E:/LianeRepo/Developers/Nick Price/LianeGame/Content/Developers/KalebNekumanesh/Collections/' took 0.01s
[2018.11.04-19.45.09:884][  0]LogFileCache: Scanning file cache for directory 'E:/LianeRepo/Developers/Nick Price/LianeGame/Content/Collections/' took 0.01s
[2018.11.04-19.45.09:884][  0]LogCollectionManager: Rebuilt the GUID cache for 0 collections in 0.000000 seconds
[2018.11.04-19.45.09:895][  0]LogContentBrowser: Native class hierarchy populated in 0.0106 seconds. Added 2777 classes and 632 folders.
[2018.11.04-19.45.09:899][  0]LogContentBrowser: Native class hierarchy updated for 'WidgetCarousel' in 0.0004 seconds. Added 0 classes and 0 folders.
[2018.11.04-19.45.10:338][  0]LogContentBrowser: Native class hierarchy updated for 'AddContentDialog' in 0.0003 seconds. Added 0 classes and 0 folders.
[2018.11.04-19.45.10:343][  0]LogContentBrowser: Native class hierarchy updated for 'SceneOutliner' in 0.0003 seconds. Added 1 classes and 2 folders.
[2018.11.04-19.45.10:461][  0]LogSlate: Updating window title bar state: overlay mode, drag disabled, window buttons hidden, title bar hidden
[2018.11.04-19.45.10:470][  0]LogSlate: Updating window title bar state: overlay mode, drag disabled, window buttons hidden, title bar hidden
[2018.11.04-19.45.10:481][  0]LogSlate: Updating window title bar state: overlay mode, drag disabled, window buttons hidden, title bar hidden
[2018.11.04-19.45.10:491][  0]LogSlate: Updating window title bar state: overlay mode, drag disabled, window buttons hidden, title bar hidden
[2018.11.04-19.45.10:505][  0]LogDirectoryWatcher: Warning: Failed to begin reading directory changes for ../../../../../LianeRepo/Developers/Nick Price/LianeGame/Plugins/. Error: The system cannot find the file specified. (0x00000002)
[2018.11.04-19.45.10:516][  0]LogSlate: Took 0.006781 seconds to synchronously load lazily loaded font '../../../Engine/Content/Slate/Fonts/Roboto-Regular.ttf' (155K)
[2018.11.04-19.45.10:526][  0]LogSlate: Took 0.008230 seconds to synchronously load lazily loaded font '../../../Engine/Content/Slate/Fonts/Roboto-Bold.ttf' (160K)
[2018.11.04-19.45.10:535][  0]LogSlate: Took 0.007865 seconds to synchronously load lazily loaded font '../../../Engine/Content/Editor/Slate/Fonts/FontAwesome.ttf' (139K)
[2018.11.04-19.45.10:647][  0]LogRenderer: Reallocating scene render targets to support 1360x876 Format 10 NumSamples 1 (Frame:1).
[2018.11.04-19.45.10:837][  0]LogContentBrowser: Native class hierarchy updated for 'HierarchicalLODOutliner' in 0.0005 seconds. Added 0 classes and 0 folders.
[2018.11.04-19.45.10:837][  0]LogLoad: (Engine Initialization) Total time: 27.38 seconds
[2018.11.04-19.45.10:837][  0]LogLoad: (Engine Initialization) Total Blueprint compile time: 0.00 seconds
[2018.11.04-19.45.10:877][  0]LogContentStreaming: Texture pool size now 1000 MB
[2018.11.04-19.45.10:893][  0]LogSlate: Took 0.000153 seconds to synchronously load lazily loaded font '../../../Engine/Content/Slate/Fonts/Roboto-Light.ttf' (167K)
[2018.11.04-19.45.10:940][  1]LogRenderer: Reallocating scene render targets to support 1360x892 Format 10 NumSamples 1 (Frame:2).
[2018.11.04-19.45.11:204][  7]LogAssetRegistry: Asset discovery search completed in 13.3755 seconds
[2018.11.04-19.45.11:207][  7]LogCollectionManager: Rebuilt the object cache for 0 collections in 0.000000 seconds (found 0 objects)
[2018.11.04-19.45.11:207][  7]LogCollectionManager: Fixed up redirectors for 0 collections in 0.000055 seconds (updated 0 objects)
[2018.11.04-19.45.19:918][ 33]LogSlate: FSceneViewport::OnFocusLost() reason 0
[2018.11.04-19.45.27:710][871]LogSlate: Window 'New Plugin' being destroyed
[2018.11.04-19.45.27:714][871]LogSlate: Window 'New Plugin' being destroyed
[2018.11.04-19.45.30:788][229]LogSlate: FSceneViewport::OnFocusLost() reason 0
[2018.11.04-19.45.30:862][238]LogSlate: Window 'Plugins' being destroyed
[2018.11.04-19.45.30:866][238]LogSlate: Window 'Plugins' being destroyed
[2018.11.04-19.45.30:866][238]LogDirectoryWatcher: A directory notification for '../../../Engine/Plugins/' was aborted.
[2018.11.04-19.45.34:835][710]LogEditorViewport: Clicking on Actor (LMB): StaticMeshActor (Cube)
[2018.11.04-19.45.36:346][857]LogSlate: FSceneViewport::OnFocusLost() reason 0
[2018.11.04-19.45.36:437][867]LogMaterial: Display: Missing cached shader map for material M_OverlayFaceMaterial, compiling. 
[2018.11.04-19.45.36:573][867]LogTexture: Display: Building textures: T_Vertex (AutoDXT, 32X32)
[2018.11.04-19.45.36:573][867]LogShaderCompilers: Display: Shaders left to compile 21
[2018.11.04-19.45.36:573][867]LogShaderCompilers: Display: Shaders left to compile 11
[2018.11.04-19.45.36:573][867]LogShaderCompilers: Display: Shaders left to compile 1
[2018.11.04-19.45.36:573][867]LogMaterial: Display: Missing cached shader map for material M_NormalProxyMesh, compiling. 
[2018.11.04-19.45.36:619][867]LogShaderCompilers: Display: Shaders left to compile 27
[2018.11.04-19.45.36:619][867]LogSlate: Took 0.007107 seconds to synchronously load lazily loaded font '../../../Engine/Content/Slate/Fonts/Roboto-Italic.ttf' (157K)
[2018.11.04-19.45.36:987][898]LogShaderCompilers: Display: Shaders left to compile 17
[2018.11.04-19.45.38:828][ 38]LogShaderCompilers: Display: Shaders left to compile 7
[2018.11.04-19.45.39:718][108]LogEditorViewport: Clicking on Actor (LMB): StaticMeshActor (Cube)
[2018.11.04-19.45.40:311][154]LogEditorViewport: Clicking on Actor (LMB): StaticMeshActor (Cube)
[2018.11.04-19.45.40:354][155]LogEditorViewport: Clicking on Component (LMB): StaticMeshComponent (StaticMeshComponent0)
[2018.11.04-19.45.45:228][656]LogSlate: Took 0.000209 seconds to synchronously load lazily loaded font '../../../Engine/Content/Slate/Fonts/Roboto-Light.ttf' (167K)
[2018.11.04-19.45.45:229][656]LogSlate: FSceneViewport::OnFocusLost() reason 2
[2018.11.04-19.45.45:237][656]LogStaticMesh: Building static mesh SM_Cube...
[2018.11.04-19.45.45:247][656]LogStaticMesh: Built static mesh [0.01s] /Temp/Untitled_1.SM_Cube
[2018.11.04-19.45.45:265][656]LogActorFactory: Actor Factory created SM_Cube
[2018.11.04-19.45.45:353][656]LogSlate: FSceneViewport::OnFocusLost() reason 0
[2018.11.04-19.45.47:818][903]LogActorFactory: Actor Factory created SM_Cube
[2018.11.04-19.45.49:417][ 57]LogActorFactory: Actor Factory created SM_Cube
[2018.11.04-19.45.52:279][361]LogEditorViewport: Clicking on Actor (LMB): StaticMeshActor (Cube)
[2018.11.04-19.45.57:034][881]LogEditorViewport: Clicking on Actor (LMB): StaticMeshActor (SM_Cube2)
[2018.11.04-19.46.02:049][390]LogSlate: FSceneViewport::OnFocusLost() reason 0
[2018.11.04-19.46.04:773][652]LogStaticMesh: Building static mesh SM_Cube...
[2018.11.04-19.46.04:773][652]LogStaticMesh: Built static mesh [0.00s] /Game/Meshes/SM_Cube.SM_Cube
[2018.11.04-19.48.11:729][696]LogSlate: FSceneViewport::OnFocusLost() reason 0
[2018.11.04-19.48.12:834][810]LogEditorViewport: Clicking on Actor (LMB): StaticMeshActor (Floor3)
[2018.11.04-19.48.13:505][878]LogEditorViewport: Clicking on Actor (LMB): SkeletalMeshActor (SK_Mannequin)
[2018.11.04-19.48.24:794][ 80]LogSlate: FSceneViewport::OnFocusLost() reason 0
[2018.11.04-19.48.28:789][495]LogEditorViewport: Clicking on Actor (LMB): BP_Sky_Sphere_C (SkySphereBlueprint)
[2018.11.04-19.48.29:693][591]LogEditorViewport: Clicking on Actor (LMB): StaticMeshActor (SM_Cube2)
[2018.11.04-19.48.32:027][814]LogSlate: FSceneViewport::OnFocusLost() reason 0
[2018.11.04-19.48.33:395][954]LogEditorViewport: Clicking on Actor (LMB): StaticMeshActor (SM_Cube2)
[2018.11.04-19.48.35:656][196]LogSlate: FSceneViewport::OnFocusLost() reason 0
[2018.11.04-19.48.39:968][597]LogStaticMesh: Building static mesh SM_Cube...
[2018.11.04-19.48.39:968][597]LogStaticMesh: Built static mesh [0.00s] /Game/Meshes/SM_Cube.SM_Cube
[2018.11.04-19.48.49:578][637]LogStaticMesh: Building static mesh SM_Cube...
[2018.11.04-19.48.49:578][637]LogStaticMesh: Built static mesh [0.00s] /Game/Meshes/SM_Cube.SM_Cube
[2018.11.04-19.48.49:925][669]Cmd: TRANSACTION UNDO
[2018.11.04-19.48.49:926][669]LogEditorTransaction: Undo Mesh Tool [Edit]
[2018.11.04-19.48.49:930][669]LogStaticMesh: Building static mesh SM_Cube...
[2018.11.04-19.48.49:930][669]LogStaticMesh: Built static mesh [0.00s] /Game/Meshes/SM_Cube.SM_Cube
[2018.11.04-19.48.54:078][ 74]LogStaticMesh: Building static mesh SM_Cube...
[2018.11.04-19.48.54:078][ 74]LogStaticMesh: Built static mesh [0.00s] /Game/Meshes/SM_Cube.SM_Cube
[2018.11.04-19.48.56:113][280]LogSlate: FSceneViewport::OnFocusLost() reason 0
[2018.11.04-19.49.34:244][413]LogSlate: FSceneViewport::OnFocusLost() reason 0
[2018.11.04-19.49.41:921][248]LogSlate: FSceneViewport::OnFocusLost() reason 0
[2018.11.04-19.50.06:211][934]LogEditorViewport: Clicking on Actor (LMB): StaticMeshActor (SM_Cube4)
[2018.11.04-19.50.13:225][707]LogSlate: FSceneViewport::OnFocusLost() reason 0
[2018.11.04-19.50.16:929][126]LogSlate: FSceneViewport::OnFocusLost() reason 0
[2018.11.04-19.50.28:591][426]LogEditorViewport: Clicking on Actor (LMB): StaticMeshActor (SM_Cube6)
[2018.11.04-19.50.30:567][636]LogSlate: FSceneViewport::OnFocusLost() reason 0
[2018.11.04-19.50.34:867][126]LogSlate: FSceneViewport::OnFocusLost() reason 0
[2018.11.04-19.50.40:250][715]LogEditorViewport: Clicking on Actor (LMB): StaticMeshActor (SM_Cube7)
[2018.11.04-19.50.41:895][860]LogSlate: FSceneViewport::OnFocusLost() reason 0
[2018.11.04-19.50.47:596][509]LogSlate: FSceneViewport::OnFocusLost() reason 0
[2018.11.04-19.50.55:247][376]LogEditorViewport: Clicking on Component (context menu): StaticMeshComponent (StaticMeshComponent0)
[2018.11.04-19.50.55:573][376]LogSlate: FSceneViewport::OnFocusLost() reason 2
[2018.11.04-19.51.44:057][853]LogEditorViewport: Clicking on Actor (LMB): StaticMeshActor (SM_Cube6)
[2018.11.04-19.51.54:938][ 22]LogSlate: FSceneViewport::OnFocusLost() reason 0
[2018.11.04-19.52.12:611][ 86]LogEditorViewport: Clicking on Actor (LMB): StaticMeshActor (SM_Cube6)
[2018.11.04-19.52.14:221][248]LogSlate: FSceneViewport::OnFocusLost() reason 0
[2018.11.04-19.52.18:298][663]LogSlate: FSceneViewport::OnFocusLost() reason 0
[2018.11.04-19.52.23:205][166]LogStaticMesh: Building static mesh SM_Cube...
[2018.11.04-19.52.23:205][166]LogStaticMesh: Built static mesh [0.00s] /Game/Meshes/SM_Cube.SM_Cube
[2018.11.04-19.52.25:510][403]Cmd: TRANSACTION UNDO
[2018.11.04-19.52.25:511][403]LogEditorTransaction: Undo Mesh Tool [Edit]
[2018.11.04-19.52.25:512][403]LogStaticMesh: Building static mesh SM_Cube...
[2018.11.04-19.52.25:512][403]LogStaticMesh: Built static mesh [0.00s] /Game/Meshes/SM_Cube.SM_Cube
[2018.11.04-19.52.31:330][989]LogSlate: FSceneViewport::OnFocusLost() reason 0
[2018.11.04-19.52.48:205][774]LogSlate: FSceneViewport::OnFocusLost() reason 0
[2018.11.04-19.53.14:994][947]LogSlate: FSceneViewport::OnFocusLost() reason 0
[2018.11.04-19.53.16:602][ 75]LogEditorViewport: Clicking on Actor (LMB): StaticMeshActor (Floor3)
[2018.11.04-19.53.17:972][214]LogSlate: FSceneViewport::OnFocusLost() reason 0
[2018.11.04-19.53.18:158][228]LogStaticMesh: Building static mesh TemplateFloor...
[2018.11.04-19.53.18:159][228]LogStaticMesh: Built static mesh [0.00s] /Game/Liane/Geometry/Meshes/TemplateFloor.TemplateFloor
[2018.11.04-19.53.19:197][329]LogStaticMesh: Building static mesh SM_Plane...
[2018.11.04-19.53.19:197][329]LogStaticMesh: Built static mesh [0.00s] /Temp/Untitled_2.SM_Plane
[2018.11.04-19.53.19:211][329]LogActorFactory: Actor Factory created SM_Plane
[2018.11.04-19.53.19:306][329]LogSlate: FSceneViewport::OnFocusLost() reason 2
[2018.11.04-19.53.20:757][486]LogStaticMesh: Building static mesh SM_Cube...
[2018.11.04-19.53.20:760][486]LogStaticMesh: Built static mesh [0.00s] /Temp/Untitled_3.SM_Cube
[2018.11.04-19.53.20:776][486]LogActorFactory: Actor Factory created SM_Cube_2
[2018.11.04-19.53.20:872][486]LogSlate: FSceneViewport::OnFocusLost() reason 2
[2018.11.04-19.53.22:557][651]LogActorFactory: Actor Factory created SM_Cube_2
[2018.11.04-19.53.26:104][  7]LogActorFactory: Actor Factory created SM_Cube_2
[2018.11.04-19.53.37:132][146]LogSlate: FSceneViewport::OnFocusLost() reason 0
[2018.11.04-19.53.44:400][911]LogStaticMesh: Building static mesh SM_Cube_2...
[2018.11.04-19.53.44:400][911]LogStaticMesh: Built static mesh [0.00s] /Game/Meshes/SM_Cube_2.SM_Cube_2
[2018.11.04-19.53.50:677][562]LogStaticMesh: Building static mesh SM_Cube_2...
[2018.11.04-19.53.50:677][562]LogStaticMesh: Built static mesh [0.00s] /Game/Meshes/SM_Cube_2.SM_Cube_2
[2018.11.04-19.53.51:686][661]Cmd: POLY SELECT ADJACENT WALLS
[2018.11.04-19.53.57:504][227]LogStaticMesh: Building static mesh SM_Cube_2...
[2018.11.04-19.53.57:504][227]LogStaticMesh: Built static mesh [0.00s] /Game/Meshes/SM_Cube_2.SM_Cube_2
[2018.11.04-19.54.06:109][116]LogSlate: FSceneViewport::OnFocusLost() reason 0
[2018.11.04-19.54.11:377][691]LogSlate: FSceneViewport::OnFocusLost() reason 0
[2018.11.04-19.54.13:170][876]LogEditorViewport: Clicking on Actor (LMB): StaticMeshActor (SM_Cube_3)
[2018.11.04-19.54.15:560][132]LogSlate: FSceneViewport::OnFocusLost() reason 0
[2018.11.04-19.54.30:518][702]LogSlate: FSceneViewport::OnFocusLost() reason 0
[2018.11.04-19.54.31:909][845]Cmd: TRANSACTION UNDO
[2018.11.04-19.54.31:909][845]LogEditorTransaction: Undo Select Face
[2018.11.04-19.54.38:620][525]LogSlate: FSceneViewport::OnFocusLost() reason 0
[2018.11.04-19.55.17:970][858]LogSlate: FSceneViewport::OnFocusLost() reason 0
[2018.11.04-19.55.22:036][265]LogSlate: FSceneViewport::OnFocusLost() reason 0
[2018.11.04-19.55.31:810][307]Cmd: TRANSACTION UNDO
[2018.11.04-19.55.31:810][307]LogEditorTransaction: Undo Clear Selection
[2018.11.04-19.55.51:542][366]Cmd: TRANSACTION UNDO
[2018.11.04-19.55.51:542][366]LogEditorTransaction: Undo Select Face
[2018.11.04-19.55.57:297][966]LogSlate: FSceneViewport::OnFocusLost() reason 0
[2018.11.04-19.57.14:839][172]LogSlate: FSceneViewport::OnFocusLost() reason 0
[2018.11.04-19.57.23:850][103]LogSlate: FSceneViewport::OnFocusLost() reason 0
[2018.11.04-19.57.26:939][421]LogStaticMesh: Building static mesh SM_Cube_2...
[2018.11.04-19.57.26:939][421]LogStaticMesh: Built static mesh [0.00s] /Game/Meshes/SM_Cube_2.SM_Cube_2
[2018.11.04-19.57.26:982][421]LogSlate: FSceneViewport::OnFocusLost() reason 0
[2018.11.04-19.57.29:146][648]LogStaticMesh: Building static mesh SM_Cube_2...
[2018.11.04-19.57.29:146][648]LogStaticMesh: Built static mesh [0.00s] /Game/Meshes/SM_Cube_2.SM_Cube_2
[2018.11.04-19.57.29:814][715]Cmd: TRANSACTION UNDO
[2018.11.04-19.57.29:814][715]LogEditorTransaction: Undo Mesh Tool [Edit]
[2018.11.04-19.57.29:816][715]LogStaticMesh: Building static mesh SM_Cube_2...
[2018.11.04-19.57.29:816][715]LogStaticMesh: Built static mesh [0.00s] /Game/Meshes/SM_Cube_2.SM_Cube_2
[2018.11.04-19.57.30:838][800]Cmd: TRANSACTION UNDO
[2018.11.04-19.57.30:838][800]LogEditorTransaction: Undo Cut Faces
[2018.11.04-19.57.30:842][800]LogStaticMesh: Building static mesh SM_Cube_2...
[2018.11.04-19.57.30:842][800]LogStaticMesh: Built static mesh [0.00s] /Game/Meshes/SM_Cube_2.SM_Cube_2
[2018.11.04-19.57.45:239][306]LogSlate: FSceneViewport::OnFocusLost() reason 0
[2018.11.04-19.58.32:755][190]LogSlate: FSceneViewport::OnFocusLost() reason 0
[2018.11.04-19.58.36:698][627]LogSlate: FSceneViewport::OnFocusLost() reason 0
[2018.11.04-19.58.50:786][175]LogEditorViewport: Clicking on Actor (LMB): StaticMeshActor (SM_Cube_6)
[2018.11.04-19.58.53:460][464]LogEditorViewport: Clicking on Actor (CTRL LMB): StaticMeshActor (SM_Cube_5)
[2018.11.04-19.59.07:063][967]LogEditorViewport: Clicking on Actor (LMB): StaticMeshActor (SM_Cube_7)
[2018.11.04-19.59.09:249][195]LogSlate: FSceneViewport::OnFocusLost() reason 0
[2018.11.04-19.59.12:569][564]LogSlate: FSceneViewport::OnFocusLost() reason 0
[2018.11.04-19.59.23:905][793]LogSlate: FSceneViewport::OnFocusLost() reason 0
[2018.11.04-19.59.28:022][248]LogSlate: FSceneViewport::OnFocusLost() reason 0
[2018.11.04-19.59.33:693][877]LogSlate: FSceneViewport::OnFocusLost() reason 0
[2018.11.04-19.59.47:749][438]LogEditorViewport: Clicking on Actor (LMB): StaticMeshActor (SM_Cube_4)
[2018.11.04-19.59.50:338][702]LogSlate: FSceneViewport::OnFocusLost() reason 0
[2018.11.04-19.59.53:260][ 11]LogSlate: FSceneViewport::OnFocusLost() reason 0
[2018.11.04-20.00.29:177][711]LogSlate: FSceneViewport::OnFocusLost() reason 0
[2018.11.04-20.00.32:204][  0]LogSlate: FSceneViewport::OnFocusLost() reason 0
[2018.11.04-20.00.36:303][457]LogSlate: FSceneViewport::OnFocusLost() reason 2
[2018.11.04-20.00.36:542][457]LogSavePackage: Moving '../../../../../LianeRepo/Developers/Nick Price/LianeGame/Saved/ThirdPersonExampleMap_Auto174A12C6D4F173DEE01854AAD42627D59.tmp' to '../../../../../LianeRepo/Developers/Nick Price/LianeGame/Saved/Autosaves/Game/Liane/Maps/ThirdPersonExampleMap_Auto1.umap'
[2018.11.04-20.00.36:545][457]LogFileHelpers: Editor autosave (incl. sublevels) for '/Game/Liane/Maps/ThirdPersonExampleMap' took 0.218
[2018.11.04-20.00.36:545][457]LogFileHelpers: Editor autosave (incl. sublevels) for all levels took 0.218
[2018.11.04-20.00.36:549][457]OBJ SavePackage: Generating thumbnails for [1] asset(s) in package [/Game/Liane/Geometry/Meshes/TemplateFloor] ([1] browsable assets)...
[2018.11.04-20.00.36:561][457]OBJ SavePackage:     Rendered thumbnail for [StaticMesh /Game/Liane/Geometry/Meshes/TemplateFloor.TemplateFloor]
[2018.11.04-20.00.36:561][457]OBJ SavePackage: Finished generating thumbnails for package [/Game/Liane/Geometry/Meshes/TemplateFloor]
[2018.11.04-20.00.36:584][457]LogSavePackage: Moving '../../../../../LianeRepo/Developers/Nick Price/LianeGame/Saved/TemplateFloor_Auto198C4130A4F6951211A6CA283B31EE71E.tmp' to '../../../../../LianeRepo/Developers/Nick Price/LianeGame/Saved/Autosaves/Game/Liane/Geometry/Meshes/TemplateFloor_Auto1.uasset'
[2018.11.04-20.00.36:585][457]OBJ SavePackage: Generating thumbnails for [1] asset(s) in package [/Game/Meshes/SM_Cube] ([1] browsable assets)...
[2018.11.04-20.00.36:596][457]OBJ SavePackage:     Rendered thumbnail for [StaticMesh /Game/Meshes/SM_Cube.SM_Cube]
[2018.11.04-20.00.36:596][457]OBJ SavePackage: Finished generating thumbnails for package [/Game/Meshes/SM_Cube]
[2018.11.04-20.00.36:596][457]Cmd: OBJ SAVEPACKAGE PACKAGE="/Game/Meshes/SM_Cube" FILE="../../../../../LianeRepo/Developers/Nick Price/LianeGame/Saved/Autosaves/Game/Meshes/SM_Cube_Auto1.uasset" SILENT=false AUTOSAVING=true
[2018.11.04-20.00.36:612][457]LogSavePackage: Moving '../../../../../LianeRepo/Developers/Nick Price/LianeGame/Saved/SM_Cube_Auto1F4C7EC884532A4BD50AC43BE5AAA49C8.tmp' to '../../../../../LianeRepo/Developers/Nick Price/LianeGame/Saved/Autosaves/Game/Meshes/SM_Cube_Auto1.uasset'
[2018.11.04-20.00.36:613][457]OBJ SavePackage: Generating thumbnails for [1] asset(s) in package [/Game/Meshes/SM_Plane] ([1] browsable assets)...
[2018.11.04-20.00.36:628][457]OBJ SavePackage:     Rendered thumbnail for [StaticMesh /Game/Meshes/SM_Plane.SM_Plane]
[2018.11.04-20.00.36:628][457]OBJ SavePackage: Finished generating thumbnails for package [/Game/Meshes/SM_Plane]
[2018.11.04-20.00.36:628][457]Cmd: OBJ SAVEPACKAGE PACKAGE="/Game/Meshes/SM_Plane" FILE="../../../../../LianeRepo/Developers/Nick Price/LianeGame/Saved/Autosaves/Game/Meshes/SM_Plane_Auto1.uasset" SILENT=false AUTOSAVING=true
[2018.11.04-20.00.36:642][457]LogSavePackage: Moving '../../../../../LianeRepo/Developers/Nick Price/LianeGame/Saved/SM_Plane_Auto19169F9B247BBB0D5DE515A831114B6A2.tmp' to '../../../../../LianeRepo/Developers/Nick Price/LianeGame/Saved/Autosaves/Game/Meshes/SM_Plane_Auto1.uasset'
[2018.11.04-20.00.36:642][457]OBJ SavePackage: Generating thumbnails for [1] asset(s) in package [/Game/Meshes/SM_Cube_2] ([1] browsable assets)...
[2018.11.04-20.00.36:654][457]OBJ SavePackage:     Rendered thumbnail for [StaticMesh /Game/Meshes/SM_Cube_2.SM_Cube_2]
[2018.11.04-20.00.36:654][457]OBJ SavePackage: Finished generating thumbnails for package [/Game/Meshes/SM_Cube_2]
[2018.11.04-20.00.36:654][457]Cmd: OBJ SAVEPACKAGE PACKAGE="/Game/Meshes/SM_Cube_2" FILE="../../../../../LianeRepo/Developers/Nick Price/LianeGame/Saved/Autosaves/Game/Meshes/SM_Cube_2_Auto1.uasset" SILENT=false AUTOSAVING=true
[2018.11.04-20.00.36:669][457]LogSavePackage: Moving '../../../../../LianeRepo/Developers/Nick Price/LianeGame/Saved/SM_Cube_2_Auto1D4C001AD43FF2A503DD11C8D30ACACBA.tmp' to '../../../../../LianeRepo/Developers/Nick Price/LianeGame/Saved/Autosaves/Game/Meshes/SM_Cube_2_Auto1.uasset'
[2018.11.04-20.00.36:669][457]LogFileHelpers: Auto-saving content packages took 0.121
[2018.11.04-20.00.40:543][846]LogSlate: FSceneViewport::OnFocusLost() reason 0
[2018.11.04-20.01.32:696][403]LogSlate: FSceneViewport::OnFocusLost() reason 0
[2018.11.04-20.01.32:923][426]LogActorFactory: Actor Factory created Cube
[2018.11.04-20.01.33:674][497]LogActorFactory: Actor Factory created Cube
[2018.11.04-20.01.47:289][ 86]LogSlate: FSceneViewport::OnFocusLost() reason 0
[2018.11.04-20.01.56:648][493]LogFactory: FactoryCreateFile: Texture with ReimportTextureFactory (0 0 C:\Users\Kaleb Nekumanesh\Downloads\Computer-Tech-Wallpaper-29-1920x1080.jpg)
[2018.11.04-20.01.56:696][493]LogTexture: Display: Building textures: Computer-Tech-Wallpaper-29-1920x1080 (AutoDXT, 1920X1080)
[2018.11.04-20.01.59:860][662]LogMaterial: Display: Missing cached shader map for material Computer-Tech-Wallpaper-29-1920x1080_Mat, compiling. 
[2018.11.04-20.01.59:876][662]LogShaderCompilers: Display: Shaders left to compile 22
[2018.11.04-20.01.59:876][662]LogShaderCompilers: Display: Shaders left to compile 12
[2018.11.04-20.01.59:876][662]LogShaderCompilers: Display: Shaders left to compile 2
[2018.11.04-20.02.04:477][ 83]LogSlate: FSceneViewport::OnFocusLost() reason 0
[2018.11.04-20.02.11:476][816]LogSlate: FSceneViewport::OnFocusLost() reason 0
[2018.11.04-20.02.21:622][918]LogSlate: FSceneViewport::OnFocusLost() reason 0
[2018.11.04-20.02.27:290][554]LogEditorViewport: Clicking on Actor (LMB): BP_Sky_Sphere_C (SkySphereBlueprint)
[2018.11.04-20.02.49:294][928]LogSlate: FSceneViewport::OnFocusLost() reason 0
[2018.11.04-20.02.58:597][930]LogSlate: FSceneViewport::OnFocusLost() reason 0
[2018.11.04-20.03.02:040][310]LogSlate: FSceneViewport::OnFocusLost() reason 0
[2018.11.04-20.03.14:799][636]LogSlate: FSceneViewport::OnFocusLost() reason 0
[2018.11.04-20.03.44:022][844]LogEditorViewport: Clicking on Actor (LMB): BP_Sky_Sphere_C (SkySphereBlueprint)
[2018.11.04-20.06.13:990][ 23]LogEditorViewport: Clicking on Actor (LMB): StaticMeshActor (Cube2)
[2018.11.04-20.06.14:973][105]LogEditorViewport: Clicking on Actor (CTRL LMB): SpotLight (SpotLight)
[2018.11.04-20.06.30:418][803]LogEditorViewport: Clicking on Actor (LMB): StaticMeshActor (Cube3)
[2018.11.04-20.06.40:619][575]LogEditorViewport: Clicking on Actor (CTRL LMB): SpotLight (SpotLight2)
[2018.11.04-20.06.44:830][ 56]LogSlate: FSceneViewport::OnFocusLost() reason 0
[2018.11.04-20.06.52:089][907]LogSlate: FSceneViewport::OnFocusLost() reason 0
[2018.11.04-20.07.08:112][670]LogSlate: FSceneViewport::OnFocusLost() reason 0
[2018.11.04-20.07.12:119][139]LogSlate: FSceneViewport::OnFocusLost() reason 0
[2018.11.04-20.07.38:144][205]LogFactory: FactoryCreateFile: Texture with ReimportTextureFactory (0 0 C:\Users\Kaleb Nekumanesh\Downloads\ffe985352362caddb8f42f81e43610e7.jpg)
[2018.11.04-20.07.38:167][205]LogTexture: Display: Building textures: ffe985352362caddb8f42f81e43610e7 (AutoDXT, 1280X720)
[2018.11.04-20.07.38:637][205]LogSlate: FSceneViewport::OnFocusLost() reason 2
[2018.11.04-20.07.40:737][362]LogMaterial: Display: Missing cached shader map for material ffe985352362caddb8f42f81e43610e7_Mat, compiling. 
[2018.11.04-20.07.40:754][362]LogShaderCompilers: Display: Shaders left to compile 22
[2018.11.04-20.07.40:754][362]LogShaderCompilers: Display: Shaders left to compile 12
[2018.11.04-20.07.40:754][362]LogShaderCompilers: Display: Shaders left to compile 2
[2018.11.04-20.07.46:273][935]LogEditorViewport: Clicking on Actor (LMB): StaticMeshActor (Cube4)
[2018.11.04-20.07.47:795][ 90]LogSlate: FSceneViewport::OnFocusLost() reason 0
[2018.11.04-20.08.49:753][978]LogFactory: FactoryCreateFile: Texture with ReimportTextureFactory (0 0 C:\Users\Kaleb Nekumanesh\Downloads\futuristic-frames-ideas-room-awesome-white-wallpaper-1500x883-future-rooms-event-bedrooms-theme-party-costume-bathroom-modern-bedroom-sets-king-dining-interior-design.jpg)
[2018.11.04-20.08.49:789][978]LogTexture: Display: Building textures: futuristic-frames-ideas-room-awesome-white-wallpaper-1500x883-future-rooms-event-bedrooms-theme-party-costume-bathroom-modern-bedroom-sets-king-dining-interior-design (BGRA8, 1500X883)
[2018.11.04-20.08.49:852][978]LogFactory: FactoryCreateFile: Texture with ReimportTextureFactory (0 0 C:\Users\Kaleb Nekumanesh\Downloads\logitech_3_logo.jpg)
[2018.11.04-20.08.49:876][978]LogTexture: Display: Building textures: logitech_3_logo (AutoDXT, 1280X720)
[2018.11.04-20.08.50:314][978]LogSlate: FSceneViewport::OnFocusLost() reason 2
[2018.11.04-20.09.05:666][548]LogEditorViewport: Clicking on Actor (LMB): StaticMeshActor (SM_Cube_7)
[2018.11.04-20.09.17:904][896]LogSlate: FSceneViewport::OnFocusLost() reason 0
[2018.11.04-20.09.32:665][462]LogSlate: FSceneViewport::OnFocusLost() reason 0
[2018.11.04-20.09.33:580][552]LogMaterial: Display: Missing cached shader map for material futuristic-frames-ideas-room-awesome-white-wallpaper-1500x883-future-rooms-event-bedrooms-theme-party-costume-bathroom-modern-bedroom-sets-king-dining-interior-design_Mat, compiling. 
[2018.11.04-20.09.33:596][552]LogShaderCompilers: Display: Shaders left to compile 22
[2018.11.04-20.09.33:596][552]LogShaderCompilers: Display: Shaders left to compile 12
[2018.11.04-20.09.33:596][552]LogShaderCompilers: Display: Shaders left to compile 2
[2018.11.04-20.09.37:285][842]LogSlate: FSceneViewport::OnFocusLost() reason 0
[2018.11.04-20.09.38:212][934]LogMaterial: Display: Missing cached shader map for material logitech_3_logo_Mat, compiling. 
[2018.11.04-20.09.38:231][934]LogShaderCompilers: Display: Shaders left to compile 22
[2018.11.04-20.09.38:231][934]LogShaderCompilers: Display: Shaders left to compile 12
[2018.11.04-20.09.38:231][934]LogShaderCompilers: Display: Shaders left to compile 2
[2018.11.04-20.09.58:468][ 16]LogSlate: FSceneViewport::OnFocusLost() reason 0
[2018.11.04-20.10.03:416][528]LogSlate: FSceneViewport::OnFocusLost() reason 0
[2018.11.04-20.10.17:876][130]LogEditorViewport: Clicking on Actor (LMB): StaticMeshActor (Cube5)
[2018.11.04-20.10.18:917][235]LogSlate: FSceneViewport::OnFocusLost() reason 0
[2018.11.04-20.10.25:356][933]LogEditorViewport: Clicking on Actor (LMB): StaticMeshActor (Cube3)
[2018.11.04-20.10.43:311][859]LogEditorViewport: Clicking on Actor (LMB): StaticMeshActor (SM_Cube_3)
[2018.11.04-20.10.49:975][537]LogSlate: FSceneViewport::OnFocusLost() reason 0
[2018.11.04-20.11.44:032][370]LogEditorViewport: Clicking on Actor (LMB): StaticMeshActor (Linear_Stair_StaticMesh)
[2018.11.04-20.12.02:165][231]LogSlate: FSceneViewport::OnFocusLost() reason 0
[2018.11.04-20.12.07:237][736]LogSlate: FSceneViewport::OnFocusLost() reason 0
[2018.11.04-20.12.22:922][353]LogEditorViewport: Clicking on Actor (LMB): StaticMeshActor (Linear_Stair_StaticMesh3)
[2018.11.04-20.12.32:203][290]LogEditorViewport: Clicking on Actor (LMB): StaticMeshActor (Linear_Stair_StaticMesh4)
[2018.11.04-20.13.07:319][113]LogEditorViewport: Clicking on Actor (LMB): StaticMeshActor (Floor3)
[2018.11.04-20.13.29:463][516]LogEditorViewport: Clicking on Actor (LMB): StaticMeshActor (Linear_Stair_StaticMesh5)
[2018.11.04-20.13.36:159][235]LogEditorViewport: Clicking on Actor (LMB): StaticMeshActor (Floor3)
[2018.11.04-20.13.38:602][500]LogSlate: FSceneViewport::OnFocusLost() reason 0
[2018.11.04-20.13.45:540][266]LogSlate: FSceneViewport::OnFocusLost() reason 0
[2018.11.04-20.13.46:996][412]LogStaticMesh: Building static mesh SM_Cube...
[2018.11.04-20.13.46:998][412]LogStaticMesh: Built static mesh [0.00s] /Temp/Untitled_4.SM_Cube
[2018.11.04-20.13.47:006][412]LogActorFactory: Actor Factory created SM_Cube_3
[2018.11.04-20.13.48:424][534]LogActorFactory: Actor Factory created SM_Cube_3
[2018.11.04-20.13.51:484][852]LogActorFactory: Actor Factory created SM_Cube_3
[2018.11.04-20.13.54:639][177]LogSlate: FSceneViewport::OnFocusLost() reason 0
[2018.11.04-20.13.58:760][598]LogStaticMesh: Building static mesh SM_Cube_3...
[2018.11.04-20.13.58:760][598]LogStaticMesh: Built static mesh [0.00s] /Game/Meshes/SM_Cube_3.SM_Cube_3
[2018.11.04-20.14.04:251][128]LogStaticMesh: Building static mesh SM_Cube_3...
[2018.11.04-20.14.04:251][128]LogStaticMesh: Built static mesh [0.00s] /Game/Meshes/SM_Cube_3.SM_Cube_3
[2018.11.04-20.14.09:486][626]LogStaticMesh: Building static mesh SM_Cube_3...
[2018.11.04-20.14.09:486][626]LogStaticMesh: Built static mesh [0.00s] /Game/Meshes/SM_Cube_3.SM_Cube_3
[2018.11.04-20.14.14:394][129]LogStaticMesh: Building static mesh SM_Cube_3...
[2018.11.04-20.14.14:394][129]LogStaticMesh: Built static mesh [0.00s] /Game/Meshes/SM_Cube_3.SM_Cube_3
[2018.11.04-20.14.21:215][781]LogStaticMesh: Building static mesh SM_Cube_3...
[2018.11.04-20.14.21:216][781]LogStaticMesh: Built static mesh [0.00s] /Game/Meshes/SM_Cube_3.SM_Cube_3
[2018.11.04-20.14.23:124][972]LogStaticMesh: Building static mesh SM_Cube_3...
[2018.11.04-20.14.23:125][972]LogStaticMesh: Built static mesh [0.00s] /Game/Meshes/SM_Cube_3.SM_Cube_3
[2018.11.04-20.14.29:337][564]LogStaticMesh: Building static mesh SM_Cube_3...
[2018.11.04-20.14.29:337][564]LogStaticMesh: Built static mesh [0.00s] /Game/Meshes/SM_Cube_3.SM_Cube_3
[2018.11.04-20.14.36:772][293]LogStaticMesh: Building static mesh SM_Cube_3...
[2018.11.04-20.14.36:772][293]LogStaticMesh: Built static mesh [0.00s] /Game/Meshes/SM_Cube_3.SM_Cube_3
[2018.11.04-20.14.45:278][795]LogSlate: FSceneViewport::OnFocusLost() reason 0
[2018.11.04-20.14.46:115][877]LogEditorViewport: Clicking on Actor (LMB): BP_Sky_Sphere_C (SkySphereBlueprint)
[2018.11.04-20.15.16:651][177]LogSlate: FSceneViewport::OnFocusLost() reason 0
[2018.11.04-20.15.20:017][520]LogSavePackage: Moving '../../../../../LianeRepo/Developers/Nick Price/LianeGame/Saved/ThirdPersonExampleMap_Auto2919DA90B404BA256F60AA3B54D1137A9.tmp' to '../../../../../LianeRepo/Developers/Nick Price/LianeGame/Saved/Autosaves/Game/Liane/Maps/ThirdPersonExampleMap_Auto2.umap'
[2018.11.04-20.15.20:020][520]LogFileHelpers: Editor autosave (incl. sublevels) for '/Game/Liane/Maps/ThirdPersonExampleMap' took 0.221
[2018.11.04-20.15.20:020][520]LogFileHelpers: Editor autosave (incl. sublevels) for all levels took 0.221
[2018.11.04-20.15.20:021][520]OBJ SavePackage: Generating thumbnails for [1] asset(s) in package [/Game/Meshes/Computer-Tech-Wallpaper-29-1920x1080] ([1] browsable assets)...
[2018.11.04-20.15.20:025][520]OBJ SavePackage:     Rendered thumbnail for [Texture2D /Game/Meshes/Computer-Tech-Wallpaper-29-1920x1080.Computer-Tech-Wallpaper-29-1920x1080]
[2018.11.04-20.15.20:025][520]OBJ SavePackage: Finished generating thumbnails for package [/Game/Meshes/Computer-Tech-Wallpaper-29-1920x1080]
[2018.11.04-20.15.20:042][520]LogSavePackage: Moving '../../../../../LianeRepo/Developers/Nick Price/LianeGame/Saved/Computer-Tech-Wallpaper-29-1920x5DE041A242B320F750E2568484FA505C.tmp' to '../../../../../LianeRepo/Developers/Nick Price/LianeGame/Saved/Autosaves/Game/Meshes/Computer-Tech-Wallpaper-29-1920x1080_Auto2.uasset'
[2018.11.04-20.15.20:043][520]OBJ SavePackage: Generating thumbnails for [1] asset(s) in package [/Game/Meshes/Computer-Tech-Wallpaper-29-1920x1080_Mat] ([1] browsable assets)...
[2018.11.04-20.15.20:054][520]OBJ SavePackage:     Rendered thumbnail for [Material /Game/Meshes/Computer-Tech-Wallpaper-29-1920x1080_Mat.Computer-Tech-Wallpaper-29-1920x1080_Mat]
[2018.11.04-20.15.20:054][520]OBJ SavePackage: Finished generating thumbnails for package [/Game/Meshes/Computer-Tech-Wallpaper-29-1920x1080_Mat]
[2018.11.04-20.15.20:073][520]LogSavePackage: Moving '../../../../../LianeRepo/Developers/Nick Price/LianeGame/Saved/Computer-Tech-Wallpaper-29-1920xF9D883B24C865085A6C5DB87105646BA.tmp' to '../../../../../LianeRepo/Developers/Nick Price/LianeGame/Saved/Autosaves/Game/Meshes/Computer-Tech-Wallpaper-29-1920x1080_Mat_Auto2.uasset'
[2018.11.04-20.15.20:074][520]OBJ SavePackage: Generating thumbnails for [1] asset(s) in package [/Game/Meshes/ffe985352362caddb8f42f81e43610e7] ([1] browsable assets)...
[2018.11.04-20.15.20:079][520]OBJ SavePackage:     Rendered thumbnail for [Texture2D /Game/Meshes/ffe985352362caddb8f42f81e43610e7.ffe985352362caddb8f42f81e43610e7]
[2018.11.04-20.15.20:079][520]OBJ SavePackage: Finished generating thumbnails for package [/Game/Meshes/ffe985352362caddb8f42f81e43610e7]
[2018.11.04-20.15.20:094][520]LogSavePackage: Moving '../../../../../LianeRepo/Developers/Nick Price/LianeGame/Saved/ffe985352362caddb8f42f81e43610e75489BBEE46D87C448A87F0931F8C7E08.tmp' to '../../../../../LianeRepo/Developers/Nick Price/LianeGame/Saved/Autosaves/Game/Meshes/ffe985352362caddb8f42f81e43610e7_Auto2.uasset'
[2018.11.04-20.15.20:094][520]OBJ SavePackage: Generating thumbnails for [1] asset(s) in package [/Game/Meshes/ffe985352362caddb8f42f81e43610e7_Mat] ([1] browsable assets)...
[2018.11.04-20.15.20:105][520]OBJ SavePackage:     Rendered thumbnail for [Material /Game/Meshes/ffe985352362caddb8f42f81e43610e7_Mat.ffe985352362caddb8f42f81e43610e7_Mat]
[2018.11.04-20.15.20:105][520]OBJ SavePackage: Finished generating thumbnails for package [/Game/Meshes/ffe985352362caddb8f42f81e43610e7_Mat]
[2018.11.04-20.15.20:123][520]LogSavePackage: Moving '../../../../../LianeRepo/Developers/Nick Price/LianeGame/Saved/ffe985352362caddb8f42f81e43610e725B476694C41771781CC60944353E74E.tmp' to '../../../../../LianeRepo/Developers/Nick Price/LianeGame/Saved/Autosaves/Game/Meshes/ffe985352362caddb8f42f81e43610e7_Mat_Auto2.uasset'
[2018.11.04-20.15.20:123][520]OBJ SavePackage: Generating thumbnails for [1] asset(s) in package [/Game/Meshes/futuristic-frames-ideas-room-awesome-white-wallpaper-1500x883-future-rooms-event-bedrooms-theme-party-costume-bathroom-modern-bedroom-sets-king-dining-interior-design] ([1] browsable assets)...
[2018.11.04-20.15.20:129][520]OBJ SavePackage:     Rendered thumbnail for [Texture2D /Game/Meshes/futuristic-frames-ideas-room-awesome-white-wallpaper-1500x883-future-rooms-event-bedrooms-theme-party-costume-bathroom-modern-bedroom-sets-king-dining-interior-design.futuristic-frames-ideas-room-awesome-white-wallpaper-1500x883-future-rooms-event-bedrooms-theme-party-costume-bathroom-modern-bedroom-sets-king-dining-interior-design]
[2018.11.04-20.15.20:129][520]OBJ SavePackage: Finished generating thumbnails for package [/Game/Meshes/futuristic-frames-ideas-room-awesome-white-wallpaper-1500x883-future-rooms-event-bedrooms-theme-party-costume-bathroom-modern-bedroom-sets-king-dining-interior-design]
[2018.11.04-20.15.20:143][520]LogSavePackage: Moving '../../../../../LianeRepo/Developers/Nick Price/LianeGame/Saved/futuristic-frames-ideas-room-awe678E8A2445C3F93819AF918E3A3D9939.tmp' to '../../../../../LianeRepo/Developers/Nick Price/LianeGame/Saved/Autosaves/Game/Meshes/futuristic-frames-ideas-room-awesome-white-wallpaper-1500x883-future-rooms-event-bedrooms-theme-party-costume-bathroom-modern-bedroom-sets-king-dining-interior-design_Aut'
[2018.11.04-20.15.20:144][520]OBJ SavePackage: Generating thumbnails for [1] asset(s) in package [/Game/Meshes/logitech_3_logo] ([1] browsable assets)...
[2018.11.04-20.15.20:148][520]OBJ SavePackage:     Rendered thumbnail for [Texture2D /Game/Meshes/logitech_3_logo.logitech_3_logo]
[2018.11.04-20.15.20:148][520]OBJ SavePackage: Finished generating thumbnails for package [/Game/Meshes/logitech_3_logo]
[2018.11.04-20.15.20:162][520]LogSavePackage: Moving '../../../../../LianeRepo/Developers/Nick Price/LianeGame/Saved/logitech_3_logo_Auto2A7F7BABD4795DF4C27EED5A8AFEFEDC5.tmp' to '../../../../../LianeRepo/Developers/Nick Price/LianeGame/Saved/Autosaves/Game/Meshes/logitech_3_logo_Auto2.uasset'
[2018.11.04-20.15.20:163][520]OBJ SavePackage: Generating thumbnails for [1] asset(s) in package [/Game/Meshes/futuristic-frames-ideas-room-awesome-white-wallpaper-1500x883-future-rooms-event-bedrooms-theme-party-costume-bathroom-modern-bedroom-sets-king-dining-interior-design_Mat] ([1] browsable assets)...
[2018.11.04-20.15.20:174][520]OBJ SavePackage:     Rendered thumbnail for [Material /Game/Meshes/futuristic-frames-ideas-room-awesome-white-wallpaper-1500x883-future-rooms-event-bedrooms-theme-party-costume-bathroom-modern-bedroom-sets-king-dining-interior-design_Mat.futuristic-frames-ideas-room-awesome-white-wallpaper-1500x883-future-rooms-event-bedrooms-theme-party-costume-bathroom-modern-bedroom-sets-king-dining-interior-design_Mat]
[2018.11.04-20.15.20:175][520]OBJ SavePackage: Finished generating thumbnails for package [/Game/Meshes/futuristic-frames-ideas-room-awesome-white-wallpaper-1500x883-future-rooms-event-bedrooms-theme-party-costume-bathroom-modern-bedroom-sets-king-dining-interior-design_Mat]
[2018.11.04-20.15.20:192][520]LogSavePackage: Moving '../../../../../LianeRepo/Developers/Nick Price/LianeGame/Saved/futuristic-frames-ideas-room-aweF957FC974FF06F7E2BA09088903D5E68.tmp' to '../../../../../LianeRepo/Developers/Nick Price/LianeGame/Saved/Autosaves/Game/Meshes/futuristic-frames-ideas-room-awesome-white-wallpaper-1500x883-future-rooms-event-bedrooms-theme-party-costume-bathroom-modern-bedroom-sets-king-dining-interior-design_Mat'
[2018.11.04-20.15.20:193][520]OBJ SavePackage: Generating thumbnails for [1] asset(s) in package [/Game/Meshes/logitech_3_logo_Mat] ([1] browsable assets)...
[2018.11.04-20.15.20:204][520]OBJ SavePackage:     Rendered thumbnail for [Material /Game/Meshes/logitech_3_logo_Mat.logitech_3_logo_Mat]
[2018.11.04-20.15.20:204][520]OBJ SavePackage: Finished generating thumbnails for package [/Game/Meshes/logitech_3_logo_Mat]
[2018.11.04-20.15.20:222][520]LogSavePackage: Moving '../../../../../LianeRepo/Developers/Nick Price/LianeGame/Saved/logitech_3_logo_Mat_Auto299D1AD174A4F4C8B59232A85BB3AAC7C.tmp' to '../../../../../LianeRepo/Developers/Nick Price/LianeGame/Saved/Autosaves/Game/Meshes/logitech_3_logo_Mat_Auto2.uasset'
[2018.11.04-20.15.20:223][520]OBJ SavePackage: Generating thumbnails for [1] asset(s) in package [/Game/Meshes/SM_Cube_3] ([1] browsable assets)...
[2018.11.04-20.15.20:235][520]OBJ SavePackage:     Rendered thumbnail for [StaticMesh /Game/Meshes/SM_Cube_3.SM_Cube_3]
[2018.11.04-20.15.20:235][520]OBJ SavePackage: Finished generating thumbnails for package [/Game/Meshes/SM_Cube_3]
[2018.11.04-20.15.20:235][520]Cmd: OBJ SAVEPACKAGE PACKAGE="/Game/Meshes/SM_Cube_3" FILE="../../../../../LianeRepo/Developers/Nick Price/LianeGame/Saved/Autosaves/Game/Meshes/SM_Cube_3_Auto2.uasset" SILENT=false AUTOSAVING=true
[2018.11.04-20.15.20:250][520]LogSavePackage: Moving '../../../../../LianeRepo/Developers/Nick Price/LianeGame/Saved/SM_Cube_3_Auto283CD51DE45597C21E705938C94C87103.tmp' to '../../../../../LianeRepo/Developers/Nick Price/LianeGame/Saved/Autosaves/Game/Meshes/SM_Cube_3_Auto2.uasset'
[2018.11.04-20.15.20:251][520]LogFileHelpers: Auto-saving content packages took 0.231
[2018.11.04-20.15.58:596][673]LogEditorViewport: Clicking on Actor (LMB): StaticMeshActor (SM_Cube_7)
[2018.11.04-20.16.08:845][719]LogSlate: FSceneViewport::OnFocusLost() reason 0
[2018.11.04-20.16.14:670][311]LogSlate: FSceneViewport::OnFocusLost() reason 0
[2018.11.04-20.16.29:225][823]LogEditorViewport: Clicking on Actor (LMB): StaticMeshActor (Linear_Stair_StaticMesh5)
[2018.11.04-20.16.30:761][983]LogEditorViewport: Clicking on Actor (CTRL LMB): StaticMeshActor (Linear_Stair_StaticMesh4)
[2018.11.04-20.16.36:788][611]LogSlate: FSceneViewport::OnFocusLost() reason 0
[2018.11.04-20.16.40:359][985]LogSlate: FSceneViewport::OnFocusLost() reason 0
[2018.11.04-20.16.56:244][480]LogEditorViewport: Clicking on Actor (LMB): StaticMeshActor (Linear_Stair_StaticMesh3)
[2018.11.04-20.17.03:245][157]LogEditorViewport: Clicking on Actor (LMB): SpotLight (SpotLight3)
[2018.11.04-20.17.04:056][234]LogEditorViewport: Clicking on Actor (CTRL LMB): StaticMeshActor (Cube4)
[2018.11.04-20.17.08:830][735]LogSlate: FSceneViewport::OnFocusLost() reason 0
[2018.11.04-20.17.13:228][243]LogSlate: FSceneViewport::OnFocusLost() reason 0
[2018.11.04-20.17.21:651][165]LogEditorViewport: Clicking on Actor (LMB): BP_Sky_Sphere_C (SkySphereBlueprint)
[2018.11.04-20.17.24:273][403]LogEditorViewport: Clicking on Actor (LMB): StaticMeshActor (Linear_Stair_StaticMesh7)
[2018.11.04-20.17.25:210][495]LogEditorViewport: Clicking on Actor (CTRL LMB): StaticMeshActor (Linear_Stair_StaticMesh6)
[2018.11.04-20.17.26:363][610]LogEditorViewport: Clicking on Actor (LMB): StaticMeshActor (Linear_Stair_StaticMesh8)
[2018.11.04-20.17.46:371][677]LogEditorViewport: Clicking on Actor (CTRL LMB): StaticMeshActor (Linear_Stair_StaticMesh7)
[2018.11.04-20.17.47:647][788]LogEditorViewport: Clicking on Actor (CTRL LMB): StaticMeshActor (Linear_Stair_StaticMesh6)
[2018.11.04-20.17.49:142][941]LogSlate: FSceneViewport::OnFocusLost() reason 0
[2018.11.04-20.17.52:541][304]LogSlate: FSceneViewport::OnFocusLost() reason 0
[2018.11.04-20.18.18:790][ 45]LogEditorViewport: Clicking on Actor (LMB): StaticMeshActor (SM_Cube_15)
[2018.11.04-20.18.19:411][ 93]Cmd: DELETE
[2018.11.04-20.18.19:411][ 93]Cmd: ACTOR DELETE
[2018.11.04-20.18.19:418][ 93]LogEditorActor: Deleted Actor: StaticMeshActor
[2018.11.04-20.18.19:440][ 93]LogEditorActor: Deleted 1 Actors (0.029 secs)
[2018.11.04-20.18.52:664][ 22]LogEditorViewport: Clicking on Actor (LMB): StaticMeshActor (SM_Cube_7)
[2018.11.04-20.18.55:323][286]LogEditorViewport: Clicking on Actor (LMB): StaticMeshActor (SM_Cube_6)
[2018.11.04-20.18.58:655][637]LogSlate: FSceneViewport::OnFocusLost() reason 0
[2018.11.04-20.19.02:345][ 30]LogSlate: FSceneViewport::OnFocusLost() reason 0
[2018.11.04-20.19.14:574][267]LogEditorViewport: Clicking on Actor (LMB): StaticMeshActor (Linear_Stair_StaticMesh5)
[2018.11.04-20.19.16:619][435]LogEditorViewport: Clicking on Actor (CTRL LMB): StaticMeshActor (Linear_Stair_StaticMesh4)
[2018.11.04-20.19.20:892][857]LogEditorViewport: Clicking on Actor (LMB): StaticMeshActor (SM_Cube_6)
[2018.11.04-20.19.41:604][ 38]LogEditorViewport: Clicking on Actor (LMB): StaticMeshActor (SM_Cube_14)
[2018.11.04-20.20.11:495][886]LogEditorViewport: Clicking on Actor (LMB): BP_Sky_Sphere_C (SkySphereBlueprint)
[2018.11.04-20.20.30:170][846]LogEditorViewport: Clicking on Actor (LMB): StaticMeshActor (SM_Cube_6)
[2018.11.04-20.20.30:672][875]LogEditorViewport: Clicking on Actor (LMB): StaticMeshActor (SM_Cube_16)
[2018.11.04-20.20.32:215][ 18]LogSlate: FSceneViewport::OnFocusLost() reason 0
[2018.11.04-20.20.55:301][352]LogSlate: FSceneViewport::OnFocusLost() reason 0
[2018.11.04-20.21.10:638][968]LogSlate: FSceneViewport::OnFocusLost() reason 0
[2018.11.04-20.21.15:233][433]LogSlate: FSceneViewport::OnFocusLost() reason 0
[2018.11.04-20.21.22:207][125]LogEditorViewport: Clicking on Actor (LMB): BP_Sky_Sphere_C (SkySphereBlueprint)
[2018.11.04-20.21.22:723][172]LogSlate: FSceneViewport::OnFocusLost() reason 0
[2018.11.04-20.21.23:411][242]LogEditorViewport: Clicking on Actor (LMB): StaticMeshActor (SM_Cube_17)
[2018.11.04-20.21.36:167][596]LogSlate: FSceneViewport::OnFocusLost() reason 0
[2018.11.04-20.21.38:576][849]LogSlate: FSceneViewport::OnFocusLost() reason 0
[2018.11.04-20.21.42:628][259]LogSlate: FSceneViewport::OnFocusLost() reason 0
[2018.11.04-20.21.46:290][643]LogSlate: FSceneViewport::OnFocusLost() reason 0
[2018.11.04-20.21.54:514][521]LogSlate: FSceneViewport::OnFocusLost() reason 0
[2018.11.04-20.22.06:299][716]LogSlate: FSceneViewport::OnFocusLost() reason 0
[2018.11.04-20.22.35:079][745]LogEditorViewport: Clicking on Actor (LMB): StaticMeshActor (SM_Cube_16)
[2018.11.04-20.22.38:616][ 93]LogSlate: FSceneViewport::OnFocusLost() reason 0
[2018.11.04-20.22.46:253][899]LogSlate: FSceneViewport::OnFocusLost() reason 0
[2018.11.04-20.23.00:776][357]LogSlate: FSceneViewport::OnFocusLost() reason 0
[2018.11.04-20.23.08:357][167]LogSlate: FSceneViewport::OnFocusLost() reason 0
[2018.11.04-20.23.30:325][477]LogEditorViewport: Clicking on Actor (LMB): StaticMeshActor (SM_Cube_7)
[2018.11.04-20.23.36:872][157]LogSlate: FSceneViewport::OnFocusLost() reason 0
[2018.11.04-20.23.44:938][995]LogEditorViewport: Clicking on Actor (LMB): StaticMeshActor (Wall8)
[2018.11.04-20.23.58:589][458]LogSlate: FSceneViewport::OnFocusLost() reason 0
[2018.11.04-20.25.15:208][770]LogEditorViewport: Clicking on Actor (LMB): StaticMeshActor (SM_Cube_19)
[2018.11.04-20.25.25:753][784]LogSlate: FSceneViewport::OnFocusLost() reason 0
[2018.11.04-20.25.31:475][348]LogSlate: FSceneViewport::OnFocusLost() reason 0
[2018.11.04-20.25.35:504][774]LogSlate: FSceneViewport::OnFocusLost() reason 0
[2018.11.04-20.25.52:157][502]LogSlate: FSceneViewport::OnFocusLost() reason 0
[2018.11.04-20.25.56:689][987]LogSlate: FSceneViewport::OnFocusLost() reason 0
[2018.11.04-20.26.05:517][891]LogEditorViewport: Clicking on Actor (LMB): BP_Sky_Sphere_C (SkySphereBlueprint)
[2018.11.04-20.26.07:971][113]LogEditorViewport: Clicking on Actor (LMB): StaticMeshActor (SM_Cube_19)
[2018.11.04-20.26.13:286][631]LogSlate: FSceneViewport::OnFocusLost() reason 0
[2018.11.04-20.26.17:114][ 42]LogSlate: FSceneViewport::OnFocusLost() reason 0
[2018.11.04-20.26.32:739][630]Cmd: TRANSACTION UNDO
[2018.11.04-20.26.32:739][630]LogEditorTransaction: Undo Move Actors
[2018.11.04-20.26.38:777][210]LogSlate: FSceneViewport::OnFocusLost() reason 0
[2018.11.04-20.26.43:784][740]LogSlate: FSceneViewport::OnFocusLost() reason 0
[2018.11.04-20.26.59:218][347]LogSlate: FSceneViewport::OnFocusLost() reason 0
[2018.11.04-20.27.14:120][948]LogSlate: FSceneViewport::OnFocusLost() reason 0
[2018.11.04-20.27.22:324][768]LogSlate: FSceneViewport::OnFocusLost() reason 0
[2018.11.04-20.27.28:619][434]LogSlate: FSceneViewport::OnFocusLost() reason 0
[2018.11.04-20.27.33:785][984]LogSlate: FSceneViewport::OnFocusLost() reason 0
[2018.11.04-20.27.47:866][454]LogEditorViewport: Clicking on Actor (CTRL LMB): StaticMeshActor (SM_Cube_22)
[2018.11.04-20.27.51:313][816]LogSlate: FSceneViewport::OnFocusLost() reason 0
[2018.11.04-20.28.12:707][995]LogEditorViewport: Clicking on Actor (LMB): StaticMeshActor (SM_Cube_22)
[2018.11.04-20.28.17:005][448]Cmd: TRANSACTION UNDO
[2018.11.04-20.28.17:005][448]LogEditorTransaction: Undo Move Actors
[2018.11.04-20.28.17:317][471]Cmd: TRANSACTION UNDO
[2018.11.04-20.28.17:317][471]LogEditorTransaction: Undo Clicking on Actors
[2018.11.04-20.28.17:711][501]Cmd: TRANSACTION UNDO
[2018.11.04-20.28.17:711][501]LogEditorTransaction: Undo Move Actors
[2018.11.04-20.28.18:123][542]Cmd: TRANSACTION UNDO
[2018.11.04-20.28.18:123][542]LogEditorTransaction: Undo Move Actors
[2018.11.04-20.28.18:454][574]Cmd: TRANSACTION UNDO
[2018.11.04-20.28.18:454][574]LogEditorTransaction: Undo Move Actors
[2018.11.04-20.28.18:833][613]Cmd: TRANSACTION UNDO
[2018.11.04-20.28.18:833][613]LogEditorTransaction: Undo Move Actors
[2018.11.04-20.28.21:235][867]LogEditorViewport: Clicking on Actor (LMB): StaticMeshActor (SM_Cube5)
[2018.11.04-20.28.21:973][936]LogEditorViewport: Clicking on Actor (CTRL LMB): StaticMeshActor (SM_Cube7)
[2018.11.04-20.28.22:729][  9]LogEditorViewport: Clicking on Actor (CTRL LMB): StaticMeshActor (SM_Cube6)
[2018.11.04-20.28.23:803][113]LogEditorViewport: Clicking on Actor (CTRL LMB): StaticMeshActor (SM_Cube4)
[2018.11.04-20.28.25:512][286]LogEditorViewport: Clicking on Actor (CTRL LMB): StaticMeshActor (SM_Cube2)
[2018.11.04-20.28.27:452][481]LogEditorViewport: Clicking on Actor (CTRL LMB): StaticMeshActor (SM_Cube3)
[2018.11.04-20.28.29:722][706]LogSlate: FSceneViewport::OnFocusLost() reason 0
[2018.11.04-20.28.37:068][442]LogEditorViewport: Clicking on Actor (LMB): BP_Sky_Sphere_C (SkySphereBlueprint)
[2018.11.04-20.28.41:584][888]LogEditorViewport: Clicking on Actor (LMB): StaticMeshActor (SM_Cube_22)
[2018.11.04-20.28.42:261][933]LogEditorViewport: Clicking on Actor (CTRL LMB): StaticMeshActor (SM_Cube_23)
[2018.11.04-20.28.59:886][797]LogEditorViewport: Clicking on Actor (LMB): StaticMeshActor (SM_Cube_22)
[2018.11.04-20.29.01:318][925]LogSlate: FSceneViewport::OnFocusLost() reason 0
[2018.11.04-20.29.41:982][162]LogSlate: FSceneViewport::OnFocusLost() reason 2
[2018.11.04-20.29.42:230][162]LogSavePackage: Moving '../../../../../LianeRepo/Developers/Nick Price/LianeGame/Saved/ThirdPersonExampleMap_Auto36CF4EEA44B5D772D8E79A2A4C822C1F6.tmp' to '../../../../../LianeRepo/Developers/Nick Price/LianeGame/Saved/Autosaves/Game/Liane/Maps/ThirdPersonExampleMap_Auto3.umap'
[2018.11.04-20.29.42:238][162]LogFileHelpers: Editor autosave (incl. sublevels) for '/Game/Liane/Maps/ThirdPersonExampleMap' took 0.242
[2018.11.04-20.29.42:238][162]LogFileHelpers: Editor autosave (incl. sublevels) for all levels took 0.242
[2018.11.04-20.30.25:154][554]LogSlate: FSceneViewport::OnFocusLost() reason 0
[2018.11.04-20.30.29:655][ 36]LogSlate: FSceneViewport::OnFocusLost() reason 0
[2018.11.04-20.30.49:783][122]LogEditorViewport: Clicking on Actor (LMB): StaticMeshActor (SM_Cube_23)
[2018.11.04-20.30.51:593][304]LogSlate: FSceneViewport::OnFocusLost() reason 0
[2018.11.04-20.30.55:626][702]LogSlate: FSceneViewport::OnFocusLost() reason 0
[2018.11.04-20.35.08:222][296]LogEditorViewport: Clicking on Actor (LMB): StaticMeshActor (SM_Cube_18)
[2018.11.04-20.35.17:491][173]LogSlate: FSceneViewport::OnFocusLost() reason 0
[2018.11.04-20.35.20:150][426]LogSlate: FSceneViewport::OnFocusLost() reason 0
[2018.11.04-20.35.33:813][819]LogSlate: FSceneViewport::OnFocusLost() reason 0
[2018.11.04-20.35.37:859][250]LogSlate: FSceneViewport::OnFocusLost() reason 0
[2018.11.04-20.36.25:619][868]LogSlate: FSceneViewport::OnFocusLost() reason 0
[2018.11.04-20.36.32:493][574]LogSlate: FSceneViewport::OnFocusLost() reason 0
[2018.11.04-20.36.53:061][748]LogEditorViewport: Clicking on Actor (LMB): StaticMeshActor (SM_Cube_16)
[2018.11.04-20.36.57:154][161]LogSlate: FSceneViewport::OnFocusLost() reason 0
[2018.11.04-20.37.02:554][740]LogSlate: FSceneViewport::OnFocusLost() reason 0
[2018.11.04-20.37.29:188][770]LogEditorViewport: Clicking on Actor (LMB): StaticMeshActor (Floor3)
[2018.11.04-20.37.45:331][418]LogEditorViewport: Clicking on Actor (LMB): SkeletalMeshActor (SK_Mannequin)
[2018.11.04-20.37.49:940][837]LogEditorViewport: Clicking on Actor (LMB): StaticMeshActor (SM_Cube3)
[2018.11.04-20.37.53:380][181]LogSlate: FSceneViewport::OnFocusLost() reason 0
[2018.11.04-20.37.58:875][762]LogSlate: FSceneViewport::OnFocusLost() reason 0
[2018.11.04-20.38.06:555][520]LogSlate: FSceneViewport::OnFocusLost() reason 0
[2018.11.04-20.38.23:197][213]LogSlate: FSceneViewport::OnFocusLost() reason 0
[2018.11.04-20.38.28:148][739]LogSlate: FSceneViewport::OnFocusLost() reason 0
[2018.11.04-20.38.35:466][495]LogEditorViewport: Clicking on Actor (LMB): StaticMeshActor (SM_Cube8)
[2018.11.04-20.38.36:768][624]LogEditorViewport: Clicking on Actor (LMB): StaticMeshActor (SM_Cube_26)
[2018.11.04-20.38.37:504][693]LogEditorViewport: Clicking on Actor (LMB): StaticMeshActor (SM_Cube8)
[2018.11.04-20.38.43:547][316]LogSlate: FSceneViewport::OnFocusLost() reason 0
[2018.11.04-20.39.05:753][621]LogEditorViewport: Clicking on Actor (LMB): StaticMeshActor (Floor5)
[2018.11.04-20.39.37:916][ 43]LogSlate: FSceneViewport::OnFocusLost() reason 2
[2018.11.04-20.39.47:715][ 99]LogSlate: FSceneViewport::OnFocusLost() reason 2
[2018.11.04-20.39.48:023][ 99]LogSavePackage: Moving '../../../../../LianeRepo/Developers/Nick Price/LianeGame/Saved/ThirdPersonExampleMap3506B948437D8839D72B9086AC8425FD.tmp' to '../../../../../LianeRepo/Developers/Nick Price/LianeGame/Content/Liane/Maps/ThirdPersonExampleMap.umap'
[2018.11.04-20.39.48:056][ 99]LogFileHelpers: Saving map 'ThirdPersonExampleMap' took 0.337
[2018.11.04-20.39.48:059][ 99]Cmd: OBJ SAVEPACKAGE PACKAGE="/Game/Liane/Geometry/Meshes/TemplateFloor" FILE="../../../../../LianeRepo/Developers/Nick Price/LianeGame/Content/Liane/Geometry/Meshes/TemplateFloor.uasset" SILENT=true
[2018.11.04-20.39.48:073][ 99]LogSavePackage: Moving '../../../../../LianeRepo/Developers/Nick Price/LianeGame/Saved/TemplateFloorCC02312F4B30B84841D2758930C185A1.tmp' to '../../../../../LianeRepo/Developers/Nick Price/LianeGame/Content/Liane/Geometry/Meshes/TemplateFloor.uasset'
[2018.11.04-20.39.48:082][ 99]Cmd: OBJ SAVEPACKAGE PACKAGE="/Game/Meshes/SM_Cube" FILE="../../../../../LianeRepo/Developers/Nick Price/LianeGame/Content/Meshes/SM_Cube.uasset" SILENT=true
[2018.11.04-20.39.48:090][ 99]LogSavePackage: Moving '../../../../../LianeRepo/Developers/Nick Price/LianeGame/Saved/SM_Cube0C9909B24D9815568FA3D8906FAC5092.tmp' to '../../../../../LianeRepo/Developers/Nick Price/LianeGame/Content/Meshes/SM_Cube.uasset'
[2018.11.04-20.39.48:099][ 99]Cmd: OBJ SAVEPACKAGE PACKAGE="/Game/Meshes/SM_Plane" FILE="../../../../../LianeRepo/Developers/Nick Price/LianeGame/Content/Meshes/SM_Plane.uasset" SILENT=true
[2018.11.04-20.39.48:106][ 99]LogSavePackage: Moving '../../../../../LianeRepo/Developers/Nick Price/LianeGame/Saved/SM_PlaneF0A6FB654F74789BC41B85BAFFC43B87.tmp' to '../../../../../LianeRepo/Developers/Nick Price/LianeGame/Content/Meshes/SM_Plane.uasset'
[2018.11.04-20.39.48:115][ 99]Cmd: OBJ SAVEPACKAGE PACKAGE="/Game/Meshes/SM_Cube_2" FILE="../../../../../LianeRepo/Developers/Nick Price/LianeGame/Content/Meshes/SM_Cube_2.uasset" SILENT=true
[2018.11.04-20.39.48:123][ 99]LogSavePackage: Moving '../../../../../LianeRepo/Developers/Nick Price/LianeGame/Saved/SM_Cube_241C82FA6457AD5FF8DBCA791EC9FCD7E.tmp' to '../../../../../LianeRepo/Developers/Nick Price/LianeGame/Content/Meshes/SM_Cube_2.uasset'
[2018.11.04-20.39.48:352][ 99]LogSavePackage: Moving '../../../../../LianeRepo/Developers/Nick Price/LianeGame/Saved/Computer-Tech-Wallpaper-29-1920x9656EC02478B204466250B8052A102A0.tmp' to '../../../../../LianeRepo/Developers/Nick Price/LianeGame/Content/Meshes/Computer-Tech-Wallpaper-29-1920x1080.uasset'
[2018.11.04-20.39.48:369][ 99]LogSavePackage: Moving '../../../../../LianeRepo/Developers/Nick Price/LianeGame/Saved/Computer-Tech-Wallpaper-29-1920x658C5A78463F977EE375E6A1BBD7AE9B.tmp' to '../../../../../LianeRepo/Developers/Nick Price/LianeGame/Content/Meshes/Computer-Tech-Wallpaper-29-1920x1080_Mat.uasset'
[2018.11.04-20.39.48:483][ 99]LogSavePackage: Moving '../../../../../LianeRepo/Developers/Nick Price/LianeGame/Saved/ffe985352362caddb8f42f81e43610e7D215D1C04EB1777DA64B9FBC782713BE.tmp' to '../../../../../LianeRepo/Developers/Nick Price/LianeGame/Content/Meshes/ffe985352362caddb8f42f81e43610e7.uasset'
[2018.11.04-20.39.48:501][ 99]LogSavePackage: Moving '../../../../../LianeRepo/Developers/Nick Price/LianeGame/Saved/ffe985352362caddb8f42f81e43610e716A7822E4A1A7AF50E7B6F9799FA9D34.tmp' to '../../../../../LianeRepo/Developers/Nick Price/LianeGame/Content/Meshes/ffe985352362caddb8f42f81e43610e7_Mat.uasset'
[2018.11.04-20.39.48:655][ 99]LogSavePackage: Moving '../../../../../LianeRepo/Developers/Nick Price/LianeGame/Saved/futuristic-frames-ideas-room-aweF3E603A84BC7E1D9817CF1A365EDDEB3.tmp' to '../../../../../LianeRepo/Developers/Nick Price/LianeGame/Content/Meshes/futuristic-frames-ideas-room-awesome-white-wallpaper-1500x883-future-rooms-event-bedrooms-theme-party-costume-bathroom-modern-bedroom-sets-king-dining-interior-design.uasset'
[2018.11.04-20.39.48:664][ 99]Cmd: OBJ SAVEPACKAGE PACKAGE="/Game/Meshes/logitech_3_logo" FILE="../../../../../LianeRepo/Developers/Nick Price/LianeGame/Content/Meshes/logitech_3_logo.uasset" SILENT=true
[2018.11.04-20.39.48:775][ 99]LogSavePackage: Moving '../../../../../LianeRepo/Developers/Nick Price/LianeGame/Saved/logitech_3_logo58FBD65E4A0BDB2F6D3325A94DBC4048.tmp' to '../../../../../LianeRepo/Developers/Nick Price/LianeGame/Content/Meshes/logitech_3_logo.uasset'
[2018.11.04-20.39.48:799][ 99]LogSavePackage: Moving '../../../../../LianeRepo/Developers/Nick Price/LianeGame/Saved/futuristic-frames-ideas-room-aweA4F870CE48F7719E50370AAE3ED7500D.tmp' to '../../../../../LianeRepo/Developers/Nick Price/LianeGame/Content/Meshes/futuristic-frames-ideas-room-awesome-white-wallpaper-1500x883-future-rooms-event-bedrooms-theme-party-costume-bathroom-modern-bedroom-sets-king-dining-interior-design_Mat.uasset'
[2018.11.04-20.39.48:806][ 99]Cmd: OBJ SAVEPACKAGE PACKAGE="/Game/Meshes/logitech_3_logo_Mat" FILE="../../../../../LianeRepo/Developers/Nick Price/LianeGame/Content/Meshes/logitech_3_logo_Mat.uasset" SILENT=true
[2018.11.04-20.39.48:813][ 99]LogSavePackage: Moving '../../../../../LianeRepo/Developers/Nick Price/LianeGame/Saved/logitech_3_logo_Mat2163FADC4FCA54272BCEACAD831180E8.tmp' to '../../../../../LianeRepo/Developers/Nick Price/LianeGame/Content/Meshes/logitech_3_logo_Mat.uasset'
[2018.11.04-20.39.48:823][ 99]Cmd: OBJ SAVEPACKAGE PACKAGE="/Game/Meshes/SM_Cube_3" FILE="../../../../../LianeRepo/Developers/Nick Price/LianeGame/Content/Meshes/SM_Cube_3.uasset" SILENT=true
[2018.11.04-20.39.48:830][ 99]LogSavePackage: Moving '../../../../../LianeRepo/Developers/Nick Price/LianeGame/Saved/SM_Cube_316DF872F424E4BBA8604369701967DF7.tmp' to '../../../../../LianeRepo/Developers/Nick Price/LianeGame/Content/Meshes/SM_Cube_3.uasset'
